++========================================
||
||   Package:  ./plasma/bluedevil-5.24.90-x86_64-2.txz
||
++========================================
drwxr-xr-x root/root         0 2022-05-28 02:01 ./
drwxr-xr-x root/root         0 2022-05-28 02:01 install/
-rw-r--r-- root/root       137 2022-05-28 02:01 install/doinst.sh
-rw-r--r-- root/root       691 2022-05-28 02:01 install/slack-desc
drwxr-xr-x root/root         0 2022-05-28 02:01 usr/
drwxr-xr-x root/root         0 2022-05-28 02:01 usr/bin/
-rwxr-xr-x root/root    135216 2022-05-28 02:01 usr/bin/bluedevil-sendfile
-rwxr-xr-x root/root    122992 2022-05-28 02:01 usr/bin/bluedevil-wizard
drwxr-xr-x root/root         0 2022-05-28 02:01 usr/doc/
drwxr-xr-x root/root         0 2022-05-28 02:01 usr/doc/bluedevil-5.24.90/
drwxr-xr-x root/root         0 2022-05-19 12:12 usr/doc/bluedevil-5.24.90/LICENSES/
-rw-r--r-- root/root     17623 2022-05-19 12:12 usr/doc/bluedevil-5.24.90/LICENSES/GPL-2.0-only.txt
-rw-r--r-- root/root     17622 2022-05-19 12:12 usr/doc/bluedevil-5.24.90/LICENSES/GPL-2.0-or-later.txt
-rw-r--r-- root/root     34470 2022-05-19 12:12 usr/doc/bluedevil-5.24.90/LICENSES/GPL-3.0-only.txt
-rw-r--r-- root/root     34470 2022-05-19 12:12 usr/doc/bluedevil-5.24.90/LICENSES/GPL-3.0-or-later.txt
-rw-r--r-- root/root     24774 2022-05-19 12:12 usr/doc/bluedevil-5.24.90/LICENSES/LGPL-2.0-or-later.txt
-rw-r--r-- root/root     25911 2022-05-19 12:12 usr/doc/bluedevil-5.24.90/LICENSES/LGPL-2.1-only.txt
-rw-r--r-- root/root      7431 2022-05-19 12:12 usr/doc/bluedevil-5.24.90/LICENSES/LGPL-3.0-only.txt
-rw-r--r-- root/root       662 2022-05-19 12:12 usr/doc/bluedevil-5.24.90/LICENSES/LicenseRef-KDE-Accepted-GPL.txt
-rw-r--r-- root/root       665 2022-05-19 12:12 usr/doc/bluedevil-5.24.90/LICENSES/LicenseRef-KDE-Accepted-LGPL.txt
-rw-r--r-- root/root       313 2022-05-19 12:12 usr/doc/bluedevil-5.24.90/README
drwxr-xr-x root/root         0 2022-05-28 02:01 usr/lib64/
drwxr-xr-x root/root         0 2022-05-28 02:01 usr/lib64/qt5/
drwxr-xr-x root/root         0 2022-05-28 02:01 usr/lib64/qt5/plugins/
drwxr-xr-x root/root         0 2022-05-28 02:01 usr/lib64/qt5/plugins/kf5/
drwxr-xr-x root/root         0 2022-05-28 02:01 usr/lib64/qt5/plugins/kf5/kded/
-rwxr-xr-x root/root    226368 2022-05-28 02:01 usr/lib64/qt5/plugins/kf5/kded/bluedevil.so
drwxr-xr-x root/root         0 2022-05-28 02:01 usr/lib64/qt5/plugins/kf5/kio/
-rwxr-xr-x root/root    105648 2022-05-28 02:01 usr/lib64/qt5/plugins/kf5/kio/kio_bluetooth.so
-rwxr-xr-x root/root     93728 2022-05-28 02:01 usr/lib64/qt5/plugins/kf5/kio/kio_obexftp.so
drwxr-xr-x root/root         0 2022-05-28 02:01 usr/lib64/qt5/plugins/plasma/
drwxr-xr-x root/root         0 2022-05-28 02:01 usr/lib64/qt5/plugins/plasma/kcms/
drwxr-xr-x root/root         0 2022-05-28 02:01 usr/lib64/qt5/plugins/plasma/kcms/systemsettings/
-rwxr-xr-x root/root     64464 2022-05-28 02:01 usr/lib64/qt5/plugins/plasma/kcms/systemsettings/kcm_bluetooth.so
drwxr-xr-x root/root         0 2022-05-28 02:01 usr/lib64/qt5/qml/
drwxr-xr-x root/root         0 2022-05-28 02:01 usr/lib64/qt5/qml/org/
drwxr-xr-x root/root         0 2022-05-28 02:01 usr/lib64/qt5/qml/org/kde/
drwxr-xr-x root/root         0 2022-05-28 02:01 usr/lib64/qt5/qml/org/kde/plasma/
drwxr-xr-x root/root         0 2022-05-28 02:01 usr/lib64/qt5/qml/org/kde/plasma/private/
drwxr-xr-x root/root         0 2022-05-28 02:01 usr/lib64/qt5/qml/org/kde/plasma/private/bluetooth/
-rwxr-xr-x root/root     43616 2022-05-28 02:01 usr/lib64/qt5/qml/org/kde/plasma/private/bluetooth/libbluetoothplugin.so
-rw-r--r-- root/root        63 2022-05-19 12:12 usr/lib64/qt5/qml/org/kde/plasma/private/bluetooth/qmldir
drwxr-xr-x root/root         0 2022-05-28 02:01 usr/share/
drwxr-xr-x root/root         0 2022-05-28 02:01 usr/share/applications/
-rw-r--r-- root/root      2817 2022-05-19 12:12 usr/share/applications/kcm_bluetooth.desktop
-rw-r--r-- root/root      4699 2022-05-19 12:12 usr/share/applications/org.kde.bluedevilsendfile.desktop
-rw-r--r-- root/root      4120 2022-05-19 12:12 usr/share/applications/org.kde.bluedevilwizard.desktop
drwxr-xr-x root/root         0 2022-05-28 02:01 usr/share/bluedevilwizard/
-rw-r--r-- root/root      6144 2022-05-19 12:12 usr/share/bluedevilwizard/pin-code-database.xml
drwxr-xr-x root/root         0 2022-05-28 02:01 usr/share/knotifications5/
-rw-r--r-- root/root     27845 2022-05-19 12:12 usr/share/knotifications5/bluedevil.notifyrc
drwxr-xr-x root/root         0 2022-05-28 02:01 usr/share/kpackage/
drwxr-xr-x root/root         0 2022-05-28 02:01 usr/share/kpackage/kcms/
drwxr-xr-x root/root         0 2022-05-28 02:01 usr/share/kpackage/kcms/kcm_bluetooth/
drwxr-xr-x root/root         0 2022-05-28 02:01 usr/share/kpackage/kcms/kcm_bluetooth/contents/
drwxr-xr-x root/root         0 2022-05-28 02:01 usr/share/kpackage/kcms/kcm_bluetooth/contents/ui/
-rw-r--r-- root/root      6555 2022-05-19 12:12 usr/share/kpackage/kcms/kcm_bluetooth/contents/ui/Device.qml
-rw-r--r-- root/root      5786 2022-05-19 12:12 usr/share/kpackage/kcms/kcm_bluetooth/contents/ui/General.qml
-rw-r--r-- root/root      6575 2022-05-19 12:12 usr/share/kpackage/kcms/kcm_bluetooth/contents/ui/main.qml
drwxr-xr-x root/root         0 2022-05-28 02:01 usr/share/kservices5/
-rw-r--r-- root/root      3951 2022-05-19 12:12 usr/share/kservices5/plasma-applet-org.kde.plasma.bluetooth.desktop
drwxr-xr-x root/root         0 2022-05-28 02:01 usr/share/locale/
drwxr-xr-x root/root         0 2022-05-28 02:01 usr/share/locale/ar/
drwxr-xr-x root/root         0 2022-05-28 02:01 usr/share/locale/ar/LC_MESSAGES/
-rw-r--r-- root/root      8863 2022-05-28 02:01 usr/share/locale/ar/LC_MESSAGES/bluedevil.mo
-rw-r--r-- root/root      4384 2022-05-28 02:01 usr/share/locale/ar/LC_MESSAGES/kcm_bluetooth.mo
-rw-r--r-- root/root      3208 2022-05-28 02:01 usr/share/locale/ar/LC_MESSAGES/plasma_applet_org.kde.plasma.bluetooth.mo
drwxr-xr-x root/root         0 2022-05-28 02:01 usr/share/locale/ast/
drwxr-xr-x root/root         0 2022-05-28 02:01 usr/share/locale/ast/LC_MESSAGES/
-rw-r--r-- root/root      5833 2022-05-28 02:01 usr/share/locale/ast/LC_MESSAGES/bluedevil.mo
-rw-r--r-- root/root      3112 2022-05-28 02:01 usr/share/locale/ast/LC_MESSAGES/kcm_bluetooth.mo
-rw-r--r-- root/root      2201 2022-05-28 02:01 usr/share/locale/ast/LC_MESSAGES/plasma_applet_org.kde.plasma.bluetooth.mo
drwxr-xr-x root/root         0 2022-05-28 02:01 usr/share/locale/az/
drwxr-xr-x root/root         0 2022-05-28 02:01 usr/share/locale/az/LC_MESSAGES/
-rw-r--r-- root/root      8396 2022-05-28 02:01 usr/share/locale/az/LC_MESSAGES/bluedevil.mo
-rw-r--r-- root/root      4127 2022-05-28 02:01 usr/share/locale/az/LC_MESSAGES/kcm_bluetooth.mo
-rw-r--r-- root/root      2819 2022-05-28 02:01 usr/share/locale/az/LC_MESSAGES/plasma_applet_org.kde.plasma.bluetooth.mo
drwxr-xr-x root/root         0 2022-05-28 02:01 usr/share/locale/bs/
drwxr-xr-x root/root         0 2022-05-28 02:01 usr/share/locale/bs/LC_MESSAGES/
-rw-r--r-- root/root      4033 2022-05-28 02:01 usr/share/locale/bs/LC_MESSAGES/bluedevil.mo
drwxr-xr-x root/root         0 2022-05-28 02:01 usr/share/locale/ca/
drwxr-xr-x root/root         0 2022-05-28 02:01 usr/share/locale/ca/LC_MESSAGES/
-rw-r--r-- root/root      8396 2022-05-28 02:01 usr/share/locale/ca/LC_MESSAGES/bluedevil.mo
-rw-r--r-- root/root      4101 2022-05-28 02:01 usr/share/locale/ca/LC_MESSAGES/kcm_bluetooth.mo
-rw-r--r-- root/root      2915 2022-05-28 02:01 usr/share/locale/ca/LC_MESSAGES/plasma_applet_org.kde.plasma.bluetooth.mo
drwxr-xr-x root/root         0 2022-05-28 02:01 usr/share/locale/ca@valencia/
drwxr-xr-x root/root         0 2022-05-28 02:01 usr/share/locale/ca@valencia/LC_MESSAGES/
-rw-r--r-- root/root      6685 2022-05-28 02:01 usr/share/locale/ca@valencia/LC_MESSAGES/bluedevil.mo
-rw-r--r-- root/root      4113 2022-05-28 02:01 usr/share/locale/ca@valencia/LC_MESSAGES/kcm_bluetooth.mo
-rw-r--r-- root/root      2921 2022-05-28 02:01 usr/share/locale/ca@valencia/LC_MESSAGES/plasma_applet_org.kde.plasma.bluetooth.mo
drwxr-xr-x root/root         0 2022-05-28 02:01 usr/share/locale/cs/
drwxr-xr-x root/root         0 2022-05-28 02:01 usr/share/locale/cs/LC_MESSAGES/
-rw-r--r-- root/root      8268 2022-05-28 02:01 usr/share/locale/cs/LC_MESSAGES/bluedevil.mo
-rw-r--r-- root/root      4161 2022-05-28 02:01 usr/share/locale/cs/LC_MESSAGES/kcm_bluetooth.mo
-rw-r--r-- root/root      2806 2022-05-28 02:01 usr/share/locale/cs/LC_MESSAGES/plasma_applet_org.kde.plasma.bluetooth.mo
drwxr-xr-x root/root         0 2022-05-28 02:01 usr/share/locale/da/
drwxr-xr-x root/root         0 2022-05-28 02:01 usr/share/locale/da/LC_MESSAGES/
-rw-r--r-- root/root      8017 2022-05-28 02:01 usr/share/locale/da/LC_MESSAGES/bluedevil.mo
-rw-r--r-- root/root      3049 2022-05-28 02:01 usr/share/locale/da/LC_MESSAGES/kcm_bluetooth.mo
-rw-r--r-- root/root      2514 2022-05-28 02:01 usr/share/locale/da/LC_MESSAGES/plasma_applet_org.kde.plasma.bluetooth.mo
drwxr-xr-x root/root         0 2022-05-28 02:01 usr/share/locale/de/
drwxr-xr-x root/root         0 2022-05-28 02:01 usr/share/locale/de/LC_MESSAGES/
-rw-r--r-- root/root      8477 2022-05-28 02:01 usr/share/locale/de/LC_MESSAGES/bluedevil.mo
-rw-r--r-- root/root      4094 2022-05-28 02:01 usr/share/locale/de/LC_MESSAGES/kcm_bluetooth.mo
-rw-r--r-- root/root      2645 2022-05-28 02:01 usr/share/locale/de/LC_MESSAGES/plasma_applet_org.kde.plasma.bluetooth.mo
drwxr-xr-x root/root         0 2022-05-28 02:01 usr/share/locale/el/
drwxr-xr-x root/root         0 2022-05-28 02:01 usr/share/locale/el/LC_MESSAGES/
-rw-r--r-- root/root      9472 2022-05-28 02:01 usr/share/locale/el/LC_MESSAGES/bluedevil.mo
-rw-r--r-- root/root      4572 2022-05-28 02:01 usr/share/locale/el/LC_MESSAGES/kcm_bluetooth.mo
-rw-r--r-- root/root      3071 2022-05-28 02:01 usr/share/locale/el/LC_MESSAGES/plasma_applet_org.kde.plasma.bluetooth.mo
drwxr-xr-x root/root         0 2022-05-28 02:01 usr/share/locale/en_GB/
drwxr-xr-x root/root         0 2022-05-28 02:01 usr/share/locale/en_GB/LC_MESSAGES/
-rw-r--r-- root/root      7974 2022-05-28 02:01 usr/share/locale/en_GB/LC_MESSAGES/bluedevil.mo
-rw-r--r-- root/root      3924 2022-05-28 02:01 usr/share/locale/en_GB/LC_MESSAGES/kcm_bluetooth.mo
-rw-r--r-- root/root      2513 2022-05-28 02:01 usr/share/locale/en_GB/LC_MESSAGES/plasma_applet_org.kde.plasma.bluetooth.mo
drwxr-xr-x root/root         0 2022-05-28 02:01 usr/share/locale/es/
drwxr-xr-x root/root         0 2022-05-28 02:01 usr/share/locale/es/LC_MESSAGES/
-rw-r--r-- root/root      8317 2022-05-28 02:01 usr/share/locale/es/LC_MESSAGES/bluedevil.mo
-rw-r--r-- root/root      4107 2022-05-28 02:01 usr/share/locale/es/LC_MESSAGES/kcm_bluetooth.mo
-rw-r--r-- root/root      2878 2022-05-28 02:01 usr/share/locale/es/LC_MESSAGES/plasma_applet_org.kde.plasma.bluetooth.mo
drwxr-xr-x root/root         0 2022-05-28 02:01 usr/share/locale/et/
drwxr-xr-x root/root         0 2022-05-28 02:01 usr/share/locale/et/LC_MESSAGES/
-rw-r--r-- root/root      6895 2022-05-28 02:01 usr/share/locale/et/LC_MESSAGES/bluedevil.mo
-rw-r--r-- root/root      3253 2022-05-28 02:01 usr/share/locale/et/LC_MESSAGES/kcm_bluetooth.mo
-rw-r--r-- root/root      2317 2022-05-28 02:01 usr/share/locale/et/LC_MESSAGES/plasma_applet_org.kde.plasma.bluetooth.mo
drwxr-xr-x root/root         0 2022-05-28 02:01 usr/share/locale/eu/
drwxr-xr-x root/root         0 2022-05-28 02:01 usr/share/locale/eu/LC_MESSAGES/
-rw-r--r-- root/root      8176 2022-05-28 02:01 usr/share/locale/eu/LC_MESSAGES/bluedevil.mo
-rw-r--r-- root/root      4058 2022-05-28 02:01 usr/share/locale/eu/LC_MESSAGES/kcm_bluetooth.mo
-rw-r--r-- root/root      2636 2022-05-28 02:01 usr/share/locale/eu/LC_MESSAGES/plasma_applet_org.kde.plasma.bluetooth.mo
drwxr-xr-x root/root         0 2022-05-28 02:01 usr/share/locale/fi/
drwxr-xr-x root/root         0 2022-05-28 02:01 usr/share/locale/fi/LC_MESSAGES/
-rw-r--r-- root/root      8314 2022-05-28 02:01 usr/share/locale/fi/LC_MESSAGES/bluedevil.mo
-rw-r--r-- root/root      4140 2022-05-28 02:01 usr/share/locale/fi/LC_MESSAGES/kcm_bluetooth.mo
-rw-r--r-- root/root      2587 2022-05-28 02:01 usr/share/locale/fi/LC_MESSAGES/plasma_applet_org.kde.plasma.bluetooth.mo
drwxr-xr-x root/root         0 2022-05-28 02:01 usr/share/locale/fr/
drwxr-xr-x root/root         0 2022-05-28 02:01 usr/share/locale/fr/LC_MESSAGES/
-rw-r--r-- root/root      8915 2022-05-28 02:01 usr/share/locale/fr/LC_MESSAGES/bluedevil.mo
-rw-r--r-- root/root      4506 2022-05-28 02:01 usr/share/locale/fr/LC_MESSAGES/kcm_bluetooth.mo
-rw-r--r-- root/root      2955 2022-05-28 02:01 usr/share/locale/fr/LC_MESSAGES/plasma_applet_org.kde.plasma.bluetooth.mo
drwxr-xr-x root/root         0 2022-05-28 02:01 usr/share/locale/gl/
drwxr-xr-x root/root         0 2022-05-28 02:01 usr/share/locale/gl/LC_MESSAGES/
-rw-r--r-- root/root      6647 2022-05-28 02:01 usr/share/locale/gl/LC_MESSAGES/bluedevil.mo
-rw-r--r-- root/root      2370 2022-05-28 02:01 usr/share/locale/gl/LC_MESSAGES/plasma_applet_org.kde.plasma.bluetooth.mo
drwxr-xr-x root/root         0 2022-05-28 02:01 usr/share/locale/he/
drwxr-xr-x root/root         0 2022-05-28 02:01 usr/share/locale/he/LC_MESSAGES/
-rw-r--r-- root/root      6320 2022-05-28 02:01 usr/share/locale/he/LC_MESSAGES/bluedevil.mo
-rw-r--r-- root/root      2356 2022-05-28 02:01 usr/share/locale/he/LC_MESSAGES/plasma_applet_org.kde.plasma.bluetooth.mo
drwxr-xr-x root/root         0 2022-05-28 02:01 usr/share/locale/hsb/
drwxr-xr-x root/root         0 2022-05-28 02:01 usr/share/locale/hsb/LC_MESSAGES/
-rw-r--r-- root/root      5303 2022-05-28 02:01 usr/share/locale/hsb/LC_MESSAGES/bluedevil.mo
-rw-r--r-- root/root       471 2022-05-28 02:01 usr/share/locale/hsb/LC_MESSAGES/kcm_bluetooth.mo
-rw-r--r-- root/root      2646 2022-05-28 02:01 usr/share/locale/hsb/LC_MESSAGES/plasma_applet_org.kde.plasma.bluetooth.mo
drwxr-xr-x root/root         0 2022-05-28 02:01 usr/share/locale/hu/
drwxr-xr-x root/root         0 2022-05-28 02:01 usr/share/locale/hu/LC_MESSAGES/
-rw-r--r-- root/root      8390 2022-05-28 02:01 usr/share/locale/hu/LC_MESSAGES/bluedevil.mo
-rw-r--r-- root/root      4161 2022-05-28 02:01 usr/share/locale/hu/LC_MESSAGES/kcm_bluetooth.mo
-rw-r--r-- root/root      2654 2022-05-28 02:01 usr/share/locale/hu/LC_MESSAGES/plasma_applet_org.kde.plasma.bluetooth.mo
drwxr-xr-x root/root         0 2022-05-28 02:01 usr/share/locale/ia/
drwxr-xr-x root/root         0 2022-05-28 02:01 usr/share/locale/ia/LC_MESSAGES/
-rw-r--r-- root/root      8182 2022-05-28 02:01 usr/share/locale/ia/LC_MESSAGES/bluedevil.mo
-rw-r--r-- root/root      4053 2022-05-28 02:01 usr/share/locale/ia/LC_MESSAGES/kcm_bluetooth.mo
-rw-r--r-- root/root      2824 2022-05-28 02:01 usr/share/locale/ia/LC_MESSAGES/plasma_applet_org.kde.plasma.bluetooth.mo
drwxr-xr-x root/root         0 2022-05-28 02:01 usr/share/locale/id/
drwxr-xr-x root/root         0 2022-05-28 02:01 usr/share/locale/id/LC_MESSAGES/
-rw-r--r-- root/root      8178 2022-05-28 02:01 usr/share/locale/id/LC_MESSAGES/bluedevil.mo
-rw-r--r-- root/root      4056 2022-05-28 02:01 usr/share/locale/id/LC_MESSAGES/kcm_bluetooth.mo
-rw-r--r-- root/root      2573 2022-05-28 02:01 usr/share/locale/id/LC_MESSAGES/plasma_applet_org.kde.plasma.bluetooth.mo
drwxr-xr-x root/root         0 2022-05-28 02:01 usr/share/locale/it/
drwxr-xr-x root/root         0 2022-05-28 02:01 usr/share/locale/it/LC_MESSAGES/
-rw-r--r-- root/root      7179 2022-05-28 02:01 usr/share/locale/it/LC_MESSAGES/bluedevil.mo
-rw-r--r-- root/root      4082 2022-05-28 02:01 usr/share/locale/it/LC_MESSAGES/kcm_bluetooth.mo
-rw-r--r-- root/root      2825 2022-05-28 02:01 usr/share/locale/it/LC_MESSAGES/plasma_applet_org.kde.plasma.bluetooth.mo
drwxr-xr-x root/root         0 2022-05-28 02:01 usr/share/locale/ja/
drwxr-xr-x root/root         0 2022-05-28 02:01 usr/share/locale/ja/LC_MESSAGES/
-rw-r--r-- root/root      7671 2022-05-28 02:01 usr/share/locale/ja/LC_MESSAGES/bluedevil.mo
-rw-r--r-- root/root      1995 2022-05-28 02:01 usr/share/locale/ja/LC_MESSAGES/kcm_bluetooth.mo
-rw-r--r-- root/root      2214 2022-05-28 02:01 usr/share/locale/ja/LC_MESSAGES/plasma_applet_org.kde.plasma.bluetooth.mo
drwxr-xr-x root/root         0 2022-05-28 02:01 usr/share/locale/ko/
drwxr-xr-x root/root         0 2022-05-28 02:01 usr/share/locale/ko/LC_MESSAGES/
-rw-r--r-- root/root      8257 2022-05-28 02:01 usr/share/locale/ko/LC_MESSAGES/bluedevil.mo
-rw-r--r-- root/root      4058 2022-05-28 02:01 usr/share/locale/ko/LC_MESSAGES/kcm_bluetooth.mo
-rw-r--r-- root/root      2810 2022-05-28 02:01 usr/share/locale/ko/LC_MESSAGES/plasma_applet_org.kde.plasma.bluetooth.mo
drwxr-xr-x root/root         0 2022-05-28 02:01 usr/share/locale/lt/
drwxr-xr-x root/root         0 2022-05-28 02:01 usr/share/locale/lt/LC_MESSAGES/
-rw-r--r-- root/root      7872 2022-05-28 02:01 usr/share/locale/lt/LC_MESSAGES/bluedevil.mo
-rw-r--r-- root/root      3947 2022-05-28 02:01 usr/share/locale/lt/LC_MESSAGES/kcm_bluetooth.mo
-rw-r--r-- root/root      2718 2022-05-28 02:01 usr/share/locale/lt/LC_MESSAGES/plasma_applet_org.kde.plasma.bluetooth.mo
drwxr-xr-x root/root         0 2022-05-28 02:01 usr/share/locale/ml/
drwxr-xr-x root/root         0 2022-05-28 02:01 usr/share/locale/ml/LC_MESSAGES/
-rw-r--r-- root/root      3979 2022-05-28 02:01 usr/share/locale/ml/LC_MESSAGES/bluedevil.mo
-rw-r--r-- root/root       511 2022-05-28 02:01 usr/share/locale/ml/LC_MESSAGES/plasma_applet_org.kde.plasma.bluetooth.mo
drwxr-xr-x root/root         0 2022-05-28 02:01 usr/share/locale/nb/
drwxr-xr-x root/root         0 2022-05-28 02:01 usr/share/locale/nb/LC_MESSAGES/
-rw-r--r-- root/root      4908 2022-05-28 02:01 usr/share/locale/nb/LC_MESSAGES/bluedevil.mo
-rw-r--r-- root/root      1620 2022-05-28 02:01 usr/share/locale/nb/LC_MESSAGES/kcm_bluetooth.mo
drwxr-xr-x root/root         0 2022-05-28 02:01 usr/share/locale/nl/
drwxr-xr-x root/root         0 2022-05-28 02:01 usr/share/locale/nl/LC_MESSAGES/
-rw-r--r-- root/root      8316 2022-05-28 02:01 usr/share/locale/nl/LC_MESSAGES/bluedevil.mo
-rw-r--r-- root/root      4072 2022-05-28 02:01 usr/share/locale/nl/LC_MESSAGES/kcm_bluetooth.mo
-rw-r--r-- root/root      2796 2022-05-28 02:01 usr/share/locale/nl/LC_MESSAGES/plasma_applet_org.kde.plasma.bluetooth.mo
drwxr-xr-x root/root         0 2022-05-28 02:01 usr/share/locale/nn/
drwxr-xr-x root/root         0 2022-05-28 02:01 usr/share/locale/nn/LC_MESSAGES/
-rw-r--r-- root/root      8063 2022-05-28 02:01 usr/share/locale/nn/LC_MESSAGES/bluedevil.mo
-rw-r--r-- root/root      4047 2022-05-28 02:01 usr/share/locale/nn/LC_MESSAGES/kcm_bluetooth.mo
-rw-r--r-- root/root      2610 2022-05-28 02:01 usr/share/locale/nn/LC_MESSAGES/plasma_applet_org.kde.plasma.bluetooth.mo
drwxr-xr-x root/root         0 2022-05-28 02:01 usr/share/locale/pa/
drwxr-xr-x root/root         0 2022-05-28 02:01 usr/share/locale/pa/LC_MESSAGES/
-rw-r--r-- root/root     10747 2022-05-28 02:01 usr/share/locale/pa/LC_MESSAGES/bluedevil.mo
-rw-r--r-- root/root      5057 2022-05-28 02:01 usr/share/locale/pa/LC_MESSAGES/kcm_bluetooth.mo
-rw-r--r-- root/root      3429 2022-05-28 02:01 usr/share/locale/pa/LC_MESSAGES/plasma_applet_org.kde.plasma.bluetooth.mo
drwxr-xr-x root/root         0 2022-05-28 02:01 usr/share/locale/pl/
drwxr-xr-x root/root         0 2022-05-28 02:01 usr/share/locale/pl/LC_MESSAGES/
-rw-r--r-- root/root      8386 2022-05-28 02:01 usr/share/locale/pl/LC_MESSAGES/bluedevil.mo
-rw-r--r-- root/root      4140 2022-05-28 02:01 usr/share/locale/pl/LC_MESSAGES/kcm_bluetooth.mo
-rw-r--r-- root/root      2942 2022-05-28 02:01 usr/share/locale/pl/LC_MESSAGES/plasma_applet_org.kde.plasma.bluetooth.mo
drwxr-xr-x root/root         0 2022-05-28 02:01 usr/share/locale/pt/
drwxr-xr-x root/root         0 2022-05-28 02:01 usr/share/locale/pt/LC_MESSAGES/
-rw-r--r-- root/root      8895 2022-05-28 02:01 usr/share/locale/pt/LC_MESSAGES/bluedevil.mo
-rw-r--r-- root/root      4102 2022-05-28 02:01 usr/share/locale/pt/LC_MESSAGES/kcm_bluetooth.mo
-rw-r--r-- root/root      2854 2022-05-28 02:01 usr/share/locale/pt/LC_MESSAGES/plasma_applet_org.kde.plasma.bluetooth.mo
drwxr-xr-x root/root         0 2022-05-28 02:01 usr/share/locale/pt_BR/
drwxr-xr-x root/root         0 2022-05-28 02:01 usr/share/locale/pt_BR/LC_MESSAGES/
-rw-r--r-- root/root      8347 2022-05-28 02:01 usr/share/locale/pt_BR/LC_MESSAGES/bluedevil.mo
-rw-r--r-- root/root      4112 2022-05-28 02:01 usr/share/locale/pt_BR/LC_MESSAGES/kcm_bluetooth.mo
-rw-r--r-- root/root      2890 2022-05-28 02:01 usr/share/locale/pt_BR/LC_MESSAGES/plasma_applet_org.kde.plasma.bluetooth.mo
drwxr-xr-x root/root         0 2022-05-28 02:01 usr/share/locale/ro/
drwxr-xr-x root/root         0 2022-05-28 02:01 usr/share/locale/ro/LC_MESSAGES/
-rw-r--r-- root/root      8302 2022-05-28 02:01 usr/share/locale/ro/LC_MESSAGES/bluedevil.mo
-rw-r--r-- root/root      4087 2022-05-28 02:01 usr/share/locale/ro/LC_MESSAGES/kcm_bluetooth.mo
-rw-r--r-- root/root      2661 2022-05-28 02:01 usr/share/locale/ro/LC_MESSAGES/plasma_applet_org.kde.plasma.bluetooth.mo
drwxr-xr-x root/root         0 2022-05-28 02:01 usr/share/locale/ru/
drwxr-xr-x root/root         0 2022-05-28 02:01 usr/share/locale/ru/LC_MESSAGES/
-rw-r--r-- root/root      9866 2022-05-28 02:01 usr/share/locale/ru/LC_MESSAGES/bluedevil.mo
-rw-r--r-- root/root      4942 2022-05-28 02:01 usr/share/locale/ru/LC_MESSAGES/kcm_bluetooth.mo
-rw-r--r-- root/root      3563 2022-05-28 02:01 usr/share/locale/ru/LC_MESSAGES/plasma_applet_org.kde.plasma.bluetooth.mo
drwxr-xr-x root/root         0 2022-05-28 02:01 usr/share/locale/sk/
drwxr-xr-x root/root         0 2022-05-28 02:01 usr/share/locale/sk/LC_MESSAGES/
-rw-r--r-- root/root      8300 2022-05-28 02:01 usr/share/locale/sk/LC_MESSAGES/bluedevil.mo
-rw-r--r-- root/root      4113 2022-05-28 02:01 usr/share/locale/sk/LC_MESSAGES/kcm_bluetooth.mo
-rw-r--r-- root/root      2698 2022-05-28 02:01 usr/share/locale/sk/LC_MESSAGES/plasma_applet_org.kde.plasma.bluetooth.mo
drwxr-xr-x root/root         0 2022-05-28 02:01 usr/share/locale/sl/
drwxr-xr-x root/root         0 2022-05-28 02:01 usr/share/locale/sl/LC_MESSAGES/
-rw-r--r-- root/root      8385 2022-05-28 02:01 usr/share/locale/sl/LC_MESSAGES/bluedevil.mo
-rw-r--r-- root/root      4137 2022-05-28 02:01 usr/share/locale/sl/LC_MESSAGES/kcm_bluetooth.mo
-rw-r--r-- root/root      2845 2022-05-28 02:01 usr/share/locale/sl/LC_MESSAGES/plasma_applet_org.kde.plasma.bluetooth.mo
drwxr-xr-x root/root         0 2022-05-28 02:01 usr/share/locale/sr/
drwxr-xr-x root/root         0 2022-05-28 02:01 usr/share/locale/sr/LC_MESSAGES/
-rw-r--r-- root/root     14656 2022-05-28 02:01 usr/share/locale/sr/LC_MESSAGES/bluedevil.mo
-rw-r--r-- root/root      3397 2022-05-28 02:01 usr/share/locale/sr/LC_MESSAGES/plasma_applet_org.kde.plasma.bluetooth.mo
drwxr-xr-x root/root         0 2022-05-28 02:01 usr/share/locale/sr@ijekavian/
drwxr-xr-x root/root         0 2022-05-28 02:01 usr/share/locale/sr@ijekavian/LC_MESSAGES/
-rw-r--r-- root/root     14692 2022-05-28 02:01 usr/share/locale/sr@ijekavian/LC_MESSAGES/bluedevil.mo
-rw-r--r-- root/root      3407 2022-05-28 02:01 usr/share/locale/sr@ijekavian/LC_MESSAGES/plasma_applet_org.kde.plasma.bluetooth.mo
drwxr-xr-x root/root         0 2022-05-28 02:01 usr/share/locale/sr@ijekavianlatin/
drwxr-xr-x root/root         0 2022-05-28 02:01 usr/share/locale/sr@ijekavianlatin/LC_MESSAGES/
-rw-r--r-- root/root     12536 2022-05-28 02:01 usr/share/locale/sr@ijekavianlatin/LC_MESSAGES/bluedevil.mo
-rw-r--r-- root/root      2949 2022-05-28 02:01 usr/share/locale/sr@ijekavianlatin/LC_MESSAGES/plasma_applet_org.kde.plasma.bluetooth.mo
drwxr-xr-x root/root         0 2022-05-28 02:01 usr/share/locale/sr@latin/
drwxr-xr-x root/root         0 2022-05-28 02:01 usr/share/locale/sr@latin/LC_MESSAGES/
-rw-r--r-- root/root     12513 2022-05-28 02:01 usr/share/locale/sr@latin/LC_MESSAGES/bluedevil.mo
-rw-r--r-- root/root      2940 2022-05-28 02:01 usr/share/locale/sr@latin/LC_MESSAGES/plasma_applet_org.kde.plasma.bluetooth.mo
drwxr-xr-x root/root         0 2022-05-28 02:01 usr/share/locale/sv/
drwxr-xr-x root/root         0 2022-05-28 02:01 usr/share/locale/sv/LC_MESSAGES/
-rw-r--r-- root/root      8096 2022-05-28 02:01 usr/share/locale/sv/LC_MESSAGES/bluedevil.mo
-rw-r--r-- root/root      4028 2022-05-28 02:01 usr/share/locale/sv/LC_MESSAGES/kcm_bluetooth.mo
-rw-r--r-- root/root      2746 2022-05-28 02:01 usr/share/locale/sv/LC_MESSAGES/plasma_applet_org.kde.plasma.bluetooth.mo
drwxr-xr-x root/root         0 2022-05-28 02:01 usr/share/locale/tg/
drwxr-xr-x root/root         0 2022-05-28 02:01 usr/share/locale/tg/LC_MESSAGES/
-rw-r--r-- root/root      2623 2022-05-28 02:01 usr/share/locale/tg/LC_MESSAGES/bluedevil.mo
-rw-r--r-- root/root       777 2022-05-28 02:01 usr/share/locale/tg/LC_MESSAGES/plasma_applet_org.kde.plasma.bluetooth.mo
drwxr-xr-x root/root         0 2022-05-28 02:01 usr/share/locale/tr/
drwxr-xr-x root/root         0 2022-05-28 02:01 usr/share/locale/tr/LC_MESSAGES/
-rw-r--r-- root/root      8368 2022-05-28 02:01 usr/share/locale/tr/LC_MESSAGES/bluedevil.mo
-rw-r--r-- root/root      4135 2022-05-28 02:01 usr/share/locale/tr/LC_MESSAGES/kcm_bluetooth.mo
-rw-r--r-- root/root      2785 2022-05-28 02:01 usr/share/locale/tr/LC_MESSAGES/plasma_applet_org.kde.plasma.bluetooth.mo
drwxr-xr-x root/root         0 2022-05-28 02:01 usr/share/locale/uk/
drwxr-xr-x root/root         0 2022-05-28 02:01 usr/share/locale/uk/LC_MESSAGES/
-rw-r--r-- root/root     10165 2022-05-28 02:01 usr/share/locale/uk/LC_MESSAGES/bluedevil.mo
-rw-r--r-- root/root      4770 2022-05-28 02:01 usr/share/locale/uk/LC_MESSAGES/kcm_bluetooth.mo
-rw-r--r-- root/root      3540 2022-05-28 02:01 usr/share/locale/uk/LC_MESSAGES/plasma_applet_org.kde.plasma.bluetooth.mo
drwxr-xr-x root/root         0 2022-05-28 02:01 usr/share/locale/zh_CN/
drwxr-xr-x root/root         0 2022-05-28 02:01 usr/share/locale/zh_CN/LC_MESSAGES/
-rw-r--r-- root/root      7973 2022-05-28 02:01 usr/share/locale/zh_CN/LC_MESSAGES/bluedevil.mo
-rw-r--r-- root/root      4052 2022-05-28 02:01 usr/share/locale/zh_CN/LC_MESSAGES/kcm_bluetooth.mo
-rw-r--r-- root/root      2737 2022-05-28 02:01 usr/share/locale/zh_CN/LC_MESSAGES/plasma_applet_org.kde.plasma.bluetooth.mo
drwxr-xr-x root/root         0 2022-05-28 02:01 usr/share/locale/zh_TW/
drwxr-xr-x root/root         0 2022-05-28 02:01 usr/share/locale/zh_TW/LC_MESSAGES/
-rw-r--r-- root/root      6786 2022-05-28 02:01 usr/share/locale/zh_TW/LC_MESSAGES/bluedevil.mo
-rw-r--r-- root/root      2262 2022-05-28 02:01 usr/share/locale/zh_TW/LC_MESSAGES/plasma_applet_org.kde.plasma.bluetooth.mo
drwxr-xr-x root/root         0 2022-05-28 02:01 usr/share/metainfo/
-rw-r--r-- root/root      6138 2022-05-28 02:01 usr/share/metainfo/org.kde.plasma.bluetooth.appdata.xml
drwxr-xr-x root/root         0 2022-05-28 02:01 usr/share/mime/
drwxr-xr-x root/root         0 2022-05-28 02:01 usr/share/mime/packages/
-rw-r--r-- root/root      6181 2022-05-19 12:12 usr/share/mime/packages/bluedevil-mime.xml
drwxr-xr-x root/root         0 2022-05-28 02:01 usr/share/plasma/
drwxr-xr-x root/root         0 2022-05-28 02:01 usr/share/plasma/plasmoids/
drwxr-xr-x root/root         0 2022-05-28 02:01 usr/share/plasma/plasmoids/org.kde.plasma.bluetooth/
drwxr-xr-x root/root         0 2022-05-28 02:01 usr/share/plasma/plasmoids/org.kde.plasma.bluetooth/contents/
drwxr-xr-x root/root         0 2022-05-28 02:01 usr/share/plasma/plasmoids/org.kde.plasma.bluetooth/contents/ui/
-rw-r--r-- root/root      1359 2022-05-19 12:12 usr/share/plasma/plasmoids/org.kde.plasma.bluetooth/contents/ui/CompactRepresentation.qml
-rw-r--r-- root/root     10153 2022-05-19 12:12 usr/share/plasma/plasmoids/org.kde.plasma.bluetooth/contents/ui/DeviceItem.qml
-rw-r--r-- root/root      5545 2022-05-19 12:12 usr/share/plasma/plasmoids/org.kde.plasma.bluetooth/contents/ui/FullRepresentation.qml
-rw-r--r-- root/root      3196 2022-05-19 12:12 usr/share/plasma/plasmoids/org.kde.plasma.bluetooth/contents/ui/MediaPlayerItem.qml
-rw-r--r-- root/root      2051 2022-05-19 12:12 usr/share/plasma/plasmoids/org.kde.plasma.bluetooth/contents/ui/Toolbar.qml
-rw-r--r-- root/root      2085 2022-05-19 12:12 usr/share/plasma/plasmoids/org.kde.plasma.bluetooth/contents/ui/logic.js
-rw-r--r-- root/root      2351 2022-05-19 12:12 usr/share/plasma/plasmoids/org.kde.plasma.bluetooth/contents/ui/main.qml
-rw-r--r-- root/root      3951 2022-05-19 12:12 usr/share/plasma/plasmoids/org.kde.plasma.bluetooth/metadata.desktop
-rw-r--r-- root/root      5634 2022-05-28 02:01 usr/share/plasma/plasmoids/org.kde.plasma.bluetooth/metadata.json
drwxr-xr-x root/root         0 2022-05-28 02:01 usr/share/qlogging-categories5/
-rw-r--r-- root/root       462 2022-05-28 02:01 usr/share/qlogging-categories5/bluedevil.categories
drwxr-xr-x root/root         0 2022-05-28 02:01 usr/share/remoteview/
-rw-r--r-- root/root      1083 2022-05-19 12:12 usr/share/remoteview/bluetooth-network.desktop


