++========================================
||
||   Package:  ./plasma/breeze-5.24.90-x86_64-1.txz
||
++========================================
drwxr-xr-x root/root         0 2022-05-20 17:42 ./
drwxr-xr-x root/root         0 2022-05-20 17:42 install/
-rw-r--r-- root/root     19876 2022-05-20 17:42 install/doinst.sh
-rw-r--r-- root/root       681 2022-05-20 17:42 install/slack-desc
drwxr-xr-x root/root         0 2022-05-20 17:42 usr/
drwxr-xr-x root/root         0 2022-05-20 17:42 usr/bin/
-rwxr-xr-x root/root     14648 2022-05-20 17:42 usr/bin/breeze-settings5
drwxr-xr-x root/root         0 2022-05-20 17:42 usr/doc/
drwxr-xr-x root/root         0 2022-05-20 17:42 usr/doc/breeze-5.24.90/
-rw-r--r-- root/root       159 2022-05-19 12:13 usr/doc/breeze-5.24.90/AUTHORS
drwxr-xr-x root/root         0 2022-05-19 12:13 usr/doc/breeze-5.24.90/LICENSES/
-rw-r--r-- root/root      1480 2022-05-19 12:13 usr/doc/breeze-5.24.90/LICENSES/BSD-3-Clause.txt
-rw-r--r-- root/root     17623 2022-05-19 12:13 usr/doc/breeze-5.24.90/LICENSES/GPL-2.0-only.txt
-rw-r--r-- root/root     17622 2022-05-19 12:13 usr/doc/breeze-5.24.90/LICENSES/GPL-2.0-or-later.txt
-rw-r--r-- root/root     34470 2022-05-19 12:13 usr/doc/breeze-5.24.90/LICENSES/GPL-3.0-only.txt
-rw-r--r-- root/root       662 2022-05-19 12:13 usr/doc/breeze-5.24.90/LICENSES/LicenseRef-KDE-Accepted-GPL.txt
-rw-r--r-- root/root      1108 2022-05-19 12:13 usr/doc/breeze-5.24.90/LICENSES/MIT.txt
drwxr-xr-x root/root         0 2022-05-20 17:42 usr/lib64/
drwxr-xr-x root/root         0 2022-05-20 17:42 usr/lib64/cmake/
drwxr-xr-x root/root         0 2022-05-20 17:42 usr/lib64/cmake/Breeze/
-rw-r--r-- root/root      1531 2022-05-20 17:42 usr/lib64/cmake/Breeze/BreezeConfig.cmake
-rw-r--r-- root/root      1979 2022-05-20 17:42 usr/lib64/cmake/Breeze/BreezeConfigVersion.cmake
drwxr-xr-x root/root         0 2022-05-20 17:42 usr/lib64/kconf_update_bin/
-rwxr-xr-x root/root     14592 2022-05-20 17:42 usr/lib64/kconf_update_bin/breezehighcontrasttobreezedark
-rwxr-xr-x root/root     14552 2022-05-20 17:42 usr/lib64/kconf_update_bin/breezetobreezeclassic
-rwxr-xr-x root/root     14592 2022-05-20 17:42 usr/lib64/kconf_update_bin/breezetobreezelight
-rwxr-xr-x root/root     22768 2022-05-20 17:42 usr/lib64/libbreezecommon5.so.5.24.90
drwxr-xr-x root/root         0 2022-05-20 17:42 usr/lib64/qt5/
drwxr-xr-x root/root         0 2022-05-20 17:42 usr/lib64/qt5/plugins/
-rwxr-xr-x root/root     80880 2022-05-20 17:42 usr/lib64/qt5/plugins/kstyle_breeze_config.so
drwxr-xr-x root/root         0 2022-05-20 17:42 usr/lib64/qt5/plugins/org.kde.kdecoration2/
-rwxr-xr-x root/root    292488 2022-05-20 17:42 usr/lib64/qt5/plugins/org.kde.kdecoration2/breezedecoration.so
drwxr-xr-x root/root         0 2022-05-20 17:42 usr/lib64/qt5/plugins/styles/
-rwxr-xr-x root/root    572000 2022-05-20 17:42 usr/lib64/qt5/plugins/styles/breeze.so
drwxr-xr-x root/root         0 2022-05-20 17:42 usr/share/
drwxr-xr-x root/root         0 2022-05-20 17:42 usr/share/QtCurve/
-rw-r--r-- root/root      3541 2022-05-19 12:13 usr/share/QtCurve/Breeze.qtcurve
drwxr-xr-x root/root         0 2022-05-20 17:42 usr/share/color-schemes/
-rw-r--r-- root/root      3772 2022-05-19 12:13 usr/share/color-schemes/BreezeClassic.colors
-rw-r--r-- root/root      4691 2022-05-19 12:13 usr/share/color-schemes/BreezeDark.colors
-rw-r--r-- root/root      4498 2022-05-19 12:13 usr/share/color-schemes/BreezeLight.colors
drwxr-xr-x root/root         0 2022-05-20 17:42 usr/share/icons/
drwxr-xr-x root/root         0 2022-05-20 17:42 usr/share/icons/Breeze_Snow/
drwxr-xr-x root/root         0 2022-05-20 17:42 usr/share/icons/Breeze_Snow/cursors/
-rw-r--r-- root/root     29856 2022-05-19 12:13 usr/share/icons/Breeze_Snow/cursors/alias
-rw-r--r-- root/root     29856 2022-05-19 12:13 usr/share/icons/Breeze_Snow/cursors/all-scroll
-rw-r--r-- root/root     29856 2022-05-19 12:13 usr/share/icons/Breeze_Snow/cursors/bottom_left_corner
-rw-r--r-- root/root     29856 2022-05-19 12:13 usr/share/icons/Breeze_Snow/cursors/bottom_right_corner
-rw-r--r-- root/root     29856 2022-05-19 12:13 usr/share/icons/Breeze_Snow/cursors/bottom_side
-rw-r--r-- root/root     29856 2022-05-19 12:13 usr/share/icons/Breeze_Snow/cursors/cell
-rw-r--r-- root/root     29856 2022-05-19 12:13 usr/share/icons/Breeze_Snow/cursors/center_ptr
-rw-r--r-- root/root     29856 2022-05-19 12:13 usr/share/icons/Breeze_Snow/cursors/col-resize
-rw-r--r-- root/root     29856 2022-05-19 12:13 usr/share/icons/Breeze_Snow/cursors/color-picker
-rw-r--r-- root/root     29856 2022-05-19 12:13 usr/share/icons/Breeze_Snow/cursors/context-menu
-rw-r--r-- root/root     29856 2022-05-19 12:13 usr/share/icons/Breeze_Snow/cursors/copy
-rw-r--r-- root/root     26260 2022-05-19 12:13 usr/share/icons/Breeze_Snow/cursors/crosshair
-rw-r--r-- root/root     29856 2022-05-19 12:13 usr/share/icons/Breeze_Snow/cursors/default
-rw-r--r-- root/root     29856 2022-05-19 12:13 usr/share/icons/Breeze_Snow/cursors/dnd-move
-rw-r--r-- root/root     29856 2022-05-19 12:13 usr/share/icons/Breeze_Snow/cursors/dnd-no-drop
-rw-r--r-- root/root     29856 2022-05-19 12:13 usr/share/icons/Breeze_Snow/cursors/down-arrow
-rw-r--r-- root/root     29856 2022-05-19 12:13 usr/share/icons/Breeze_Snow/cursors/draft
-rw-r--r-- root/root     29856 2022-05-19 12:13 usr/share/icons/Breeze_Snow/cursors/fleur
-rw-r--r-- root/root     29856 2022-05-19 12:13 usr/share/icons/Breeze_Snow/cursors/help
-rw-r--r-- root/root     29856 2022-05-19 12:13 usr/share/icons/Breeze_Snow/cursors/left-arrow
-rw-r--r-- root/root     29856 2022-05-19 12:13 usr/share/icons/Breeze_Snow/cursors/left_side
-rw-r--r-- root/root     29856 2022-05-19 12:13 usr/share/icons/Breeze_Snow/cursors/no-drop
-rw-r--r-- root/root     29856 2022-05-19 12:13 usr/share/icons/Breeze_Snow/cursors/not-allowed
-rw-r--r-- root/root     29856 2022-05-19 12:13 usr/share/icons/Breeze_Snow/cursors/openhand
-rw-r--r-- root/root     29856 2022-05-19 12:13 usr/share/icons/Breeze_Snow/cursors/pencil
-rw-r--r-- root/root     29856 2022-05-19 12:13 usr/share/icons/Breeze_Snow/cursors/pirate
-rw-r--r-- root/root     29856 2022-05-19 12:13 usr/share/icons/Breeze_Snow/cursors/pointer
-rw-r--r-- root/root    686336 2022-05-19 12:13 usr/share/icons/Breeze_Snow/cursors/progress
-rw-r--r-- root/root     29856 2022-05-19 12:13 usr/share/icons/Breeze_Snow/cursors/right-arrow
-rw-r--r-- root/root     29856 2022-05-19 12:13 usr/share/icons/Breeze_Snow/cursors/right_ptr
-rw-r--r-- root/root     29856 2022-05-19 12:13 usr/share/icons/Breeze_Snow/cursors/right_side
-rw-r--r-- root/root     29856 2022-05-19 12:13 usr/share/icons/Breeze_Snow/cursors/row-resize
-rw-r--r-- root/root     29856 2022-05-19 12:13 usr/share/icons/Breeze_Snow/cursors/size_bdiag
-rw-r--r-- root/root     29856 2022-05-19 12:13 usr/share/icons/Breeze_Snow/cursors/size_fdiag
-rw-r--r-- root/root     29856 2022-05-19 12:13 usr/share/icons/Breeze_Snow/cursors/size_hor
-rw-r--r-- root/root     29856 2022-05-19 12:13 usr/share/icons/Breeze_Snow/cursors/size_ver
-rw-r--r-- root/root     29856 2022-05-19 12:13 usr/share/icons/Breeze_Snow/cursors/text
-rw-r--r-- root/root     29856 2022-05-19 12:13 usr/share/icons/Breeze_Snow/cursors/top_left_corner
-rw-r--r-- root/root     29856 2022-05-19 12:13 usr/share/icons/Breeze_Snow/cursors/top_right_corner
-rw-r--r-- root/root     29856 2022-05-19 12:13 usr/share/icons/Breeze_Snow/cursors/top_side
-rw-r--r-- root/root     29856 2022-05-19 12:13 usr/share/icons/Breeze_Snow/cursors/up-arrow
-rw-r--r-- root/root     29856 2022-05-19 12:13 usr/share/icons/Breeze_Snow/cursors/vertical-text
-rw-r--r-- root/root    686336 2022-05-19 12:13 usr/share/icons/Breeze_Snow/cursors/wait
-rw-r--r-- root/root     29856 2022-05-19 12:13 usr/share/icons/Breeze_Snow/cursors/wayland-cursor
-rw-r--r-- root/root     29856 2022-05-19 12:13 usr/share/icons/Breeze_Snow/cursors/x-cursor
-rw-r--r-- root/root     29856 2022-05-19 12:13 usr/share/icons/Breeze_Snow/cursors/zoom-in
-rw-r--r-- root/root     29856 2022-05-19 12:13 usr/share/icons/Breeze_Snow/cursors/zoom-out
-rw-r--r-- root/root      3059 2022-05-19 12:13 usr/share/icons/Breeze_Snow/index.theme
drwxr-xr-x root/root         0 2022-05-20 17:42 usr/share/icons/breeze_cursors/
drwxr-xr-x root/root         0 2022-05-20 17:42 usr/share/icons/breeze_cursors/cursors/
-rw-r--r-- root/root     29856 2022-05-19 12:13 usr/share/icons/breeze_cursors/cursors/alias
-rw-r--r-- root/root     29856 2022-05-19 12:13 usr/share/icons/breeze_cursors/cursors/all-scroll
-rw-r--r-- root/root     29856 2022-05-19 12:13 usr/share/icons/breeze_cursors/cursors/bottom_left_corner
-rw-r--r-- root/root     29856 2022-05-19 12:13 usr/share/icons/breeze_cursors/cursors/bottom_right_corner
-rw-r--r-- root/root     29856 2022-05-19 12:13 usr/share/icons/breeze_cursors/cursors/bottom_side
-rw-r--r-- root/root     29856 2022-05-19 12:13 usr/share/icons/breeze_cursors/cursors/cell
-rw-r--r-- root/root     29856 2022-05-19 12:13 usr/share/icons/breeze_cursors/cursors/center_ptr
-rw-r--r-- root/root     29856 2022-05-19 12:13 usr/share/icons/breeze_cursors/cursors/col-resize
-rw-r--r-- root/root     29856 2022-05-19 12:13 usr/share/icons/breeze_cursors/cursors/color-picker
-rw-r--r-- root/root     29856 2022-05-19 12:13 usr/share/icons/breeze_cursors/cursors/context-menu
-rw-r--r-- root/root     29856 2022-05-19 12:13 usr/share/icons/breeze_cursors/cursors/copy
-rw-r--r-- root/root     26260 2022-05-19 12:13 usr/share/icons/breeze_cursors/cursors/crosshair
-rw-r--r-- root/root     29856 2022-05-19 12:13 usr/share/icons/breeze_cursors/cursors/default
-rw-r--r-- root/root     29856 2022-05-19 12:13 usr/share/icons/breeze_cursors/cursors/dnd-move
-rw-r--r-- root/root     29856 2022-05-19 12:13 usr/share/icons/breeze_cursors/cursors/dnd-no-drop
-rw-r--r-- root/root     29856 2022-05-19 12:13 usr/share/icons/breeze_cursors/cursors/down-arrow
-rw-r--r-- root/root     29856 2022-05-19 12:13 usr/share/icons/breeze_cursors/cursors/draft
-rw-r--r-- root/root     29856 2022-05-19 12:13 usr/share/icons/breeze_cursors/cursors/fleur
-rw-r--r-- root/root     29856 2022-05-19 12:13 usr/share/icons/breeze_cursors/cursors/help
-rw-r--r-- root/root     29856 2022-05-19 12:13 usr/share/icons/breeze_cursors/cursors/left-arrow
-rw-r--r-- root/root     29856 2022-05-19 12:13 usr/share/icons/breeze_cursors/cursors/left_side
-rw-r--r-- root/root     29856 2022-05-19 12:13 usr/share/icons/breeze_cursors/cursors/no-drop
-rw-r--r-- root/root     29856 2022-05-19 12:13 usr/share/icons/breeze_cursors/cursors/not-allowed
-rw-r--r-- root/root     29856 2022-05-19 12:13 usr/share/icons/breeze_cursors/cursors/openhand
-rw-r--r-- root/root     29856 2022-05-19 12:13 usr/share/icons/breeze_cursors/cursors/pencil
-rw-r--r-- root/root     29856 2022-05-19 12:13 usr/share/icons/breeze_cursors/cursors/pirate
-rw-r--r-- root/root     29856 2022-05-19 12:13 usr/share/icons/breeze_cursors/cursors/pointer
-rw-r--r-- root/root    686336 2022-05-19 12:13 usr/share/icons/breeze_cursors/cursors/progress
-rw-r--r-- root/root     29856 2022-05-19 12:13 usr/share/icons/breeze_cursors/cursors/right-arrow
-rw-r--r-- root/root     29856 2022-05-19 12:13 usr/share/icons/breeze_cursors/cursors/right_ptr
-rw-r--r-- root/root     29856 2022-05-19 12:13 usr/share/icons/breeze_cursors/cursors/right_side
-rw-r--r-- root/root     29856 2022-05-19 12:13 usr/share/icons/breeze_cursors/cursors/row-resize
-rw-r--r-- root/root     29856 2022-05-19 12:13 usr/share/icons/breeze_cursors/cursors/size_bdiag
-rw-r--r-- root/root     29856 2022-05-19 12:13 usr/share/icons/breeze_cursors/cursors/size_fdiag
-rw-r--r-- root/root     29856 2022-05-19 12:13 usr/share/icons/breeze_cursors/cursors/size_hor
-rw-r--r-- root/root     29856 2022-05-19 12:13 usr/share/icons/breeze_cursors/cursors/size_ver
-rw-r--r-- root/root     29856 2022-05-19 12:13 usr/share/icons/breeze_cursors/cursors/text
-rw-r--r-- root/root     29856 2022-05-19 12:13 usr/share/icons/breeze_cursors/cursors/top_left_corner
-rw-r--r-- root/root     29856 2022-05-19 12:13 usr/share/icons/breeze_cursors/cursors/top_right_corner
-rw-r--r-- root/root     29856 2022-05-19 12:13 usr/share/icons/breeze_cursors/cursors/top_side
-rw-r--r-- root/root     29856 2022-05-19 12:13 usr/share/icons/breeze_cursors/cursors/up-arrow
-rw-r--r-- root/root     29856 2022-05-19 12:13 usr/share/icons/breeze_cursors/cursors/vertical-text
-rw-r--r-- root/root    686336 2022-05-19 12:13 usr/share/icons/breeze_cursors/cursors/wait
-rw-r--r-- root/root     29856 2022-05-19 12:13 usr/share/icons/breeze_cursors/cursors/wayland-cursor
-rw-r--r-- root/root     29856 2022-05-19 12:13 usr/share/icons/breeze_cursors/cursors/x-cursor
-rw-r--r-- root/root     29856 2022-05-19 12:13 usr/share/icons/breeze_cursors/cursors/zoom-in
-rw-r--r-- root/root     29856 2022-05-19 12:13 usr/share/icons/breeze_cursors/cursors/zoom-out
-rw-r--r-- root/root      2599 2022-05-19 12:13 usr/share/icons/breeze_cursors/index.theme
drwxr-xr-x root/root         0 2022-05-20 17:42 usr/share/icons/hicolor/
drwxr-xr-x root/root         0 2022-05-20 17:42 usr/share/icons/hicolor/scalable/
drwxr-xr-x root/root         0 2022-05-20 17:42 usr/share/icons/hicolor/scalable/apps/
-rw-r--r-- root/root      5118 2022-05-19 12:13 usr/share/icons/hicolor/scalable/apps/breeze-settings.svgz
drwxr-xr-x root/root         0 2022-05-20 17:42 usr/share/kconf_update/
-rw-r--r-- root/root        82 2022-05-19 12:13 usr/share/kconf_update/breezehighcontrasttobreezedark.upd
-rw-r--r-- root/root        64 2022-05-19 12:13 usr/share/kconf_update/breezetobreezeclassic.upd
-rw-r--r-- root/root        60 2022-05-19 12:13 usr/share/kconf_update/breezetobreezelight.upd
drwxr-xr-x root/root         0 2022-05-20 17:42 usr/share/kservices5/
-rw-r--r-- root/root      7227 2022-05-19 12:13 usr/share/kservices5/breezedecorationconfig.desktop
-rw-r--r-- root/root      6988 2022-05-19 12:13 usr/share/kservices5/breezestyleconfig.desktop
drwxr-xr-x root/root         0 2022-05-20 17:42 usr/share/kstyle/
drwxr-xr-x root/root         0 2022-05-20 17:42 usr/share/kstyle/themes/
-rw-r--r-- root/root      3669 2022-05-19 12:13 usr/share/kstyle/themes/breeze.themerc
drwxr-xr-x root/root         0 2022-05-20 17:42 usr/share/locale/
drwxr-xr-x root/root         0 2022-05-20 17:42 usr/share/locale/ar/
drwxr-xr-x root/root         0 2022-05-20 17:42 usr/share/locale/ar/LC_MESSAGES/
-rw-r--r-- root/root      5072 2022-05-20 17:42 usr/share/locale/ar/LC_MESSAGES/breeze_kwin_deco.mo
-rw-r--r-- root/root      2972 2022-05-20 17:42 usr/share/locale/ar/LC_MESSAGES/breeze_style_config.mo
drwxr-xr-x root/root         0 2022-05-20 17:42 usr/share/locale/az/
drwxr-xr-x root/root         0 2022-05-20 17:42 usr/share/locale/az/LC_MESSAGES/
-rw-r--r-- root/root      4800 2022-05-20 17:42 usr/share/locale/az/LC_MESSAGES/breeze_kwin_deco.mo
-rw-r--r-- root/root      2776 2022-05-20 17:42 usr/share/locale/az/LC_MESSAGES/breeze_style_config.mo
drwxr-xr-x root/root         0 2022-05-20 17:42 usr/share/locale/bs/
drwxr-xr-x root/root         0 2022-05-20 17:42 usr/share/locale/bs/LC_MESSAGES/
-rw-r--r-- root/root      3361 2022-05-20 17:42 usr/share/locale/bs/LC_MESSAGES/breeze_kwin_deco.mo
-rw-r--r-- root/root      1865 2022-05-20 17:42 usr/share/locale/bs/LC_MESSAGES/breeze_style_config.mo
drwxr-xr-x root/root         0 2022-05-20 17:42 usr/share/locale/ca/
drwxr-xr-x root/root         0 2022-05-20 17:42 usr/share/locale/ca/LC_MESSAGES/
-rw-r--r-- root/root      4706 2022-05-20 17:42 usr/share/locale/ca/LC_MESSAGES/breeze_kwin_deco.mo
-rw-r--r-- root/root      2682 2022-05-20 17:42 usr/share/locale/ca/LC_MESSAGES/breeze_style_config.mo
drwxr-xr-x root/root         0 2022-05-20 17:42 usr/share/locale/ca@valencia/
drwxr-xr-x root/root         0 2022-05-20 17:42 usr/share/locale/ca@valencia/LC_MESSAGES/
-rw-r--r-- root/root      4726 2022-05-20 17:42 usr/share/locale/ca@valencia/LC_MESSAGES/breeze_kwin_deco.mo
-rw-r--r-- root/root      2500 2022-05-20 17:42 usr/share/locale/ca@valencia/LC_MESSAGES/breeze_style_config.mo
drwxr-xr-x root/root         0 2022-05-20 17:42 usr/share/locale/cs/
drwxr-xr-x root/root         0 2022-05-20 17:42 usr/share/locale/cs/LC_MESSAGES/
-rw-r--r-- root/root      4505 2022-05-20 17:42 usr/share/locale/cs/LC_MESSAGES/breeze_kwin_deco.mo
-rw-r--r-- root/root      2617 2022-05-20 17:42 usr/share/locale/cs/LC_MESSAGES/breeze_style_config.mo
drwxr-xr-x root/root         0 2022-05-20 17:42 usr/share/locale/da/
drwxr-xr-x root/root         0 2022-05-20 17:42 usr/share/locale/da/LC_MESSAGES/
-rw-r--r-- root/root      4460 2022-05-20 17:42 usr/share/locale/da/LC_MESSAGES/breeze_kwin_deco.mo
-rw-r--r-- root/root      2266 2022-05-20 17:42 usr/share/locale/da/LC_MESSAGES/breeze_style_config.mo
drwxr-xr-x root/root         0 2022-05-20 17:42 usr/share/locale/de/
drwxr-xr-x root/root         0 2022-05-20 17:42 usr/share/locale/de/LC_MESSAGES/
-rw-r--r-- root/root      4495 2022-05-20 17:42 usr/share/locale/de/LC_MESSAGES/breeze_kwin_deco.mo
-rw-r--r-- root/root      2577 2022-05-20 17:42 usr/share/locale/de/LC_MESSAGES/breeze_style_config.mo
drwxr-xr-x root/root         0 2022-05-20 17:42 usr/share/locale/el/
drwxr-xr-x root/root         0 2022-05-20 17:42 usr/share/locale/el/LC_MESSAGES/
-rw-r--r-- root/root      5728 2022-05-20 17:42 usr/share/locale/el/LC_MESSAGES/breeze_kwin_deco.mo
-rw-r--r-- root/root      3078 2022-05-20 17:42 usr/share/locale/el/LC_MESSAGES/breeze_style_config.mo
drwxr-xr-x root/root         0 2022-05-20 17:42 usr/share/locale/en_GB/
drwxr-xr-x root/root         0 2022-05-20 17:42 usr/share/locale/en_GB/LC_MESSAGES/
-rw-r--r-- root/root      4315 2022-05-20 17:42 usr/share/locale/en_GB/LC_MESSAGES/breeze_kwin_deco.mo
-rw-r--r-- root/root      2354 2022-05-20 17:42 usr/share/locale/en_GB/LC_MESSAGES/breeze_style_config.mo
drwxr-xr-x root/root         0 2022-05-20 17:42 usr/share/locale/es/
drwxr-xr-x root/root         0 2022-05-20 17:42 usr/share/locale/es/LC_MESSAGES/
-rw-r--r-- root/root      4665 2022-05-20 17:42 usr/share/locale/es/LC_MESSAGES/breeze_kwin_deco.mo
-rw-r--r-- root/root      2686 2022-05-20 17:42 usr/share/locale/es/LC_MESSAGES/breeze_style_config.mo
drwxr-xr-x root/root         0 2022-05-20 17:42 usr/share/locale/et/
drwxr-xr-x root/root         0 2022-05-20 17:42 usr/share/locale/et/LC_MESSAGES/
-rw-r--r-- root/root      4369 2022-05-20 17:42 usr/share/locale/et/LC_MESSAGES/breeze_kwin_deco.mo
-rw-r--r-- root/root      2309 2022-05-20 17:42 usr/share/locale/et/LC_MESSAGES/breeze_style_config.mo
drwxr-xr-x root/root         0 2022-05-20 17:42 usr/share/locale/eu/
drwxr-xr-x root/root         0 2022-05-20 17:42 usr/share/locale/eu/LC_MESSAGES/
-rw-r--r-- root/root      4578 2022-05-20 17:42 usr/share/locale/eu/LC_MESSAGES/breeze_kwin_deco.mo
-rw-r--r-- root/root      2518 2022-05-20 17:42 usr/share/locale/eu/LC_MESSAGES/breeze_style_config.mo
drwxr-xr-x root/root         0 2022-05-20 17:42 usr/share/locale/fi/
drwxr-xr-x root/root         0 2022-05-20 17:42 usr/share/locale/fi/LC_MESSAGES/
-rw-r--r-- root/root      4589 2022-05-20 17:42 usr/share/locale/fi/LC_MESSAGES/breeze_kwin_deco.mo
-rw-r--r-- root/root      2479 2022-05-20 17:42 usr/share/locale/fi/LC_MESSAGES/breeze_style_config.mo
drwxr-xr-x root/root         0 2022-05-20 17:42 usr/share/locale/fr/
drwxr-xr-x root/root         0 2022-05-20 17:42 usr/share/locale/fr/LC_MESSAGES/
-rw-r--r-- root/root      4855 2022-05-20 17:42 usr/share/locale/fr/LC_MESSAGES/breeze_kwin_deco.mo
-rw-r--r-- root/root      2815 2022-05-20 17:42 usr/share/locale/fr/LC_MESSAGES/breeze_style_config.mo
drwxr-xr-x root/root         0 2022-05-20 17:42 usr/share/locale/gl/
drwxr-xr-x root/root         0 2022-05-20 17:42 usr/share/locale/gl/LC_MESSAGES/
-rw-r--r-- root/root      4651 2022-05-20 17:42 usr/share/locale/gl/LC_MESSAGES/breeze_kwin_deco.mo
-rw-r--r-- root/root      2473 2022-05-20 17:42 usr/share/locale/gl/LC_MESSAGES/breeze_style_config.mo
drwxr-xr-x root/root         0 2022-05-20 17:42 usr/share/locale/he/
drwxr-xr-x root/root         0 2022-05-20 17:42 usr/share/locale/he/LC_MESSAGES/
-rw-r--r-- root/root      4423 2022-05-20 17:42 usr/share/locale/he/LC_MESSAGES/breeze_kwin_deco.mo
-rw-r--r-- root/root      2427 2022-05-20 17:42 usr/share/locale/he/LC_MESSAGES/breeze_style_config.mo
drwxr-xr-x root/root         0 2022-05-20 17:42 usr/share/locale/hi/
drwxr-xr-x root/root         0 2022-05-20 17:42 usr/share/locale/hi/LC_MESSAGES/
-rw-r--r-- root/root      6107 2022-05-20 17:42 usr/share/locale/hi/LC_MESSAGES/breeze_kwin_deco.mo
-rw-r--r-- root/root      3588 2022-05-20 17:42 usr/share/locale/hi/LC_MESSAGES/breeze_style_config.mo
drwxr-xr-x root/root         0 2022-05-20 17:42 usr/share/locale/hu/
drwxr-xr-x root/root         0 2022-05-20 17:42 usr/share/locale/hu/LC_MESSAGES/
-rw-r--r-- root/root      4582 2022-05-20 17:42 usr/share/locale/hu/LC_MESSAGES/breeze_kwin_deco.mo
-rw-r--r-- root/root      2564 2022-05-20 17:42 usr/share/locale/hu/LC_MESSAGES/breeze_style_config.mo
drwxr-xr-x root/root         0 2022-05-20 17:42 usr/share/locale/ia/
drwxr-xr-x root/root         0 2022-05-20 17:42 usr/share/locale/ia/LC_MESSAGES/
-rw-r--r-- root/root      4603 2022-05-20 17:42 usr/share/locale/ia/LC_MESSAGES/breeze_kwin_deco.mo
-rw-r--r-- root/root      2554 2022-05-20 17:42 usr/share/locale/ia/LC_MESSAGES/breeze_style_config.mo
drwxr-xr-x root/root         0 2022-05-20 17:42 usr/share/locale/id/
drwxr-xr-x root/root         0 2022-05-20 17:42 usr/share/locale/id/LC_MESSAGES/
-rw-r--r-- root/root      4396 2022-05-20 17:42 usr/share/locale/id/LC_MESSAGES/breeze_kwin_deco.mo
-rw-r--r-- root/root      2429 2022-05-20 17:42 usr/share/locale/id/LC_MESSAGES/breeze_style_config.mo
drwxr-xr-x root/root         0 2022-05-20 17:42 usr/share/locale/it/
drwxr-xr-x root/root         0 2022-05-20 17:42 usr/share/locale/it/LC_MESSAGES/
-rw-r--r-- root/root      4711 2022-05-20 17:42 usr/share/locale/it/LC_MESSAGES/breeze_kwin_deco.mo
-rw-r--r-- root/root      2697 2022-05-20 17:42 usr/share/locale/it/LC_MESSAGES/breeze_style_config.mo
drwxr-xr-x root/root         0 2022-05-20 17:42 usr/share/locale/ja/
drwxr-xr-x root/root         0 2022-05-20 17:42 usr/share/locale/ja/LC_MESSAGES/
-rw-r--r-- root/root      4720 2022-05-20 17:42 usr/share/locale/ja/LC_MESSAGES/breeze_kwin_deco.mo
-rw-r--r-- root/root      2806 2022-05-20 17:42 usr/share/locale/ja/LC_MESSAGES/breeze_style_config.mo
drwxr-xr-x root/root         0 2022-05-20 17:42 usr/share/locale/ko/
drwxr-xr-x root/root         0 2022-05-20 17:42 usr/share/locale/ko/LC_MESSAGES/
-rw-r--r-- root/root      4464 2022-05-20 17:42 usr/share/locale/ko/LC_MESSAGES/breeze_kwin_deco.mo
-rw-r--r-- root/root      2499 2022-05-20 17:42 usr/share/locale/ko/LC_MESSAGES/breeze_style_config.mo
drwxr-xr-x root/root         0 2022-05-20 17:42 usr/share/locale/lt/
drwxr-xr-x root/root         0 2022-05-20 17:42 usr/share/locale/lt/LC_MESSAGES/
-rw-r--r-- root/root      4581 2022-05-20 17:42 usr/share/locale/lt/LC_MESSAGES/breeze_kwin_deco.mo
-rw-r--r-- root/root      2427 2022-05-20 17:42 usr/share/locale/lt/LC_MESSAGES/breeze_style_config.mo
drwxr-xr-x root/root         0 2022-05-20 17:42 usr/share/locale/nb/
drwxr-xr-x root/root         0 2022-05-20 17:42 usr/share/locale/nb/LC_MESSAGES/
-rw-r--r-- root/root      4167 2022-05-20 17:42 usr/share/locale/nb/LC_MESSAGES/breeze_kwin_deco.mo
-rw-r--r-- root/root      2056 2022-05-20 17:42 usr/share/locale/nb/LC_MESSAGES/breeze_style_config.mo
drwxr-xr-x root/root         0 2022-05-20 17:42 usr/share/locale/nds/
drwxr-xr-x root/root         0 2022-05-20 17:42 usr/share/locale/nds/LC_MESSAGES/
-rw-r--r-- root/root      3253 2022-05-20 17:42 usr/share/locale/nds/LC_MESSAGES/breeze_kwin_deco.mo
-rw-r--r-- root/root      1687 2022-05-20 17:42 usr/share/locale/nds/LC_MESSAGES/breeze_style_config.mo
drwxr-xr-x root/root         0 2022-05-20 17:42 usr/share/locale/nl/
drwxr-xr-x root/root         0 2022-05-20 17:42 usr/share/locale/nl/LC_MESSAGES/
-rw-r--r-- root/root      4547 2022-05-20 17:42 usr/share/locale/nl/LC_MESSAGES/breeze_kwin_deco.mo
-rw-r--r-- root/root      2487 2022-05-20 17:42 usr/share/locale/nl/LC_MESSAGES/breeze_style_config.mo
drwxr-xr-x root/root         0 2022-05-20 17:42 usr/share/locale/nn/
drwxr-xr-x root/root         0 2022-05-20 17:42 usr/share/locale/nn/LC_MESSAGES/
-rw-r--r-- root/root      4550 2022-05-20 17:42 usr/share/locale/nn/LC_MESSAGES/breeze_kwin_deco.mo
-rw-r--r-- root/root      2317 2022-05-20 17:42 usr/share/locale/nn/LC_MESSAGES/breeze_style_config.mo
drwxr-xr-x root/root         0 2022-05-20 17:42 usr/share/locale/pa/
drwxr-xr-x root/root         0 2022-05-20 17:42 usr/share/locale/pa/LC_MESSAGES/
-rw-r--r-- root/root       551 2022-05-20 17:42 usr/share/locale/pa/LC_MESSAGES/breeze_kwin_deco.mo
-rw-r--r-- root/root       774 2022-05-20 17:42 usr/share/locale/pa/LC_MESSAGES/breeze_style_config.mo
drwxr-xr-x root/root         0 2022-05-20 17:42 usr/share/locale/pl/
drwxr-xr-x root/root         0 2022-05-20 17:42 usr/share/locale/pl/LC_MESSAGES/
-rw-r--r-- root/root      4528 2022-05-20 17:42 usr/share/locale/pl/LC_MESSAGES/breeze_kwin_deco.mo
-rw-r--r-- root/root      2552 2022-05-20 17:42 usr/share/locale/pl/LC_MESSAGES/breeze_style_config.mo
drwxr-xr-x root/root         0 2022-05-20 17:42 usr/share/locale/pt/
drwxr-xr-x root/root         0 2022-05-20 17:42 usr/share/locale/pt/LC_MESSAGES/
-rw-r--r-- root/root      4656 2022-05-20 17:42 usr/share/locale/pt/LC_MESSAGES/breeze_kwin_deco.mo
-rw-r--r-- root/root      2639 2022-05-20 17:42 usr/share/locale/pt/LC_MESSAGES/breeze_style_config.mo
drwxr-xr-x root/root         0 2022-05-20 17:42 usr/share/locale/pt_BR/
drwxr-xr-x root/root         0 2022-05-20 17:42 usr/share/locale/pt_BR/LC_MESSAGES/
-rw-r--r-- root/root      4658 2022-05-20 17:42 usr/share/locale/pt_BR/LC_MESSAGES/breeze_kwin_deco.mo
-rw-r--r-- root/root      2677 2022-05-20 17:42 usr/share/locale/pt_BR/LC_MESSAGES/breeze_style_config.mo
drwxr-xr-x root/root         0 2022-05-20 17:42 usr/share/locale/ro/
drwxr-xr-x root/root         0 2022-05-20 17:42 usr/share/locale/ro/LC_MESSAGES/
-rw-r--r-- root/root      4623 2022-05-20 17:42 usr/share/locale/ro/LC_MESSAGES/breeze_kwin_deco.mo
-rw-r--r-- root/root      2579 2022-05-20 17:42 usr/share/locale/ro/LC_MESSAGES/breeze_style_config.mo
drwxr-xr-x root/root         0 2022-05-20 17:42 usr/share/locale/ru/
drwxr-xr-x root/root         0 2022-05-20 17:42 usr/share/locale/ru/LC_MESSAGES/
-rw-r--r-- root/root      5561 2022-05-20 17:42 usr/share/locale/ru/LC_MESSAGES/breeze_kwin_deco.mo
-rw-r--r-- root/root      3252 2022-05-20 17:42 usr/share/locale/ru/LC_MESSAGES/breeze_style_config.mo
drwxr-xr-x root/root         0 2022-05-20 17:42 usr/share/locale/se/
drwxr-xr-x root/root         0 2022-05-20 17:42 usr/share/locale/se/LC_MESSAGES/
-rw-r--r-- root/root       659 2022-05-20 17:42 usr/share/locale/se/LC_MESSAGES/breeze_kwin_deco.mo
drwxr-xr-x root/root         0 2022-05-20 17:42 usr/share/locale/sk/
drwxr-xr-x root/root         0 2022-05-20 17:42 usr/share/locale/sk/LC_MESSAGES/
-rw-r--r-- root/root      4523 2022-05-20 17:42 usr/share/locale/sk/LC_MESSAGES/breeze_kwin_deco.mo
-rw-r--r-- root/root      2611 2022-05-20 17:42 usr/share/locale/sk/LC_MESSAGES/breeze_style_config.mo
drwxr-xr-x root/root         0 2022-05-20 17:42 usr/share/locale/sl/
drwxr-xr-x root/root         0 2022-05-20 17:42 usr/share/locale/sl/LC_MESSAGES/
-rw-r--r-- root/root      4495 2022-05-20 17:42 usr/share/locale/sl/LC_MESSAGES/breeze_kwin_deco.mo
-rw-r--r-- root/root      2609 2022-05-20 17:42 usr/share/locale/sl/LC_MESSAGES/breeze_style_config.mo
drwxr-xr-x root/root         0 2022-05-20 17:42 usr/share/locale/sr/
drwxr-xr-x root/root         0 2022-05-20 17:42 usr/share/locale/sr/LC_MESSAGES/
-rw-r--r-- root/root      5360 2022-05-20 17:42 usr/share/locale/sr/LC_MESSAGES/breeze_kwin_deco.mo
-rw-r--r-- root/root      3165 2022-05-20 17:42 usr/share/locale/sr/LC_MESSAGES/breeze_style_config.mo
drwxr-xr-x root/root         0 2022-05-20 17:42 usr/share/locale/sr@ijekavian/
drwxr-xr-x root/root         0 2022-05-20 17:42 usr/share/locale/sr@ijekavian/LC_MESSAGES/
-rw-r--r-- root/root      5382 2022-05-20 17:42 usr/share/locale/sr@ijekavian/LC_MESSAGES/breeze_kwin_deco.mo
-rw-r--r-- root/root      3175 2022-05-20 17:42 usr/share/locale/sr@ijekavian/LC_MESSAGES/breeze_style_config.mo
drwxr-xr-x root/root         0 2022-05-20 17:42 usr/share/locale/sr@ijekavianlatin/
drwxr-xr-x root/root         0 2022-05-20 17:42 usr/share/locale/sr@ijekavianlatin/LC_MESSAGES/
-rw-r--r-- root/root      4511 2022-05-20 17:42 usr/share/locale/sr@ijekavianlatin/LC_MESSAGES/breeze_kwin_deco.mo
-rw-r--r-- root/root      2630 2022-05-20 17:42 usr/share/locale/sr@ijekavianlatin/LC_MESSAGES/breeze_style_config.mo
drwxr-xr-x root/root         0 2022-05-20 17:42 usr/share/locale/sr@latin/
drwxr-xr-x root/root         0 2022-05-20 17:42 usr/share/locale/sr@latin/LC_MESSAGES/
-rw-r--r-- root/root      4495 2022-05-20 17:42 usr/share/locale/sr@latin/LC_MESSAGES/breeze_kwin_deco.mo
-rw-r--r-- root/root      2621 2022-05-20 17:42 usr/share/locale/sr@latin/LC_MESSAGES/breeze_style_config.mo
drwxr-xr-x root/root         0 2022-05-20 17:42 usr/share/locale/sv/
drwxr-xr-x root/root         0 2022-05-20 17:42 usr/share/locale/sv/LC_MESSAGES/
-rw-r--r-- root/root      4479 2022-05-20 17:42 usr/share/locale/sv/LC_MESSAGES/breeze_kwin_deco.mo
-rw-r--r-- root/root      2453 2022-05-20 17:42 usr/share/locale/sv/LC_MESSAGES/breeze_style_config.mo
drwxr-xr-x root/root         0 2022-05-20 17:42 usr/share/locale/tg/
drwxr-xr-x root/root         0 2022-05-20 17:42 usr/share/locale/tg/LC_MESSAGES/
-rw-r--r-- root/root      1375 2022-05-20 17:42 usr/share/locale/tg/LC_MESSAGES/breeze_kwin_deco.mo
-rw-r--r-- root/root       881 2022-05-20 17:42 usr/share/locale/tg/LC_MESSAGES/breeze_style_config.mo
drwxr-xr-x root/root         0 2022-05-20 17:42 usr/share/locale/tr/
drwxr-xr-x root/root         0 2022-05-20 17:42 usr/share/locale/tr/LC_MESSAGES/
-rw-r--r-- root/root      4528 2022-05-20 17:42 usr/share/locale/tr/LC_MESSAGES/breeze_kwin_deco.mo
-rw-r--r-- root/root      2579 2022-05-20 17:42 usr/share/locale/tr/LC_MESSAGES/breeze_style_config.mo
drwxr-xr-x root/root         0 2022-05-20 17:42 usr/share/locale/uk/
drwxr-xr-x root/root         0 2022-05-20 17:42 usr/share/locale/uk/LC_MESSAGES/
-rw-r--r-- root/root      5610 2022-05-20 17:42 usr/share/locale/uk/LC_MESSAGES/breeze_kwin_deco.mo
-rw-r--r-- root/root      3315 2022-05-20 17:42 usr/share/locale/uk/LC_MESSAGES/breeze_style_config.mo
drwxr-xr-x root/root         0 2022-05-20 17:42 usr/share/locale/zh_CN/
drwxr-xr-x root/root         0 2022-05-20 17:42 usr/share/locale/zh_CN/LC_MESSAGES/
-rw-r--r-- root/root      4341 2022-05-20 17:42 usr/share/locale/zh_CN/LC_MESSAGES/breeze_kwin_deco.mo
-rw-r--r-- root/root      2456 2022-05-20 17:42 usr/share/locale/zh_CN/LC_MESSAGES/breeze_style_config.mo
drwxr-xr-x root/root         0 2022-05-20 17:42 usr/share/locale/zh_TW/
drwxr-xr-x root/root         0 2022-05-20 17:42 usr/share/locale/zh_TW/LC_MESSAGES/
-rw-r--r-- root/root      4255 2022-05-20 17:42 usr/share/locale/zh_TW/LC_MESSAGES/breeze_kwin_deco.mo
-rw-r--r-- root/root      2193 2022-05-20 17:42 usr/share/locale/zh_TW/LC_MESSAGES/breeze_style_config.mo
drwxr-xr-x root/root         0 2022-05-20 17:42 usr/share/wallpapers/
drwxr-xr-x root/root         0 2022-05-20 17:42 usr/share/wallpapers/Next/
drwxr-xr-x root/root         0 2022-05-20 17:42 usr/share/wallpapers/Next/contents/
drwxr-xr-x root/root         0 2022-05-20 17:42 usr/share/wallpapers/Next/contents/images/
-rw-r--r-- root/root    121607 2022-05-19 12:13 usr/share/wallpapers/Next/contents/images/1024x768.jpg
-rw-r--r-- root/root    245788 2022-05-19 12:13 usr/share/wallpapers/Next/contents/images/1080x1920.jpg
-rw-r--r-- root/root    180294 2022-05-19 12:13 usr/share/wallpapers/Next/contents/images/1280x1024.jpg
-rw-r--r-- root/root    143232 2022-05-19 12:13 usr/share/wallpapers/Next/contents/images/1280x800.jpg
-rw-r--r-- root/root    140399 2022-05-19 12:13 usr/share/wallpapers/Next/contents/images/1366x768.jpg
-rw-r--r-- root/root    172656 2022-05-19 12:13 usr/share/wallpapers/Next/contents/images/1440x900.jpg
-rw-r--r-- root/root    244179 2022-05-19 12:13 usr/share/wallpapers/Next/contents/images/1600x1200.jpg
-rw-r--r-- root/root    220770 2022-05-19 12:13 usr/share/wallpapers/Next/contents/images/1680x1050.jpg
-rw-r--r-- root/root    242094 2022-05-19 12:13 usr/share/wallpapers/Next/contents/images/1920x1080.jpg
-rw-r--r-- root/root    273654 2022-05-19 12:13 usr/share/wallpapers/Next/contents/images/1920x1200.jpg
-rw-r--r-- root/root    395936 2022-05-19 12:13 usr/share/wallpapers/Next/contents/images/2560x1440.jpg
-rw-r--r-- root/root    447006 2022-05-19 12:13 usr/share/wallpapers/Next/contents/images/2560x1600.jpg
-rw-r--r-- root/root    600862 2022-05-19 12:13 usr/share/wallpapers/Next/contents/images/3200x1800.jpg
-rw-r--r-- root/root    676598 2022-05-19 12:13 usr/share/wallpapers/Next/contents/images/3200x2000.jpg
-rw-r--r-- root/root     44101 2022-05-19 12:13 usr/share/wallpapers/Next/contents/images/360x720.jpg
-rw-r--r-- root/root    866452 2022-05-19 12:13 usr/share/wallpapers/Next/contents/images/3840x2160.jpg
-rw-r--r-- root/root     25127 2022-05-19 12:13 usr/share/wallpapers/Next/contents/images/440x247.jpg
-rw-r--r-- root/root   1614593 2022-05-19 12:13 usr/share/wallpapers/Next/contents/images/5120x2880.jpg
-rw-r--r-- root/root    131917 2022-05-19 12:13 usr/share/wallpapers/Next/contents/images/720x1440.jpg
-rw-r--r-- root/root    132948 2022-05-19 12:13 usr/share/wallpapers/Next/contents/screenshot.png
-rw-r--r-- root/root       935 2022-05-19 12:13 usr/share/wallpapers/Next/metadata.desktop


