++========================================
||
||   Package:  ./plasma/kactivitymanagerd-5.24.90-x86_64-1.txz
||
++========================================
drwxr-xr-x root/root         0 2022-05-20 18:07 ./
drwxr-xr-x root/root         0 2022-05-20 18:07 install/
-rw-r--r-- root/root       876 2022-05-20 18:07 install/slack-desc
drwxr-xr-x root/root         0 2022-05-20 18:07 usr/
drwxr-xr-x root/root         0 2022-05-20 18:07 usr/doc/
drwxr-xr-x root/root         0 2022-05-20 18:07 usr/doc/kactivitymanagerd-5.24.90/
drwxr-xr-x root/root         0 2022-05-19 12:16 usr/doc/kactivitymanagerd-5.24.90/LICENSES/
-rw-r--r-- root/root     17623 2022-05-19 12:16 usr/doc/kactivitymanagerd-5.24.90/LICENSES/GPL-2.0-only.txt
-rw-r--r-- root/root     17622 2022-05-19 12:16 usr/doc/kactivitymanagerd-5.24.90/LICENSES/GPL-2.0-or-later.txt
-rw-r--r-- root/root     34470 2022-05-19 12:16 usr/doc/kactivitymanagerd-5.24.90/LICENSES/GPL-3.0-only.txt
-rw-r--r-- root/root     25911 2022-05-19 12:16 usr/doc/kactivitymanagerd-5.24.90/LICENSES/LGPL-2.1-only.txt
-rw-r--r-- root/root      7431 2022-05-19 12:16 usr/doc/kactivitymanagerd-5.24.90/LICENSES/LGPL-3.0-only.txt
-rw-r--r-- root/root       662 2022-05-19 12:16 usr/doc/kactivitymanagerd-5.24.90/LICENSES/LicenseRef-KDE-Accepted-GPL.txt
-rw-r--r-- root/root       665 2022-05-19 12:16 usr/doc/kactivitymanagerd-5.24.90/LICENSES/LicenseRef-KDE-Accepted-LGPL.txt
-rw-r--r-- root/root      1290 2022-05-19 12:16 usr/doc/kactivitymanagerd-5.24.90/README.developers
-rw-r--r-- root/root      1519 2022-05-19 12:16 usr/doc/kactivitymanagerd-5.24.90/README.md
-rw-r--r-- root/root      1033 2022-05-19 12:16 usr/doc/kactivitymanagerd-5.24.90/TODO
drwxr-xr-x root/root         0 2022-05-20 18:07 usr/lib/
drwxr-xr-x root/root         0 2022-05-20 18:07 usr/lib/systemd/
drwxr-xr-x root/root         0 2022-05-20 18:07 usr/lib/systemd/user/
-rw-r--r-- root/root       206 2022-05-20 18:07 usr/lib/systemd/user/plasma-kactivitymanagerd.service
drwxr-xr-x root/root         0 2022-05-20 18:07 usr/lib64/
drwxr-xr-x root/root         0 2022-05-20 18:07 usr/lib64/libexec/
-rwxr-xr-x root/root    171888 2022-05-20 18:07 usr/lib64/libexec/kactivitymanagerd
-rwxr-xr-x root/root     31128 2022-05-20 18:07 usr/lib64/libkactivitymanagerd_plugin.so
drwxr-xr-x root/root         0 2022-05-20 18:07 usr/lib64/qt5/
drwxr-xr-x root/root         0 2022-05-20 18:07 usr/lib64/qt5/plugins/
drwxr-xr-x root/root         0 2022-05-20 18:07 usr/lib64/qt5/plugins/kactivitymanagerd/
drwxr-xr-x root/root         0 2022-05-20 18:07 usr/lib64/qt5/plugins/kactivitymanagerd/1/
-rwxr-xr-x root/root     64416 2022-05-20 18:07 usr/lib64/qt5/plugins/kactivitymanagerd/1/kactivitymanagerd_plugin_activityrunner.so
-rwxr-xr-x root/root     39560 2022-05-20 18:07 usr/lib64/qt5/plugins/kactivitymanagerd/1/kactivitymanagerd_plugin_activitytemplates.so
-rwxr-xr-x root/root     35360 2022-05-20 18:07 usr/lib64/qt5/plugins/kactivitymanagerd/1/kactivitymanagerd_plugin_eventspy.so
-rwxr-xr-x root/root     39536 2022-05-20 18:07 usr/lib64/qt5/plugins/kactivitymanagerd/1/kactivitymanagerd_plugin_globalshortcuts.so
-rwxr-xr-x root/root     52008 2022-05-20 18:07 usr/lib64/qt5/plugins/kactivitymanagerd/1/kactivitymanagerd_plugin_gtk_eventspy.so
-rwxr-xr-x root/root     43664 2022-05-20 18:07 usr/lib64/qt5/plugins/kactivitymanagerd/1/kactivitymanagerd_plugin_runapplication.so
-rwxr-xr-x root/root     39408 2022-05-20 18:07 usr/lib64/qt5/plugins/kactivitymanagerd/1/kactivitymanagerd_plugin_slc.so
-rwxr-xr-x root/root    192352 2022-05-20 18:07 usr/lib64/qt5/plugins/kactivitymanagerd/1/kactivitymanagerd_plugin_sqlite.so
-rwxr-xr-x root/root     43752 2022-05-20 18:07 usr/lib64/qt5/plugins/kactivitymanagerd/1/kactivitymanagerd_plugin_virtualdesktopswitch.so
drwxr-xr-x root/root         0 2022-05-20 18:07 usr/share/
drwxr-xr-x root/root         0 2022-05-20 18:07 usr/share/dbus-1/
drwxr-xr-x root/root         0 2022-05-20 18:07 usr/share/dbus-1/services/
-rw-r--r-- root/root       135 2022-05-20 18:07 usr/share/dbus-1/services/org.kde.ActivityManager.service
drwxr-xr-x root/root         0 2022-05-20 18:07 usr/share/krunner/
drwxr-xr-x root/root         0 2022-05-20 18:07 usr/share/krunner/dbusplugins/
-rw-r--r-- root/root      4065 2022-05-19 12:16 usr/share/krunner/dbusplugins/plasma-runnners-activities.desktop
drwxr-xr-x root/root         0 2022-05-20 18:07 usr/share/kservices5/
-rw-r--r-- root/root      5777 2022-05-19 12:16 usr/share/kservices5/kactivitymanagerd.desktop
drwxr-xr-x root/root         0 2022-05-20 18:07 usr/share/kservicetypes5/
-rw-r--r-- root/root      3354 2022-05-19 12:16 usr/share/kservicetypes5/kactivitymanagerd-plugin.desktop
drwxr-xr-x root/root         0 2022-05-20 18:07 usr/share/locale/
drwxr-xr-x root/root         0 2022-05-20 18:07 usr/share/locale/ar/
drwxr-xr-x root/root         0 2022-05-20 18:07 usr/share/locale/ar/LC_MESSAGES/
-rw-r--r-- root/root       829 2022-05-20 18:07 usr/share/locale/ar/LC_MESSAGES/kactivities5.mo
drwxr-xr-x root/root         0 2022-05-20 18:07 usr/share/locale/az/
drwxr-xr-x root/root         0 2022-05-20 18:07 usr/share/locale/az/LC_MESSAGES/
-rw-r--r-- root/root       753 2022-05-20 18:07 usr/share/locale/az/LC_MESSAGES/kactivities5.mo
drwxr-xr-x root/root         0 2022-05-20 18:07 usr/share/locale/bg/
drwxr-xr-x root/root         0 2022-05-20 18:07 usr/share/locale/bg/LC_MESSAGES/
-rw-r--r-- root/root       675 2022-05-20 18:07 usr/share/locale/bg/LC_MESSAGES/kactivities5.mo
drwxr-xr-x root/root         0 2022-05-20 18:07 usr/share/locale/bs/
drwxr-xr-x root/root         0 2022-05-20 18:07 usr/share/locale/bs/LC_MESSAGES/
-rw-r--r-- root/root       618 2022-05-20 18:07 usr/share/locale/bs/LC_MESSAGES/kactivities5.mo
drwxr-xr-x root/root         0 2022-05-20 18:07 usr/share/locale/ca/
drwxr-xr-x root/root         0 2022-05-20 18:07 usr/share/locale/ca/LC_MESSAGES/
-rw-r--r-- root/root       779 2022-05-20 18:07 usr/share/locale/ca/LC_MESSAGES/kactivities5.mo
drwxr-xr-x root/root         0 2022-05-20 18:07 usr/share/locale/ca@valencia/
drwxr-xr-x root/root         0 2022-05-20 18:07 usr/share/locale/ca@valencia/LC_MESSAGES/
-rw-r--r-- root/root       788 2022-05-20 18:07 usr/share/locale/ca@valencia/LC_MESSAGES/kactivities5.mo
drwxr-xr-x root/root         0 2022-05-20 18:07 usr/share/locale/cs/
drwxr-xr-x root/root         0 2022-05-20 18:07 usr/share/locale/cs/LC_MESSAGES/
-rw-r--r-- root/root       743 2022-05-20 18:07 usr/share/locale/cs/LC_MESSAGES/kactivities5.mo
drwxr-xr-x root/root         0 2022-05-20 18:07 usr/share/locale/da/
drwxr-xr-x root/root         0 2022-05-20 18:07 usr/share/locale/da/LC_MESSAGES/
-rw-r--r-- root/root       733 2022-05-20 18:07 usr/share/locale/da/LC_MESSAGES/kactivities5.mo
drwxr-xr-x root/root         0 2022-05-20 18:07 usr/share/locale/de/
drwxr-xr-x root/root         0 2022-05-20 18:07 usr/share/locale/de/LC_MESSAGES/
-rw-r--r-- root/root       709 2022-05-20 18:07 usr/share/locale/de/LC_MESSAGES/kactivities5.mo
drwxr-xr-x root/root         0 2022-05-20 18:07 usr/share/locale/el/
drwxr-xr-x root/root         0 2022-05-20 18:07 usr/share/locale/el/LC_MESSAGES/
-rw-r--r-- root/root       871 2022-05-20 18:07 usr/share/locale/el/LC_MESSAGES/kactivities5.mo
drwxr-xr-x root/root         0 2022-05-20 18:07 usr/share/locale/en_GB/
drwxr-xr-x root/root         0 2022-05-20 18:07 usr/share/locale/en_GB/LC_MESSAGES/
-rw-r--r-- root/root       736 2022-05-20 18:07 usr/share/locale/en_GB/LC_MESSAGES/kactivities5.mo
drwxr-xr-x root/root         0 2022-05-20 18:07 usr/share/locale/es/
drwxr-xr-x root/root         0 2022-05-20 18:07 usr/share/locale/es/LC_MESSAGES/
-rw-r--r-- root/root       744 2022-05-20 18:07 usr/share/locale/es/LC_MESSAGES/kactivities5.mo
drwxr-xr-x root/root         0 2022-05-20 18:07 usr/share/locale/et/
drwxr-xr-x root/root         0 2022-05-20 18:07 usr/share/locale/et/LC_MESSAGES/
-rw-r--r-- root/root       598 2022-05-20 18:07 usr/share/locale/et/LC_MESSAGES/kactivities5.mo
drwxr-xr-x root/root         0 2022-05-20 18:07 usr/share/locale/eu/
drwxr-xr-x root/root         0 2022-05-20 18:07 usr/share/locale/eu/LC_MESSAGES/
-rw-r--r-- root/root       753 2022-05-20 18:07 usr/share/locale/eu/LC_MESSAGES/kactivities5.mo
drwxr-xr-x root/root         0 2022-05-20 18:07 usr/share/locale/fi/
drwxr-xr-x root/root         0 2022-05-20 18:07 usr/share/locale/fi/LC_MESSAGES/
-rw-r--r-- root/root       795 2022-05-20 18:07 usr/share/locale/fi/LC_MESSAGES/kactivities5.mo
drwxr-xr-x root/root         0 2022-05-20 18:07 usr/share/locale/fr/
drwxr-xr-x root/root         0 2022-05-20 18:07 usr/share/locale/fr/LC_MESSAGES/
-rw-r--r-- root/root       820 2022-05-20 18:07 usr/share/locale/fr/LC_MESSAGES/kactivities5.mo
drwxr-xr-x root/root         0 2022-05-20 18:07 usr/share/locale/ga/
drwxr-xr-x root/root         0 2022-05-20 18:07 usr/share/locale/ga/LC_MESSAGES/
-rw-r--r-- root/root       588 2022-05-20 18:07 usr/share/locale/ga/LC_MESSAGES/kactivities5.mo
drwxr-xr-x root/root         0 2022-05-20 18:07 usr/share/locale/gd/
drwxr-xr-x root/root         0 2022-05-20 18:07 usr/share/locale/gd/LC_MESSAGES/
-rw-r--r-- root/root       638 2022-05-20 18:07 usr/share/locale/gd/LC_MESSAGES/kactivities5.mo
drwxr-xr-x root/root         0 2022-05-20 18:07 usr/share/locale/gl/
drwxr-xr-x root/root         0 2022-05-20 18:07 usr/share/locale/gl/LC_MESSAGES/
-rw-r--r-- root/root       599 2022-05-20 18:07 usr/share/locale/gl/LC_MESSAGES/kactivities5.mo
drwxr-xr-x root/root         0 2022-05-20 18:07 usr/share/locale/he/
drwxr-xr-x root/root         0 2022-05-20 18:07 usr/share/locale/he/LC_MESSAGES/
-rw-r--r-- root/root       582 2022-05-20 18:07 usr/share/locale/he/LC_MESSAGES/kactivities5.mo
drwxr-xr-x root/root         0 2022-05-20 18:07 usr/share/locale/hi/
drwxr-xr-x root/root         0 2022-05-20 18:07 usr/share/locale/hi/LC_MESSAGES/
-rw-r--r-- root/root       825 2022-05-20 18:07 usr/share/locale/hi/LC_MESSAGES/kactivities5.mo
drwxr-xr-x root/root         0 2022-05-20 18:07 usr/share/locale/hu/
drwxr-xr-x root/root         0 2022-05-20 18:07 usr/share/locale/hu/LC_MESSAGES/
-rw-r--r-- root/root       749 2022-05-20 18:07 usr/share/locale/hu/LC_MESSAGES/kactivities5.mo
drwxr-xr-x root/root         0 2022-05-20 18:07 usr/share/locale/ia/
drwxr-xr-x root/root         0 2022-05-20 18:07 usr/share/locale/ia/LC_MESSAGES/
-rw-r--r-- root/root       728 2022-05-20 18:07 usr/share/locale/ia/LC_MESSAGES/kactivities5.mo
drwxr-xr-x root/root         0 2022-05-20 18:07 usr/share/locale/id/
drwxr-xr-x root/root         0 2022-05-20 18:07 usr/share/locale/id/LC_MESSAGES/
-rw-r--r-- root/root       567 2022-05-20 18:07 usr/share/locale/id/LC_MESSAGES/kactivities5.mo
drwxr-xr-x root/root         0 2022-05-20 18:07 usr/share/locale/is/
drwxr-xr-x root/root         0 2022-05-20 18:07 usr/share/locale/is/LC_MESSAGES/
-rw-r--r-- root/root       544 2022-05-20 18:07 usr/share/locale/is/LC_MESSAGES/kactivities5.mo
drwxr-xr-x root/root         0 2022-05-20 18:07 usr/share/locale/it/
drwxr-xr-x root/root         0 2022-05-20 18:07 usr/share/locale/it/LC_MESSAGES/
-rw-r--r-- root/root       776 2022-05-20 18:07 usr/share/locale/it/LC_MESSAGES/kactivities5.mo
drwxr-xr-x root/root         0 2022-05-20 18:07 usr/share/locale/kk/
drwxr-xr-x root/root         0 2022-05-20 18:07 usr/share/locale/kk/LC_MESSAGES/
-rw-r--r-- root/root       528 2022-05-20 18:07 usr/share/locale/kk/LC_MESSAGES/kactivities5.mo
drwxr-xr-x root/root         0 2022-05-20 18:07 usr/share/locale/ko/
drwxr-xr-x root/root         0 2022-05-20 18:07 usr/share/locale/ko/LC_MESSAGES/
-rw-r--r-- root/root       708 2022-05-20 18:07 usr/share/locale/ko/LC_MESSAGES/kactivities5.mo
drwxr-xr-x root/root         0 2022-05-20 18:07 usr/share/locale/lt/
drwxr-xr-x root/root         0 2022-05-20 18:07 usr/share/locale/lt/LC_MESSAGES/
-rw-r--r-- root/root       796 2022-05-20 18:07 usr/share/locale/lt/LC_MESSAGES/kactivities5.mo
drwxr-xr-x root/root         0 2022-05-20 18:07 usr/share/locale/lv/
drwxr-xr-x root/root         0 2022-05-20 18:07 usr/share/locale/lv/LC_MESSAGES/
-rw-r--r-- root/root       659 2022-05-20 18:07 usr/share/locale/lv/LC_MESSAGES/kactivities5.mo
drwxr-xr-x root/root         0 2022-05-20 18:07 usr/share/locale/mr/
drwxr-xr-x root/root         0 2022-05-20 18:07 usr/share/locale/mr/LC_MESSAGES/
-rw-r--r-- root/root       594 2022-05-20 18:07 usr/share/locale/mr/LC_MESSAGES/kactivities5.mo
drwxr-xr-x root/root         0 2022-05-20 18:07 usr/share/locale/nb/
drwxr-xr-x root/root         0 2022-05-20 18:07 usr/share/locale/nb/LC_MESSAGES/
-rw-r--r-- root/root       638 2022-05-20 18:07 usr/share/locale/nb/LC_MESSAGES/kactivities5.mo
drwxr-xr-x root/root         0 2022-05-20 18:07 usr/share/locale/nds/
drwxr-xr-x root/root         0 2022-05-20 18:07 usr/share/locale/nds/LC_MESSAGES/
-rw-r--r-- root/root       549 2022-05-20 18:07 usr/share/locale/nds/LC_MESSAGES/kactivities5.mo
drwxr-xr-x root/root         0 2022-05-20 18:07 usr/share/locale/nl/
drwxr-xr-x root/root         0 2022-05-20 18:07 usr/share/locale/nl/LC_MESSAGES/
-rw-r--r-- root/root       742 2022-05-20 18:07 usr/share/locale/nl/LC_MESSAGES/kactivities5.mo
drwxr-xr-x root/root         0 2022-05-20 18:07 usr/share/locale/nn/
drwxr-xr-x root/root         0 2022-05-20 18:07 usr/share/locale/nn/LC_MESSAGES/
-rw-r--r-- root/root       805 2022-05-20 18:07 usr/share/locale/nn/LC_MESSAGES/kactivities5.mo
drwxr-xr-x root/root         0 2022-05-20 18:07 usr/share/locale/pa/
drwxr-xr-x root/root         0 2022-05-20 18:07 usr/share/locale/pa/LC_MESSAGES/
-rw-r--r-- root/root       648 2022-05-20 18:07 usr/share/locale/pa/LC_MESSAGES/kactivities5.mo
drwxr-xr-x root/root         0 2022-05-20 18:07 usr/share/locale/pl/
drwxr-xr-x root/root         0 2022-05-20 18:07 usr/share/locale/pl/LC_MESSAGES/
-rw-r--r-- root/root       823 2022-05-20 18:07 usr/share/locale/pl/LC_MESSAGES/kactivities5.mo
drwxr-xr-x root/root         0 2022-05-20 18:07 usr/share/locale/pt/
drwxr-xr-x root/root         0 2022-05-20 18:07 usr/share/locale/pt/LC_MESSAGES/
-rw-r--r-- root/root       762 2022-05-20 18:07 usr/share/locale/pt/LC_MESSAGES/kactivities5.mo
drwxr-xr-x root/root         0 2022-05-20 18:07 usr/share/locale/pt_BR/
drwxr-xr-x root/root         0 2022-05-20 18:07 usr/share/locale/pt_BR/LC_MESSAGES/
-rw-r--r-- root/root       779 2022-05-20 18:07 usr/share/locale/pt_BR/LC_MESSAGES/kactivities5.mo
drwxr-xr-x root/root         0 2022-05-20 18:07 usr/share/locale/ro/
drwxr-xr-x root/root         0 2022-05-20 18:07 usr/share/locale/ro/LC_MESSAGES/
-rw-r--r-- root/root       763 2022-05-20 18:07 usr/share/locale/ro/LC_MESSAGES/kactivities5.mo
drwxr-xr-x root/root         0 2022-05-20 18:07 usr/share/locale/ru/
drwxr-xr-x root/root         0 2022-05-20 18:07 usr/share/locale/ru/LC_MESSAGES/
-rw-r--r-- root/root       910 2022-05-20 18:07 usr/share/locale/ru/LC_MESSAGES/kactivities5.mo
drwxr-xr-x root/root         0 2022-05-20 18:07 usr/share/locale/se/
drwxr-xr-x root/root         0 2022-05-20 18:07 usr/share/locale/se/LC_MESSAGES/
-rw-r--r-- root/root       547 2022-05-20 18:07 usr/share/locale/se/LC_MESSAGES/kactivities5.mo
drwxr-xr-x root/root         0 2022-05-20 18:07 usr/share/locale/sk/
drwxr-xr-x root/root         0 2022-05-20 18:07 usr/share/locale/sk/LC_MESSAGES/
-rw-r--r-- root/root       771 2022-05-20 18:07 usr/share/locale/sk/LC_MESSAGES/kactivities5.mo
drwxr-xr-x root/root         0 2022-05-20 18:07 usr/share/locale/sl/
drwxr-xr-x root/root         0 2022-05-20 18:07 usr/share/locale/sl/LC_MESSAGES/
-rw-r--r-- root/root       833 2022-05-20 18:07 usr/share/locale/sl/LC_MESSAGES/kactivities5.mo
drwxr-xr-x root/root         0 2022-05-20 18:07 usr/share/locale/sr/
drwxr-xr-x root/root         0 2022-05-20 18:07 usr/share/locale/sr/LC_MESSAGES/
-rw-r--r-- root/root       722 2022-05-20 18:07 usr/share/locale/sr/LC_MESSAGES/kactivities5.mo
drwxr-xr-x root/root         0 2022-05-20 18:07 usr/share/locale/sr@ijekavian/
drwxr-xr-x root/root         0 2022-05-20 18:07 usr/share/locale/sr@ijekavian/LC_MESSAGES/
-rw-r--r-- root/root       732 2022-05-20 18:07 usr/share/locale/sr@ijekavian/LC_MESSAGES/kactivities5.mo
drwxr-xr-x root/root         0 2022-05-20 18:07 usr/share/locale/sr@ijekavianlatin/
drwxr-xr-x root/root         0 2022-05-20 18:07 usr/share/locale/sr@ijekavianlatin/LC_MESSAGES/
-rw-r--r-- root/root       706 2022-05-20 18:07 usr/share/locale/sr@ijekavianlatin/LC_MESSAGES/kactivities5.mo
drwxr-xr-x root/root         0 2022-05-20 18:07 usr/share/locale/sr@latin/
drwxr-xr-x root/root         0 2022-05-20 18:07 usr/share/locale/sr@latin/LC_MESSAGES/
-rw-r--r-- root/root       697 2022-05-20 18:07 usr/share/locale/sr@latin/LC_MESSAGES/kactivities5.mo
drwxr-xr-x root/root         0 2022-05-20 18:07 usr/share/locale/sv/
drwxr-xr-x root/root         0 2022-05-20 18:07 usr/share/locale/sv/LC_MESSAGES/
-rw-r--r-- root/root       734 2022-05-20 18:07 usr/share/locale/sv/LC_MESSAGES/kactivities5.mo
drwxr-xr-x root/root         0 2022-05-20 18:07 usr/share/locale/tg/
drwxr-xr-x root/root         0 2022-05-20 18:07 usr/share/locale/tg/LC_MESSAGES/
-rw-r--r-- root/root       705 2022-05-20 18:07 usr/share/locale/tg/LC_MESSAGES/kactivities5.mo
drwxr-xr-x root/root         0 2022-05-20 18:07 usr/share/locale/tr/
drwxr-xr-x root/root         0 2022-05-20 18:07 usr/share/locale/tr/LC_MESSAGES/
-rw-r--r-- root/root       726 2022-05-20 18:07 usr/share/locale/tr/LC_MESSAGES/kactivities5.mo
drwxr-xr-x root/root         0 2022-05-20 18:07 usr/share/locale/ug/
drwxr-xr-x root/root         0 2022-05-20 18:07 usr/share/locale/ug/LC_MESSAGES/
-rw-r--r-- root/root       538 2022-05-20 18:07 usr/share/locale/ug/LC_MESSAGES/kactivities5.mo
drwxr-xr-x root/root         0 2022-05-20 18:07 usr/share/locale/uk/
drwxr-xr-x root/root         0 2022-05-20 18:07 usr/share/locale/uk/LC_MESSAGES/
-rw-r--r-- root/root       930 2022-05-20 18:07 usr/share/locale/uk/LC_MESSAGES/kactivities5.mo
drwxr-xr-x root/root         0 2022-05-20 18:07 usr/share/locale/vi/
drwxr-xr-x root/root         0 2022-05-20 18:07 usr/share/locale/vi/LC_MESSAGES/
-rw-r--r-- root/root       778 2022-05-20 18:07 usr/share/locale/vi/LC_MESSAGES/kactivities5.mo
drwxr-xr-x root/root         0 2022-05-20 18:07 usr/share/locale/zh_CN/
drwxr-xr-x root/root         0 2022-05-20 18:07 usr/share/locale/zh_CN/LC_MESSAGES/
-rw-r--r-- root/root       814 2022-05-20 18:07 usr/share/locale/zh_CN/LC_MESSAGES/kactivities5.mo
drwxr-xr-x root/root         0 2022-05-20 18:07 usr/share/locale/zh_TW/
drwxr-xr-x root/root         0 2022-05-20 18:07 usr/share/locale/zh_TW/LC_MESSAGES/
-rw-r--r-- root/root       584 2022-05-20 18:07 usr/share/locale/zh_TW/LC_MESSAGES/kactivities5.mo
drwxr-xr-x root/root         0 2022-05-20 18:07 usr/share/qlogging-categories5/
-rw-r--r-- root/root       594 2022-05-20 18:07 usr/share/qlogging-categories5/kactivitymanagerd.categories


