++========================================
||
||   Package:  ./plasma/kdecoration-5.24.90-x86_64-1.txz
||
++========================================
drwxr-xr-x root/root         0 2022-05-20 17:42 ./
drwxr-xr-x root/root         0 2022-05-20 17:42 install/
-rw-r--r-- root/root       518 2022-05-20 17:42 install/doinst.sh
-rw-r--r-- root/root       813 2022-05-20 17:42 install/slack-desc
drwxr-xr-x root/root         0 2022-05-20 17:42 usr/
drwxr-xr-x root/root         0 2022-05-20 17:42 usr/doc/
drwxr-xr-x root/root         0 2022-05-20 17:42 usr/doc/kdecoration-5.24.90/
drwxr-xr-x root/root         0 2022-05-19 12:18 usr/doc/kdecoration-5.24.90/LICENSES/
-rw-r--r-- root/root     25911 2022-05-19 12:18 usr/doc/kdecoration-5.24.90/LICENSES/LGPL-2.1-only.txt
-rw-r--r-- root/root      7431 2022-05-19 12:18 usr/doc/kdecoration-5.24.90/LICENSES/LGPL-3.0-only.txt
-rw-r--r-- root/root       665 2022-05-19 12:18 usr/doc/kdecoration-5.24.90/LICENSES/LicenseRef-KDE-Accepted-LGPL.txt
-rw-r--r-- root/root      1412 2022-05-19 12:18 usr/doc/kdecoration-5.24.90/README.md
drwxr-xr-x root/root         0 2022-05-20 17:42 usr/include/
drwxr-xr-x root/root         0 2022-05-20 17:42 usr/include/KDecoration2/
drwxr-xr-x root/root         0 2022-05-20 17:42 usr/include/KDecoration2/KDecoration2/
-rw-r--r-- root/root        42 2022-05-20 17:42 usr/include/KDecoration2/KDecoration2/DecoratedClient
-rw-r--r-- root/root        37 2022-05-20 17:42 usr/include/KDecoration2/KDecoration2/Decoration
-rw-r--r-- root/root        43 2022-05-20 17:42 usr/include/KDecoration2/KDecoration2/DecorationButton
-rw-r--r-- root/root        48 2022-05-20 17:42 usr/include/KDecoration2/KDecoration2/DecorationButtonGroup
-rw-r--r-- root/root        45 2022-05-20 17:42 usr/include/KDecoration2/KDecoration2/DecorationSettings
-rw-r--r-- root/root        43 2022-05-20 17:42 usr/include/KDecoration2/KDecoration2/DecorationShadow
-rw-r--r-- root/root        50 2022-05-20 17:42 usr/include/KDecoration2/KDecoration2/DecorationThemeProvider
drwxr-xr-x root/root         0 2022-05-20 17:42 usr/include/KDecoration2/KDecoration2/Private/
-rw-r--r-- root/root        57 2022-05-20 17:42 usr/include/KDecoration2/KDecoration2/Private/DecoratedClientPrivate
-rw-r--r-- root/root        51 2022-05-20 17:42 usr/include/KDecoration2/KDecoration2/Private/DecorationBridge
-rw-r--r-- root/root        60 2022-05-20 17:42 usr/include/KDecoration2/KDecoration2/Private/DecorationSettingsPrivate
drwxr-xr-x root/root         0 2022-05-20 17:42 usr/include/KDecoration2/kdecoration2/
-rw-r--r-- root/root     10218 2022-05-19 12:18 usr/include/KDecoration2/kdecoration2/decoratedclient.h
-rw-r--r-- root/root      9403 2022-05-19 12:18 usr/include/KDecoration2/kdecoration2/decoration.h
-rw-r--r-- root/root      6111 2022-05-19 12:18 usr/include/KDecoration2/kdecoration2/decorationbutton.h
-rw-r--r-- root/root      4300 2022-05-19 12:18 usr/include/KDecoration2/kdecoration2/decorationbuttongroup.h
-rw-r--r-- root/root      4691 2022-05-19 12:18 usr/include/KDecoration2/kdecoration2/decorationdefines.h
-rw-r--r-- root/root      5049 2022-05-19 12:18 usr/include/KDecoration2/kdecoration2/decorationsettings.h
-rw-r--r-- root/root      5404 2022-05-19 12:18 usr/include/KDecoration2/kdecoration2/decorationshadow.h
-rw-r--r-- root/root      2166 2022-05-19 12:18 usr/include/KDecoration2/kdecoration2/decorationthemeprovider.h
-rw-r--r-- root/root      7747 2022-05-20 17:42 usr/include/KDecoration2/kdecoration2/kdecoration2_export.h
drwxr-xr-x root/root         0 2022-05-20 17:42 usr/include/KDecoration2/kdecoration2/private/
-rw-r--r-- root/root      3391 2022-05-19 12:18 usr/include/KDecoration2/kdecoration2/private/decoratedclientprivate.h
-rw-r--r-- root/root      1275 2022-05-19 12:18 usr/include/KDecoration2/kdecoration2/private/decorationbridge.h
-rw-r--r-- root/root      1760 2022-05-19 12:18 usr/include/KDecoration2/kdecoration2/private/decorationsettingsprivate.h
-rw-r--r-- root/root      1343 2022-05-20 17:42 usr/include/KDecoration2/kdecoration2/private/kdecoration2_private_export.h
drwxr-xr-x root/root         0 2022-05-20 17:42 usr/include/KF5/
-rw-r--r-- root/root       347 2022-05-20 17:42 usr/include/KF5/kdecoration2_version.h
drwxr-xr-x root/root         0 2022-05-20 17:42 usr/lib64/
drwxr-xr-x root/root         0 2022-05-20 17:42 usr/lib64/cmake/
drwxr-xr-x root/root         0 2022-05-20 17:42 usr/lib64/cmake/KDecoration2/
-rw-r--r-- root/root      1391 2022-05-20 17:42 usr/lib64/cmake/KDecoration2/KDecoration2Config.cmake
-rw-r--r-- root/root      1979 2022-05-20 17:42 usr/lib64/cmake/KDecoration2/KDecoration2ConfigVersion.cmake
-rw-r--r-- root/root      1633 2022-05-20 17:42 usr/lib64/cmake/KDecoration2/KDecoration2Targets-release.cmake
-rw-r--r-- root/root      4280 2022-05-20 17:42 usr/lib64/cmake/KDecoration2/KDecoration2Targets.cmake
-rwxr-xr-x root/root    160032 2022-05-20 17:42 usr/lib64/libkdecorations2.so.5.24.90
-rwxr-xr-x root/root     22744 2022-05-20 17:42 usr/lib64/libkdecorations2private.so.5.24.90
drwxr-xr-x root/root         0 2022-05-20 17:42 usr/share/
drwxr-xr-x root/root         0 2022-05-20 17:42 usr/share/locale/
drwxr-xr-x root/root         0 2022-05-20 17:42 usr/share/locale/az/
drwxr-xr-x root/root         0 2022-05-20 17:42 usr/share/locale/az/LC_MESSAGES/
-rw-r--r-- root/root      1371 2022-05-20 17:42 usr/share/locale/az/LC_MESSAGES/kdecoration.mo
drwxr-xr-x root/root         0 2022-05-20 17:42 usr/share/locale/ca/
drwxr-xr-x root/root         0 2022-05-20 17:42 usr/share/locale/ca/LC_MESSAGES/
-rw-r--r-- root/root      1386 2022-05-20 17:42 usr/share/locale/ca/LC_MESSAGES/kdecoration.mo
drwxr-xr-x root/root         0 2022-05-20 17:42 usr/share/locale/ca@valencia/
drwxr-xr-x root/root         0 2022-05-20 17:42 usr/share/locale/ca@valencia/LC_MESSAGES/
-rw-r--r-- root/root      1392 2022-05-20 17:42 usr/share/locale/ca@valencia/LC_MESSAGES/kdecoration.mo
drwxr-xr-x root/root         0 2022-05-20 17:42 usr/share/locale/cs/
drwxr-xr-x root/root         0 2022-05-20 17:42 usr/share/locale/cs/LC_MESSAGES/
-rw-r--r-- root/root      1311 2022-05-20 17:42 usr/share/locale/cs/LC_MESSAGES/kdecoration.mo
drwxr-xr-x root/root         0 2022-05-20 17:42 usr/share/locale/da/
drwxr-xr-x root/root         0 2022-05-20 17:42 usr/share/locale/da/LC_MESSAGES/
-rw-r--r-- root/root       886 2022-05-20 17:42 usr/share/locale/da/LC_MESSAGES/kdecoration.mo
drwxr-xr-x root/root         0 2022-05-20 17:42 usr/share/locale/de/
drwxr-xr-x root/root         0 2022-05-20 17:42 usr/share/locale/de/LC_MESSAGES/
-rw-r--r-- root/root      1303 2022-05-20 17:42 usr/share/locale/de/LC_MESSAGES/kdecoration.mo
drwxr-xr-x root/root         0 2022-05-20 17:42 usr/share/locale/el/
drwxr-xr-x root/root         0 2022-05-20 17:42 usr/share/locale/el/LC_MESSAGES/
-rw-r--r-- root/root      1646 2022-05-20 17:42 usr/share/locale/el/LC_MESSAGES/kdecoration.mo
drwxr-xr-x root/root         0 2022-05-20 17:42 usr/share/locale/en_GB/
drwxr-xr-x root/root         0 2022-05-20 17:42 usr/share/locale/en_GB/LC_MESSAGES/
-rw-r--r-- root/root      1272 2022-05-20 17:42 usr/share/locale/en_GB/LC_MESSAGES/kdecoration.mo
drwxr-xr-x root/root         0 2022-05-20 17:42 usr/share/locale/es/
drwxr-xr-x root/root         0 2022-05-20 17:42 usr/share/locale/es/LC_MESSAGES/
-rw-r--r-- root/root      1342 2022-05-20 17:42 usr/share/locale/es/LC_MESSAGES/kdecoration.mo
drwxr-xr-x root/root         0 2022-05-20 17:42 usr/share/locale/et/
drwxr-xr-x root/root         0 2022-05-20 17:42 usr/share/locale/et/LC_MESSAGES/
-rw-r--r-- root/root       895 2022-05-20 17:42 usr/share/locale/et/LC_MESSAGES/kdecoration.mo
drwxr-xr-x root/root         0 2022-05-20 17:42 usr/share/locale/eu/
drwxr-xr-x root/root         0 2022-05-20 17:42 usr/share/locale/eu/LC_MESSAGES/
-rw-r--r-- root/root      1304 2022-05-20 17:42 usr/share/locale/eu/LC_MESSAGES/kdecoration.mo
drwxr-xr-x root/root         0 2022-05-20 17:42 usr/share/locale/fi/
drwxr-xr-x root/root         0 2022-05-20 17:42 usr/share/locale/fi/LC_MESSAGES/
-rw-r--r-- root/root      1308 2022-05-20 17:42 usr/share/locale/fi/LC_MESSAGES/kdecoration.mo
drwxr-xr-x root/root         0 2022-05-20 17:42 usr/share/locale/fr/
drwxr-xr-x root/root         0 2022-05-20 17:42 usr/share/locale/fr/LC_MESSAGES/
-rw-r--r-- root/root      1437 2022-05-20 17:42 usr/share/locale/fr/LC_MESSAGES/kdecoration.mo
drwxr-xr-x root/root         0 2022-05-20 17:42 usr/share/locale/gl/
drwxr-xr-x root/root         0 2022-05-20 17:42 usr/share/locale/gl/LC_MESSAGES/
-rw-r--r-- root/root       904 2022-05-20 17:42 usr/share/locale/gl/LC_MESSAGES/kdecoration.mo
drwxr-xr-x root/root         0 2022-05-20 17:42 usr/share/locale/hi/
drwxr-xr-x root/root         0 2022-05-20 17:42 usr/share/locale/hi/LC_MESSAGES/
-rw-r--r-- root/root      1664 2022-05-20 17:42 usr/share/locale/hi/LC_MESSAGES/kdecoration.mo
drwxr-xr-x root/root         0 2022-05-20 17:42 usr/share/locale/hu/
drwxr-xr-x root/root         0 2022-05-20 17:42 usr/share/locale/hu/LC_MESSAGES/
-rw-r--r-- root/root      1308 2022-05-20 17:42 usr/share/locale/hu/LC_MESSAGES/kdecoration.mo
drwxr-xr-x root/root         0 2022-05-20 17:42 usr/share/locale/ia/
drwxr-xr-x root/root         0 2022-05-20 17:42 usr/share/locale/ia/LC_MESSAGES/
-rw-r--r-- root/root      1308 2022-05-20 17:42 usr/share/locale/ia/LC_MESSAGES/kdecoration.mo
drwxr-xr-x root/root         0 2022-05-20 17:42 usr/share/locale/id/
drwxr-xr-x root/root         0 2022-05-20 17:42 usr/share/locale/id/LC_MESSAGES/
-rw-r--r-- root/root       855 2022-05-20 17:42 usr/share/locale/id/LC_MESSAGES/kdecoration.mo
drwxr-xr-x root/root         0 2022-05-20 17:42 usr/share/locale/it/
drwxr-xr-x root/root         0 2022-05-20 17:42 usr/share/locale/it/LC_MESSAGES/
-rw-r--r-- root/root      1294 2022-05-20 17:42 usr/share/locale/it/LC_MESSAGES/kdecoration.mo
drwxr-xr-x root/root         0 2022-05-20 17:42 usr/share/locale/ja/
drwxr-xr-x root/root         0 2022-05-20 17:42 usr/share/locale/ja/LC_MESSAGES/
-rw-r--r-- root/root      1029 2022-05-20 17:42 usr/share/locale/ja/LC_MESSAGES/kdecoration.mo
drwxr-xr-x root/root         0 2022-05-20 17:42 usr/share/locale/ko/
drwxr-xr-x root/root         0 2022-05-20 17:42 usr/share/locale/ko/LC_MESSAGES/
-rw-r--r-- root/root      1295 2022-05-20 17:42 usr/share/locale/ko/LC_MESSAGES/kdecoration.mo
drwxr-xr-x root/root         0 2022-05-20 17:42 usr/share/locale/lt/
drwxr-xr-x root/root         0 2022-05-20 17:42 usr/share/locale/lt/LC_MESSAGES/
-rw-r--r-- root/root      1394 2022-05-20 17:42 usr/share/locale/lt/LC_MESSAGES/kdecoration.mo
drwxr-xr-x root/root         0 2022-05-20 17:42 usr/share/locale/nl/
drwxr-xr-x root/root         0 2022-05-20 17:42 usr/share/locale/nl/LC_MESSAGES/
-rw-r--r-- root/root      1304 2022-05-20 17:42 usr/share/locale/nl/LC_MESSAGES/kdecoration.mo
drwxr-xr-x root/root         0 2022-05-20 17:42 usr/share/locale/nn/
drwxr-xr-x root/root         0 2022-05-20 17:42 usr/share/locale/nn/LC_MESSAGES/
-rw-r--r-- root/root      1041 2022-05-20 17:42 usr/share/locale/nn/LC_MESSAGES/kdecoration.mo
drwxr-xr-x root/root         0 2022-05-20 17:42 usr/share/locale/pl/
drwxr-xr-x root/root         0 2022-05-20 17:42 usr/share/locale/pl/LC_MESSAGES/
-rw-r--r-- root/root      1356 2022-05-20 17:42 usr/share/locale/pl/LC_MESSAGES/kdecoration.mo
drwxr-xr-x root/root         0 2022-05-20 17:42 usr/share/locale/pt/
drwxr-xr-x root/root         0 2022-05-20 17:42 usr/share/locale/pt/LC_MESSAGES/
-rw-r--r-- root/root      1284 2022-05-20 17:42 usr/share/locale/pt/LC_MESSAGES/kdecoration.mo
drwxr-xr-x root/root         0 2022-05-20 17:42 usr/share/locale/pt_BR/
drwxr-xr-x root/root         0 2022-05-20 17:42 usr/share/locale/pt_BR/LC_MESSAGES/
-rw-r--r-- root/root      1352 2022-05-20 17:42 usr/share/locale/pt_BR/LC_MESSAGES/kdecoration.mo
drwxr-xr-x root/root         0 2022-05-20 17:42 usr/share/locale/ro/
drwxr-xr-x root/root         0 2022-05-20 17:42 usr/share/locale/ro/LC_MESSAGES/
-rw-r--r-- root/root      1336 2022-05-20 17:42 usr/share/locale/ro/LC_MESSAGES/kdecoration.mo
drwxr-xr-x root/root         0 2022-05-20 17:42 usr/share/locale/ru/
drwxr-xr-x root/root         0 2022-05-20 17:42 usr/share/locale/ru/LC_MESSAGES/
-rw-r--r-- root/root      1708 2022-05-20 17:42 usr/share/locale/ru/LC_MESSAGES/kdecoration.mo
drwxr-xr-x root/root         0 2022-05-20 17:42 usr/share/locale/sk/
drwxr-xr-x root/root         0 2022-05-20 17:42 usr/share/locale/sk/LC_MESSAGES/
-rw-r--r-- root/root      1350 2022-05-20 17:42 usr/share/locale/sk/LC_MESSAGES/kdecoration.mo
drwxr-xr-x root/root         0 2022-05-20 17:42 usr/share/locale/sl/
drwxr-xr-x root/root         0 2022-05-20 17:42 usr/share/locale/sl/LC_MESSAGES/
-rw-r--r-- root/root      1326 2022-05-20 17:42 usr/share/locale/sl/LC_MESSAGES/kdecoration.mo
drwxr-xr-x root/root         0 2022-05-20 17:42 usr/share/locale/sv/
drwxr-xr-x root/root         0 2022-05-20 17:42 usr/share/locale/sv/LC_MESSAGES/
-rw-r--r-- root/root      1307 2022-05-20 17:42 usr/share/locale/sv/LC_MESSAGES/kdecoration.mo
drwxr-xr-x root/root         0 2022-05-20 17:42 usr/share/locale/tr/
drwxr-xr-x root/root         0 2022-05-20 17:42 usr/share/locale/tr/LC_MESSAGES/
-rw-r--r-- root/root      1341 2022-05-20 17:42 usr/share/locale/tr/LC_MESSAGES/kdecoration.mo
drwxr-xr-x root/root         0 2022-05-20 17:42 usr/share/locale/uk/
drwxr-xr-x root/root         0 2022-05-20 17:42 usr/share/locale/uk/LC_MESSAGES/
-rw-r--r-- root/root      1641 2022-05-20 17:42 usr/share/locale/uk/LC_MESSAGES/kdecoration.mo
drwxr-xr-x root/root         0 2022-05-20 17:42 usr/share/locale/zh_CN/
drwxr-xr-x root/root         0 2022-05-20 17:42 usr/share/locale/zh_CN/LC_MESSAGES/
-rw-r--r-- root/root      1355 2022-05-20 17:42 usr/share/locale/zh_CN/LC_MESSAGES/kdecoration.mo
drwxr-xr-x root/root         0 2022-05-20 17:42 usr/share/locale/zh_TW/
drwxr-xr-x root/root         0 2022-05-20 17:42 usr/share/locale/zh_TW/LC_MESSAGES/
-rw-r--r-- root/root       912 2022-05-20 17:42 usr/share/locale/zh_TW/LC_MESSAGES/kdecoration.mo


