++========================================
||
||   Package:  ./plasma/khotkeys-5.24.90-x86_64-2.txz
||
++========================================
drwxr-xr-x root/root         0 2022-05-28 02:01 ./
drwxr-xr-x root/root         0 2022-05-28 02:01 install/
-rw-r--r-- root/root       130 2022-05-28 02:01 install/doinst.sh
-rw-r--r-- root/root       814 2022-05-28 02:01 install/slack-desc
drwxr-xr-x root/root         0 2022-05-28 02:01 usr/
drwxr-xr-x root/root         0 2022-05-28 02:01 usr/doc/
drwxr-xr-x root/root         0 2022-05-28 02:01 usr/doc/HTML/
drwxr-xr-x root/root         0 2022-05-28 02:01 usr/doc/HTML/ca/
drwxr-xr-x root/root         0 2022-05-28 02:01 usr/doc/HTML/ca/kcontrol/
drwxr-xr-x root/root         0 2022-05-28 02:01 usr/doc/HTML/ca/kcontrol/khotkeys/
-rw-r--r-- root/root     71766 2022-05-19 12:20 usr/doc/HTML/ca/kcontrol/khotkeys/groups-comment.png
-rw-r--r-- root/root      8723 2022-05-28 02:01 usr/doc/HTML/ca/kcontrol/khotkeys/index.cache.bz2
-rw-r--r-- root/root     30316 2022-05-19 12:20 usr/doc/HTML/ca/kcontrol/khotkeys/index.docbook
-rw-r--r-- root/root    104479 2022-05-19 12:20 usr/doc/HTML/ca/kcontrol/khotkeys/manage-export.png
-rw-r--r-- root/root     79658 2022-05-19 12:20 usr/doc/HTML/ca/kcontrol/khotkeys/settings.png
-rw-r--r-- root/root     73409 2022-05-19 12:20 usr/doc/HTML/ca/kcontrol/khotkeys/shortcuts-action-command.png
-rw-r--r-- root/root     92675 2022-05-19 12:20 usr/doc/HTML/ca/kcontrol/khotkeys/shortcuts-action-dbus.png
-rw-r--r-- root/root    109883 2022-05-19 12:20 usr/doc/HTML/ca/kcontrol/khotkeys/shortcuts-action-keyboard.png
-rw-r--r-- root/root     79357 2022-05-19 12:20 usr/doc/HTML/ca/kcontrol/khotkeys/shortcuts-trigger-keyboard.png
-rw-r--r-- root/root     96487 2022-05-19 12:20 usr/doc/HTML/ca/kcontrol/khotkeys/shortcuts-trigger-mouse.png
drwxr-xr-x root/root         0 2022-05-28 02:01 usr/doc/HTML/de/
drwxr-xr-x root/root         0 2022-05-28 02:01 usr/doc/HTML/de/kcontrol/
drwxr-xr-x root/root         0 2022-05-28 02:01 usr/doc/HTML/de/kcontrol/khotkeys/
-rw-r--r-- root/root      8847 2022-05-28 02:01 usr/doc/HTML/de/kcontrol/khotkeys/index.cache.bz2
-rw-r--r-- root/root     30843 2022-05-19 12:20 usr/doc/HTML/de/kcontrol/khotkeys/index.docbook
drwxr-xr-x root/root         0 2022-05-28 02:01 usr/doc/HTML/en/
drwxr-xr-x root/root         0 2022-05-28 02:01 usr/doc/HTML/en/kcontrol/
drwxr-xr-x root/root         0 2022-05-28 02:01 usr/doc/HTML/en/kcontrol/khotkeys/
-rw-r--r-- root/root       363 2022-05-19 12:20 usr/doc/HTML/en/kcontrol/khotkeys/document-open.png
-rw-r--r-- root/root     38381 2022-05-19 12:20 usr/doc/HTML/en/kcontrol/khotkeys/groups-comment.png
-rw-r--r-- root/root      8204 2022-05-28 02:01 usr/doc/HTML/en/kcontrol/khotkeys/index.cache.bz2
-rw-r--r-- root/root     27902 2022-05-19 12:20 usr/doc/HTML/en/kcontrol/khotkeys/index.docbook
-rw-r--r-- root/root     14600 2022-05-19 12:20 usr/doc/HTML/en/kcontrol/khotkeys/manage-export.png
-rw-r--r-- root/root       865 2022-05-19 12:20 usr/doc/HTML/en/kcontrol/khotkeys/oxygen-22x22-edit-clear-locationbar-rtl.png
-rw-r--r-- root/root     17435 2022-05-19 12:20 usr/doc/HTML/en/kcontrol/khotkeys/settings.png
-rw-r--r-- root/root     46747 2022-05-19 12:20 usr/doc/HTML/en/kcontrol/khotkeys/shortcuts-action-command.png
-rw-r--r-- root/root     51837 2022-05-19 12:20 usr/doc/HTML/en/kcontrol/khotkeys/shortcuts-action-dbus.png
-rw-r--r-- root/root     52389 2022-05-19 12:20 usr/doc/HTML/en/kcontrol/khotkeys/shortcuts-action-keyboard.png
-rw-r--r-- root/root     42893 2022-05-19 12:20 usr/doc/HTML/en/kcontrol/khotkeys/shortcuts-trigger-keyboard.png
-rw-r--r-- root/root     44907 2022-05-19 12:20 usr/doc/HTML/en/kcontrol/khotkeys/shortcuts-trigger-mouse.png
drwxr-xr-x root/root         0 2022-05-28 02:01 usr/doc/HTML/fr/
drwxr-xr-x root/root         0 2022-05-28 02:01 usr/doc/HTML/fr/kcontrol/
drwxr-xr-x root/root         0 2022-05-28 02:01 usr/doc/HTML/fr/kcontrol/khotkeys/
-rw-r--r-- root/root      9055 2022-05-28 02:01 usr/doc/HTML/fr/kcontrol/khotkeys/index.cache.bz2
-rw-r--r-- root/root     32188 2022-05-19 12:20 usr/doc/HTML/fr/kcontrol/khotkeys/index.docbook
drwxr-xr-x root/root         0 2022-05-28 02:01 usr/doc/HTML/id/
drwxr-xr-x root/root         0 2022-05-28 02:01 usr/doc/HTML/id/kcontrol/
drwxr-xr-x root/root         0 2022-05-28 02:01 usr/doc/HTML/id/kcontrol/khotkeys/
-rw-r--r-- root/root      8282 2022-05-28 02:01 usr/doc/HTML/id/kcontrol/khotkeys/index.cache.bz2
-rw-r--r-- root/root     29377 2022-05-19 12:20 usr/doc/HTML/id/kcontrol/khotkeys/index.docbook
drwxr-xr-x root/root         0 2022-05-28 02:01 usr/doc/HTML/it/
drwxr-xr-x root/root         0 2022-05-28 02:01 usr/doc/HTML/it/kcontrol/
drwxr-xr-x root/root         0 2022-05-28 02:01 usr/doc/HTML/it/kcontrol/khotkeys/
-rw-r--r-- root/root      8698 2022-05-28 02:01 usr/doc/HTML/it/kcontrol/khotkeys/index.cache.bz2
-rw-r--r-- root/root     30576 2022-05-19 12:20 usr/doc/HTML/it/kcontrol/khotkeys/index.docbook
drwxr-xr-x root/root         0 2022-05-28 02:01 usr/doc/HTML/nl/
drwxr-xr-x root/root         0 2022-05-28 02:01 usr/doc/HTML/nl/kcontrol/
drwxr-xr-x root/root         0 2022-05-28 02:01 usr/doc/HTML/nl/kcontrol/khotkeys/
-rw-r--r-- root/root      8855 2022-05-28 02:01 usr/doc/HTML/nl/kcontrol/khotkeys/index.cache.bz2
-rw-r--r-- root/root     29875 2022-05-19 12:20 usr/doc/HTML/nl/kcontrol/khotkeys/index.docbook
drwxr-xr-x root/root         0 2022-05-28 02:01 usr/doc/HTML/pt/
drwxr-xr-x root/root         0 2022-05-28 02:01 usr/doc/HTML/pt/kcontrol/
drwxr-xr-x root/root         0 2022-05-28 02:01 usr/doc/HTML/pt/kcontrol/khotkeys/
-rw-r--r-- root/root      8845 2022-05-28 02:01 usr/doc/HTML/pt/kcontrol/khotkeys/index.cache.bz2
-rw-r--r-- root/root     30335 2022-05-19 12:20 usr/doc/HTML/pt/kcontrol/khotkeys/index.docbook
drwxr-xr-x root/root         0 2022-05-28 02:01 usr/doc/HTML/pt_BR/
drwxr-xr-x root/root         0 2022-05-28 02:01 usr/doc/HTML/pt_BR/kcontrol/
drwxr-xr-x root/root         0 2022-05-28 02:01 usr/doc/HTML/pt_BR/kcontrol/khotkeys/
-rw-r--r-- root/root      8379 2022-05-28 02:01 usr/doc/HTML/pt_BR/kcontrol/khotkeys/index.cache.bz2
-rw-r--r-- root/root     28525 2022-05-19 12:20 usr/doc/HTML/pt_BR/kcontrol/khotkeys/index.docbook
drwxr-xr-x root/root         0 2022-05-28 02:01 usr/doc/HTML/ru/
drwxr-xr-x root/root         0 2022-05-28 02:01 usr/doc/HTML/ru/kcontrol/
drwxr-xr-x root/root         0 2022-05-28 02:01 usr/doc/HTML/ru/kcontrol/khotkeys/
-rw-r--r-- root/root     43554 2022-05-19 12:20 usr/doc/HTML/ru/kcontrol/khotkeys/groups-comment.png
-rw-r--r-- root/root      9104 2022-05-28 02:01 usr/doc/HTML/ru/kcontrol/khotkeys/index.cache.bz2
-rw-r--r-- root/root     44590 2022-05-19 12:20 usr/doc/HTML/ru/kcontrol/khotkeys/index.docbook
-rw-r--r-- root/root     16388 2022-05-19 12:20 usr/doc/HTML/ru/kcontrol/khotkeys/manage-export.png
-rw-r--r-- root/root     49641 2022-05-19 12:20 usr/doc/HTML/ru/kcontrol/khotkeys/settings.png
-rw-r--r-- root/root     50987 2022-05-19 12:20 usr/doc/HTML/ru/kcontrol/khotkeys/shortcuts-action-command.png
-rw-r--r-- root/root     56781 2022-05-19 12:20 usr/doc/HTML/ru/kcontrol/khotkeys/shortcuts-action-dbus.png
-rw-r--r-- root/root     62060 2022-05-19 12:20 usr/doc/HTML/ru/kcontrol/khotkeys/shortcuts-action-keyboard.png
-rw-r--r-- root/root     48309 2022-05-19 12:20 usr/doc/HTML/ru/kcontrol/khotkeys/shortcuts-trigger-keyboard.png
-rw-r--r-- root/root     51573 2022-05-19 12:20 usr/doc/HTML/ru/kcontrol/khotkeys/shortcuts-trigger-mouse.png
drwxr-xr-x root/root         0 2022-05-28 02:01 usr/doc/HTML/sv/
drwxr-xr-x root/root         0 2022-05-28 02:01 usr/doc/HTML/sv/kcontrol/
drwxr-xr-x root/root         0 2022-05-28 02:01 usr/doc/HTML/sv/kcontrol/khotkeys/
-rw-r--r-- root/root      8461 2022-05-28 02:01 usr/doc/HTML/sv/kcontrol/khotkeys/index.cache.bz2
-rw-r--r-- root/root     29221 2022-05-19 12:20 usr/doc/HTML/sv/kcontrol/khotkeys/index.docbook
drwxr-xr-x root/root         0 2022-05-28 02:01 usr/doc/HTML/uk/
drwxr-xr-x root/root         0 2022-05-28 02:01 usr/doc/HTML/uk/kcontrol/
drwxr-xr-x root/root         0 2022-05-28 02:01 usr/doc/HTML/uk/kcontrol/khotkeys/
-rw-r--r-- root/root     19184 2022-05-19 12:20 usr/doc/HTML/uk/kcontrol/khotkeys/groups-comment.png
-rw-r--r-- root/root      8924 2022-05-28 02:01 usr/doc/HTML/uk/kcontrol/khotkeys/index.cache.bz2
-rw-r--r-- root/root     43501 2022-05-19 12:20 usr/doc/HTML/uk/kcontrol/khotkeys/index.docbook
-rw-r--r-- root/root     10037 2022-05-19 12:20 usr/doc/HTML/uk/kcontrol/khotkeys/manage-export.png
-rw-r--r-- root/root     22628 2022-05-19 12:20 usr/doc/HTML/uk/kcontrol/khotkeys/settings.png
-rw-r--r-- root/root     21559 2022-05-19 12:20 usr/doc/HTML/uk/kcontrol/khotkeys/shortcuts-action-command.png
-rw-r--r-- root/root     27367 2022-05-19 12:20 usr/doc/HTML/uk/kcontrol/khotkeys/shortcuts-action-dbus.png
-rw-r--r-- root/root     28416 2022-05-19 12:20 usr/doc/HTML/uk/kcontrol/khotkeys/shortcuts-action-keyboard.png
-rw-r--r-- root/root     23290 2022-05-19 12:20 usr/doc/HTML/uk/kcontrol/khotkeys/shortcuts-trigger-keyboard.png
-rw-r--r-- root/root     23574 2022-05-19 12:20 usr/doc/HTML/uk/kcontrol/khotkeys/shortcuts-trigger-mouse.png
drwxr-xr-x root/root         0 2022-05-28 02:01 usr/doc/khotkeys-5.24.90/
drwxr-xr-x root/root         0 2022-05-19 12:20 usr/doc/khotkeys-5.24.90/LICENSES/
-rw-r--r-- root/root     17623 2022-05-19 12:20 usr/doc/khotkeys-5.24.90/LICENSES/GPL-2.0-only.txt
-rw-r--r-- root/root     17622 2022-05-19 12:20 usr/doc/khotkeys-5.24.90/LICENSES/GPL-2.0-or-later.txt
-rw-r--r-- root/root     24774 2022-05-19 12:20 usr/doc/khotkeys-5.24.90/LICENSES/LGPL-2.0-only.txt
-rw-r--r-- root/root     24774 2022-05-19 12:20 usr/doc/khotkeys-5.24.90/LICENSES/LGPL-2.0-or-later.txt
-rw-r--r-- root/root      5004 2022-05-19 12:20 usr/doc/khotkeys-5.24.90/TODO
drwxr-xr-x root/root         0 2022-05-28 02:01 usr/lib64/
drwxr-xr-x root/root         0 2022-05-28 02:01 usr/lib64/cmake/
drwxr-xr-x root/root         0 2022-05-28 02:01 usr/lib64/cmake/KHotKeysDBusInterface/
-rw-r--r-- root/root      1376 2022-05-28 02:01 usr/lib64/cmake/KHotKeysDBusInterface/KHotKeysDBusInterfaceConfig.cmake
-rwxr-xr-x root/root    313248 2022-05-28 02:01 usr/lib64/libkhotkeysprivate.so.5.24.90
drwxr-xr-x root/root         0 2022-05-28 02:01 usr/lib64/qt5/
drwxr-xr-x root/root         0 2022-05-28 02:01 usr/lib64/qt5/plugins/
-rwxr-xr-x root/root    346064 2022-05-28 02:01 usr/lib64/qt5/plugins/kcm_hotkeys.so
drwxr-xr-x root/root         0 2022-05-28 02:01 usr/lib64/qt5/plugins/kf5/
drwxr-xr-x root/root         0 2022-05-28 02:01 usr/lib64/qt5/plugins/kf5/kded/
-rwxr-xr-x root/root     39568 2022-05-28 02:01 usr/lib64/qt5/plugins/kf5/kded/khotkeys.so
drwxr-xr-x root/root         0 2022-05-28 02:01 usr/share/
drwxr-xr-x root/root         0 2022-05-28 02:01 usr/share/dbus-1/
drwxr-xr-x root/root         0 2022-05-28 02:01 usr/share/dbus-1/interfaces/
-rw-r--r-- root/root       945 2022-05-28 02:01 usr/share/dbus-1/interfaces/org.kde.khotkeys.xml
drwxr-xr-x root/root         0 2022-05-28 02:01 usr/share/khotkeys/
-rw-r--r-- root/root      9748 2022-05-19 12:20 usr/share/khotkeys/defaults.khotkeys
-rw-r--r-- root/root    358106 2022-05-19 12:20 usr/share/khotkeys/kde32b1.khotkeys
-rw-r--r-- root/root    212719 2022-05-19 12:20 usr/share/khotkeys/konqueror_gestures_kde321.khotkeys
drwxr-xr-x root/root         0 2022-05-28 02:01 usr/share/kservices5/
-rw-r--r-- root/root     15015 2022-05-19 12:20 usr/share/kservices5/khotkeys.desktop
drwxr-xr-x root/root         0 2022-05-28 02:01 usr/share/locale/
drwxr-xr-x root/root         0 2022-05-28 02:01 usr/share/locale/af/
drwxr-xr-x root/root         0 2022-05-28 02:01 usr/share/locale/af/LC_MESSAGES/
-rw-r--r-- root/root      2544 2022-05-28 02:01 usr/share/locale/af/LC_MESSAGES/khotkeys.mo
drwxr-xr-x root/root         0 2022-05-28 02:01 usr/share/locale/ar/
drwxr-xr-x root/root         0 2022-05-28 02:01 usr/share/locale/ar/LC_MESSAGES/
-rw-r--r-- root/root     13091 2022-05-28 02:01 usr/share/locale/ar/LC_MESSAGES/khotkeys.mo
drwxr-xr-x root/root         0 2022-05-28 02:01 usr/share/locale/be/
drwxr-xr-x root/root         0 2022-05-28 02:01 usr/share/locale/be/LC_MESSAGES/
-rw-r--r-- root/root      3086 2022-05-28 02:01 usr/share/locale/be/LC_MESSAGES/khotkeys.mo
drwxr-xr-x root/root         0 2022-05-28 02:01 usr/share/locale/bg/
drwxr-xr-x root/root         0 2022-05-28 02:01 usr/share/locale/bg/LC_MESSAGES/
-rw-r--r-- root/root     12103 2022-05-28 02:01 usr/share/locale/bg/LC_MESSAGES/khotkeys.mo
drwxr-xr-x root/root         0 2022-05-28 02:01 usr/share/locale/bn_IN/
drwxr-xr-x root/root         0 2022-05-28 02:01 usr/share/locale/bn_IN/LC_MESSAGES/
-rw-r--r-- root/root      2695 2022-05-28 02:01 usr/share/locale/bn_IN/LC_MESSAGES/khotkeys.mo
drwxr-xr-x root/root         0 2022-05-28 02:01 usr/share/locale/br/
drwxr-xr-x root/root         0 2022-05-28 02:01 usr/share/locale/br/LC_MESSAGES/
-rw-r--r-- root/root      1453 2022-05-28 02:01 usr/share/locale/br/LC_MESSAGES/khotkeys.mo
drwxr-xr-x root/root         0 2022-05-28 02:01 usr/share/locale/bs/
drwxr-xr-x root/root         0 2022-05-28 02:01 usr/share/locale/bs/LC_MESSAGES/
-rw-r--r-- root/root     10351 2022-05-28 02:01 usr/share/locale/bs/LC_MESSAGES/khotkeys.mo
drwxr-xr-x root/root         0 2022-05-28 02:01 usr/share/locale/ca/
drwxr-xr-x root/root         0 2022-05-28 02:01 usr/share/locale/ca/LC_MESSAGES/
-rw-r--r-- root/root     12294 2022-05-28 02:01 usr/share/locale/ca/LC_MESSAGES/khotkeys.mo
drwxr-xr-x root/root         0 2022-05-28 02:01 usr/share/locale/ca@valencia/
drwxr-xr-x root/root         0 2022-05-28 02:01 usr/share/locale/ca@valencia/LC_MESSAGES/
-rw-r--r-- root/root     12307 2022-05-28 02:01 usr/share/locale/ca@valencia/LC_MESSAGES/khotkeys.mo
drwxr-xr-x root/root         0 2022-05-28 02:01 usr/share/locale/cs/
drwxr-xr-x root/root         0 2022-05-28 02:01 usr/share/locale/cs/LC_MESSAGES/
-rw-r--r-- root/root     12331 2022-05-28 02:01 usr/share/locale/cs/LC_MESSAGES/khotkeys.mo
drwxr-xr-x root/root         0 2022-05-28 02:01 usr/share/locale/csb/
drwxr-xr-x root/root         0 2022-05-28 02:01 usr/share/locale/csb/LC_MESSAGES/
-rw-r--r-- root/root     11347 2022-05-28 02:01 usr/share/locale/csb/LC_MESSAGES/khotkeys.mo
drwxr-xr-x root/root         0 2022-05-28 02:01 usr/share/locale/cy/
drwxr-xr-x root/root         0 2022-05-28 02:01 usr/share/locale/cy/LC_MESSAGES/
-rw-r--r-- root/root      1704 2022-05-28 02:01 usr/share/locale/cy/LC_MESSAGES/khotkeys.mo
drwxr-xr-x root/root         0 2022-05-28 02:01 usr/share/locale/da/
drwxr-xr-x root/root         0 2022-05-28 02:01 usr/share/locale/da/LC_MESSAGES/
-rw-r--r-- root/root     11696 2022-05-28 02:01 usr/share/locale/da/LC_MESSAGES/khotkeys.mo
drwxr-xr-x root/root         0 2022-05-28 02:01 usr/share/locale/de/
drwxr-xr-x root/root         0 2022-05-28 02:01 usr/share/locale/de/LC_MESSAGES/
-rw-r--r-- root/root     12153 2022-05-28 02:01 usr/share/locale/de/LC_MESSAGES/khotkeys.mo
drwxr-xr-x root/root         0 2022-05-28 02:01 usr/share/locale/el/
drwxr-xr-x root/root         0 2022-05-28 02:01 usr/share/locale/el/LC_MESSAGES/
-rw-r--r-- root/root     15067 2022-05-28 02:01 usr/share/locale/el/LC_MESSAGES/khotkeys.mo
drwxr-xr-x root/root         0 2022-05-28 02:01 usr/share/locale/en_GB/
drwxr-xr-x root/root         0 2022-05-28 02:01 usr/share/locale/en_GB/LC_MESSAGES/
-rw-r--r-- root/root     11926 2022-05-28 02:01 usr/share/locale/en_GB/LC_MESSAGES/khotkeys.mo
drwxr-xr-x root/root         0 2022-05-28 02:01 usr/share/locale/eo/
drwxr-xr-x root/root         0 2022-05-28 02:01 usr/share/locale/eo/LC_MESSAGES/
-rw-r--r-- root/root      5853 2022-05-28 02:01 usr/share/locale/eo/LC_MESSAGES/khotkeys.mo
drwxr-xr-x root/root         0 2022-05-28 02:01 usr/share/locale/es/
drwxr-xr-x root/root         0 2022-05-28 02:01 usr/share/locale/es/LC_MESSAGES/
-rw-r--r-- root/root     12374 2022-05-28 02:01 usr/share/locale/es/LC_MESSAGES/khotkeys.mo
drwxr-xr-x root/root         0 2022-05-28 02:01 usr/share/locale/et/
drwxr-xr-x root/root         0 2022-05-28 02:01 usr/share/locale/et/LC_MESSAGES/
-rw-r--r-- root/root     11582 2022-05-28 02:01 usr/share/locale/et/LC_MESSAGES/khotkeys.mo
drwxr-xr-x root/root         0 2022-05-28 02:01 usr/share/locale/eu/
drwxr-xr-x root/root         0 2022-05-28 02:01 usr/share/locale/eu/LC_MESSAGES/
-rw-r--r-- root/root     12041 2022-05-28 02:01 usr/share/locale/eu/LC_MESSAGES/khotkeys.mo
drwxr-xr-x root/root         0 2022-05-28 02:01 usr/share/locale/fa/
drwxr-xr-x root/root         0 2022-05-28 02:01 usr/share/locale/fa/LC_MESSAGES/
-rw-r--r-- root/root      2988 2022-05-28 02:01 usr/share/locale/fa/LC_MESSAGES/khotkeys.mo
drwxr-xr-x root/root         0 2022-05-28 02:01 usr/share/locale/fi/
drwxr-xr-x root/root         0 2022-05-28 02:01 usr/share/locale/fi/LC_MESSAGES/
-rw-r--r-- root/root     12515 2022-05-28 02:01 usr/share/locale/fi/LC_MESSAGES/khotkeys.mo
drwxr-xr-x root/root         0 2022-05-28 02:01 usr/share/locale/fr/
drwxr-xr-x root/root         0 2022-05-28 02:01 usr/share/locale/fr/LC_MESSAGES/
-rw-r--r-- root/root     12914 2022-05-28 02:01 usr/share/locale/fr/LC_MESSAGES/khotkeys.mo
drwxr-xr-x root/root         0 2022-05-28 02:01 usr/share/locale/fy/
drwxr-xr-x root/root         0 2022-05-28 02:01 usr/share/locale/fy/LC_MESSAGES/
-rw-r--r-- root/root     11126 2022-05-28 02:01 usr/share/locale/fy/LC_MESSAGES/khotkeys.mo
drwxr-xr-x root/root         0 2022-05-28 02:01 usr/share/locale/ga/
drwxr-xr-x root/root         0 2022-05-28 02:01 usr/share/locale/ga/LC_MESSAGES/
-rw-r--r-- root/root     12018 2022-05-28 02:01 usr/share/locale/ga/LC_MESSAGES/khotkeys.mo
drwxr-xr-x root/root         0 2022-05-28 02:01 usr/share/locale/gl/
drwxr-xr-x root/root         0 2022-05-28 02:01 usr/share/locale/gl/LC_MESSAGES/
-rw-r--r-- root/root     11836 2022-05-28 02:01 usr/share/locale/gl/LC_MESSAGES/khotkeys.mo
drwxr-xr-x root/root         0 2022-05-28 02:01 usr/share/locale/gu/
drwxr-xr-x root/root         0 2022-05-28 02:01 usr/share/locale/gu/LC_MESSAGES/
-rw-r--r-- root/root      7417 2022-05-28 02:01 usr/share/locale/gu/LC_MESSAGES/khotkeys.mo
drwxr-xr-x root/root         0 2022-05-28 02:01 usr/share/locale/he/
drwxr-xr-x root/root         0 2022-05-28 02:01 usr/share/locale/he/LC_MESSAGES/
-rw-r--r-- root/root      9383 2022-05-28 02:01 usr/share/locale/he/LC_MESSAGES/khotkeys.mo
drwxr-xr-x root/root         0 2022-05-28 02:01 usr/share/locale/hi/
drwxr-xr-x root/root         0 2022-05-28 02:01 usr/share/locale/hi/LC_MESSAGES/
-rw-r--r-- root/root      9974 2022-05-28 02:01 usr/share/locale/hi/LC_MESSAGES/khotkeys.mo
drwxr-xr-x root/root         0 2022-05-28 02:01 usr/share/locale/hne/
drwxr-xr-x root/root         0 2022-05-28 02:01 usr/share/locale/hne/LC_MESSAGES/
-rw-r--r-- root/root      4391 2022-05-28 02:01 usr/share/locale/hne/LC_MESSAGES/khotkeys.mo
drwxr-xr-x root/root         0 2022-05-28 02:01 usr/share/locale/hr/
drwxr-xr-x root/root         0 2022-05-28 02:01 usr/share/locale/hr/LC_MESSAGES/
-rw-r--r-- root/root     11180 2022-05-28 02:01 usr/share/locale/hr/LC_MESSAGES/khotkeys.mo
drwxr-xr-x root/root         0 2022-05-28 02:01 usr/share/locale/hu/
drwxr-xr-x root/root         0 2022-05-28 02:01 usr/share/locale/hu/LC_MESSAGES/
-rw-r--r-- root/root     12552 2022-05-28 02:01 usr/share/locale/hu/LC_MESSAGES/khotkeys.mo
drwxr-xr-x root/root         0 2022-05-28 02:01 usr/share/locale/ia/
drwxr-xr-x root/root         0 2022-05-28 02:01 usr/share/locale/ia/LC_MESSAGES/
-rw-r--r-- root/root     12340 2022-05-28 02:01 usr/share/locale/ia/LC_MESSAGES/khotkeys.mo
drwxr-xr-x root/root         0 2022-05-28 02:01 usr/share/locale/id/
drwxr-xr-x root/root         0 2022-05-28 02:01 usr/share/locale/id/LC_MESSAGES/
-rw-r--r-- root/root     11533 2022-05-28 02:01 usr/share/locale/id/LC_MESSAGES/khotkeys.mo
drwxr-xr-x root/root         0 2022-05-28 02:01 usr/share/locale/is/
drwxr-xr-x root/root         0 2022-05-28 02:01 usr/share/locale/is/LC_MESSAGES/
-rw-r--r-- root/root      7639 2022-05-28 02:01 usr/share/locale/is/LC_MESSAGES/khotkeys.mo
drwxr-xr-x root/root         0 2022-05-28 02:01 usr/share/locale/it/
drwxr-xr-x root/root         0 2022-05-28 02:01 usr/share/locale/it/LC_MESSAGES/
-rw-r--r-- root/root     12445 2022-05-28 02:01 usr/share/locale/it/LC_MESSAGES/khotkeys.mo
drwxr-xr-x root/root         0 2022-05-28 02:01 usr/share/locale/ja/
drwxr-xr-x root/root         0 2022-05-28 02:01 usr/share/locale/ja/LC_MESSAGES/
-rw-r--r-- root/root     12261 2022-05-28 02:01 usr/share/locale/ja/LC_MESSAGES/khotkeys.mo
drwxr-xr-x root/root         0 2022-05-28 02:01 usr/share/locale/kk/
drwxr-xr-x root/root         0 2022-05-28 02:01 usr/share/locale/kk/LC_MESSAGES/
-rw-r--r-- root/root     13592 2022-05-28 02:01 usr/share/locale/kk/LC_MESSAGES/khotkeys.mo
drwxr-xr-x root/root         0 2022-05-28 02:01 usr/share/locale/km/
drwxr-xr-x root/root         0 2022-05-28 02:01 usr/share/locale/km/LC_MESSAGES/
-rw-r--r-- root/root     16239 2022-05-28 02:01 usr/share/locale/km/LC_MESSAGES/khotkeys.mo
drwxr-xr-x root/root         0 2022-05-28 02:01 usr/share/locale/kn/
drwxr-xr-x root/root         0 2022-05-28 02:01 usr/share/locale/kn/LC_MESSAGES/
-rw-r--r-- root/root     15921 2022-05-28 02:01 usr/share/locale/kn/LC_MESSAGES/khotkeys.mo
drwxr-xr-x root/root         0 2022-05-28 02:01 usr/share/locale/ko/
drwxr-xr-x root/root         0 2022-05-28 02:01 usr/share/locale/ko/LC_MESSAGES/
-rw-r--r-- root/root     12342 2022-05-28 02:01 usr/share/locale/ko/LC_MESSAGES/khotkeys.mo
drwxr-xr-x root/root         0 2022-05-28 02:01 usr/share/locale/ku/
drwxr-xr-x root/root         0 2022-05-28 02:01 usr/share/locale/ku/LC_MESSAGES/
-rw-r--r-- root/root      2128 2022-05-28 02:01 usr/share/locale/ku/LC_MESSAGES/khotkeys.mo
drwxr-xr-x root/root         0 2022-05-28 02:01 usr/share/locale/lt/
drwxr-xr-x root/root         0 2022-05-28 02:01 usr/share/locale/lt/LC_MESSAGES/
-rw-r--r-- root/root     11991 2022-05-28 02:01 usr/share/locale/lt/LC_MESSAGES/khotkeys.mo
drwxr-xr-x root/root         0 2022-05-28 02:01 usr/share/locale/lv/
drwxr-xr-x root/root         0 2022-05-28 02:01 usr/share/locale/lv/LC_MESSAGES/
-rw-r--r-- root/root     11113 2022-05-28 02:01 usr/share/locale/lv/LC_MESSAGES/khotkeys.mo
drwxr-xr-x root/root         0 2022-05-28 02:01 usr/share/locale/mai/
drwxr-xr-x root/root         0 2022-05-28 02:01 usr/share/locale/mai/LC_MESSAGES/
-rw-r--r-- root/root      9555 2022-05-28 02:01 usr/share/locale/mai/LC_MESSAGES/khotkeys.mo
drwxr-xr-x root/root         0 2022-05-28 02:01 usr/share/locale/mk/
drwxr-xr-x root/root         0 2022-05-28 02:01 usr/share/locale/mk/LC_MESSAGES/
-rw-r--r-- root/root     13500 2022-05-28 02:01 usr/share/locale/mk/LC_MESSAGES/khotkeys.mo
drwxr-xr-x root/root         0 2022-05-28 02:01 usr/share/locale/ml/
drwxr-xr-x root/root         0 2022-05-28 02:01 usr/share/locale/ml/LC_MESSAGES/
-rw-r--r-- root/root     11036 2022-05-28 02:01 usr/share/locale/ml/LC_MESSAGES/khotkeys.mo
drwxr-xr-x root/root         0 2022-05-28 02:01 usr/share/locale/mr/
drwxr-xr-x root/root         0 2022-05-28 02:01 usr/share/locale/mr/LC_MESSAGES/
-rw-r--r-- root/root      9913 2022-05-28 02:01 usr/share/locale/mr/LC_MESSAGES/khotkeys.mo
drwxr-xr-x root/root         0 2022-05-28 02:01 usr/share/locale/ms/
drwxr-xr-x root/root         0 2022-05-28 02:01 usr/share/locale/ms/LC_MESSAGES/
-rw-r--r-- root/root      2876 2022-05-28 02:01 usr/share/locale/ms/LC_MESSAGES/khotkeys.mo
drwxr-xr-x root/root         0 2022-05-28 02:01 usr/share/locale/nb/
drwxr-xr-x root/root         0 2022-05-28 02:01 usr/share/locale/nb/LC_MESSAGES/
-rw-r--r-- root/root     11471 2022-05-28 02:01 usr/share/locale/nb/LC_MESSAGES/khotkeys.mo
drwxr-xr-x root/root         0 2022-05-28 02:01 usr/share/locale/nds/
drwxr-xr-x root/root         0 2022-05-28 02:01 usr/share/locale/nds/LC_MESSAGES/
-rw-r--r-- root/root     11456 2022-05-28 02:01 usr/share/locale/nds/LC_MESSAGES/khotkeys.mo
drwxr-xr-x root/root         0 2022-05-28 02:01 usr/share/locale/ne/
drwxr-xr-x root/root         0 2022-05-28 02:01 usr/share/locale/ne/LC_MESSAGES/
-rw-r--r-- root/root      3514 2022-05-28 02:01 usr/share/locale/ne/LC_MESSAGES/khotkeys.mo
drwxr-xr-x root/root         0 2022-05-28 02:01 usr/share/locale/nl/
drwxr-xr-x root/root         0 2022-05-28 02:01 usr/share/locale/nl/LC_MESSAGES/
-rw-r--r-- root/root     12423 2022-05-28 02:01 usr/share/locale/nl/LC_MESSAGES/khotkeys.mo
drwxr-xr-x root/root         0 2022-05-28 02:01 usr/share/locale/nn/
drwxr-xr-x root/root         0 2022-05-28 02:01 usr/share/locale/nn/LC_MESSAGES/
-rw-r--r-- root/root     11807 2022-05-28 02:01 usr/share/locale/nn/LC_MESSAGES/khotkeys.mo
drwxr-xr-x root/root         0 2022-05-28 02:01 usr/share/locale/oc/
drwxr-xr-x root/root         0 2022-05-28 02:01 usr/share/locale/oc/LC_MESSAGES/
-rw-r--r-- root/root      1051 2022-05-28 02:01 usr/share/locale/oc/LC_MESSAGES/khotkeys.mo
drwxr-xr-x root/root         0 2022-05-28 02:01 usr/share/locale/pa/
drwxr-xr-x root/root         0 2022-05-28 02:01 usr/share/locale/pa/LC_MESSAGES/
-rw-r--r-- root/root      8349 2022-05-28 02:01 usr/share/locale/pa/LC_MESSAGES/khotkeys.mo
drwxr-xr-x root/root         0 2022-05-28 02:01 usr/share/locale/pl/
drwxr-xr-x root/root         0 2022-05-28 02:01 usr/share/locale/pl/LC_MESSAGES/
-rw-r--r-- root/root     12248 2022-05-28 02:01 usr/share/locale/pl/LC_MESSAGES/khotkeys.mo
drwxr-xr-x root/root         0 2022-05-28 02:01 usr/share/locale/pt/
drwxr-xr-x root/root         0 2022-05-28 02:01 usr/share/locale/pt/LC_MESSAGES/
-rw-r--r-- root/root     12696 2022-05-28 02:01 usr/share/locale/pt/LC_MESSAGES/khotkeys.mo
drwxr-xr-x root/root         0 2022-05-28 02:01 usr/share/locale/pt_BR/
drwxr-xr-x root/root         0 2022-05-28 02:01 usr/share/locale/pt_BR/LC_MESSAGES/
-rw-r--r-- root/root     12489 2022-05-28 02:01 usr/share/locale/pt_BR/LC_MESSAGES/khotkeys.mo
drwxr-xr-x root/root         0 2022-05-28 02:01 usr/share/locale/ro/
drwxr-xr-x root/root         0 2022-05-28 02:01 usr/share/locale/ro/LC_MESSAGES/
-rw-r--r-- root/root     12436 2022-05-28 02:01 usr/share/locale/ro/LC_MESSAGES/khotkeys.mo
drwxr-xr-x root/root         0 2022-05-28 02:01 usr/share/locale/ru/
drwxr-xr-x root/root         0 2022-05-28 02:01 usr/share/locale/ru/LC_MESSAGES/
-rw-r--r-- root/root     15100 2022-05-28 02:01 usr/share/locale/ru/LC_MESSAGES/khotkeys.mo
drwxr-xr-x root/root         0 2022-05-28 02:01 usr/share/locale/se/
drwxr-xr-x root/root         0 2022-05-28 02:01 usr/share/locale/se/LC_MESSAGES/
-rw-r--r-- root/root      2643 2022-05-28 02:01 usr/share/locale/se/LC_MESSAGES/khotkeys.mo
drwxr-xr-x root/root         0 2022-05-28 02:01 usr/share/locale/si/
drwxr-xr-x root/root         0 2022-05-28 02:01 usr/share/locale/si/LC_MESSAGES/
-rw-r--r-- root/root     14394 2022-05-28 02:01 usr/share/locale/si/LC_MESSAGES/khotkeys.mo
drwxr-xr-x root/root         0 2022-05-28 02:01 usr/share/locale/sk/
drwxr-xr-x root/root         0 2022-05-28 02:01 usr/share/locale/sk/LC_MESSAGES/
-rw-r--r-- root/root     12296 2022-05-28 02:01 usr/share/locale/sk/LC_MESSAGES/khotkeys.mo
drwxr-xr-x root/root         0 2022-05-28 02:01 usr/share/locale/sl/
drwxr-xr-x root/root         0 2022-05-28 02:01 usr/share/locale/sl/LC_MESSAGES/
-rw-r--r-- root/root     12188 2022-05-28 02:01 usr/share/locale/sl/LC_MESSAGES/khotkeys.mo
drwxr-xr-x root/root         0 2022-05-28 02:01 usr/share/locale/sq/
drwxr-xr-x root/root         0 2022-05-28 02:01 usr/share/locale/sq/LC_MESSAGES/
-rw-r--r-- root/root      1933 2022-05-28 02:01 usr/share/locale/sq/LC_MESSAGES/khotkeys.mo
drwxr-xr-x root/root         0 2022-05-28 02:01 usr/share/locale/sr/
drwxr-xr-x root/root         0 2022-05-28 02:01 usr/share/locale/sr/LC_MESSAGES/
-rw-r--r-- root/root     12252 2022-05-28 02:01 usr/share/locale/sr/LC_MESSAGES/khotkeys.mo
drwxr-xr-x root/root         0 2022-05-28 02:01 usr/share/locale/sr@ijekavian/
drwxr-xr-x root/root         0 2022-05-28 02:01 usr/share/locale/sr@ijekavian/LC_MESSAGES/
-rw-r--r-- root/root     12278 2022-05-28 02:01 usr/share/locale/sr@ijekavian/LC_MESSAGES/khotkeys.mo
drwxr-xr-x root/root         0 2022-05-28 02:01 usr/share/locale/sr@ijekavianlatin/
drwxr-xr-x root/root         0 2022-05-28 02:01 usr/share/locale/sr@ijekavianlatin/LC_MESSAGES/
-rw-r--r-- root/root     10364 2022-05-28 02:01 usr/share/locale/sr@ijekavianlatin/LC_MESSAGES/khotkeys.mo
drwxr-xr-x root/root         0 2022-05-28 02:01 usr/share/locale/sr@latin/
drwxr-xr-x root/root         0 2022-05-28 02:01 usr/share/locale/sr@latin/LC_MESSAGES/
-rw-r--r-- root/root     10347 2022-05-28 02:01 usr/share/locale/sr@latin/LC_MESSAGES/khotkeys.mo
drwxr-xr-x root/root         0 2022-05-28 02:01 usr/share/locale/sv/
drwxr-xr-x root/root         0 2022-05-28 02:01 usr/share/locale/sv/LC_MESSAGES/
-rw-r--r-- root/root     12286 2022-05-28 02:01 usr/share/locale/sv/LC_MESSAGES/khotkeys.mo
drwxr-xr-x root/root         0 2022-05-28 02:01 usr/share/locale/ta/
drwxr-xr-x root/root         0 2022-05-28 02:01 usr/share/locale/ta/LC_MESSAGES/
-rw-r--r-- root/root      3578 2022-05-28 02:01 usr/share/locale/ta/LC_MESSAGES/khotkeys.mo
drwxr-xr-x root/root         0 2022-05-28 02:01 usr/share/locale/te/
drwxr-xr-x root/root         0 2022-05-28 02:01 usr/share/locale/te/LC_MESSAGES/
-rw-r--r-- root/root       926 2022-05-28 02:01 usr/share/locale/te/LC_MESSAGES/khotkeys.mo
drwxr-xr-x root/root         0 2022-05-28 02:01 usr/share/locale/tg/
drwxr-xr-x root/root         0 2022-05-28 02:01 usr/share/locale/tg/LC_MESSAGES/
-rw-r--r-- root/root      1762 2022-05-28 02:01 usr/share/locale/tg/LC_MESSAGES/khotkeys.mo
drwxr-xr-x root/root         0 2022-05-28 02:01 usr/share/locale/th/
drwxr-xr-x root/root         0 2022-05-28 02:01 usr/share/locale/th/LC_MESSAGES/
-rw-r--r-- root/root     16272 2022-05-28 02:01 usr/share/locale/th/LC_MESSAGES/khotkeys.mo
drwxr-xr-x root/root         0 2022-05-28 02:01 usr/share/locale/tr/
drwxr-xr-x root/root         0 2022-05-28 02:01 usr/share/locale/tr/LC_MESSAGES/
-rw-r--r-- root/root     12352 2022-05-28 02:01 usr/share/locale/tr/LC_MESSAGES/khotkeys.mo
drwxr-xr-x root/root         0 2022-05-28 02:01 usr/share/locale/ug/
drwxr-xr-x root/root         0 2022-05-28 02:01 usr/share/locale/ug/LC_MESSAGES/
-rw-r--r-- root/root      5241 2022-05-28 02:01 usr/share/locale/ug/LC_MESSAGES/khotkeys.mo
drwxr-xr-x root/root         0 2022-05-28 02:01 usr/share/locale/uk/
drwxr-xr-x root/root         0 2022-05-28 02:01 usr/share/locale/uk/LC_MESSAGES/
-rw-r--r-- root/root     14678 2022-05-28 02:01 usr/share/locale/uk/LC_MESSAGES/khotkeys.mo
drwxr-xr-x root/root         0 2022-05-28 02:01 usr/share/locale/uz/
drwxr-xr-x root/root         0 2022-05-28 02:01 usr/share/locale/uz/LC_MESSAGES/
-rw-r--r-- root/root      1288 2022-05-28 02:01 usr/share/locale/uz/LC_MESSAGES/khotkeys.mo
drwxr-xr-x root/root         0 2022-05-28 02:01 usr/share/locale/uz@cyrillic/
drwxr-xr-x root/root         0 2022-05-28 02:01 usr/share/locale/uz@cyrillic/LC_MESSAGES/
-rw-r--r-- root/root      1461 2022-05-28 02:01 usr/share/locale/uz@cyrillic/LC_MESSAGES/khotkeys.mo
drwxr-xr-x root/root         0 2022-05-28 02:01 usr/share/locale/vi/
drwxr-xr-x root/root         0 2022-05-28 02:01 usr/share/locale/vi/LC_MESSAGES/
-rw-r--r-- root/root     12948 2022-05-28 02:01 usr/share/locale/vi/LC_MESSAGES/khotkeys.mo
drwxr-xr-x root/root         0 2022-05-28 02:01 usr/share/locale/wa/
drwxr-xr-x root/root         0 2022-05-28 02:01 usr/share/locale/wa/LC_MESSAGES/
-rw-r--r-- root/root      7443 2022-05-28 02:01 usr/share/locale/wa/LC_MESSAGES/khotkeys.mo
drwxr-xr-x root/root         0 2022-05-28 02:01 usr/share/locale/zh_CN/
drwxr-xr-x root/root         0 2022-05-28 02:01 usr/share/locale/zh_CN/LC_MESSAGES/
-rw-r--r-- root/root     11767 2022-05-28 02:01 usr/share/locale/zh_CN/LC_MESSAGES/khotkeys.mo
drwxr-xr-x root/root         0 2022-05-28 02:01 usr/share/locale/zh_TW/
drwxr-xr-x root/root         0 2022-05-28 02:01 usr/share/locale/zh_TW/LC_MESSAGES/
-rw-r--r-- root/root     11251 2022-05-28 02:01 usr/share/locale/zh_TW/LC_MESSAGES/khotkeys.mo


