++========================================
||
||   Package:  ./plasma/ksystemstats-5.24.90-x86_64-2.txz
||
++========================================
drwxr-xr-x root/root         0 2022-05-28 02:06 ./
drwxr-xr-x root/root         0 2022-05-28 02:06 install/
-rw-r--r-- root/root       772 2022-05-28 02:06 install/slack-desc
drwxr-xr-x root/root         0 2022-05-28 02:06 usr/
drwxr-xr-x root/root         0 2022-05-28 02:06 usr/bin/
-rwxr-xr-x root/root     52344 2022-05-28 02:06 usr/bin/kstatsviewer
-rwxr-xr-x root/root     81304 2022-05-28 02:06 usr/bin/ksystemstats
drwxr-xr-x root/root         0 2022-05-28 02:06 usr/doc/
drwxr-xr-x root/root         0 2022-05-28 02:06 usr/doc/ksystemstats-5.24.90/
drwxr-xr-x root/root         0 2022-05-19 12:24 usr/doc/ksystemstats-5.24.90/LICENSES/
-rw-r--r-- root/root      1287 2022-05-19 12:24 usr/doc/ksystemstats-5.24.90/LICENSES/BSD-2-Clause.txt
-rw-r--r-- root/root      1480 2022-05-19 12:24 usr/doc/ksystemstats-5.24.90/LICENSES/BSD-3-Clause.txt
-rw-r--r-- root/root      7048 2022-05-19 12:24 usr/doc/ksystemstats-5.24.90/LICENSES/CC0-1.0.txt
-rw-r--r-- root/root     17623 2022-05-19 12:24 usr/doc/ksystemstats-5.24.90/LICENSES/GPL-2.0-only.txt
-rw-r--r-- root/root     17622 2022-05-19 12:24 usr/doc/ksystemstats-5.24.90/LICENSES/GPL-2.0-or-later.txt
-rw-r--r-- root/root     34470 2022-05-19 12:24 usr/doc/ksystemstats-5.24.90/LICENSES/GPL-3.0-only.txt
-rw-r--r-- root/root       662 2022-05-19 12:24 usr/doc/ksystemstats-5.24.90/LICENSES/LicenseRef-KDE-Accepted-GPL.txt
-rw-r--r-- root/root       216 2022-05-19 12:24 usr/doc/ksystemstats-5.24.90/README.md
drwxr-xr-x root/root         0 2022-05-28 02:06 usr/lib/
drwxr-xr-x root/root         0 2022-05-28 02:06 usr/lib/systemd/
drwxr-xr-x root/root         0 2022-05-28 02:06 usr/lib/systemd/user/
-rw-r--r-- root/root       285 2022-05-28 02:06 usr/lib/systemd/user/plasma-ksystemstats.service
drwxr-xr-x root/root         0 2022-05-28 02:06 usr/lib64/
drwxr-xr-x root/root         0 2022-05-28 02:06 usr/lib64/qt5/
drwxr-xr-x root/root         0 2022-05-28 02:06 usr/lib64/qt5/plugins/
drwxr-xr-x root/root         0 2022-05-28 02:06 usr/lib64/qt5/plugins/ksystemstats/
-rwxr-xr-x root/root     56128 2022-05-28 02:06 usr/lib64/qt5/plugins/ksystemstats/ksystemstats_plugin_cpu.so
-rwxr-xr-x root/root     52184 2022-05-28 02:06 usr/lib64/qt5/plugins/ksystemstats/ksystemstats_plugin_disk.so
-rwxr-xr-x root/root     72920 2022-05-28 02:06 usr/lib64/qt5/plugins/ksystemstats/ksystemstats_plugin_gpu.so
-rwxr-xr-x root/root     18880 2022-05-28 02:06 usr/lib64/qt5/plugins/ksystemstats/ksystemstats_plugin_lmsensors.so
-rwxr-xr-x root/root     35360 2022-05-28 02:06 usr/lib64/qt5/plugins/ksystemstats/ksystemstats_plugin_memory.so
-rwxr-xr-x root/root     93608 2022-05-28 02:06 usr/lib64/qt5/plugins/ksystemstats/ksystemstats_plugin_network.so
-rwxr-xr-x root/root     64632 2022-05-28 02:06 usr/lib64/qt5/plugins/ksystemstats/ksystemstats_plugin_osinfo.so
-rwxr-xr-x root/root     39616 2022-05-28 02:06 usr/lib64/qt5/plugins/ksystemstats/ksystemstats_plugin_power.so
drwxr-xr-x root/root         0 2022-05-28 02:06 usr/share/
drwxr-xr-x root/root         0 2022-05-28 02:06 usr/share/dbus-1/
drwxr-xr-x root/root         0 2022-05-28 02:06 usr/share/dbus-1/services/
-rw-r--r-- root/root       112 2022-05-28 02:06 usr/share/dbus-1/services/org.kde.ksystemstats.service
drwxr-xr-x root/root         0 2022-05-28 02:06 usr/share/locale/
drwxr-xr-x root/root         0 2022-05-28 02:06 usr/share/locale/ar/
drwxr-xr-x root/root         0 2022-05-28 02:06 usr/share/locale/ar/LC_MESSAGES/
-rw-r--r-- root/root     12995 2022-05-28 02:06 usr/share/locale/ar/LC_MESSAGES/ksystemstats_plugins.mo
drwxr-xr-x root/root         0 2022-05-28 02:06 usr/share/locale/az/
drwxr-xr-x root/root         0 2022-05-28 02:06 usr/share/locale/az/LC_MESSAGES/
-rw-r--r-- root/root     11500 2022-05-28 02:06 usr/share/locale/az/LC_MESSAGES/ksystemstats_plugins.mo
drwxr-xr-x root/root         0 2022-05-28 02:06 usr/share/locale/ca/
drwxr-xr-x root/root         0 2022-05-28 02:06 usr/share/locale/ca/LC_MESSAGES/
-rw-r--r-- root/root     12557 2022-05-28 02:06 usr/share/locale/ca/LC_MESSAGES/ksystemstats_plugins.mo
drwxr-xr-x root/root         0 2022-05-28 02:06 usr/share/locale/ca@valencia/
drwxr-xr-x root/root         0 2022-05-28 02:06 usr/share/locale/ca@valencia/LC_MESSAGES/
-rw-r--r-- root/root     12622 2022-05-28 02:06 usr/share/locale/ca@valencia/LC_MESSAGES/ksystemstats_plugins.mo
drwxr-xr-x root/root         0 2022-05-28 02:06 usr/share/locale/cs/
drwxr-xr-x root/root         0 2022-05-28 02:06 usr/share/locale/cs/LC_MESSAGES/
-rw-r--r-- root/root      9794 2022-05-28 02:06 usr/share/locale/cs/LC_MESSAGES/ksystemstats_plugins.mo
drwxr-xr-x root/root         0 2022-05-28 02:06 usr/share/locale/de/
drwxr-xr-x root/root         0 2022-05-28 02:06 usr/share/locale/de/LC_MESSAGES/
-rw-r--r-- root/root      6579 2022-05-28 02:06 usr/share/locale/de/LC_MESSAGES/ksystemstats_plugins.mo
drwxr-xr-x root/root         0 2022-05-28 02:06 usr/share/locale/en_GB/
drwxr-xr-x root/root         0 2022-05-28 02:06 usr/share/locale/en_GB/LC_MESSAGES/
-rw-r--r-- root/root     10827 2022-05-28 02:06 usr/share/locale/en_GB/LC_MESSAGES/ksystemstats_plugins.mo
drwxr-xr-x root/root         0 2022-05-28 02:06 usr/share/locale/es/
drwxr-xr-x root/root         0 2022-05-28 02:06 usr/share/locale/es/LC_MESSAGES/
-rw-r--r-- root/root     12512 2022-05-28 02:06 usr/share/locale/es/LC_MESSAGES/ksystemstats_plugins.mo
drwxr-xr-x root/root         0 2022-05-28 02:06 usr/share/locale/et/
drwxr-xr-x root/root         0 2022-05-28 02:06 usr/share/locale/et/LC_MESSAGES/
-rw-r--r-- root/root      6436 2022-05-28 02:06 usr/share/locale/et/LC_MESSAGES/ksystemstats_plugins.mo
drwxr-xr-x root/root         0 2022-05-28 02:06 usr/share/locale/eu/
drwxr-xr-x root/root         0 2022-05-28 02:06 usr/share/locale/eu/LC_MESSAGES/
-rw-r--r-- root/root      6962 2022-05-28 02:06 usr/share/locale/eu/LC_MESSAGES/ksystemstats_plugins.mo
drwxr-xr-x root/root         0 2022-05-28 02:06 usr/share/locale/fi/
drwxr-xr-x root/root         0 2022-05-28 02:06 usr/share/locale/fi/LC_MESSAGES/
-rw-r--r-- root/root     11202 2022-05-28 02:06 usr/share/locale/fi/LC_MESSAGES/ksystemstats_plugins.mo
drwxr-xr-x root/root         0 2022-05-28 02:06 usr/share/locale/fr/
drwxr-xr-x root/root         0 2022-05-28 02:06 usr/share/locale/fr/LC_MESSAGES/
-rw-r--r-- root/root     13034 2022-05-28 02:06 usr/share/locale/fr/LC_MESSAGES/ksystemstats_plugins.mo
drwxr-xr-x root/root         0 2022-05-28 02:06 usr/share/locale/ia/
drwxr-xr-x root/root         0 2022-05-28 02:06 usr/share/locale/ia/LC_MESSAGES/
-rw-r--r-- root/root     11169 2022-05-28 02:06 usr/share/locale/ia/LC_MESSAGES/ksystemstats_plugins.mo
drwxr-xr-x root/root         0 2022-05-28 02:06 usr/share/locale/id/
drwxr-xr-x root/root         0 2022-05-28 02:06 usr/share/locale/id/LC_MESSAGES/
-rw-r--r-- root/root      2943 2022-05-28 02:06 usr/share/locale/id/LC_MESSAGES/ksystemstats_plugins.mo
drwxr-xr-x root/root         0 2022-05-28 02:06 usr/share/locale/it/
drwxr-xr-x root/root         0 2022-05-28 02:06 usr/share/locale/it/LC_MESSAGES/
-rw-r--r-- root/root     11280 2022-05-28 02:06 usr/share/locale/it/LC_MESSAGES/ksystemstats_plugins.mo
drwxr-xr-x root/root         0 2022-05-28 02:06 usr/share/locale/ja/
drwxr-xr-x root/root         0 2022-05-28 02:06 usr/share/locale/ja/LC_MESSAGES/
-rw-r--r-- root/root      2603 2022-05-28 02:06 usr/share/locale/ja/LC_MESSAGES/ksystemstats_plugins.mo
drwxr-xr-x root/root         0 2022-05-28 02:06 usr/share/locale/ko/
drwxr-xr-x root/root         0 2022-05-28 02:06 usr/share/locale/ko/LC_MESSAGES/
-rw-r--r-- root/root     11053 2022-05-28 02:06 usr/share/locale/ko/LC_MESSAGES/ksystemstats_plugins.mo
drwxr-xr-x root/root         0 2022-05-28 02:06 usr/share/locale/lt/
drwxr-xr-x root/root         0 2022-05-28 02:06 usr/share/locale/lt/LC_MESSAGES/
-rw-r--r-- root/root      7311 2022-05-28 02:06 usr/share/locale/lt/LC_MESSAGES/ksystemstats_plugins.mo
drwxr-xr-x root/root         0 2022-05-28 02:06 usr/share/locale/nl/
drwxr-xr-x root/root         0 2022-05-28 02:06 usr/share/locale/nl/LC_MESSAGES/
-rw-r--r-- root/root     12320 2022-05-28 02:06 usr/share/locale/nl/LC_MESSAGES/ksystemstats_plugins.mo
drwxr-xr-x root/root         0 2022-05-28 02:06 usr/share/locale/nn/
drwxr-xr-x root/root         0 2022-05-28 02:06 usr/share/locale/nn/LC_MESSAGES/
-rw-r--r-- root/root      9691 2022-05-28 02:06 usr/share/locale/nn/LC_MESSAGES/ksystemstats_plugins.mo
drwxr-xr-x root/root         0 2022-05-28 02:06 usr/share/locale/pa/
drwxr-xr-x root/root         0 2022-05-28 02:06 usr/share/locale/pa/LC_MESSAGES/
-rw-r--r-- root/root     11440 2022-05-28 02:06 usr/share/locale/pa/LC_MESSAGES/ksystemstats_plugins.mo
drwxr-xr-x root/root         0 2022-05-28 02:06 usr/share/locale/pl/
drwxr-xr-x root/root         0 2022-05-28 02:06 usr/share/locale/pl/LC_MESSAGES/
-rw-r--r-- root/root     11646 2022-05-28 02:06 usr/share/locale/pl/LC_MESSAGES/ksystemstats_plugins.mo
drwxr-xr-x root/root         0 2022-05-28 02:06 usr/share/locale/pt/
drwxr-xr-x root/root         0 2022-05-28 02:06 usr/share/locale/pt/LC_MESSAGES/
-rw-r--r-- root/root     12545 2022-05-28 02:06 usr/share/locale/pt/LC_MESSAGES/ksystemstats_plugins.mo
drwxr-xr-x root/root         0 2022-05-28 02:06 usr/share/locale/pt_BR/
drwxr-xr-x root/root         0 2022-05-28 02:06 usr/share/locale/pt_BR/LC_MESSAGES/
-rw-r--r-- root/root     11275 2022-05-28 02:06 usr/share/locale/pt_BR/LC_MESSAGES/ksystemstats_plugins.mo
drwxr-xr-x root/root         0 2022-05-28 02:06 usr/share/locale/ro/
drwxr-xr-x root/root         0 2022-05-28 02:06 usr/share/locale/ro/LC_MESSAGES/
-rw-r--r-- root/root     11411 2022-05-28 02:06 usr/share/locale/ro/LC_MESSAGES/ksystemstats_plugins.mo
drwxr-xr-x root/root         0 2022-05-28 02:06 usr/share/locale/sk/
drwxr-xr-x root/root         0 2022-05-28 02:06 usr/share/locale/sk/LC_MESSAGES/
-rw-r--r-- root/root     11543 2022-05-28 02:06 usr/share/locale/sk/LC_MESSAGES/ksystemstats_plugins.mo
drwxr-xr-x root/root         0 2022-05-28 02:06 usr/share/locale/sl/
drwxr-xr-x root/root         0 2022-05-28 02:06 usr/share/locale/sl/LC_MESSAGES/
-rw-r--r-- root/root     12442 2022-05-28 02:06 usr/share/locale/sl/LC_MESSAGES/ksystemstats_plugins.mo
drwxr-xr-x root/root         0 2022-05-28 02:06 usr/share/locale/sv/
drwxr-xr-x root/root         0 2022-05-28 02:06 usr/share/locale/sv/LC_MESSAGES/
-rw-r--r-- root/root     12257 2022-05-28 02:06 usr/share/locale/sv/LC_MESSAGES/ksystemstats_plugins.mo
drwxr-xr-x root/root         0 2022-05-28 02:06 usr/share/locale/tr/
drwxr-xr-x root/root         0 2022-05-28 02:06 usr/share/locale/tr/LC_MESSAGES/
-rw-r--r-- root/root     12312 2022-05-28 02:06 usr/share/locale/tr/LC_MESSAGES/ksystemstats_plugins.mo
drwxr-xr-x root/root         0 2022-05-28 02:06 usr/share/locale/uk/
drwxr-xr-x root/root         0 2022-05-28 02:06 usr/share/locale/uk/LC_MESSAGES/
-rw-r--r-- root/root     15028 2022-05-28 02:06 usr/share/locale/uk/LC_MESSAGES/ksystemstats_plugins.mo
drwxr-xr-x root/root         0 2022-05-28 02:06 usr/share/locale/vi/
drwxr-xr-x root/root         0 2022-05-28 02:06 usr/share/locale/vi/LC_MESSAGES/
-rw-r--r-- root/root     12955 2022-05-28 02:06 usr/share/locale/vi/LC_MESSAGES/ksystemstats_plugins.mo
drwxr-xr-x root/root         0 2022-05-28 02:06 usr/share/locale/zh_CN/
drwxr-xr-x root/root         0 2022-05-28 02:06 usr/share/locale/zh_CN/LC_MESSAGES/
-rw-r--r-- root/root     10737 2022-05-28 02:06 usr/share/locale/zh_CN/LC_MESSAGES/ksystemstats_plugins.mo


