++========================================
||
||   Package:  ./plasma/kwallet-pam-5.24.90-x86_64-1.txz
||
++========================================
drwxr-xr-x root/root         0 2022-05-20 18:09 ./
drwxr-xr-x root/root         0 2022-05-20 18:09 etc/
drwxr-xr-x root/root         0 2022-05-20 18:09 etc/kde/
drwxr-xr-x root/root         0 2022-05-20 18:09 etc/kde/xdg/
drwxr-xr-x root/root         0 2022-05-20 18:09 etc/kde/xdg/autostart/
-rw-r--r-- root/root      4898 2022-05-20 18:09 etc/kde/xdg/autostart/pam_kwallet_init.desktop
drwxr-xr-x root/root         0 2022-05-20 18:09 install/
-rw-r--r-- root/root       665 2022-05-20 18:09 install/slack-desc
drwxr-xr-x root/root         0 2022-05-20 18:09 lib/
drwxr-xr-x root/root         0 2022-05-20 18:09 lib/systemd/
drwxr-xr-x root/root         0 2022-05-20 18:09 lib/systemd/user/
-rw-r--r-- root/root       298 2022-05-20 18:09 lib/systemd/user/plasma-kwallet-pam.service
drwxr-xr-x root/root         0 2022-05-20 18:09 lib64/
drwxr-xr-x root/root         0 2022-05-20 18:09 lib64/libexec/
-rwxr-xr-x root/root       110 2022-05-19 12:24 lib64/libexec/pam_kwallet_init
drwxr-xr-x root/root         0 2022-05-20 18:09 lib64/security/
-rwxr-xr-x root/root     22872 2022-05-20 18:09 lib64/security/pam_kwallet5.so
drwxr-xr-x root/root         0 2022-05-20 18:09 usr/
drwxr-xr-x root/root         0 2022-05-20 18:09 usr/doc/
drwxr-xr-x root/root         0 2022-05-20 18:09 usr/doc/kwallet-pam-5.24.90/
drwxr-xr-x root/root         0 2022-05-19 12:24 usr/doc/kwallet-pam-5.24.90/LICENSES/
-rw-r--r-- root/root      1480 2022-05-19 12:24 usr/doc/kwallet-pam-5.24.90/LICENSES/BSD-3-Clause.txt
-rw-r--r-- root/root     25902 2022-05-19 12:24 usr/doc/kwallet-pam-5.24.90/LICENSES/LGPL-2.1-or-later.txt
-rw-r--r-- root/root       968 2022-05-19 12:24 usr/doc/kwallet-pam-5.24.90/README.txt


