++========================================
||
||   Package:  ./plasma/libksysguard-5.24.90-x86_64-1.txz
||
++========================================
drwxr-xr-x root/root         0 2022-05-20 17:44 ./
drwxr-xr-x root/root         0 2022-05-20 17:44 etc/
drwxr-xr-x root/root         0 2022-05-20 17:44 install/
-rw-r--r-- root/root      2154 2022-05-20 17:44 install/doinst.sh
-rw-r--r-- root/root       769 2022-05-20 17:44 install/slack-desc
drwxr-xr-x root/root         0 2022-05-20 17:44 usr/
drwxr-xr-x root/root         0 2022-05-20 17:44 usr/doc/
drwxr-xr-x root/root         0 2022-05-20 17:44 usr/doc/libksysguard-5.24.90/
drwxr-xr-x root/root         0 2022-05-19 12:27 usr/doc/libksysguard-5.24.90/LICENSES/
-rw-r--r-- root/root      1480 2022-05-19 12:27 usr/doc/libksysguard-5.24.90/LICENSES/BSD-3-Clause.txt
-rw-r--r-- root/root     17277 2022-05-19 12:27 usr/doc/libksysguard-5.24.90/LICENSES/GPL-2.0-only.txt
-rw-r--r-- root/root     17337 2022-05-19 12:27 usr/doc/libksysguard-5.24.90/LICENSES/GPL-2.0-or-later.txt
-rw-r--r-- root/root     34575 2022-05-19 12:27 usr/doc/libksysguard-5.24.90/LICENSES/GPL-3.0-only.txt
-rw-r--r-- root/root     24782 2022-05-19 12:27 usr/doc/libksysguard-5.24.90/LICENSES/LGPL-2.0-or-later.txt
-rw-r--r-- root/root     25902 2022-05-19 12:27 usr/doc/libksysguard-5.24.90/LICENSES/LGPL-2.1-only.txt
-rw-r--r-- root/root      7356 2022-05-19 12:27 usr/doc/libksysguard-5.24.90/LICENSES/LGPL-3.0-only.txt
-rw-r--r-- root/root       662 2022-05-19 12:27 usr/doc/libksysguard-5.24.90/LICENSES/LicenseRef-KDE-Accepted-GPL.txt
-rw-r--r-- root/root       665 2022-05-19 12:27 usr/doc/libksysguard-5.24.90/LICENSES/LicenseRef-KDE-Accepted-LGPL.txt
drwxr-xr-x root/root         0 2022-05-20 17:44 usr/include/
drwxr-xr-x root/root         0 2022-05-20 17:44 usr/include/ksysguard/
drwxr-xr-x root/root         0 2022-05-20 17:44 usr/include/ksysguard/faces/
-rw-r--r-- root/root      4209 2022-05-19 12:27 usr/include/ksysguard/faces/FaceLoader.h
-rw-r--r-- root/root     10221 2022-05-19 12:27 usr/include/ksysguard/faces/SensorFaceController.h
-rw-r--r-- root/root      3026 2022-05-19 12:27 usr/include/ksysguard/faces/SensorFace_p.h
-rw-r--r-- root/root      1127 2022-05-20 17:43 usr/include/ksysguard/faces/sensorfaces_export.h
drwxr-xr-x root/root         0 2022-05-20 17:44 usr/include/ksysguard/formatter/
-rw-r--r-- root/root      2309 2022-05-19 12:27 usr/include/ksysguard/formatter/Formatter.h
-rw-r--r-- root/root      2276 2022-05-19 12:27 usr/include/ksysguard/formatter/Unit.h
-rw-r--r-- root/root      1079 2022-05-20 17:43 usr/include/ksysguard/formatter/formatter_export.h
drwxr-xr-x root/root         0 2022-05-20 17:44 usr/include/ksysguard/ksgrd/
-rw-r--r-- root/root      3695 2022-05-19 12:27 usr/include/ksysguard/ksgrd/SensorAgent.h
-rw-r--r-- root/root      4721 2022-05-19 12:27 usr/include/ksysguard/ksgrd/SensorClient.h
-rw-r--r-- root/root      3463 2022-05-19 12:27 usr/include/ksysguard/ksgrd/SensorManager.h
-rw-r--r-- root/root      1448 2022-05-19 12:27 usr/include/ksysguard/ksgrd/SensorShellAgent.h
-rw-r--r-- root/root      1242 2022-05-19 12:27 usr/include/ksysguard/ksgrd/SensorSocketAgent.h
-rw-r--r-- root/root     16844 2022-05-19 12:27 usr/include/ksysguard/ksignalplotter.h
-rw-r--r-- root/root      1449 2022-05-19 12:27 usr/include/ksysguard/lsof.h
drwxr-xr-x root/root         0 2022-05-20 17:44 usr/include/ksysguard/processcore/
-rw-r--r-- root/root       163 2022-05-19 12:27 usr/include/ksysguard/processcore/formatter.h
-rw-r--r-- root/root     13288 2022-05-19 12:27 usr/include/ksysguard/processcore/process.h
-rw-r--r-- root/root      3229 2022-05-19 12:27 usr/include/ksysguard/processcore/process_attribute.h
-rw-r--r-- root/root      1548 2022-05-19 12:27 usr/include/ksysguard/processcore/process_attribute_model.h
-rw-r--r-- root/root      7273 2022-05-19 12:27 usr/include/ksysguard/processcore/process_controller.h
-rw-r--r-- root/root      4657 2022-05-19 12:27 usr/include/ksysguard/processcore/process_data_model.h
-rw-r--r-- root/root      1989 2022-05-19 12:27 usr/include/ksysguard/processcore/process_data_provider.h
-rw-r--r-- root/root      8408 2022-05-19 12:27 usr/include/ksysguard/processcore/processes.h
-rw-r--r-- root/root       158 2022-05-19 12:27 usr/include/ksysguard/processcore/unit.h
drwxr-xr-x root/root         0 2022-05-20 17:44 usr/include/ksysguard/processui/
-rw-r--r-- root/root      3185 2022-05-19 12:27 usr/include/ksysguard/processui/KTextEditVT.h
-rw-r--r-- root/root      1345 2022-05-19 12:27 usr/include/ksysguard/processui/ProcessFilter.h
-rw-r--r-- root/root      8570 2022-05-19 12:27 usr/include/ksysguard/processui/ProcessModel.h
-rw-r--r-- root/root      8733 2022-05-19 12:27 usr/include/ksysguard/processui/ksysguardprocesslist.h
drwxr-xr-x root/root         0 2022-05-20 17:44 usr/include/ksysguard/sensors/
-rw-r--r-- root/root      6573 2022-05-19 12:27 usr/include/ksysguard/sensors/Sensor.h
-rw-r--r-- root/root      5316 2022-05-19 12:27 usr/include/ksysguard/sensors/SensorDataModel.h
-rw-r--r-- root/root      2652 2022-05-19 12:27 usr/include/ksysguard/sensors/SensorInfo_p.h
-rw-r--r-- root/root      1641 2022-05-19 12:27 usr/include/ksysguard/sensors/SensorQuery.h
-rw-r--r-- root/root      1964 2022-05-19 12:27 usr/include/ksysguard/sensors/SensorTreeModel.h
-rw-r--r-- root/root      2451 2022-05-19 12:27 usr/include/ksysguard/sensors/SensorUnitModel.h
-rw-r--r-- root/root      1031 2022-05-20 17:43 usr/include/ksysguard/sensors/sensors_export.h
drwxr-xr-x root/root         0 2022-05-20 17:44 usr/include/ksysguard/systemstats/
-rw-r--r-- root/root      1963 2022-05-19 12:27 usr/include/ksysguard/systemstats/AggregateSensor.h
-rw-r--r-- root/root       835 2022-05-19 12:27 usr/include/ksysguard/systemstats/DBusInterface.h
-rw-r--r-- root/root      1713 2022-05-19 12:27 usr/include/ksysguard/systemstats/SensorContainer.h
-rw-r--r-- root/root      2743 2022-05-19 12:27 usr/include/ksysguard/systemstats/SensorInfo.h
-rw-r--r-- root/root      1553 2022-05-19 12:27 usr/include/ksysguard/systemstats/SensorObject.h
-rw-r--r-- root/root      1178 2022-05-19 12:27 usr/include/ksysguard/systemstats/SensorPlugin.h
-rw-r--r-- root/root      3687 2022-05-19 12:27 usr/include/ksysguard/systemstats/SensorProperty.h
-rw-r--r-- root/root      2097 2022-05-19 12:27 usr/include/ksysguard/systemstats/SensorsFeatureSensor.h
-rw-r--r-- root/root      1430 2022-05-19 12:27 usr/include/ksysguard/systemstats/SysFsSensor.h
-rw-r--r-- root/root      3155 2022-05-19 12:27 usr/include/ksysguard/systemstats/SysctlSensor.h
-rw-r--r-- root/root      2829 2022-05-20 17:43 usr/include/ksysguard/systemstats/org.kde.ksystemstats.h
-rw-r--r-- root/root      1127 2022-05-20 17:43 usr/include/ksysguard/systemstats/systemstats_export.h
drwxr-xr-x root/root         0 2022-05-20 17:44 usr/lib64/
drwxr-xr-x root/root         0 2022-05-20 17:44 usr/lib64/cmake/
drwxr-xr-x root/root         0 2022-05-20 17:44 usr/lib64/cmake/KF5SysGuard/
-rw-r--r-- root/root      1920 2022-05-20 17:43 usr/lib64/cmake/KF5SysGuard/KF5SysGuardConfig.cmake
drwxr-xr-x root/root         0 2022-05-20 17:44 usr/lib64/cmake/KSysGuard/
-rw-r--r-- root/root      1557 2022-05-20 17:43 usr/lib64/cmake/KSysGuard/KSysGuardConfig.cmake
-rw-r--r-- root/root      1979 2022-05-20 17:43 usr/lib64/cmake/KSysGuard/KSysGuardConfigVersion.cmake
-rw-r--r-- root/root      5840 2022-05-20 17:43 usr/lib64/cmake/KSysGuard/KSysGuardLibraryTargets-release.cmake
-rw-r--r-- root/root      6597 2022-05-20 17:43 usr/lib64/cmake/KSysGuard/KSysGuardLibraryTargets.cmake
-rwxr-xr-x root/root     31048 2022-05-20 17:44 usr/lib64/libKSysGuardFormatter.so.5.24.90
-rwxr-xr-x root/root    185168 2022-05-20 17:44 usr/lib64/libKSysGuardSensorFaces.so.5.24.90
-rwxr-xr-x root/root    196704 2022-05-20 17:44 usr/lib64/libKSysGuardSensors.so.5.24.90
-rwxr-xr-x root/root    105816 2022-05-20 17:44 usr/lib64/libKSysGuardSystemStats.so.5.24.90
drwxr-xr-x root/root         0 2022-05-20 17:44 usr/lib64/libexec/
drwxr-xr-x root/root         0 2022-05-20 17:44 usr/lib64/libexec/kauth/
-rwxr-xr-x root/root     68736 2022-05-20 17:44 usr/lib64/libexec/kauth/ksysguardprocesslist_helper
drwxr-xr-x root/root         0 2022-05-20 17:44 usr/lib64/libexec/ksysguard/
-rwxr-xr-x root/root     56392 2022-05-20 17:44 usr/lib64/libexec/ksysguard/ksgrd_network_helper
-rwxr-xr-x root/root    109688 2022-05-20 17:44 usr/lib64/libksgrd.so.5.24.90
-rwxr-xr-x root/root    114176 2022-05-20 17:44 usr/lib64/libksignalplotter.so.5.24.90
-rwxr-xr-x root/root     31104 2022-05-20 17:44 usr/lib64/liblsofui.so.5.24.90
-rwxr-xr-x root/root    325384 2022-05-20 17:44 usr/lib64/libprocesscore.so.5.24.90
-rwxr-xr-x root/root    426416 2022-05-20 17:44 usr/lib64/libprocessui.so.5.24.90
drwxr-xr-x root/root         0 2022-05-20 17:44 usr/lib64/qt5/
drwxr-xr-x root/root         0 2022-05-20 17:44 usr/lib64/qt5/plugins/
drwxr-xr-x root/root         0 2022-05-20 17:44 usr/lib64/qt5/plugins/designer/
-rwxr-xr-x root/root     22856 2022-05-20 17:44 usr/lib64/qt5/plugins/designer/ksignalplotter5widgets.so
-rwxr-xr-x root/root     26960 2022-05-20 17:44 usr/lib64/qt5/plugins/designer/ksysguard5widgets.so
-rwxr-xr-x root/root     22856 2022-05-20 17:44 usr/lib64/qt5/plugins/designer/ksysguardlsof5widgets.so
drwxr-xr-x root/root         0 2022-05-20 17:44 usr/lib64/qt5/plugins/kpackage/
drwxr-xr-x root/root         0 2022-05-20 17:44 usr/lib64/qt5/plugins/kpackage/packagestructure/
-rwxr-xr-x root/root     26976 2022-05-20 17:44 usr/lib64/qt5/plugins/kpackage/packagestructure/sensorface_packagestructure.so
drwxr-xr-x root/root         0 2022-05-20 17:44 usr/lib64/qt5/plugins/ksysguard/
drwxr-xr-x root/root         0 2022-05-20 17:44 usr/lib64/qt5/plugins/ksysguard/process/
-rwxr-xr-x root/root     31336 2022-05-20 17:44 usr/lib64/qt5/plugins/ksysguard/process/ksysguard_plugin_network.so
-rwxr-xr-x root/root     31256 2022-05-20 17:44 usr/lib64/qt5/plugins/ksysguard/process/ksysguard_plugin_nvidia.so
drwxr-xr-x root/root         0 2022-05-20 17:44 usr/lib64/qt5/qml/
drwxr-xr-x root/root         0 2022-05-20 17:44 usr/lib64/qt5/qml/org/
drwxr-xr-x root/root         0 2022-05-20 17:44 usr/lib64/qt5/qml/org/kde/
drwxr-xr-x root/root         0 2022-05-20 17:44 usr/lib64/qt5/qml/org/kde/ksysguard/
drwxr-xr-x root/root         0 2022-05-20 17:44 usr/lib64/qt5/qml/org/kde/ksysguard/faces/
-rw-r--r-- root/root      3497 2022-05-19 12:27 usr/lib64/qt5/qml/org/kde/ksysguard/faces/ExtendedLegend.qml
-rw-r--r-- root/root      2628 2022-05-19 12:27 usr/lib64/qt5/qml/org/kde/ksysguard/faces/SensorFace.qml
-rw-r--r-- root/root      4333 2022-05-19 12:27 usr/lib64/qt5/qml/org/kde/ksysguard/faces/SensorRangeSpinBox.qml
-rwxr-xr-x root/root     43400 2022-05-20 17:44 usr/lib64/qt5/qml/org/kde/ksysguard/faces/libFacesPlugin.so
-rw-r--r-- root/root       164 2022-05-19 12:27 usr/lib64/qt5/qml/org/kde/ksysguard/faces/qmldir
drwxr-xr-x root/root         0 2022-05-20 17:44 usr/lib64/qt5/qml/org/kde/ksysguard/formatter/
-rwxr-xr-x root/root     22920 2022-05-20 17:44 usr/lib64/qt5/qml/org/kde/ksysguard/formatter/libFormatterPlugin.so
-rw-r--r-- root/root        58 2022-05-19 12:27 usr/lib64/qt5/qml/org/kde/ksysguard/formatter/qmldir
drwxr-xr-x root/root         0 2022-05-20 17:44 usr/lib64/qt5/qml/org/kde/ksysguard/process/
-rwxr-xr-x root/root     39320 2022-05-20 17:44 usr/lib64/qt5/qml/org/kde/ksysguard/process/libProcessPlugin.so
-rw-r--r-- root/root        54 2022-05-19 12:27 usr/lib64/qt5/qml/org/kde/ksysguard/process/qmldir
drwxr-xr-x root/root         0 2022-05-20 17:44 usr/lib64/qt5/qml/org/kde/ksysguard/sensors/
-rwxr-xr-x root/root     39328 2022-05-20 17:44 usr/lib64/qt5/qml/org/kde/ksysguard/sensors/libSensorsPlugin.so
-rw-r--r-- root/root        54 2022-05-19 12:27 usr/lib64/qt5/qml/org/kde/ksysguard/sensors/qmldir
drwxr-xr-x root/root         0 2022-05-20 17:44 usr/share/
drwxr-xr-x root/root         0 2022-05-20 17:44 usr/share/dbus-1/
drwxr-xr-x root/root         0 2022-05-20 17:44 usr/share/dbus-1/interfaces/
-rw-r--r-- root/root      1831 2022-05-19 12:27 usr/share/dbus-1/interfaces/org.kde.ksystemstats.xml
drwxr-xr-x root/root         0 2022-05-20 17:44 usr/share/dbus-1/system-services/
-rw-r--r-- root/root       125 2022-05-20 17:43 usr/share/dbus-1/system-services/org.kde.ksysguard.processlisthelper.service
drwxr-xr-x root/root         0 2022-05-20 17:44 usr/share/dbus-1/system.d/
-rw-r--r-- root/root       314 2022-05-20 17:43 usr/share/dbus-1/system.d/org.kde.ksysguard.processlisthelper.conf
drwxr-xr-x root/root         0 2022-05-20 17:44 usr/share/knsrcfiles/
-rw-r--r-- root/root      2104 2022-05-19 12:27 usr/share/knsrcfiles/systemmonitor-faces.knsrc
-rw-r--r-- root/root      2023 2022-05-19 12:27 usr/share/knsrcfiles/systemmonitor-presets.knsrc
drwxr-xr-x root/root         0 2022-05-20 17:44 usr/share/ksysguard/
drwxr-xr-x root/root         0 2022-05-20 17:44 usr/share/ksysguard/scripts/
-rw-r--r-- root/root      1363 2022-05-19 12:27 usr/share/ksysguard/scripts/README
drwxr-xr-x root/root         0 2022-05-20 17:44 usr/share/ksysguard/sensorfaces/
drwxr-xr-x root/root         0 2022-05-20 17:44 usr/share/ksysguard/sensorfaces/org.kde.ksysguard.barchart/
drwxr-xr-x root/root         0 2022-05-20 17:44 usr/share/ksysguard/sensorfaces/org.kde.ksysguard.barchart/contents/
drwxr-xr-x root/root         0 2022-05-20 17:44 usr/share/ksysguard/sensorfaces/org.kde.ksysguard.barchart/contents/config/
-rw-r--r-- root/root      1457 2022-05-19 12:27 usr/share/ksysguard/sensorfaces/org.kde.ksysguard.barchart/contents/config/main.xml
-rw-r--r-- root/root        96 2022-05-19 12:27 usr/share/ksysguard/sensorfaces/org.kde.ksysguard.barchart/contents/faceproperties
drwxr-xr-x root/root         0 2022-05-20 17:44 usr/share/ksysguard/sensorfaces/org.kde.ksysguard.barchart/contents/ui/
-rw-r--r-- root/root      2455 2022-05-19 12:27 usr/share/ksysguard/sensorfaces/org.kde.ksysguard.barchart/contents/ui/BarChart.qml
-rw-r--r-- root/root      1438 2022-05-19 12:27 usr/share/ksysguard/sensorfaces/org.kde.ksysguard.barchart/contents/ui/CompactRepresentation.qml
-rw-r--r-- root/root      2140 2022-05-19 12:27 usr/share/ksysguard/sensorfaces/org.kde.ksysguard.barchart/contents/ui/Config.qml
-rw-r--r-- root/root      5079 2022-05-19 12:27 usr/share/ksysguard/sensorfaces/org.kde.ksysguard.barchart/contents/ui/FullRepresentation.qml
-rw-r--r-- root/root      1202 2022-05-19 12:27 usr/share/ksysguard/sensorfaces/org.kde.ksysguard.barchart/metadata.desktop
-rw-r--r-- root/root      1769 2022-05-20 17:43 usr/share/ksysguard/sensorfaces/org.kde.ksysguard.barchart/metadata.json
drwxr-xr-x root/root         0 2022-05-20 17:44 usr/share/ksysguard/sensorfaces/org.kde.ksysguard.facegrid/
drwxr-xr-x root/root         0 2022-05-20 17:44 usr/share/ksysguard/sensorfaces/org.kde.ksysguard.facegrid/contents/
drwxr-xr-x root/root         0 2022-05-20 17:44 usr/share/ksysguard/sensorfaces/org.kde.ksysguard.facegrid/contents/config/
-rw-r--r-- root/root       559 2022-05-19 12:27 usr/share/ksysguard/sensorfaces/org.kde.ksysguard.facegrid/contents/config/main.xml
-rw-r--r-- root/root        96 2022-05-19 12:27 usr/share/ksysguard/sensorfaces/org.kde.ksysguard.facegrid/contents/faceproperties
drwxr-xr-x root/root         0 2022-05-20 17:44 usr/share/ksysguard/sensorfaces/org.kde.ksysguard.facegrid/contents/ui/
-rw-r--r-- root/root       890 2022-05-19 12:27 usr/share/ksysguard/sensorfaces/org.kde.ksysguard.facegrid/contents/ui/CompactRepresentation.qml
-rw-r--r-- root/root      3569 2022-05-19 12:27 usr/share/ksysguard/sensorfaces/org.kde.ksysguard.facegrid/contents/ui/Config.qml
-rw-r--r-- root/root      1471 2022-05-19 12:27 usr/share/ksysguard/sensorfaces/org.kde.ksysguard.facegrid/contents/ui/FaceControl.qml
-rw-r--r-- root/root      1554 2022-05-19 12:27 usr/share/ksysguard/sensorfaces/org.kde.ksysguard.facegrid/contents/ui/FaceGrid.qml
-rw-r--r-- root/root      2097 2022-05-19 12:27 usr/share/ksysguard/sensorfaces/org.kde.ksysguard.facegrid/contents/ui/FullRepresentation.qml
-rw-r--r-- root/root       844 2022-05-19 12:27 usr/share/ksysguard/sensorfaces/org.kde.ksysguard.facegrid/metadata.desktop
-rw-r--r-- root/root      1327 2022-05-20 17:43 usr/share/ksysguard/sensorfaces/org.kde.ksysguard.facegrid/metadata.json
drwxr-xr-x root/root         0 2022-05-20 17:44 usr/share/ksysguard/sensorfaces/org.kde.ksysguard.horizontalbars/
drwxr-xr-x root/root         0 2022-05-20 17:44 usr/share/ksysguard/sensorfaces/org.kde.ksysguard.horizontalbars/contents/
-rw-r--r-- root/root        96 2022-05-19 12:27 usr/share/ksysguard/sensorfaces/org.kde.ksysguard.horizontalbars/contents/faceproperties
drwxr-xr-x root/root         0 2022-05-20 17:44 usr/share/ksysguard/sensorfaces/org.kde.ksysguard.horizontalbars/contents/ui/
-rw-r--r-- root/root      1372 2022-05-19 12:27 usr/share/ksysguard/sensorfaces/org.kde.ksysguard.horizontalbars/contents/ui/Bar.qml
-rw-r--r-- root/root      1552 2022-05-19 12:27 usr/share/ksysguard/sensorfaces/org.kde.ksysguard.horizontalbars/contents/ui/CompactRepresentation.qml
-rw-r--r-- root/root      3487 2022-05-19 12:27 usr/share/ksysguard/sensorfaces/org.kde.ksysguard.horizontalbars/contents/ui/FullRepresentation.qml
-rw-r--r-- root/root      1294 2022-05-19 12:27 usr/share/ksysguard/sensorfaces/org.kde.ksysguard.horizontalbars/metadata.desktop
-rw-r--r-- root/root      1847 2022-05-20 17:43 usr/share/ksysguard/sensorfaces/org.kde.ksysguard.horizontalbars/metadata.json
drwxr-xr-x root/root         0 2022-05-20 17:44 usr/share/ksysguard/sensorfaces/org.kde.ksysguard.linechart/
drwxr-xr-x root/root         0 2022-05-20 17:44 usr/share/ksysguard/sensorfaces/org.kde.ksysguard.linechart/contents/
drwxr-xr-x root/root         0 2022-05-20 17:44 usr/share/ksysguard/sensorfaces/org.kde.ksysguard.linechart/contents/config/
-rw-r--r-- root/root      2062 2022-05-19 12:27 usr/share/ksysguard/sensorfaces/org.kde.ksysguard.linechart/contents/config/main.xml
-rw-r--r-- root/root        96 2022-05-19 12:27 usr/share/ksysguard/sensorfaces/org.kde.ksysguard.linechart/contents/faceproperties
drwxr-xr-x root/root         0 2022-05-20 17:44 usr/share/ksysguard/sensorfaces/org.kde.ksysguard.linechart/contents/ui/
-rw-r--r-- root/root      1232 2022-05-19 12:27 usr/share/ksysguard/sensorfaces/org.kde.ksysguard.linechart/contents/ui/CompactRepresentation.qml
-rw-r--r-- root/root      3604 2022-05-19 12:27 usr/share/ksysguard/sensorfaces/org.kde.ksysguard.linechart/contents/ui/Config.qml
-rw-r--r-- root/root      4848 2022-05-19 12:27 usr/share/ksysguard/sensorfaces/org.kde.ksysguard.linechart/contents/ui/FullRepresentation.qml
-rw-r--r-- root/root      4643 2022-05-19 12:27 usr/share/ksysguard/sensorfaces/org.kde.ksysguard.linechart/contents/ui/LineChart.qml
-rw-r--r-- root/root      1189 2022-05-19 12:27 usr/share/ksysguard/sensorfaces/org.kde.ksysguard.linechart/metadata.desktop
-rw-r--r-- root/root      1756 2022-05-20 17:43 usr/share/ksysguard/sensorfaces/org.kde.ksysguard.linechart/metadata.json
drwxr-xr-x root/root         0 2022-05-20 17:44 usr/share/ksysguard/sensorfaces/org.kde.ksysguard.piechart/
drwxr-xr-x root/root         0 2022-05-20 17:44 usr/share/ksysguard/sensorfaces/org.kde.ksysguard.piechart/contents/
drwxr-xr-x root/root         0 2022-05-20 17:44 usr/share/ksysguard/sensorfaces/org.kde.ksysguard.piechart/contents/config/
-rw-r--r-- root/root      1440 2022-05-19 12:27 usr/share/ksysguard/sensorfaces/org.kde.ksysguard.piechart/contents/config/main.xml
-rw-r--r-- root/root       113 2022-05-19 12:27 usr/share/ksysguard/sensorfaces/org.kde.ksysguard.piechart/contents/faceproperties
drwxr-xr-x root/root         0 2022-05-20 17:44 usr/share/ksysguard/sensorfaces/org.kde.ksysguard.piechart/contents/ui/
-rw-r--r-- root/root      1329 2022-05-19 12:27 usr/share/ksysguard/sensorfaces/org.kde.ksysguard.piechart/contents/ui/CompactRepresentation.qml
-rw-r--r-- root/root      2711 2022-05-19 12:27 usr/share/ksysguard/sensorfaces/org.kde.ksysguard.piechart/contents/ui/Config.qml
-rw-r--r-- root/root      2650 2022-05-19 12:27 usr/share/ksysguard/sensorfaces/org.kde.ksysguard.piechart/contents/ui/FullRepresentation.qml
-rw-r--r-- root/root      2970 2022-05-19 12:27 usr/share/ksysguard/sensorfaces/org.kde.ksysguard.piechart/contents/ui/PieChart.qml
-rw-r--r-- root/root      2836 2022-05-19 12:27 usr/share/ksysguard/sensorfaces/org.kde.ksysguard.piechart/contents/ui/UsedTotalDisplay.qml
-rw-r--r-- root/root      1233 2022-05-19 12:27 usr/share/ksysguard/sensorfaces/org.kde.ksysguard.piechart/metadata.desktop
-rw-r--r-- root/root      1800 2022-05-20 17:43 usr/share/ksysguard/sensorfaces/org.kde.ksysguard.piechart/metadata.json
drwxr-xr-x root/root         0 2022-05-20 17:44 usr/share/ksysguard/sensorfaces/org.kde.ksysguard.textonly/
drwxr-xr-x root/root         0 2022-05-20 17:44 usr/share/ksysguard/sensorfaces/org.kde.ksysguard.textonly/contents/
drwxr-xr-x root/root         0 2022-05-20 17:44 usr/share/ksysguard/sensorfaces/org.kde.ksysguard.textonly/contents/config/
-rw-r--r-- root/root       444 2022-05-19 12:27 usr/share/ksysguard/sensorfaces/org.kde.ksysguard.textonly/contents/config/main.xml
-rw-r--r-- root/root        95 2022-05-19 12:27 usr/share/ksysguard/sensorfaces/org.kde.ksysguard.textonly/contents/faceproperties
drwxr-xr-x root/root         0 2022-05-20 17:44 usr/share/ksysguard/sensorfaces/org.kde.ksysguard.textonly/contents/ui/
-rw-r--r-- root/root      1188 2022-05-19 12:27 usr/share/ksysguard/sensorfaces/org.kde.ksysguard.textonly/contents/ui/CompactRepresentation.qml
-rw-r--r-- root/root       600 2022-05-19 12:27 usr/share/ksysguard/sensorfaces/org.kde.ksysguard.textonly/contents/ui/Config.qml
-rw-r--r-- root/root      2361 2022-05-19 12:27 usr/share/ksysguard/sensorfaces/org.kde.ksysguard.textonly/contents/ui/FullRepresentation.qml
-rw-r--r-- root/root      5252 2022-05-19 12:27 usr/share/ksysguard/sensorfaces/org.kde.ksysguard.textonly/contents/ui/GroupedText.qml
-rw-r--r-- root/root      1095 2022-05-19 12:27 usr/share/ksysguard/sensorfaces/org.kde.ksysguard.textonly/metadata.desktop
-rw-r--r-- root/root      1662 2022-05-20 17:43 usr/share/ksysguard/sensorfaces/org.kde.ksysguard.textonly/metadata.json
drwxr-xr-x root/root         0 2022-05-20 17:44 usr/share/locale/
drwxr-xr-x root/root         0 2022-05-20 17:44 usr/share/locale/ar/
drwxr-xr-x root/root         0 2022-05-20 17:44 usr/share/locale/ar/LC_MESSAGES/
-rw-r--r-- root/root      4521 2022-05-20 17:44 usr/share/locale/ar/LC_MESSAGES/KSysGuardSensorFaces.mo
-rw-r--r-- root/root     10557 2022-05-20 17:44 usr/share/locale/ar/LC_MESSAGES/ksgrd.mo
-rw-r--r-- root/root       912 2022-05-20 17:44 usr/share/locale/ar/LC_MESSAGES/ksysguard_face_org.kde.ksysguard.barchart.mo
-rw-r--r-- root/root       668 2022-05-20 17:44 usr/share/locale/ar/LC_MESSAGES/ksysguard_face_org.kde.ksysguard.facegrid.mo
-rw-r--r-- root/root      1409 2022-05-20 17:44 usr/share/locale/ar/LC_MESSAGES/ksysguard_face_org.kde.ksysguard.linechart.mo
-rw-r--r-- root/root      1069 2022-05-20 17:44 usr/share/locale/ar/LC_MESSAGES/ksysguard_face_org.kde.ksysguard.piechart.mo
-rw-r--r-- root/root       699 2022-05-20 17:44 usr/share/locale/ar/LC_MESSAGES/ksysguard_face_org.kde.ksysguard.textonly.mo
-rw-r--r-- root/root       850 2022-05-20 17:44 usr/share/locale/ar/LC_MESSAGES/ksysguardlsofwidgets.mo
-rw-r--r-- root/root     12458 2022-05-20 17:44 usr/share/locale/ar/LC_MESSAGES/processcore.mo
-rw-r--r-- root/root     49167 2022-05-20 17:44 usr/share/locale/ar/LC_MESSAGES/processui.mo
drwxr-xr-x root/root         0 2022-05-20 17:44 usr/share/locale/as/
drwxr-xr-x root/root         0 2022-05-20 17:44 usr/share/locale/as/LC_MESSAGES/
-rw-r--r-- root/root      2907 2022-05-20 17:44 usr/share/locale/as/LC_MESSAGES/processui.mo
drwxr-xr-x root/root         0 2022-05-20 17:44 usr/share/locale/ast/
drwxr-xr-x root/root         0 2022-05-20 17:44 usr/share/locale/ast/LC_MESSAGES/
-rw-r--r-- root/root      1634 2022-05-20 17:44 usr/share/locale/ast/LC_MESSAGES/processcore.mo
-rw-r--r-- root/root      2375 2022-05-20 17:44 usr/share/locale/ast/LC_MESSAGES/processui.mo
drwxr-xr-x root/root         0 2022-05-20 17:44 usr/share/locale/az/
drwxr-xr-x root/root         0 2022-05-20 17:44 usr/share/locale/az/LC_MESSAGES/
-rw-r--r-- root/root      4110 2022-05-20 17:44 usr/share/locale/az/LC_MESSAGES/KSysGuardSensorFaces.mo
-rw-r--r-- root/root     11294 2022-05-20 17:44 usr/share/locale/az/LC_MESSAGES/ksgrd.mo
-rw-r--r-- root/root       879 2022-05-20 17:44 usr/share/locale/az/LC_MESSAGES/ksysguard_face_org.kde.ksysguard.barchart.mo
-rw-r--r-- root/root       612 2022-05-20 17:44 usr/share/locale/az/LC_MESSAGES/ksysguard_face_org.kde.ksysguard.facegrid.mo
-rw-r--r-- root/root      1281 2022-05-20 17:44 usr/share/locale/az/LC_MESSAGES/ksysguard_face_org.kde.ksysguard.linechart.mo
-rw-r--r-- root/root       998 2022-05-20 17:44 usr/share/locale/az/LC_MESSAGES/ksysguard_face_org.kde.ksysguard.piechart.mo
-rw-r--r-- root/root       606 2022-05-20 17:44 usr/share/locale/az/LC_MESSAGES/ksysguard_face_org.kde.ksysguard.textonly.mo
-rw-r--r-- root/root       710 2022-05-20 17:44 usr/share/locale/az/LC_MESSAGES/ksysguardlsofwidgets.mo
-rw-r--r-- root/root     10404 2022-05-20 17:44 usr/share/locale/az/LC_MESSAGES/processcore.mo
-rw-r--r-- root/root     70278 2022-05-20 17:44 usr/share/locale/az/LC_MESSAGES/processui.mo
drwxr-xr-x root/root         0 2022-05-20 17:44 usr/share/locale/be/
drwxr-xr-x root/root         0 2022-05-20 17:44 usr/share/locale/be/LC_MESSAGES/
-rw-r--r-- root/root      1559 2022-05-20 17:44 usr/share/locale/be/LC_MESSAGES/processcore.mo
-rw-r--r-- root/root      2531 2022-05-20 17:44 usr/share/locale/be/LC_MESSAGES/processui.mo
drwxr-xr-x root/root         0 2022-05-20 17:44 usr/share/locale/be@latin/
drwxr-xr-x root/root         0 2022-05-20 17:44 usr/share/locale/be@latin/LC_MESSAGES/
-rw-r--r-- root/root       807 2022-05-20 17:44 usr/share/locale/be@latin/LC_MESSAGES/ksysguardlsofwidgets.mo
drwxr-xr-x root/root         0 2022-05-20 17:44 usr/share/locale/bg/
drwxr-xr-x root/root         0 2022-05-20 17:44 usr/share/locale/bg/LC_MESSAGES/
-rw-r--r-- root/root       566 2022-05-20 17:44 usr/share/locale/bg/LC_MESSAGES/ksysguardlsofwidgets.mo
-rw-r--r-- root/root      1950 2022-05-20 17:44 usr/share/locale/bg/LC_MESSAGES/processcore.mo
-rw-r--r-- root/root     11942 2022-05-20 17:44 usr/share/locale/bg/LC_MESSAGES/processui.mo
drwxr-xr-x root/root         0 2022-05-20 17:44 usr/share/locale/bn_IN/
drwxr-xr-x root/root         0 2022-05-20 17:44 usr/share/locale/bn_IN/LC_MESSAGES/
-rw-r--r-- root/root       798 2022-05-20 17:44 usr/share/locale/bn_IN/LC_MESSAGES/ksysguardlsofwidgets.mo
-rw-r--r-- root/root      2026 2022-05-20 17:44 usr/share/locale/bn_IN/LC_MESSAGES/processcore.mo
-rw-r--r-- root/root     31230 2022-05-20 17:44 usr/share/locale/bn_IN/LC_MESSAGES/processui.mo
drwxr-xr-x root/root         0 2022-05-20 17:44 usr/share/locale/bs/
drwxr-xr-x root/root         0 2022-05-20 17:44 usr/share/locale/bs/LC_MESSAGES/
-rw-r--r-- root/root      8918 2022-05-20 17:44 usr/share/locale/bs/LC_MESSAGES/ksgrd.mo
-rw-r--r-- root/root       805 2022-05-20 17:44 usr/share/locale/bs/LC_MESSAGES/ksysguardlsofwidgets.mo
-rw-r--r-- root/root      1872 2022-05-20 17:44 usr/share/locale/bs/LC_MESSAGES/processcore.mo
-rw-r--r-- root/root     43252 2022-05-20 17:44 usr/share/locale/bs/LC_MESSAGES/processui.mo
drwxr-xr-x root/root         0 2022-05-20 17:44 usr/share/locale/ca/
drwxr-xr-x root/root         0 2022-05-20 17:44 usr/share/locale/ca/LC_MESSAGES/
-rw-r--r-- root/root      4025 2022-05-20 17:44 usr/share/locale/ca/LC_MESSAGES/KSysGuardSensorFaces.mo
-rw-r--r-- root/root     11090 2022-05-20 17:44 usr/share/locale/ca/LC_MESSAGES/ksgrd.mo
-rw-r--r-- root/root       850 2022-05-20 17:44 usr/share/locale/ca/LC_MESSAGES/ksysguard_face_org.kde.ksysguard.barchart.mo
-rw-r--r-- root/root       602 2022-05-20 17:44 usr/share/locale/ca/LC_MESSAGES/ksysguard_face_org.kde.ksysguard.facegrid.mo
-rw-r--r-- root/root      1244 2022-05-20 17:44 usr/share/locale/ca/LC_MESSAGES/ksysguard_face_org.kde.ksysguard.linechart.mo
-rw-r--r-- root/root       969 2022-05-20 17:44 usr/share/locale/ca/LC_MESSAGES/ksysguard_face_org.kde.ksysguard.piechart.mo
-rw-r--r-- root/root       576 2022-05-20 17:44 usr/share/locale/ca/LC_MESSAGES/ksysguard_face_org.kde.ksysguard.textonly.mo
-rw-r--r-- root/root      2508 2022-05-20 17:44 usr/share/locale/ca/LC_MESSAGES/ksysguard_sensors.mo
-rw-r--r-- root/root       755 2022-05-20 17:44 usr/share/locale/ca/LC_MESSAGES/ksysguardlsofwidgets.mo
-rw-r--r-- root/root     10423 2022-05-20 17:44 usr/share/locale/ca/LC_MESSAGES/processcore.mo
-rw-r--r-- root/root     68783 2022-05-20 17:44 usr/share/locale/ca/LC_MESSAGES/processui.mo
drwxr-xr-x root/root         0 2022-05-20 17:44 usr/share/locale/ca@valencia/
drwxr-xr-x root/root         0 2022-05-20 17:44 usr/share/locale/ca@valencia/LC_MESSAGES/
-rw-r--r-- root/root      4034 2022-05-20 17:44 usr/share/locale/ca@valencia/LC_MESSAGES/KSysGuardSensorFaces.mo
-rw-r--r-- root/root     11108 2022-05-20 17:44 usr/share/locale/ca@valencia/LC_MESSAGES/ksgrd.mo
-rw-r--r-- root/root       859 2022-05-20 17:44 usr/share/locale/ca@valencia/LC_MESSAGES/ksysguard_face_org.kde.ksysguard.barchart.mo
-rw-r--r-- root/root       611 2022-05-20 17:44 usr/share/locale/ca@valencia/LC_MESSAGES/ksysguard_face_org.kde.ksysguard.facegrid.mo
-rw-r--r-- root/root      1254 2022-05-20 17:44 usr/share/locale/ca@valencia/LC_MESSAGES/ksysguard_face_org.kde.ksysguard.linechart.mo
-rw-r--r-- root/root       978 2022-05-20 17:44 usr/share/locale/ca@valencia/LC_MESSAGES/ksysguard_face_org.kde.ksysguard.piechart.mo
-rw-r--r-- root/root       585 2022-05-20 17:44 usr/share/locale/ca@valencia/LC_MESSAGES/ksysguard_face_org.kde.ksysguard.textonly.mo
-rw-r--r-- root/root      2517 2022-05-20 17:44 usr/share/locale/ca@valencia/LC_MESSAGES/ksysguard_sensors.mo
-rw-r--r-- root/root       764 2022-05-20 17:44 usr/share/locale/ca@valencia/LC_MESSAGES/ksysguardlsofwidgets.mo
-rw-r--r-- root/root      1798 2022-05-20 17:44 usr/share/locale/ca@valencia/LC_MESSAGES/processcore.mo
-rw-r--r-- root/root     68674 2022-05-20 17:44 usr/share/locale/ca@valencia/LC_MESSAGES/processui.mo
drwxr-xr-x root/root         0 2022-05-20 17:44 usr/share/locale/cs/
drwxr-xr-x root/root         0 2022-05-20 17:44 usr/share/locale/cs/LC_MESSAGES/
-rw-r--r-- root/root      2932 2022-05-20 17:44 usr/share/locale/cs/LC_MESSAGES/KSysGuardSensorFaces.mo
-rw-r--r-- root/root      9218 2022-05-20 17:44 usr/share/locale/cs/LC_MESSAGES/ksgrd.mo
-rw-r--r-- root/root       837 2022-05-20 17:44 usr/share/locale/cs/LC_MESSAGES/ksysguard_face_org.kde.ksysguard.barchart.mo
-rw-r--r-- root/root       620 2022-05-20 17:44 usr/share/locale/cs/LC_MESSAGES/ksysguard_face_org.kde.ksysguard.facegrid.mo
-rw-r--r-- root/root      1225 2022-05-20 17:44 usr/share/locale/cs/LC_MESSAGES/ksysguard_face_org.kde.ksysguard.linechart.mo
-rw-r--r-- root/root       965 2022-05-20 17:44 usr/share/locale/cs/LC_MESSAGES/ksysguard_face_org.kde.ksysguard.piechart.mo
-rw-r--r-- root/root       595 2022-05-20 17:44 usr/share/locale/cs/LC_MESSAGES/ksysguard_face_org.kde.ksysguard.textonly.mo
-rw-r--r-- root/root       737 2022-05-20 17:44 usr/share/locale/cs/LC_MESSAGES/ksysguardlsofwidgets.mo
-rw-r--r-- root/root      4168 2022-05-20 17:44 usr/share/locale/cs/LC_MESSAGES/processcore.mo
-rw-r--r-- root/root     19788 2022-05-20 17:44 usr/share/locale/cs/LC_MESSAGES/processui.mo
drwxr-xr-x root/root         0 2022-05-20 17:44 usr/share/locale/csb/
drwxr-xr-x root/root         0 2022-05-20 17:44 usr/share/locale/csb/LC_MESSAGES/
-rw-r--r-- root/root      1661 2022-05-20 17:44 usr/share/locale/csb/LC_MESSAGES/processcore.mo
-rw-r--r-- root/root     32194 2022-05-20 17:44 usr/share/locale/csb/LC_MESSAGES/processui.mo
drwxr-xr-x root/root         0 2022-05-20 17:44 usr/share/locale/da/
drwxr-xr-x root/root         0 2022-05-20 17:44 usr/share/locale/da/LC_MESSAGES/
-rw-r--r-- root/root      9821 2022-05-20 17:44 usr/share/locale/da/LC_MESSAGES/ksgrd.mo
-rw-r--r-- root/root       486 2022-05-20 17:44 usr/share/locale/da/LC_MESSAGES/ksysguard_face_org.kde.ksysguard.barchart.mo
-rw-r--r-- root/root       497 2022-05-20 17:44 usr/share/locale/da/LC_MESSAGES/ksysguard_face_org.kde.ksysguard.linechart.mo
-rw-r--r-- root/root       518 2022-05-20 17:44 usr/share/locale/da/LC_MESSAGES/ksysguard_face_org.kde.ksysguard.piechart.mo
-rw-r--r-- root/root       705 2022-05-20 17:44 usr/share/locale/da/LC_MESSAGES/ksysguardlsofwidgets.mo
-rw-r--r-- root/root      1727 2022-05-20 17:44 usr/share/locale/da/LC_MESSAGES/processcore.mo
-rw-r--r-- root/root     64047 2022-05-20 17:44 usr/share/locale/da/LC_MESSAGES/processui.mo
drwxr-xr-x root/root         0 2022-05-20 17:44 usr/share/locale/de/
drwxr-xr-x root/root         0 2022-05-20 17:44 usr/share/locale/de/LC_MESSAGES/
-rw-r--r-- root/root      2164 2022-05-20 17:44 usr/share/locale/de/LC_MESSAGES/KSysGuardSensorFaces.mo
-rw-r--r-- root/root     10192 2022-05-20 17:44 usr/share/locale/de/LC_MESSAGES/ksgrd.mo
-rw-r--r-- root/root       792 2022-05-20 17:44 usr/share/locale/de/LC_MESSAGES/ksysguard_face_org.kde.ksysguard.barchart.mo
-rw-r--r-- root/root       601 2022-05-20 17:44 usr/share/locale/de/LC_MESSAGES/ksysguard_face_org.kde.ksysguard.facegrid.mo
-rw-r--r-- root/root       944 2022-05-20 17:44 usr/share/locale/de/LC_MESSAGES/ksysguard_face_org.kde.ksysguard.linechart.mo
-rw-r--r-- root/root       732 2022-05-20 17:44 usr/share/locale/de/LC_MESSAGES/ksysguard_face_org.kde.ksysguard.piechart.mo
-rw-r--r-- root/root       448 2022-05-20 17:44 usr/share/locale/de/LC_MESSAGES/ksysguard_face_org.kde.ksysguard.textonly.mo
-rw-r--r-- root/root       684 2022-05-20 17:44 usr/share/locale/de/LC_MESSAGES/ksysguardlsofwidgets.mo
-rw-r--r-- root/root      5620 2022-05-20 17:44 usr/share/locale/de/LC_MESSAGES/processcore.mo
-rw-r--r-- root/root     65986 2022-05-20 17:44 usr/share/locale/de/LC_MESSAGES/processui.mo
drwxr-xr-x root/root         0 2022-05-20 17:44 usr/share/locale/el/
drwxr-xr-x root/root         0 2022-05-20 17:44 usr/share/locale/el/LC_MESSAGES/
-rw-r--r-- root/root     11391 2022-05-20 17:44 usr/share/locale/el/LC_MESSAGES/ksgrd.mo
-rw-r--r-- root/root       761 2022-05-20 17:44 usr/share/locale/el/LC_MESSAGES/ksysguardlsofwidgets.mo
-rw-r--r-- root/root      2037 2022-05-20 17:44 usr/share/locale/el/LC_MESSAGES/processcore.mo
-rw-r--r-- root/root     78755 2022-05-20 17:44 usr/share/locale/el/LC_MESSAGES/processui.mo
drwxr-xr-x root/root         0 2022-05-20 17:44 usr/share/locale/en_GB/
drwxr-xr-x root/root         0 2022-05-20 17:44 usr/share/locale/en_GB/LC_MESSAGES/
-rw-r--r-- root/root      3721 2022-05-20 17:44 usr/share/locale/en_GB/LC_MESSAGES/KSysGuardSensorFaces.mo
-rw-r--r-- root/root     10109 2022-05-20 17:44 usr/share/locale/en_GB/LC_MESSAGES/ksgrd.mo
-rw-r--r-- root/root       808 2022-05-20 17:44 usr/share/locale/en_GB/LC_MESSAGES/ksysguard_face_org.kde.ksysguard.barchart.mo
-rw-r--r-- root/root       617 2022-05-20 17:44 usr/share/locale/en_GB/LC_MESSAGES/ksysguard_face_org.kde.ksysguard.facegrid.mo
-rw-r--r-- root/root      1181 2022-05-20 17:44 usr/share/locale/en_GB/LC_MESSAGES/ksysguard_face_org.kde.ksysguard.linechart.mo
-rw-r--r-- root/root       942 2022-05-20 17:44 usr/share/locale/en_GB/LC_MESSAGES/ksysguard_face_org.kde.ksysguard.piechart.mo
-rw-r--r-- root/root       600 2022-05-20 17:44 usr/share/locale/en_GB/LC_MESSAGES/ksysguard_face_org.kde.ksysguard.textonly.mo
-rw-r--r-- root/root       688 2022-05-20 17:44 usr/share/locale/en_GB/LC_MESSAGES/ksysguardlsofwidgets.mo
-rw-r--r-- root/root      9636 2022-05-20 17:44 usr/share/locale/en_GB/LC_MESSAGES/processcore.mo
-rw-r--r-- root/root     65720 2022-05-20 17:44 usr/share/locale/en_GB/LC_MESSAGES/processui.mo
drwxr-xr-x root/root         0 2022-05-20 17:44 usr/share/locale/eo/
drwxr-xr-x root/root         0 2022-05-20 17:44 usr/share/locale/eo/LC_MESSAGES/
-rw-r--r-- root/root       716 2022-05-20 17:44 usr/share/locale/eo/LC_MESSAGES/ksysguardlsofwidgets.mo
-rw-r--r-- root/root      1581 2022-05-20 17:44 usr/share/locale/eo/LC_MESSAGES/processcore.mo
-rw-r--r-- root/root     29590 2022-05-20 17:44 usr/share/locale/eo/LC_MESSAGES/processui.mo
drwxr-xr-x root/root         0 2022-05-20 17:44 usr/share/locale/es/
drwxr-xr-x root/root         0 2022-05-20 17:44 usr/share/locale/es/LC_MESSAGES/
-rw-r--r-- root/root      4067 2022-05-20 17:44 usr/share/locale/es/LC_MESSAGES/KSysGuardSensorFaces.mo
-rw-r--r-- root/root     10951 2022-05-20 17:44 usr/share/locale/es/LC_MESSAGES/ksgrd.mo
-rw-r--r-- root/root       848 2022-05-20 17:44 usr/share/locale/es/LC_MESSAGES/ksysguard_face_org.kde.ksysguard.barchart.mo
-rw-r--r-- root/root       607 2022-05-20 17:44 usr/share/locale/es/LC_MESSAGES/ksysguard_face_org.kde.ksysguard.facegrid.mo
-rw-r--r-- root/root      1251 2022-05-20 17:44 usr/share/locale/es/LC_MESSAGES/ksysguard_face_org.kde.ksysguard.linechart.mo
-rw-r--r-- root/root       973 2022-05-20 17:44 usr/share/locale/es/LC_MESSAGES/ksysguard_face_org.kde.ksysguard.piechart.mo
-rw-r--r-- root/root       592 2022-05-20 17:44 usr/share/locale/es/LC_MESSAGES/ksysguard_face_org.kde.ksysguard.textonly.mo
-rw-r--r-- root/root      2558 2022-05-20 17:44 usr/share/locale/es/LC_MESSAGES/ksysguard_sensors.mo
-rw-r--r-- root/root       724 2022-05-20 17:44 usr/share/locale/es/LC_MESSAGES/ksysguardlsofwidgets.mo
-rw-r--r-- root/root     10420 2022-05-20 17:44 usr/share/locale/es/LC_MESSAGES/processcore.mo
-rw-r--r-- root/root     68456 2022-05-20 17:44 usr/share/locale/es/LC_MESSAGES/processui.mo
drwxr-xr-x root/root         0 2022-05-20 17:44 usr/share/locale/et/
drwxr-xr-x root/root         0 2022-05-20 17:44 usr/share/locale/et/LC_MESSAGES/
-rw-r--r-- root/root      2810 2022-05-20 17:44 usr/share/locale/et/LC_MESSAGES/KSysGuardSensorFaces.mo
-rw-r--r-- root/root     10421 2022-05-20 17:44 usr/share/locale/et/LC_MESSAGES/ksgrd.mo
-rw-r--r-- root/root       814 2022-05-20 17:44 usr/share/locale/et/LC_MESSAGES/ksysguard_face_org.kde.ksysguard.barchart.mo
-rw-r--r-- root/root      1041 2022-05-20 17:44 usr/share/locale/et/LC_MESSAGES/ksysguard_face_org.kde.ksysguard.linechart.mo
-rw-r--r-- root/root       821 2022-05-20 17:44 usr/share/locale/et/LC_MESSAGES/ksysguard_face_org.kde.ksysguard.piechart.mo
-rw-r--r-- root/root       427 2022-05-20 17:44 usr/share/locale/et/LC_MESSAGES/ksysguard_face_org.kde.ksysguard.textonly.mo
-rw-r--r-- root/root       701 2022-05-20 17:44 usr/share/locale/et/LC_MESSAGES/ksysguardlsofwidgets.mo
-rw-r--r-- root/root      9420 2022-05-20 17:44 usr/share/locale/et/LC_MESSAGES/processcore.mo
-rw-r--r-- root/root     66022 2022-05-20 17:44 usr/share/locale/et/LC_MESSAGES/processui.mo
drwxr-xr-x root/root         0 2022-05-20 17:44 usr/share/locale/eu/
drwxr-xr-x root/root         0 2022-05-20 17:44 usr/share/locale/eu/LC_MESSAGES/
-rw-r--r-- root/root      3847 2022-05-20 17:44 usr/share/locale/eu/LC_MESSAGES/KSysGuardSensorFaces.mo
-rw-r--r-- root/root     10756 2022-05-20 17:44 usr/share/locale/eu/LC_MESSAGES/ksgrd.mo
-rw-r--r-- root/root       836 2022-05-20 17:44 usr/share/locale/eu/LC_MESSAGES/ksysguard_face_org.kde.ksysguard.barchart.mo
-rw-r--r-- root/root       606 2022-05-20 17:44 usr/share/locale/eu/LC_MESSAGES/ksysguard_face_org.kde.ksysguard.facegrid.mo
-rw-r--r-- root/root      1232 2022-05-20 17:44 usr/share/locale/eu/LC_MESSAGES/ksysguard_face_org.kde.ksysguard.linechart.mo
-rw-r--r-- root/root       832 2022-05-20 17:44 usr/share/locale/eu/LC_MESSAGES/ksysguard_face_org.kde.ksysguard.piechart.mo
-rw-r--r-- root/root       594 2022-05-20 17:44 usr/share/locale/eu/LC_MESSAGES/ksysguard_face_org.kde.ksysguard.textonly.mo
-rw-r--r-- root/root       734 2022-05-20 17:44 usr/share/locale/eu/LC_MESSAGES/ksysguardlsofwidgets.mo
-rw-r--r-- root/root     10085 2022-05-20 17:44 usr/share/locale/eu/LC_MESSAGES/processcore.mo
-rw-r--r-- root/root     68399 2022-05-20 17:44 usr/share/locale/eu/LC_MESSAGES/processui.mo
drwxr-xr-x root/root         0 2022-05-20 17:44 usr/share/locale/fa/
drwxr-xr-x root/root         0 2022-05-20 17:44 usr/share/locale/fa/LC_MESSAGES/
-rw-r--r-- root/root      1652 2022-05-20 17:44 usr/share/locale/fa/LC_MESSAGES/processcore.mo
-rw-r--r-- root/root       408 2022-05-20 17:44 usr/share/locale/fa/LC_MESSAGES/processui.mo
drwxr-xr-x root/root         0 2022-05-20 17:44 usr/share/locale/fi/
drwxr-xr-x root/root         0 2022-05-20 17:44 usr/share/locale/fi/LC_MESSAGES/
-rw-r--r-- root/root      3790 2022-05-20 17:44 usr/share/locale/fi/LC_MESSAGES/KSysGuardSensorFaces.mo
-rw-r--r-- root/root     10766 2022-05-20 17:44 usr/share/locale/fi/LC_MESSAGES/ksgrd.mo
-rw-r--r-- root/root       835 2022-05-20 17:44 usr/share/locale/fi/LC_MESSAGES/ksysguard_face_org.kde.ksysguard.barchart.mo
-rw-r--r-- root/root       612 2022-05-20 17:44 usr/share/locale/fi/LC_MESSAGES/ksysguard_face_org.kde.ksysguard.facegrid.mo
-rw-r--r-- root/root      1221 2022-05-20 17:44 usr/share/locale/fi/LC_MESSAGES/ksysguard_face_org.kde.ksysguard.linechart.mo
-rw-r--r-- root/root       957 2022-05-20 17:44 usr/share/locale/fi/LC_MESSAGES/ksysguard_face_org.kde.ksysguard.piechart.mo
-rw-r--r-- root/root       579 2022-05-20 17:44 usr/share/locale/fi/LC_MESSAGES/ksysguard_face_org.kde.ksysguard.textonly.mo
-rw-r--r-- root/root       814 2022-05-20 17:44 usr/share/locale/fi/LC_MESSAGES/ksysguardlsofwidgets.mo
-rw-r--r-- root/root     10031 2022-05-20 17:44 usr/share/locale/fi/LC_MESSAGES/processcore.mo
-rw-r--r-- root/root     67703 2022-05-20 17:44 usr/share/locale/fi/LC_MESSAGES/processui.mo
drwxr-xr-x root/root         0 2022-05-20 17:44 usr/share/locale/fr/
drwxr-xr-x root/root         0 2022-05-20 17:44 usr/share/locale/fr/LC_MESSAGES/
-rw-r--r-- root/root      4197 2022-05-20 17:44 usr/share/locale/fr/LC_MESSAGES/KSysGuardSensorFaces.mo
-rw-r--r-- root/root     11277 2022-05-20 17:44 usr/share/locale/fr/LC_MESSAGES/ksgrd.mo
-rw-r--r-- root/root       860 2022-05-20 17:44 usr/share/locale/fr/LC_MESSAGES/ksysguard_face_org.kde.ksysguard.barchart.mo
-rw-r--r-- root/root       616 2022-05-20 17:44 usr/share/locale/fr/LC_MESSAGES/ksysguard_face_org.kde.ksysguard.facegrid.mo
-rw-r--r-- root/root      1283 2022-05-20 17:44 usr/share/locale/fr/LC_MESSAGES/ksysguard_face_org.kde.ksysguard.linechart.mo
-rw-r--r-- root/root       987 2022-05-20 17:44 usr/share/locale/fr/LC_MESSAGES/ksysguard_face_org.kde.ksysguard.piechart.mo
-rw-r--r-- root/root       605 2022-05-20 17:44 usr/share/locale/fr/LC_MESSAGES/ksysguard_face_org.kde.ksysguard.textonly.mo
-rw-r--r-- root/root      2663 2022-05-20 17:44 usr/share/locale/fr/LC_MESSAGES/ksysguard_sensors.mo
-rw-r--r-- root/root       769 2022-05-20 17:44 usr/share/locale/fr/LC_MESSAGES/ksysguardlsofwidgets.mo
-rw-r--r-- root/root     11149 2022-05-20 17:44 usr/share/locale/fr/LC_MESSAGES/processcore.mo
-rw-r--r-- root/root     72250 2022-05-20 17:44 usr/share/locale/fr/LC_MESSAGES/processui.mo
drwxr-xr-x root/root         0 2022-05-20 17:44 usr/share/locale/fy/
drwxr-xr-x root/root         0 2022-05-20 17:44 usr/share/locale/fy/LC_MESSAGES/
-rw-r--r-- root/root       706 2022-05-20 17:44 usr/share/locale/fy/LC_MESSAGES/ksysguardlsofwidgets.mo
-rw-r--r-- root/root       755 2022-05-20 17:44 usr/share/locale/fy/LC_MESSAGES/processcore.mo
-rw-r--r-- root/root      1288 2022-05-20 17:44 usr/share/locale/fy/LC_MESSAGES/processui.mo
drwxr-xr-x root/root         0 2022-05-20 17:44 usr/share/locale/ga/
drwxr-xr-x root/root         0 2022-05-20 17:44 usr/share/locale/ga/LC_MESSAGES/
-rw-r--r-- root/root       751 2022-05-20 17:44 usr/share/locale/ga/LC_MESSAGES/ksysguardlsofwidgets.mo
-rw-r--r-- root/root      1823 2022-05-20 17:44 usr/share/locale/ga/LC_MESSAGES/processcore.mo
-rw-r--r-- root/root     35493 2022-05-20 17:44 usr/share/locale/ga/LC_MESSAGES/processui.mo
drwxr-xr-x root/root         0 2022-05-20 17:44 usr/share/locale/gl/
drwxr-xr-x root/root         0 2022-05-20 17:44 usr/share/locale/gl/LC_MESSAGES/
-rw-r--r-- root/root     10415 2022-05-20 17:44 usr/share/locale/gl/LC_MESSAGES/ksgrd.mo
-rw-r--r-- root/root       716 2022-05-20 17:44 usr/share/locale/gl/LC_MESSAGES/ksysguardlsofwidgets.mo
-rw-r--r-- root/root      1784 2022-05-20 17:44 usr/share/locale/gl/LC_MESSAGES/processcore.mo
-rw-r--r-- root/root     67775 2022-05-20 17:44 usr/share/locale/gl/LC_MESSAGES/processui.mo
drwxr-xr-x root/root         0 2022-05-20 17:44 usr/share/locale/gu/
drwxr-xr-x root/root         0 2022-05-20 17:44 usr/share/locale/gu/LC_MESSAGES/
-rw-r--r-- root/root       786 2022-05-20 17:44 usr/share/locale/gu/LC_MESSAGES/ksysguardlsofwidgets.mo
-rw-r--r-- root/root      2154 2022-05-20 17:44 usr/share/locale/gu/LC_MESSAGES/processcore.mo
-rw-r--r-- root/root     11025 2022-05-20 17:44 usr/share/locale/gu/LC_MESSAGES/processui.mo
drwxr-xr-x root/root         0 2022-05-20 17:44 usr/share/locale/he/
drwxr-xr-x root/root         0 2022-05-20 17:44 usr/share/locale/he/LC_MESSAGES/
-rw-r--r-- root/root      2515 2022-05-20 17:44 usr/share/locale/he/LC_MESSAGES/ksgrd.mo
-rw-r--r-- root/root       756 2022-05-20 17:44 usr/share/locale/he/LC_MESSAGES/ksysguardlsofwidgets.mo
-rw-r--r-- root/root      1870 2022-05-20 17:44 usr/share/locale/he/LC_MESSAGES/processcore.mo
-rw-r--r-- root/root     15992 2022-05-20 17:44 usr/share/locale/he/LC_MESSAGES/processui.mo
drwxr-xr-x root/root         0 2022-05-20 17:44 usr/share/locale/hi/
drwxr-xr-x root/root         0 2022-05-20 17:44 usr/share/locale/hi/LC_MESSAGES/
-rw-r--r-- root/root       761 2022-05-20 17:44 usr/share/locale/hi/LC_MESSAGES/ksysguardlsofwidgets.mo
-rw-r--r-- root/root      1971 2022-05-20 17:44 usr/share/locale/hi/LC_MESSAGES/processcore.mo
-rw-r--r-- root/root     11314 2022-05-20 17:44 usr/share/locale/hi/LC_MESSAGES/processui.mo
drwxr-xr-x root/root         0 2022-05-20 17:44 usr/share/locale/hne/
drwxr-xr-x root/root         0 2022-05-20 17:44 usr/share/locale/hne/LC_MESSAGES/
-rw-r--r-- root/root      1972 2022-05-20 17:44 usr/share/locale/hne/LC_MESSAGES/processcore.mo
drwxr-xr-x root/root         0 2022-05-20 17:44 usr/share/locale/hr/
drwxr-xr-x root/root         0 2022-05-20 17:44 usr/share/locale/hr/LC_MESSAGES/
-rw-r--r-- root/root       821 2022-05-20 17:44 usr/share/locale/hr/LC_MESSAGES/ksysguardlsofwidgets.mo
-rw-r--r-- root/root      1959 2022-05-20 17:44 usr/share/locale/hr/LC_MESSAGES/processcore.mo
-rw-r--r-- root/root     47122 2022-05-20 17:44 usr/share/locale/hr/LC_MESSAGES/processui.mo
drwxr-xr-x root/root         0 2022-05-20 17:44 usr/share/locale/hsb/
drwxr-xr-x root/root         0 2022-05-20 17:44 usr/share/locale/hsb/LC_MESSAGES/
-rw-r--r-- root/root       513 2022-05-20 17:44 usr/share/locale/hsb/LC_MESSAGES/ksysguardlsofwidgets.mo
-rw-r--r-- root/root       475 2022-05-20 17:44 usr/share/locale/hsb/LC_MESSAGES/processcore.mo
-rw-r--r-- root/root      1727 2022-05-20 17:44 usr/share/locale/hsb/LC_MESSAGES/processui.mo
drwxr-xr-x root/root         0 2022-05-20 17:44 usr/share/locale/hu/
drwxr-xr-x root/root         0 2022-05-20 17:44 usr/share/locale/hu/LC_MESSAGES/
-rw-r--r-- root/root      4020 2022-05-20 17:44 usr/share/locale/hu/LC_MESSAGES/KSysGuardSensorFaces.mo
-rw-r--r-- root/root     10877 2022-05-20 17:44 usr/share/locale/hu/LC_MESSAGES/ksgrd.mo
-rw-r--r-- root/root       869 2022-05-20 17:44 usr/share/locale/hu/LC_MESSAGES/ksysguard_face_org.kde.ksysguard.barchart.mo
-rw-r--r-- root/root       609 2022-05-20 17:44 usr/share/locale/hu/LC_MESSAGES/ksysguard_face_org.kde.ksysguard.facegrid.mo
-rw-r--r-- root/root      1271 2022-05-20 17:44 usr/share/locale/hu/LC_MESSAGES/ksysguard_face_org.kde.ksysguard.linechart.mo
-rw-r--r-- root/root       960 2022-05-20 17:44 usr/share/locale/hu/LC_MESSAGES/ksysguard_face_org.kde.ksysguard.piechart.mo
-rw-r--r-- root/root       604 2022-05-20 17:44 usr/share/locale/hu/LC_MESSAGES/ksysguard_face_org.kde.ksysguard.textonly.mo
-rw-r--r-- root/root       679 2022-05-20 17:44 usr/share/locale/hu/LC_MESSAGES/ksysguardlsofwidgets.mo
-rw-r--r-- root/root     10282 2022-05-20 17:44 usr/share/locale/hu/LC_MESSAGES/processcore.mo
-rw-r--r-- root/root     68396 2022-05-20 17:44 usr/share/locale/hu/LC_MESSAGES/processui.mo
drwxr-xr-x root/root         0 2022-05-20 17:44 usr/share/locale/ia/
drwxr-xr-x root/root         0 2022-05-20 17:44 usr/share/locale/ia/LC_MESSAGES/
-rw-r--r-- root/root      2493 2022-05-20 17:44 usr/share/locale/ia/LC_MESSAGES/KSysGuardSensorFaces.mo
-rw-r--r-- root/root      9931 2022-05-20 17:44 usr/share/locale/ia/LC_MESSAGES/ksgrd.mo
-rw-r--r-- root/root       819 2022-05-20 17:44 usr/share/locale/ia/LC_MESSAGES/ksysguard_face_org.kde.ksysguard.barchart.mo
-rw-r--r-- root/root       602 2022-05-20 17:44 usr/share/locale/ia/LC_MESSAGES/ksysguard_face_org.kde.ksysguard.facegrid.mo
-rw-r--r-- root/root       905 2022-05-20 17:44 usr/share/locale/ia/LC_MESSAGES/ksysguard_face_org.kde.ksysguard.linechart.mo
-rw-r--r-- root/root       820 2022-05-20 17:44 usr/share/locale/ia/LC_MESSAGES/ksysguard_face_org.kde.ksysguard.piechart.mo
-rw-r--r-- root/root       579 2022-05-20 17:44 usr/share/locale/ia/LC_MESSAGES/ksysguard_face_org.kde.ksysguard.textonly.mo
-rw-r--r-- root/root       694 2022-05-20 17:44 usr/share/locale/ia/LC_MESSAGES/ksysguardlsofwidgets.mo
-rw-r--r-- root/root      6504 2022-05-20 17:44 usr/share/locale/ia/LC_MESSAGES/processcore.mo
-rw-r--r-- root/root     65752 2022-05-20 17:44 usr/share/locale/ia/LC_MESSAGES/processui.mo
drwxr-xr-x root/root         0 2022-05-20 17:44 usr/share/locale/id/
drwxr-xr-x root/root         0 2022-05-20 17:44 usr/share/locale/id/LC_MESSAGES/
-rw-r--r-- root/root      9749 2022-05-20 17:44 usr/share/locale/id/LC_MESSAGES/ksgrd.mo
-rw-r--r-- root/root       666 2022-05-20 17:44 usr/share/locale/id/LC_MESSAGES/ksysguardlsofwidgets.mo
-rw-r--r-- root/root      1722 2022-05-20 17:44 usr/share/locale/id/LC_MESSAGES/processcore.mo
-rw-r--r-- root/root     66760 2022-05-20 17:44 usr/share/locale/id/LC_MESSAGES/processui.mo
drwxr-xr-x root/root         0 2022-05-20 17:44 usr/share/locale/is/
drwxr-xr-x root/root         0 2022-05-20 17:44 usr/share/locale/is/LC_MESSAGES/
-rw-r--r-- root/root       726 2022-05-20 17:44 usr/share/locale/is/LC_MESSAGES/ksysguardlsofwidgets.mo
-rw-r--r-- root/root      1832 2022-05-20 17:44 usr/share/locale/is/LC_MESSAGES/processcore.mo
-rw-r--r-- root/root      2212 2022-05-20 17:44 usr/share/locale/is/LC_MESSAGES/processui.mo
drwxr-xr-x root/root         0 2022-05-20 17:44 usr/share/locale/it/
drwxr-xr-x root/root         0 2022-05-20 17:44 usr/share/locale/it/LC_MESSAGES/
-rw-r--r-- root/root      4008 2022-05-20 17:44 usr/share/locale/it/LC_MESSAGES/KSysGuardSensorFaces.mo
-rw-r--r-- root/root     10910 2022-05-20 17:44 usr/share/locale/it/LC_MESSAGES/ksgrd.mo
-rw-r--r-- root/root       828 2022-05-20 17:44 usr/share/locale/it/LC_MESSAGES/ksysguard_face_org.kde.ksysguard.barchart.mo
-rw-r--r-- root/root       608 2022-05-20 17:44 usr/share/locale/it/LC_MESSAGES/ksysguard_face_org.kde.ksysguard.facegrid.mo
-rw-r--r-- root/root      1225 2022-05-20 17:44 usr/share/locale/it/LC_MESSAGES/ksysguard_face_org.kde.ksysguard.linechart.mo
-rw-r--r-- root/root       948 2022-05-20 17:44 usr/share/locale/it/LC_MESSAGES/ksysguard_face_org.kde.ksysguard.piechart.mo
-rw-r--r-- root/root       582 2022-05-20 17:44 usr/share/locale/it/LC_MESSAGES/ksysguard_face_org.kde.ksysguard.textonly.mo
-rw-r--r-- root/root       691 2022-05-20 17:44 usr/share/locale/it/LC_MESSAGES/ksysguardlsofwidgets.mo
-rw-r--r-- root/root     10324 2022-05-20 17:44 usr/share/locale/it/LC_MESSAGES/processcore.mo
-rw-r--r-- root/root     68497 2022-05-20 17:44 usr/share/locale/it/LC_MESSAGES/processui.mo
drwxr-xr-x root/root         0 2022-05-20 17:44 usr/share/locale/ja/
drwxr-xr-x root/root         0 2022-05-20 17:44 usr/share/locale/ja/LC_MESSAGES/
-rw-r--r-- root/root      1161 2022-05-20 17:44 usr/share/locale/ja/LC_MESSAGES/KSysGuardSensorFaces.mo
-rw-r--r-- root/root      3473 2022-05-20 17:44 usr/share/locale/ja/LC_MESSAGES/ksgrd.mo
-rw-r--r-- root/root       467 2022-05-20 17:44 usr/share/locale/ja/LC_MESSAGES/ksysguard_face_org.kde.ksysguard.barchart.mo
-rw-r--r-- root/root       467 2022-05-20 17:44 usr/share/locale/ja/LC_MESSAGES/ksysguard_face_org.kde.ksysguard.linechart.mo
-rw-r--r-- root/root       788 2022-05-20 17:44 usr/share/locale/ja/LC_MESSAGES/ksysguard_face_org.kde.ksysguard.piechart.mo
-rw-r--r-- root/root       467 2022-05-20 17:44 usr/share/locale/ja/LC_MESSAGES/ksysguard_face_org.kde.ksysguard.textonly.mo
-rw-r--r-- root/root       762 2022-05-20 17:44 usr/share/locale/ja/LC_MESSAGES/ksysguardlsofwidgets.mo
-rw-r--r-- root/root      5998 2022-05-20 17:44 usr/share/locale/ja/LC_MESSAGES/processcore.mo
-rw-r--r-- root/root     19668 2022-05-20 17:44 usr/share/locale/ja/LC_MESSAGES/processui.mo
drwxr-xr-x root/root         0 2022-05-20 17:44 usr/share/locale/kk/
drwxr-xr-x root/root         0 2022-05-20 17:44 usr/share/locale/kk/LC_MESSAGES/
-rw-r--r-- root/root     10705 2022-05-20 17:44 usr/share/locale/kk/LC_MESSAGES/ksgrd.mo
-rw-r--r-- root/root       723 2022-05-20 17:44 usr/share/locale/kk/LC_MESSAGES/ksysguardlsofwidgets.mo
-rw-r--r-- root/root      1964 2022-05-20 17:44 usr/share/locale/kk/LC_MESSAGES/processcore.mo
-rw-r--r-- root/root     59360 2022-05-20 17:44 usr/share/locale/kk/LC_MESSAGES/processui.mo
drwxr-xr-x root/root         0 2022-05-20 17:44 usr/share/locale/km/
drwxr-xr-x root/root         0 2022-05-20 17:44 usr/share/locale/km/LC_MESSAGES/
-rw-r--r-- root/root       776 2022-05-20 17:44 usr/share/locale/km/LC_MESSAGES/ksysguardlsofwidgets.mo
-rw-r--r-- root/root      2154 2022-05-20 17:44 usr/share/locale/km/LC_MESSAGES/processcore.mo
-rw-r--r-- root/root     74060 2022-05-20 17:44 usr/share/locale/km/LC_MESSAGES/processui.mo
drwxr-xr-x root/root         0 2022-05-20 17:44 usr/share/locale/kn/
drwxr-xr-x root/root         0 2022-05-20 17:44 usr/share/locale/kn/LC_MESSAGES/
-rw-r--r-- root/root       772 2022-05-20 17:44 usr/share/locale/kn/LC_MESSAGES/ksysguardlsofwidgets.mo
drwxr-xr-x root/root         0 2022-05-20 17:44 usr/share/locale/ko/
drwxr-xr-x root/root         0 2022-05-20 17:44 usr/share/locale/ko/LC_MESSAGES/
-rw-r--r-- root/root      3764 2022-05-20 17:44 usr/share/locale/ko/LC_MESSAGES/KSysGuardSensorFaces.mo
-rw-r--r-- root/root     10454 2022-05-20 17:44 usr/share/locale/ko/LC_MESSAGES/ksgrd.mo
-rw-r--r-- root/root       785 2022-05-20 17:44 usr/share/locale/ko/LC_MESSAGES/ksysguard_face_org.kde.ksysguard.barchart.mo
-rw-r--r-- root/root       574 2022-05-20 17:44 usr/share/locale/ko/LC_MESSAGES/ksysguard_face_org.kde.ksysguard.facegrid.mo
-rw-r--r-- root/root      1159 2022-05-20 17:44 usr/share/locale/ko/LC_MESSAGES/ksysguard_face_org.kde.ksysguard.linechart.mo
-rw-r--r-- root/root       909 2022-05-20 17:44 usr/share/locale/ko/LC_MESSAGES/ksysguard_face_org.kde.ksysguard.piechart.mo
-rw-r--r-- root/root       573 2022-05-20 17:44 usr/share/locale/ko/LC_MESSAGES/ksysguard_face_org.kde.ksysguard.textonly.mo
-rw-r--r-- root/root      2559 2022-05-20 17:44 usr/share/locale/ko/LC_MESSAGES/ksysguard_sensors.mo
-rw-r--r-- root/root       713 2022-05-20 17:44 usr/share/locale/ko/LC_MESSAGES/ksysguardlsofwidgets.mo
-rw-r--r-- root/root     10409 2022-05-20 17:44 usr/share/locale/ko/LC_MESSAGES/processcore.mo
-rw-r--r-- root/root     68976 2022-05-20 17:44 usr/share/locale/ko/LC_MESSAGES/processui.mo
drwxr-xr-x root/root         0 2022-05-20 17:44 usr/share/locale/ku/
drwxr-xr-x root/root         0 2022-05-20 17:44 usr/share/locale/ku/LC_MESSAGES/
-rw-r--r-- root/root       775 2022-05-20 17:44 usr/share/locale/ku/LC_MESSAGES/ksysguardlsofwidgets.mo
-rw-r--r-- root/root      1572 2022-05-20 17:44 usr/share/locale/ku/LC_MESSAGES/processcore.mo
-rw-r--r-- root/root      3948 2022-05-20 17:44 usr/share/locale/ku/LC_MESSAGES/processui.mo
drwxr-xr-x root/root         0 2022-05-20 17:44 usr/share/locale/lt/
drwxr-xr-x root/root         0 2022-05-20 17:44 usr/share/locale/lt/LC_MESSAGES/
-rw-r--r-- root/root      4058 2022-05-20 17:44 usr/share/locale/lt/LC_MESSAGES/KSysGuardSensorFaces.mo
-rw-r--r-- root/root     11000 2022-05-20 17:44 usr/share/locale/lt/LC_MESSAGES/ksgrd.mo
-rw-r--r-- root/root       870 2022-05-20 17:44 usr/share/locale/lt/LC_MESSAGES/ksysguard_face_org.kde.ksysguard.barchart.mo
-rw-r--r-- root/root      1290 2022-05-20 17:44 usr/share/locale/lt/LC_MESSAGES/ksysguard_face_org.kde.ksysguard.linechart.mo
-rw-r--r-- root/root       996 2022-05-20 17:44 usr/share/locale/lt/LC_MESSAGES/ksysguard_face_org.kde.ksysguard.piechart.mo
-rw-r--r-- root/root       623 2022-05-20 17:44 usr/share/locale/lt/LC_MESSAGES/ksysguard_face_org.kde.ksysguard.textonly.mo
-rw-r--r-- root/root       819 2022-05-20 17:44 usr/share/locale/lt/LC_MESSAGES/ksysguardlsofwidgets.mo
-rw-r--r-- root/root     10326 2022-05-20 17:44 usr/share/locale/lt/LC_MESSAGES/processcore.mo
-rw-r--r-- root/root     69731 2022-05-20 17:44 usr/share/locale/lt/LC_MESSAGES/processui.mo
drwxr-xr-x root/root         0 2022-05-20 17:44 usr/share/locale/lv/
drwxr-xr-x root/root         0 2022-05-20 17:44 usr/share/locale/lv/LC_MESSAGES/
-rw-r--r-- root/root       758 2022-05-20 17:44 usr/share/locale/lv/LC_MESSAGES/ksysguardlsofwidgets.mo
-rw-r--r-- root/root      1855 2022-05-20 17:44 usr/share/locale/lv/LC_MESSAGES/processcore.mo
-rw-r--r-- root/root     52035 2022-05-20 17:44 usr/share/locale/lv/LC_MESSAGES/processui.mo
drwxr-xr-x root/root         0 2022-05-20 17:44 usr/share/locale/mai/
drwxr-xr-x root/root         0 2022-05-20 17:44 usr/share/locale/mai/LC_MESSAGES/
-rw-r--r-- root/root       787 2022-05-20 17:44 usr/share/locale/mai/LC_MESSAGES/ksysguardlsofwidgets.mo
-rw-r--r-- root/root      1932 2022-05-20 17:44 usr/share/locale/mai/LC_MESSAGES/processcore.mo
-rw-r--r-- root/root      7132 2022-05-20 17:44 usr/share/locale/mai/LC_MESSAGES/processui.mo
drwxr-xr-x root/root         0 2022-05-20 17:44 usr/share/locale/mk/
drwxr-xr-x root/root         0 2022-05-20 17:44 usr/share/locale/mk/LC_MESSAGES/
-rw-r--r-- root/root      1338 2022-05-20 17:44 usr/share/locale/mk/LC_MESSAGES/processcore.mo
-rw-r--r-- root/root       958 2022-05-20 17:44 usr/share/locale/mk/LC_MESSAGES/processui.mo
drwxr-xr-x root/root         0 2022-05-20 17:44 usr/share/locale/ml/
drwxr-xr-x root/root         0 2022-05-20 17:44 usr/share/locale/ml/LC_MESSAGES/
-rw-r--r-- root/root       514 2022-05-20 17:44 usr/share/locale/ml/LC_MESSAGES/ksgrd.mo
-rw-r--r-- root/root       905 2022-05-20 17:44 usr/share/locale/ml/LC_MESSAGES/ksysguardlsofwidgets.mo
-rw-r--r-- root/root      2328 2022-05-20 17:44 usr/share/locale/ml/LC_MESSAGES/processcore.mo
-rw-r--r-- root/root     23495 2022-05-20 17:44 usr/share/locale/ml/LC_MESSAGES/processui.mo
drwxr-xr-x root/root         0 2022-05-20 17:44 usr/share/locale/mr/
drwxr-xr-x root/root         0 2022-05-20 17:44 usr/share/locale/mr/LC_MESSAGES/
-rw-r--r-- root/root     11887 2022-05-20 17:44 usr/share/locale/mr/LC_MESSAGES/ksgrd.mo
-rw-r--r-- root/root       772 2022-05-20 17:44 usr/share/locale/mr/LC_MESSAGES/ksysguardlsofwidgets.mo
-rw-r--r-- root/root      2144 2022-05-20 17:44 usr/share/locale/mr/LC_MESSAGES/processcore.mo
-rw-r--r-- root/root     13920 2022-05-20 17:44 usr/share/locale/mr/LC_MESSAGES/processui.mo
drwxr-xr-x root/root         0 2022-05-20 17:44 usr/share/locale/ms/
drwxr-xr-x root/root         0 2022-05-20 17:44 usr/share/locale/ms/LC_MESSAGES/
-rw-r--r-- root/root       722 2022-05-20 17:44 usr/share/locale/ms/LC_MESSAGES/ksysguardlsofwidgets.mo
-rw-r--r-- root/root      1772 2022-05-20 17:44 usr/share/locale/ms/LC_MESSAGES/processcore.mo
-rw-r--r-- root/root      1798 2022-05-20 17:44 usr/share/locale/ms/LC_MESSAGES/processui.mo
drwxr-xr-x root/root         0 2022-05-20 17:44 usr/share/locale/nb/
drwxr-xr-x root/root         0 2022-05-20 17:44 usr/share/locale/nb/LC_MESSAGES/
-rw-r--r-- root/root      8551 2022-05-20 17:44 usr/share/locale/nb/LC_MESSAGES/ksgrd.mo
-rw-r--r-- root/root       799 2022-05-20 17:44 usr/share/locale/nb/LC_MESSAGES/ksysguardlsofwidgets.mo
-rw-r--r-- root/root      1804 2022-05-20 17:44 usr/share/locale/nb/LC_MESSAGES/processcore.mo
-rw-r--r-- root/root     50719 2022-05-20 17:44 usr/share/locale/nb/LC_MESSAGES/processui.mo
drwxr-xr-x root/root         0 2022-05-20 17:44 usr/share/locale/nds/
drwxr-xr-x root/root         0 2022-05-20 17:44 usr/share/locale/nds/LC_MESSAGES/
-rw-r--r-- root/root      8576 2022-05-20 17:44 usr/share/locale/nds/LC_MESSAGES/ksgrd.mo
-rw-r--r-- root/root       709 2022-05-20 17:44 usr/share/locale/nds/LC_MESSAGES/ksysguardlsofwidgets.mo
-rw-r--r-- root/root      1757 2022-05-20 17:44 usr/share/locale/nds/LC_MESSAGES/processcore.mo
-rw-r--r-- root/root     50713 2022-05-20 17:44 usr/share/locale/nds/LC_MESSAGES/processui.mo
drwxr-xr-x root/root         0 2022-05-20 17:44 usr/share/locale/ne/
drwxr-xr-x root/root         0 2022-05-20 17:44 usr/share/locale/ne/LC_MESSAGES/
-rw-r--r-- root/root      1777 2022-05-20 17:44 usr/share/locale/ne/LC_MESSAGES/processcore.mo
-rw-r--r-- root/root      2580 2022-05-20 17:44 usr/share/locale/ne/LC_MESSAGES/processui.mo
drwxr-xr-x root/root         0 2022-05-20 17:44 usr/share/locale/nl/
drwxr-xr-x root/root         0 2022-05-20 17:44 usr/share/locale/nl/LC_MESSAGES/
-rw-r--r-- root/root      3884 2022-05-20 17:44 usr/share/locale/nl/LC_MESSAGES/KSysGuardSensorFaces.mo
-rw-r--r-- root/root     10779 2022-05-20 17:44 usr/share/locale/nl/LC_MESSAGES/ksgrd.mo
-rw-r--r-- root/root       804 2022-05-20 17:44 usr/share/locale/nl/LC_MESSAGES/ksysguard_face_org.kde.ksysguard.barchart.mo
-rw-r--r-- root/root       571 2022-05-20 17:44 usr/share/locale/nl/LC_MESSAGES/ksysguard_face_org.kde.ksysguard.facegrid.mo
-rw-r--r-- root/root      1201 2022-05-20 17:44 usr/share/locale/nl/LC_MESSAGES/ksysguard_face_org.kde.ksysguard.linechart.mo
-rw-r--r-- root/root       915 2022-05-20 17:44 usr/share/locale/nl/LC_MESSAGES/ksysguard_face_org.kde.ksysguard.piechart.mo
-rw-r--r-- root/root       598 2022-05-20 17:44 usr/share/locale/nl/LC_MESSAGES/ksysguard_face_org.kde.ksysguard.textonly.mo
-rw-r--r-- root/root      2489 2022-05-20 17:44 usr/share/locale/nl/LC_MESSAGES/ksysguard_sensors.mo
-rw-r--r-- root/root       711 2022-05-20 17:44 usr/share/locale/nl/LC_MESSAGES/ksysguardlsofwidgets.mo
-rw-r--r-- root/root     10047 2022-05-20 17:44 usr/share/locale/nl/LC_MESSAGES/processcore.mo
-rw-r--r-- root/root     67513 2022-05-20 17:44 usr/share/locale/nl/LC_MESSAGES/processui.mo
drwxr-xr-x root/root         0 2022-05-20 17:44 usr/share/locale/nn/
drwxr-xr-x root/root         0 2022-05-20 17:44 usr/share/locale/nn/LC_MESSAGES/
-rw-r--r-- root/root      3881 2022-05-20 17:44 usr/share/locale/nn/LC_MESSAGES/KSysGuardSensorFaces.mo
-rw-r--r-- root/root     10299 2022-05-20 17:44 usr/share/locale/nn/LC_MESSAGES/ksgrd.mo
-rw-r--r-- root/root       888 2022-05-20 17:44 usr/share/locale/nn/LC_MESSAGES/ksysguard_face_org.kde.ksysguard.barchart.mo
-rw-r--r-- root/root      1308 2022-05-20 17:44 usr/share/locale/nn/LC_MESSAGES/ksysguard_face_org.kde.ksysguard.linechart.mo
-rw-r--r-- root/root       903 2022-05-20 17:44 usr/share/locale/nn/LC_MESSAGES/ksysguard_face_org.kde.ksysguard.piechart.mo
-rw-r--r-- root/root       662 2022-05-20 17:44 usr/share/locale/nn/LC_MESSAGES/ksysguard_face_org.kde.ksysguard.textonly.mo
-rw-r--r-- root/root       800 2022-05-20 17:44 usr/share/locale/nn/LC_MESSAGES/ksysguardlsofwidgets.mo
-rw-r--r-- root/root      9775 2022-05-20 17:44 usr/share/locale/nn/LC_MESSAGES/processcore.mo
-rw-r--r-- root/root     65978 2022-05-20 17:44 usr/share/locale/nn/LC_MESSAGES/processui.mo
drwxr-xr-x root/root         0 2022-05-20 17:44 usr/share/locale/oc/
drwxr-xr-x root/root         0 2022-05-20 17:44 usr/share/locale/oc/LC_MESSAGES/
-rw-r--r-- root/root       752 2022-05-20 17:44 usr/share/locale/oc/LC_MESSAGES/processcore.mo
-rw-r--r-- root/root       696 2022-05-20 17:44 usr/share/locale/oc/LC_MESSAGES/processui.mo
drwxr-xr-x root/root         0 2022-05-20 17:44 usr/share/locale/pa/
drwxr-xr-x root/root         0 2022-05-20 17:44 usr/share/locale/pa/LC_MESSAGES/
-rw-r--r-- root/root      6685 2022-05-20 17:44 usr/share/locale/pa/LC_MESSAGES/ksgrd.mo
-rw-r--r-- root/root       767 2022-05-20 17:44 usr/share/locale/pa/LC_MESSAGES/ksysguardlsofwidgets.mo
-rw-r--r-- root/root      1997 2022-05-20 17:44 usr/share/locale/pa/LC_MESSAGES/processcore.mo
-rw-r--r-- root/root     18623 2022-05-20 17:44 usr/share/locale/pa/LC_MESSAGES/processui.mo
drwxr-xr-x root/root         0 2022-05-20 17:44 usr/share/locale/pl/
drwxr-xr-x root/root         0 2022-05-20 17:44 usr/share/locale/pl/LC_MESSAGES/
-rw-r--r-- root/root      3897 2022-05-20 17:44 usr/share/locale/pl/LC_MESSAGES/KSysGuardSensorFaces.mo
-rw-r--r-- root/root     11238 2022-05-20 17:44 usr/share/locale/pl/LC_MESSAGES/ksgrd.mo
-rw-r--r-- root/root       888 2022-05-20 17:44 usr/share/locale/pl/LC_MESSAGES/ksysguard_face_org.kde.ksysguard.barchart.mo
-rw-r--r-- root/root       679 2022-05-20 17:44 usr/share/locale/pl/LC_MESSAGES/ksysguard_face_org.kde.ksysguard.facegrid.mo
-rw-r--r-- root/root      1297 2022-05-20 17:44 usr/share/locale/pl/LC_MESSAGES/ksysguard_face_org.kde.ksysguard.linechart.mo
-rw-r--r-- root/root      1021 2022-05-20 17:44 usr/share/locale/pl/LC_MESSAGES/ksysguard_face_org.kde.ksysguard.piechart.mo
-rw-r--r-- root/root       673 2022-05-20 17:44 usr/share/locale/pl/LC_MESSAGES/ksysguard_face_org.kde.ksysguard.textonly.mo
-rw-r--r-- root/root       766 2022-05-20 17:44 usr/share/locale/pl/LC_MESSAGES/ksysguardlsofwidgets.mo
-rw-r--r-- root/root     10561 2022-05-20 17:44 usr/share/locale/pl/LC_MESSAGES/processcore.mo
-rw-r--r-- root/root     68649 2022-05-20 17:44 usr/share/locale/pl/LC_MESSAGES/processui.mo
drwxr-xr-x root/root         0 2022-05-20 17:44 usr/share/locale/pt/
drwxr-xr-x root/root         0 2022-05-20 17:44 usr/share/locale/pt/LC_MESSAGES/
-rw-r--r-- root/root      4033 2022-05-20 17:44 usr/share/locale/pt/LC_MESSAGES/KSysGuardSensorFaces.mo
-rw-r--r-- root/root     11148 2022-05-20 17:44 usr/share/locale/pt/LC_MESSAGES/ksgrd.mo
-rw-r--r-- root/root       822 2022-05-20 17:44 usr/share/locale/pt/LC_MESSAGES/ksysguard_face_org.kde.ksysguard.barchart.mo
-rw-r--r-- root/root       592 2022-05-20 17:44 usr/share/locale/pt/LC_MESSAGES/ksysguard_face_org.kde.ksysguard.facegrid.mo
-rw-r--r-- root/root      1232 2022-05-20 17:44 usr/share/locale/pt/LC_MESSAGES/ksysguard_face_org.kde.ksysguard.linechart.mo
-rw-r--r-- root/root       942 2022-05-20 17:44 usr/share/locale/pt/LC_MESSAGES/ksysguard_face_org.kde.ksysguard.piechart.mo
-rw-r--r-- root/root       564 2022-05-20 17:44 usr/share/locale/pt/LC_MESSAGES/ksysguard_face_org.kde.ksysguard.textonly.mo
-rw-r--r-- root/root      2567 2022-05-20 17:44 usr/share/locale/pt/LC_MESSAGES/ksysguard_sensors.mo
-rw-r--r-- root/root      2067 2022-05-20 17:44 usr/share/locale/pt/LC_MESSAGES/ksysguardlsofwidgets.mo
-rw-r--r-- root/root     10514 2022-05-20 17:44 usr/share/locale/pt/LC_MESSAGES/processcore.mo
-rw-r--r-- root/root     69869 2022-05-20 17:44 usr/share/locale/pt/LC_MESSAGES/processui.mo
drwxr-xr-x root/root         0 2022-05-20 17:44 usr/share/locale/pt_BR/
drwxr-xr-x root/root         0 2022-05-20 17:44 usr/share/locale/pt_BR/LC_MESSAGES/
-rw-r--r-- root/root      4011 2022-05-20 17:44 usr/share/locale/pt_BR/LC_MESSAGES/KSysGuardSensorFaces.mo
-rw-r--r-- root/root     10923 2022-05-20 17:44 usr/share/locale/pt_BR/LC_MESSAGES/ksgrd.mo
-rw-r--r-- root/root       858 2022-05-20 17:44 usr/share/locale/pt_BR/LC_MESSAGES/ksysguard_face_org.kde.ksysguard.barchart.mo
-rw-r--r-- root/root       630 2022-05-20 17:44 usr/share/locale/pt_BR/LC_MESSAGES/ksysguard_face_org.kde.ksysguard.facegrid.mo
-rw-r--r-- root/root      1268 2022-05-20 17:44 usr/share/locale/pt_BR/LC_MESSAGES/ksysguard_face_org.kde.ksysguard.linechart.mo
-rw-r--r-- root/root       985 2022-05-20 17:44 usr/share/locale/pt_BR/LC_MESSAGES/ksysguard_face_org.kde.ksysguard.piechart.mo
-rw-r--r-- root/root       616 2022-05-20 17:44 usr/share/locale/pt_BR/LC_MESSAGES/ksysguard_face_org.kde.ksysguard.textonly.mo
-rw-r--r-- root/root       754 2022-05-20 17:44 usr/share/locale/pt_BR/LC_MESSAGES/ksysguardlsofwidgets.mo
-rw-r--r-- root/root      8486 2022-05-20 17:44 usr/share/locale/pt_BR/LC_MESSAGES/processcore.mo
-rw-r--r-- root/root     68482 2022-05-20 17:44 usr/share/locale/pt_BR/LC_MESSAGES/processui.mo
drwxr-xr-x root/root         0 2022-05-20 17:44 usr/share/locale/ro/
drwxr-xr-x root/root         0 2022-05-20 17:44 usr/share/locale/ro/LC_MESSAGES/
-rw-r--r-- root/root      3996 2022-05-20 17:44 usr/share/locale/ro/LC_MESSAGES/KSysGuardSensorFaces.mo
-rw-r--r-- root/root      8203 2022-05-20 17:44 usr/share/locale/ro/LC_MESSAGES/ksgrd.mo
-rw-r--r-- root/root       840 2022-05-20 17:44 usr/share/locale/ro/LC_MESSAGES/ksysguard_face_org.kde.ksysguard.barchart.mo
-rw-r--r-- root/root       619 2022-05-20 17:44 usr/share/locale/ro/LC_MESSAGES/ksysguard_face_org.kde.ksysguard.facegrid.mo
-rw-r--r-- root/root      1240 2022-05-20 17:44 usr/share/locale/ro/LC_MESSAGES/ksysguard_face_org.kde.ksysguard.linechart.mo
-rw-r--r-- root/root       993 2022-05-20 17:44 usr/share/locale/ro/LC_MESSAGES/ksysguard_face_org.kde.ksysguard.piechart.mo
-rw-r--r-- root/root       600 2022-05-20 17:44 usr/share/locale/ro/LC_MESSAGES/ksysguard_face_org.kde.ksysguard.textonly.mo
-rw-r--r-- root/root       729 2022-05-20 17:44 usr/share/locale/ro/LC_MESSAGES/ksysguardlsofwidgets.mo
-rw-r--r-- root/root      5268 2022-05-20 17:44 usr/share/locale/ro/LC_MESSAGES/processcore.mo
-rw-r--r-- root/root     44229 2022-05-20 17:44 usr/share/locale/ro/LC_MESSAGES/processui.mo
drwxr-xr-x root/root         0 2022-05-20 17:44 usr/share/locale/ru/
drwxr-xr-x root/root         0 2022-05-20 17:44 usr/share/locale/ru/LC_MESSAGES/
-rw-r--r-- root/root      1503 2022-05-20 17:44 usr/share/locale/ru/LC_MESSAGES/KSysGuardSensorFaces.mo
-rw-r--r-- root/root     13447 2022-05-20 17:44 usr/share/locale/ru/LC_MESSAGES/ksgrd.mo
-rw-r--r-- root/root       704 2022-05-20 17:44 usr/share/locale/ru/LC_MESSAGES/ksysguard_face_org.kde.ksysguard.barchart.mo
-rw-r--r-- root/root       747 2022-05-20 17:44 usr/share/locale/ru/LC_MESSAGES/ksysguard_face_org.kde.ksysguard.facegrid.mo
-rw-r--r-- root/root       599 2022-05-20 17:44 usr/share/locale/ru/LC_MESSAGES/ksysguard_face_org.kde.ksysguard.linechart.mo
-rw-r--r-- root/root       704 2022-05-20 17:44 usr/share/locale/ru/LC_MESSAGES/ksysguard_face_org.kde.ksysguard.piechart.mo
-rw-r--r-- root/root       591 2022-05-20 17:44 usr/share/locale/ru/LC_MESSAGES/ksysguard_sensors.mo
-rw-r--r-- root/root       888 2022-05-20 17:44 usr/share/locale/ru/LC_MESSAGES/ksysguardlsofwidgets.mo
-rw-r--r-- root/root     13175 2022-05-20 17:44 usr/share/locale/ru/LC_MESSAGES/processcore.mo
-rw-r--r-- root/root     84389 2022-05-20 17:44 usr/share/locale/ru/LC_MESSAGES/processui.mo
drwxr-xr-x root/root         0 2022-05-20 17:44 usr/share/locale/se/
drwxr-xr-x root/root         0 2022-05-20 17:44 usr/share/locale/se/LC_MESSAGES/
-rw-r--r-- root/root      1670 2022-05-20 17:44 usr/share/locale/se/LC_MESSAGES/processcore.mo
-rw-r--r-- root/root      2428 2022-05-20 17:44 usr/share/locale/se/LC_MESSAGES/processui.mo
drwxr-xr-x root/root         0 2022-05-20 17:44 usr/share/locale/si/
drwxr-xr-x root/root         0 2022-05-20 17:44 usr/share/locale/si/LC_MESSAGES/
-rw-r--r-- root/root       775 2022-05-20 17:44 usr/share/locale/si/LC_MESSAGES/ksysguardlsofwidgets.mo
-rw-r--r-- root/root       859 2022-05-20 17:44 usr/share/locale/si/LC_MESSAGES/processcore.mo
-rw-r--r-- root/root     46143 2022-05-20 17:44 usr/share/locale/si/LC_MESSAGES/processui.mo
drwxr-xr-x root/root         0 2022-05-20 17:44 usr/share/locale/sk/
drwxr-xr-x root/root         0 2022-05-20 17:44 usr/share/locale/sk/LC_MESSAGES/
-rw-r--r-- root/root      3728 2022-05-20 17:44 usr/share/locale/sk/LC_MESSAGES/KSysGuardSensorFaces.mo
-rw-r--r-- root/root     10469 2022-05-20 17:44 usr/share/locale/sk/LC_MESSAGES/ksgrd.mo
-rw-r--r-- root/root       882 2022-05-20 17:44 usr/share/locale/sk/LC_MESSAGES/ksysguard_face_org.kde.ksysguard.barchart.mo
-rw-r--r-- root/root       655 2022-05-20 17:44 usr/share/locale/sk/LC_MESSAGES/ksysguard_face_org.kde.ksysguard.facegrid.mo
-rw-r--r-- root/root      1290 2022-05-20 17:44 usr/share/locale/sk/LC_MESSAGES/ksysguard_face_org.kde.ksysguard.linechart.mo
-rw-r--r-- root/root       873 2022-05-20 17:44 usr/share/locale/sk/LC_MESSAGES/ksysguard_face_org.kde.ksysguard.piechart.mo
-rw-r--r-- root/root       632 2022-05-20 17:44 usr/share/locale/sk/LC_MESSAGES/ksysguard_face_org.kde.ksysguard.textonly.mo
-rw-r--r-- root/root       787 2022-05-20 17:44 usr/share/locale/sk/LC_MESSAGES/ksysguard_sensors.mo
-rw-r--r-- root/root       731 2022-05-20 17:44 usr/share/locale/sk/LC_MESSAGES/ksysguardlsofwidgets.mo
-rw-r--r-- root/root      5936 2022-05-20 17:44 usr/share/locale/sk/LC_MESSAGES/processcore.mo
-rw-r--r-- root/root     67238 2022-05-20 17:44 usr/share/locale/sk/LC_MESSAGES/processui.mo
drwxr-xr-x root/root         0 2022-05-20 17:44 usr/share/locale/sl/
drwxr-xr-x root/root         0 2022-05-20 17:44 usr/share/locale/sl/LC_MESSAGES/
-rw-r--r-- root/root      3906 2022-05-20 17:44 usr/share/locale/sl/LC_MESSAGES/KSysGuardSensorFaces.mo
-rw-r--r-- root/root     10888 2022-05-20 17:44 usr/share/locale/sl/LC_MESSAGES/ksgrd.mo
-rw-r--r-- root/root       869 2022-05-20 17:44 usr/share/locale/sl/LC_MESSAGES/ksysguard_face_org.kde.ksysguard.barchart.mo
-rw-r--r-- root/root       653 2022-05-20 17:44 usr/share/locale/sl/LC_MESSAGES/ksysguard_face_org.kde.ksysguard.facegrid.mo
-rw-r--r-- root/root      1274 2022-05-20 17:44 usr/share/locale/sl/LC_MESSAGES/ksysguard_face_org.kde.ksysguard.linechart.mo
-rw-r--r-- root/root       991 2022-05-20 17:44 usr/share/locale/sl/LC_MESSAGES/ksysguard_face_org.kde.ksysguard.piechart.mo
-rw-r--r-- root/root       642 2022-05-20 17:44 usr/share/locale/sl/LC_MESSAGES/ksysguard_face_org.kde.ksysguard.textonly.mo
-rw-r--r-- root/root      2575 2022-05-20 17:44 usr/share/locale/sl/LC_MESSAGES/ksysguard_sensors.mo
-rw-r--r-- root/root       769 2022-05-20 17:44 usr/share/locale/sl/LC_MESSAGES/ksysguardlsofwidgets.mo
-rw-r--r-- root/root     10115 2022-05-20 17:44 usr/share/locale/sl/LC_MESSAGES/processcore.mo
-rw-r--r-- root/root     67807 2022-05-20 17:44 usr/share/locale/sl/LC_MESSAGES/processui.mo
drwxr-xr-x root/root         0 2022-05-20 17:44 usr/share/locale/sq/
drwxr-xr-x root/root         0 2022-05-20 17:44 usr/share/locale/sq/LC_MESSAGES/
-rw-r--r-- root/root       751 2022-05-20 17:44 usr/share/locale/sq/LC_MESSAGES/ksysguardlsofwidgets.mo
-rw-r--r-- root/root      1671 2022-05-20 17:44 usr/share/locale/sq/LC_MESSAGES/processcore.mo
-rw-r--r-- root/root     21233 2022-05-20 17:44 usr/share/locale/sq/LC_MESSAGES/processui.mo
drwxr-xr-x root/root         0 2022-05-20 17:44 usr/share/locale/sr/
drwxr-xr-x root/root         0 2022-05-20 17:44 usr/share/locale/sr/LC_MESSAGES/
-rw-r--r-- root/root     12190 2022-05-20 17:44 usr/share/locale/sr/LC_MESSAGES/ksgrd.mo
-rw-r--r-- root/root       865 2022-05-20 17:44 usr/share/locale/sr/LC_MESSAGES/ksysguardlsofwidgets.mo
-rw-r--r-- root/root      2072 2022-05-20 17:44 usr/share/locale/sr/LC_MESSAGES/processcore.mo
-rw-r--r-- root/root     65575 2022-05-20 17:44 usr/share/locale/sr/LC_MESSAGES/processui.mo
drwxr-xr-x root/root         0 2022-05-20 17:44 usr/share/locale/sr@ijekavian/
drwxr-xr-x root/root         0 2022-05-20 17:44 usr/share/locale/sr@ijekavian/LC_MESSAGES/
-rw-r--r-- root/root     12226 2022-05-20 17:44 usr/share/locale/sr@ijekavian/LC_MESSAGES/ksgrd.mo
-rw-r--r-- root/root       875 2022-05-20 17:44 usr/share/locale/sr@ijekavian/LC_MESSAGES/ksysguardlsofwidgets.mo
-rw-r--r-- root/root      2082 2022-05-20 17:44 usr/share/locale/sr@ijekavian/LC_MESSAGES/processcore.mo
-rw-r--r-- root/root     65815 2022-05-20 17:44 usr/share/locale/sr@ijekavian/LC_MESSAGES/processui.mo
drwxr-xr-x root/root         0 2022-05-20 17:44 usr/share/locale/sr@ijekavianlatin/
drwxr-xr-x root/root         0 2022-05-20 17:44 usr/share/locale/sr@ijekavianlatin/LC_MESSAGES/
-rw-r--r-- root/root      9999 2022-05-20 17:44 usr/share/locale/sr@ijekavianlatin/LC_MESSAGES/ksgrd.mo
-rw-r--r-- root/root       841 2022-05-20 17:44 usr/share/locale/sr@ijekavianlatin/LC_MESSAGES/ksysguardlsofwidgets.mo
-rw-r--r-- root/root      1881 2022-05-20 17:44 usr/share/locale/sr@ijekavianlatin/LC_MESSAGES/processcore.mo
-rw-r--r-- root/root     54184 2022-05-20 17:44 usr/share/locale/sr@ijekavianlatin/LC_MESSAGES/processui.mo
drwxr-xr-x root/root         0 2022-05-20 17:44 usr/share/locale/sr@latin/
drwxr-xr-x root/root         0 2022-05-20 17:44 usr/share/locale/sr@latin/LC_MESSAGES/
-rw-r--r-- root/root      9976 2022-05-20 17:44 usr/share/locale/sr@latin/LC_MESSAGES/ksgrd.mo
-rw-r--r-- root/root       832 2022-05-20 17:44 usr/share/locale/sr@latin/LC_MESSAGES/ksysguardlsofwidgets.mo
-rw-r--r-- root/root      1872 2022-05-20 17:44 usr/share/locale/sr@latin/LC_MESSAGES/processcore.mo
-rw-r--r-- root/root     54058 2022-05-20 17:44 usr/share/locale/sr@latin/LC_MESSAGES/processui.mo
drwxr-xr-x root/root         0 2022-05-20 17:44 usr/share/locale/sv/
drwxr-xr-x root/root         0 2022-05-20 17:44 usr/share/locale/sv/LC_MESSAGES/
-rw-r--r-- root/root      3844 2022-05-20 17:44 usr/share/locale/sv/LC_MESSAGES/KSysGuardSensorFaces.mo
-rw-r--r-- root/root     10429 2022-05-20 17:44 usr/share/locale/sv/LC_MESSAGES/ksgrd.mo
-rw-r--r-- root/root       825 2022-05-20 17:44 usr/share/locale/sv/LC_MESSAGES/ksysguard_face_org.kde.ksysguard.barchart.mo
-rw-r--r-- root/root       609 2022-05-20 17:44 usr/share/locale/sv/LC_MESSAGES/ksysguard_face_org.kde.ksysguard.facegrid.mo
-rw-r--r-- root/root      1211 2022-05-20 17:44 usr/share/locale/sv/LC_MESSAGES/ksysguard_face_org.kde.ksysguard.linechart.mo
-rw-r--r-- root/root       955 2022-05-20 17:44 usr/share/locale/sv/LC_MESSAGES/ksysguard_face_org.kde.ksysguard.piechart.mo
-rw-r--r-- root/root       595 2022-05-20 17:44 usr/share/locale/sv/LC_MESSAGES/ksysguard_face_org.kde.ksysguard.textonly.mo
-rw-r--r-- root/root      2557 2022-05-20 17:44 usr/share/locale/sv/LC_MESSAGES/ksysguard_sensors.mo
-rw-r--r-- root/root       714 2022-05-20 17:44 usr/share/locale/sv/LC_MESSAGES/ksysguardlsofwidgets.mo
-rw-r--r-- root/root     10125 2022-05-20 17:44 usr/share/locale/sv/LC_MESSAGES/processcore.mo
-rw-r--r-- root/root     67609 2022-05-20 17:44 usr/share/locale/sv/LC_MESSAGES/processui.mo
drwxr-xr-x root/root         0 2022-05-20 17:44 usr/share/locale/ta/
drwxr-xr-x root/root         0 2022-05-20 17:44 usr/share/locale/ta/LC_MESSAGES/
-rw-r--r-- root/root      2179 2022-05-20 17:44 usr/share/locale/ta/LC_MESSAGES/processcore.mo
-rw-r--r-- root/root     28198 2022-05-20 17:44 usr/share/locale/ta/LC_MESSAGES/processui.mo
drwxr-xr-x root/root         0 2022-05-20 17:44 usr/share/locale/te/
drwxr-xr-x root/root         0 2022-05-20 17:44 usr/share/locale/te/LC_MESSAGES/
-rw-r--r-- root/root       484 2022-05-20 17:44 usr/share/locale/te/LC_MESSAGES/ksysguardlsofwidgets.mo
-rw-r--r-- root/root       700 2022-05-20 17:44 usr/share/locale/te/LC_MESSAGES/processcore.mo
-rw-r--r-- root/root       724 2022-05-20 17:44 usr/share/locale/te/LC_MESSAGES/processui.mo
drwxr-xr-x root/root         0 2022-05-20 17:44 usr/share/locale/tg/
drwxr-xr-x root/root         0 2022-05-20 17:44 usr/share/locale/tg/LC_MESSAGES/
-rw-r--r-- root/root       745 2022-05-20 17:44 usr/share/locale/tg/LC_MESSAGES/ksysguardlsofwidgets.mo
-rw-r--r-- root/root       761 2022-05-20 17:44 usr/share/locale/tg/LC_MESSAGES/processcore.mo
-rw-r--r-- root/root      1153 2022-05-20 17:44 usr/share/locale/tg/LC_MESSAGES/processui.mo
drwxr-xr-x root/root         0 2022-05-20 17:44 usr/share/locale/th/
drwxr-xr-x root/root         0 2022-05-20 17:44 usr/share/locale/th/LC_MESSAGES/
-rw-r--r-- root/root       827 2022-05-20 17:44 usr/share/locale/th/LC_MESSAGES/ksysguardlsofwidgets.mo
-rw-r--r-- root/root      2214 2022-05-20 17:44 usr/share/locale/th/LC_MESSAGES/processcore.mo
-rw-r--r-- root/root     46633 2022-05-20 17:44 usr/share/locale/th/LC_MESSAGES/processui.mo
drwxr-xr-x root/root         0 2022-05-20 17:44 usr/share/locale/tr/
drwxr-xr-x root/root         0 2022-05-20 17:44 usr/share/locale/tr/LC_MESSAGES/
-rw-r--r-- root/root     10570 2022-05-20 17:44 usr/share/locale/tr/LC_MESSAGES/ksgrd.mo
-rw-r--r-- root/root       839 2022-05-20 17:44 usr/share/locale/tr/LC_MESSAGES/ksysguard_face_org.kde.ksysguard.barchart.mo
-rw-r--r-- root/root       601 2022-05-20 17:44 usr/share/locale/tr/LC_MESSAGES/ksysguard_face_org.kde.ksysguard.facegrid.mo
-rw-r--r-- root/root      1229 2022-05-20 17:44 usr/share/locale/tr/LC_MESSAGES/ksysguard_face_org.kde.ksysguard.linechart.mo
-rw-r--r-- root/root       962 2022-05-20 17:44 usr/share/locale/tr/LC_MESSAGES/ksysguard_face_org.kde.ksysguard.piechart.mo
-rw-r--r-- root/root       575 2022-05-20 17:44 usr/share/locale/tr/LC_MESSAGES/ksysguard_face_org.kde.ksysguard.textonly.mo
-rw-r--r-- root/root       717 2022-05-20 17:44 usr/share/locale/tr/LC_MESSAGES/ksysguardlsofwidgets.mo
-rw-r--r-- root/root      1773 2022-05-20 17:44 usr/share/locale/tr/LC_MESSAGES/processcore.mo
-rw-r--r-- root/root     67217 2022-05-20 17:44 usr/share/locale/tr/LC_MESSAGES/processui.mo
drwxr-xr-x root/root         0 2022-05-20 17:44 usr/share/locale/ug/
drwxr-xr-x root/root         0 2022-05-20 17:44 usr/share/locale/ug/LC_MESSAGES/
-rw-r--r-- root/root      2321 2022-05-20 17:44 usr/share/locale/ug/LC_MESSAGES/ksgrd.mo
-rw-r--r-- root/root       697 2022-05-20 17:44 usr/share/locale/ug/LC_MESSAGES/ksysguardlsofwidgets.mo
-rw-r--r-- root/root      1960 2022-05-20 17:44 usr/share/locale/ug/LC_MESSAGES/processcore.mo
-rw-r--r-- root/root      9180 2022-05-20 17:44 usr/share/locale/ug/LC_MESSAGES/processui.mo
drwxr-xr-x root/root         0 2022-05-20 17:44 usr/share/locale/uk/
drwxr-xr-x root/root         0 2022-05-20 17:44 usr/share/locale/uk/LC_MESSAGES/
-rw-r--r-- root/root      4988 2022-05-20 17:44 usr/share/locale/uk/LC_MESSAGES/KSysGuardSensorFaces.mo
-rw-r--r-- root/root     13595 2022-05-20 17:44 usr/share/locale/uk/LC_MESSAGES/ksgrd.mo
-rw-r--r-- root/root      1080 2022-05-20 17:44 usr/share/locale/uk/LC_MESSAGES/ksysguard_face_org.kde.ksysguard.barchart.mo
-rw-r--r-- root/root       727 2022-05-20 17:44 usr/share/locale/uk/LC_MESSAGES/ksysguard_face_org.kde.ksysguard.facegrid.mo
-rw-r--r-- root/root      1577 2022-05-20 17:44 usr/share/locale/uk/LC_MESSAGES/ksysguard_face_org.kde.ksysguard.linechart.mo
-rw-r--r-- root/root      1185 2022-05-20 17:44 usr/share/locale/uk/LC_MESSAGES/ksysguard_face_org.kde.ksysguard.piechart.mo
-rw-r--r-- root/root       755 2022-05-20 17:44 usr/share/locale/uk/LC_MESSAGES/ksysguard_face_org.kde.ksysguard.textonly.mo
-rw-r--r-- root/root      3213 2022-05-20 17:44 usr/share/locale/uk/LC_MESSAGES/ksysguard_sensors.mo
-rw-r--r-- root/root       840 2022-05-20 17:44 usr/share/locale/uk/LC_MESSAGES/ksysguardlsofwidgets.mo
-rw-r--r-- root/root     13498 2022-05-20 17:44 usr/share/locale/uk/LC_MESSAGES/processcore.mo
-rw-r--r-- root/root     86206 2022-05-20 17:44 usr/share/locale/uk/LC_MESSAGES/processui.mo
drwxr-xr-x root/root         0 2022-05-20 17:44 usr/share/locale/wa/
drwxr-xr-x root/root         0 2022-05-20 17:44 usr/share/locale/wa/LC_MESSAGES/
-rw-r--r-- root/root       708 2022-05-20 17:44 usr/share/locale/wa/LC_MESSAGES/ksysguardlsofwidgets.mo
-rw-r--r-- root/root      1320 2022-05-20 17:44 usr/share/locale/wa/LC_MESSAGES/processcore.mo
-rw-r--r-- root/root      3996 2022-05-20 17:44 usr/share/locale/wa/LC_MESSAGES/processui.mo
drwxr-xr-x root/root         0 2022-05-20 17:44 usr/share/locale/zh_CN/
drwxr-xr-x root/root         0 2022-05-20 17:44 usr/share/locale/zh_CN/LC_MESSAGES/
-rw-r--r-- root/root      3720 2022-05-20 17:44 usr/share/locale/zh_CN/LC_MESSAGES/KSysGuardSensorFaces.mo
-rw-r--r-- root/root      9883 2022-05-20 17:44 usr/share/locale/zh_CN/LC_MESSAGES/ksgrd.mo
-rw-r--r-- root/root       913 2022-05-20 17:44 usr/share/locale/zh_CN/LC_MESSAGES/ksysguard_face_org.kde.ksysguard.barchart.mo
-rw-r--r-- root/root       698 2022-05-20 17:44 usr/share/locale/zh_CN/LC_MESSAGES/ksysguard_face_org.kde.ksysguard.facegrid.mo
-rw-r--r-- root/root      1287 2022-05-20 17:44 usr/share/locale/zh_CN/LC_MESSAGES/ksysguard_face_org.kde.ksysguard.linechart.mo
-rw-r--r-- root/root      1046 2022-05-20 17:44 usr/share/locale/zh_CN/LC_MESSAGES/ksysguard_face_org.kde.ksysguard.piechart.mo
-rw-r--r-- root/root       686 2022-05-20 17:44 usr/share/locale/zh_CN/LC_MESSAGES/ksysguard_face_org.kde.ksysguard.textonly.mo
-rw-r--r-- root/root      2585 2022-05-20 17:44 usr/share/locale/zh_CN/LC_MESSAGES/ksysguard_sensors.mo
-rw-r--r-- root/root       802 2022-05-20 17:44 usr/share/locale/zh_CN/LC_MESSAGES/ksysguardlsofwidgets.mo
-rw-r--r-- root/root      9221 2022-05-20 17:44 usr/share/locale/zh_CN/LC_MESSAGES/processcore.mo
-rw-r--r-- root/root     63649 2022-05-20 17:44 usr/share/locale/zh_CN/LC_MESSAGES/processui.mo
drwxr-xr-x root/root         0 2022-05-20 17:44 usr/share/locale/zh_TW/
drwxr-xr-x root/root         0 2022-05-20 17:44 usr/share/locale/zh_TW/LC_MESSAGES/
-rw-r--r-- root/root      9572 2022-05-20 17:44 usr/share/locale/zh_TW/LC_MESSAGES/ksgrd.mo
-rw-r--r-- root/root       744 2022-05-20 17:44 usr/share/locale/zh_TW/LC_MESSAGES/ksysguardlsofwidgets.mo
-rw-r--r-- root/root      9053 2022-05-20 17:44 usr/share/locale/zh_TW/LC_MESSAGES/processcore.mo
-rw-r--r-- root/root     62284 2022-05-20 17:44 usr/share/locale/zh_TW/LC_MESSAGES/processui.mo
drwxr-xr-x root/root         0 2022-05-20 17:44 usr/share/polkit-1/
drwxr-xr-x root/root         0 2022-05-20 17:44 usr/share/polkit-1/actions/
-rw-r--r-- root/root     49565 2022-05-20 17:43 usr/share/polkit-1/actions/org.kde.ksysguard.processlisthelper.policy
drwxr-xr-x root/root         0 2022-05-20 17:44 usr/share/qlogging-categories5/
-rw-r--r-- root/root       731 2022-05-20 17:43 usr/share/qlogging-categories5/libksysguard.categories


