++========================================
||
||   Package:  ./plasma/milou-5.24.90-x86_64-2.txz
||
++========================================
drwxr-xr-x root/root         0 2022-05-28 01:42 ./
drwxr-xr-x root/root         0 2022-05-28 01:42 install/
-rw-r--r-- root/root       100 2022-05-28 01:42 install/doinst.sh
-rw-r--r-- root/root       700 2022-05-28 01:42 install/slack-desc
drwxr-xr-x root/root         0 2022-05-28 01:42 usr/
drwxr-xr-x root/root         0 2022-05-28 01:42 usr/doc/
drwxr-xr-x root/root         0 2022-05-28 01:42 usr/doc/milou-5.24.90/
drwxr-xr-x root/root         0 2022-05-19 12:28 usr/doc/milou-5.24.90/LICENSES/
-rw-r--r-- root/root     17277 2022-05-19 12:28 usr/doc/milou-5.24.90/LICENSES/GPL-2.0-only.txt
-rw-r--r-- root/root     17277 2022-05-19 12:28 usr/doc/milou-5.24.90/LICENSES/GPL-2.0-or-later.txt
-rw-r--r-- root/root     34575 2022-05-19 12:28 usr/doc/milou-5.24.90/LICENSES/GPL-3.0-only.txt
-rw-r--r-- root/root     25902 2022-05-19 12:28 usr/doc/milou-5.24.90/LICENSES/LGPL-2.1-only.txt
-rw-r--r-- root/root      7356 2022-05-19 12:28 usr/doc/milou-5.24.90/LICENSES/LGPL-3.0-only.txt
-rw-r--r-- root/root       662 2022-05-19 12:28 usr/doc/milou-5.24.90/LICENSES/LicenseRef-KDE-Accepted-GPL.txt
-rw-r--r-- root/root       665 2022-05-19 12:28 usr/doc/milou-5.24.90/LICENSES/LicenseRef-KDE-Accepted-LGPL.txt
drwxr-xr-x root/root         0 2022-05-28 01:42 usr/lib64/
-rwxr-xr-x root/root    147136 2022-05-28 01:42 usr/lib64/libmilou.so.5.24.90
drwxr-xr-x root/root         0 2022-05-28 01:42 usr/lib64/qt5/
drwxr-xr-x root/root         0 2022-05-28 01:42 usr/lib64/qt5/qml/
drwxr-xr-x root/root         0 2022-05-28 01:42 usr/lib64/qt5/qml/org/
drwxr-xr-x root/root         0 2022-05-28 01:42 usr/lib64/qt5/qml/org/kde/
drwxr-xr-x root/root         0 2022-05-28 01:42 usr/lib64/qt5/qml/org/kde/milou/
-rw-r--r-- root/root     10208 2022-05-19 12:28 usr/lib64/qt5/qml/org/kde/milou/ResultDelegate.qml
-rw-r--r-- root/root       507 2022-05-19 12:28 usr/lib64/qt5/qml/org/kde/milou/ResultsListView.qml
-rw-r--r-- root/root      1882 2022-05-19 12:28 usr/lib64/qt5/qml/org/kde/milou/ResultsListViewDelegate.qml
-rw-r--r-- root/root      7138 2022-05-19 12:28 usr/lib64/qt5/qml/org/kde/milou/ResultsView.qml
-rw-r--r-- root/root       685 2022-05-19 12:28 usr/lib64/qt5/qml/org/kde/milou/globals.js
-rwxr-xr-x root/root     43400 2022-05-28 01:42 usr/lib64/qt5/qml/org/kde/milou/libmilouqmlplugin.so
-rw-r--r-- root/root       211 2022-05-19 12:28 usr/lib64/qt5/qml/org/kde/milou/qmldir
drwxr-xr-x root/root         0 2022-05-28 01:42 usr/share/
drwxr-xr-x root/root         0 2022-05-28 01:42 usr/share/kservices5/
-rw-r--r-- root/root      2986 2022-05-19 12:28 usr/share/kservices5/plasma-applet-org.kde.milou.desktop
drwxr-xr-x root/root         0 2022-05-28 01:42 usr/share/locale/
drwxr-xr-x root/root         0 2022-05-28 01:42 usr/share/locale/ar/
drwxr-xr-x root/root         0 2022-05-28 01:42 usr/share/locale/ar/LC_MESSAGES/
-rw-r--r-- root/root       744 2022-05-28 01:42 usr/share/locale/ar/LC_MESSAGES/milou.mo
-rw-r--r-- root/root       544 2022-05-28 01:42 usr/share/locale/ar/LC_MESSAGES/plasma_applet_org.kde.milou.mo
drwxr-xr-x root/root         0 2022-05-28 01:42 usr/share/locale/ast/
drwxr-xr-x root/root         0 2022-05-28 01:42 usr/share/locale/ast/LC_MESSAGES/
-rw-r--r-- root/root       638 2022-05-28 01:42 usr/share/locale/ast/LC_MESSAGES/milou.mo
-rw-r--r-- root/root       487 2022-05-28 01:42 usr/share/locale/ast/LC_MESSAGES/plasma_applet_org.kde.milou.mo
drwxr-xr-x root/root         0 2022-05-28 01:42 usr/share/locale/ca/
drwxr-xr-x root/root         0 2022-05-28 01:42 usr/share/locale/ca/LC_MESSAGES/
-rw-r--r-- root/root       701 2022-05-28 01:42 usr/share/locale/ca/LC_MESSAGES/milou.mo
-rw-r--r-- root/root       515 2022-05-28 01:42 usr/share/locale/ca/LC_MESSAGES/plasma_applet_org.kde.milou.mo
drwxr-xr-x root/root         0 2022-05-28 01:42 usr/share/locale/ca@valencia/
drwxr-xr-x root/root         0 2022-05-28 01:42 usr/share/locale/ca@valencia/LC_MESSAGES/
-rw-r--r-- root/root       710 2022-05-28 01:42 usr/share/locale/ca@valencia/LC_MESSAGES/milou.mo
-rw-r--r-- root/root       522 2022-05-28 01:42 usr/share/locale/ca@valencia/LC_MESSAGES/plasma_applet_org.kde.milou.mo
drwxr-xr-x root/root         0 2022-05-28 01:42 usr/share/locale/cs/
drwxr-xr-x root/root         0 2022-05-28 01:42 usr/share/locale/cs/LC_MESSAGES/
-rw-r--r-- root/root       561 2022-05-28 01:42 usr/share/locale/cs/LC_MESSAGES/milou.mo
-rw-r--r-- root/root       540 2022-05-28 01:42 usr/share/locale/cs/LC_MESSAGES/plasma_applet_org.kde.milou.mo
drwxr-xr-x root/root         0 2022-05-28 01:42 usr/share/locale/da/
drwxr-xr-x root/root         0 2022-05-28 01:42 usr/share/locale/da/LC_MESSAGES/
-rw-r--r-- root/root       669 2022-05-28 01:42 usr/share/locale/da/LC_MESSAGES/milou.mo
-rw-r--r-- root/root       479 2022-05-28 01:42 usr/share/locale/da/LC_MESSAGES/plasma_applet_org.kde.milou.mo
drwxr-xr-x root/root         0 2022-05-28 01:42 usr/share/locale/de/
drwxr-xr-x root/root         0 2022-05-28 01:42 usr/share/locale/de/LC_MESSAGES/
-rw-r--r-- root/root       641 2022-05-28 01:42 usr/share/locale/de/LC_MESSAGES/milou.mo
-rw-r--r-- root/root       449 2022-05-28 01:42 usr/share/locale/de/LC_MESSAGES/plasma_applet_org.kde.milou.mo
drwxr-xr-x root/root         0 2022-05-28 01:42 usr/share/locale/el/
drwxr-xr-x root/root         0 2022-05-28 01:42 usr/share/locale/el/LC_MESSAGES/
-rw-r--r-- root/root       687 2022-05-28 01:42 usr/share/locale/el/LC_MESSAGES/milou.mo
-rw-r--r-- root/root       480 2022-05-28 01:42 usr/share/locale/el/LC_MESSAGES/plasma_applet_org.kde.milou.mo
drwxr-xr-x root/root         0 2022-05-28 01:42 usr/share/locale/en_GB/
drwxr-xr-x root/root         0 2022-05-28 01:42 usr/share/locale/en_GB/LC_MESSAGES/
-rw-r--r-- root/root       681 2022-05-28 01:42 usr/share/locale/en_GB/LC_MESSAGES/milou.mo
-rw-r--r-- root/root       494 2022-05-28 01:42 usr/share/locale/en_GB/LC_MESSAGES/plasma_applet_org.kde.milou.mo
drwxr-xr-x root/root         0 2022-05-28 01:42 usr/share/locale/es/
drwxr-xr-x root/root         0 2022-05-28 01:42 usr/share/locale/es/LC_MESSAGES/
-rw-r--r-- root/root       678 2022-05-28 01:42 usr/share/locale/es/LC_MESSAGES/milou.mo
-rw-r--r-- root/root       488 2022-05-28 01:42 usr/share/locale/es/LC_MESSAGES/plasma_applet_org.kde.milou.mo
drwxr-xr-x root/root         0 2022-05-28 01:42 usr/share/locale/et/
drwxr-xr-x root/root         0 2022-05-28 01:42 usr/share/locale/et/LC_MESSAGES/
-rw-r--r-- root/root       665 2022-05-28 01:42 usr/share/locale/et/LC_MESSAGES/milou.mo
-rw-r--r-- root/root       477 2022-05-28 01:42 usr/share/locale/et/LC_MESSAGES/plasma_applet_org.kde.milou.mo
drwxr-xr-x root/root         0 2022-05-28 01:42 usr/share/locale/eu/
drwxr-xr-x root/root         0 2022-05-28 01:42 usr/share/locale/eu/LC_MESSAGES/
-rw-r--r-- root/root       678 2022-05-28 01:42 usr/share/locale/eu/LC_MESSAGES/milou.mo
-rw-r--r-- root/root       492 2022-05-28 01:42 usr/share/locale/eu/LC_MESSAGES/plasma_applet_org.kde.milou.mo
drwxr-xr-x root/root         0 2022-05-28 01:42 usr/share/locale/fi/
drwxr-xr-x root/root         0 2022-05-28 01:42 usr/share/locale/fi/LC_MESSAGES/
-rw-r--r-- root/root       663 2022-05-28 01:42 usr/share/locale/fi/LC_MESSAGES/milou.mo
-rw-r--r-- root/root       480 2022-05-28 01:42 usr/share/locale/fi/LC_MESSAGES/plasma_applet_org.kde.milou.mo
drwxr-xr-x root/root         0 2022-05-28 01:42 usr/share/locale/fr/
drwxr-xr-x root/root         0 2022-05-28 01:42 usr/share/locale/fr/LC_MESSAGES/
-rw-r--r-- root/root       737 2022-05-28 01:42 usr/share/locale/fr/LC_MESSAGES/milou.mo
-rw-r--r-- root/root       542 2022-05-28 01:42 usr/share/locale/fr/LC_MESSAGES/plasma_applet_org.kde.milou.mo
drwxr-xr-x root/root         0 2022-05-28 01:42 usr/share/locale/gl/
drwxr-xr-x root/root         0 2022-05-28 01:42 usr/share/locale/gl/LC_MESSAGES/
-rw-r--r-- root/root       651 2022-05-28 01:42 usr/share/locale/gl/LC_MESSAGES/milou.mo
-rw-r--r-- root/root       460 2022-05-28 01:42 usr/share/locale/gl/LC_MESSAGES/plasma_applet_org.kde.milou.mo
drwxr-xr-x root/root         0 2022-05-28 01:42 usr/share/locale/he/
drwxr-xr-x root/root         0 2022-05-28 01:42 usr/share/locale/he/LC_MESSAGES/
-rw-r--r-- root/root       564 2022-05-28 01:42 usr/share/locale/he/LC_MESSAGES/milou.mo
-rw-r--r-- root/root       468 2022-05-28 01:42 usr/share/locale/he/LC_MESSAGES/plasma_applet_org.kde.milou.mo
drwxr-xr-x root/root         0 2022-05-28 01:42 usr/share/locale/hi/
drwxr-xr-x root/root         0 2022-05-28 01:42 usr/share/locale/hi/LC_MESSAGES/
-rw-r--r-- root/root       690 2022-05-28 01:42 usr/share/locale/hi/LC_MESSAGES/milou.mo
-rw-r--r-- root/root       473 2022-05-28 01:42 usr/share/locale/hi/LC_MESSAGES/plasma_applet_org.kde.milou.mo
drwxr-xr-x root/root         0 2022-05-28 01:42 usr/share/locale/hu/
drwxr-xr-x root/root         0 2022-05-28 01:42 usr/share/locale/hu/LC_MESSAGES/
-rw-r--r-- root/root       687 2022-05-28 01:42 usr/share/locale/hu/LC_MESSAGES/milou.mo
-rw-r--r-- root/root       487 2022-05-28 01:42 usr/share/locale/hu/LC_MESSAGES/plasma_applet_org.kde.milou.mo
drwxr-xr-x root/root         0 2022-05-28 01:42 usr/share/locale/ia/
drwxr-xr-x root/root         0 2022-05-28 01:42 usr/share/locale/ia/LC_MESSAGES/
-rw-r--r-- root/root       666 2022-05-28 01:42 usr/share/locale/ia/LC_MESSAGES/milou.mo
-rw-r--r-- root/root       476 2022-05-28 01:42 usr/share/locale/ia/LC_MESSAGES/plasma_applet_org.kde.milou.mo
drwxr-xr-x root/root         0 2022-05-28 01:42 usr/share/locale/id/
drwxr-xr-x root/root         0 2022-05-28 01:42 usr/share/locale/id/LC_MESSAGES/
-rw-r--r-- root/root       640 2022-05-28 01:42 usr/share/locale/id/LC_MESSAGES/milou.mo
-rw-r--r-- root/root       445 2022-05-28 01:42 usr/share/locale/id/LC_MESSAGES/plasma_applet_org.kde.milou.mo
drwxr-xr-x root/root         0 2022-05-28 01:42 usr/share/locale/it/
drwxr-xr-x root/root         0 2022-05-28 01:42 usr/share/locale/it/LC_MESSAGES/
-rw-r--r-- root/root       675 2022-05-28 01:42 usr/share/locale/it/LC_MESSAGES/milou.mo
-rw-r--r-- root/root       472 2022-05-28 01:42 usr/share/locale/it/LC_MESSAGES/plasma_applet_org.kde.milou.mo
drwxr-xr-x root/root         0 2022-05-28 01:42 usr/share/locale/ka/
drwxr-xr-x root/root         0 2022-05-28 01:42 usr/share/locale/ka/LC_MESSAGES/
-rw-r--r-- root/root       718 2022-05-28 01:42 usr/share/locale/ka/LC_MESSAGES/milou.mo
-rw-r--r-- root/root       497 2022-05-28 01:42 usr/share/locale/ka/LC_MESSAGES/plasma_applet_org.kde.milou.mo
drwxr-xr-x root/root         0 2022-05-28 01:42 usr/share/locale/ko/
drwxr-xr-x root/root         0 2022-05-28 01:42 usr/share/locale/ko/LC_MESSAGES/
-rw-r--r-- root/root       658 2022-05-28 01:42 usr/share/locale/ko/LC_MESSAGES/milou.mo
-rw-r--r-- root/root       458 2022-05-28 01:42 usr/share/locale/ko/LC_MESSAGES/plasma_applet_org.kde.milou.mo
drwxr-xr-x root/root         0 2022-05-28 01:42 usr/share/locale/lt/
drwxr-xr-x root/root         0 2022-05-28 01:42 usr/share/locale/lt/LC_MESSAGES/
-rw-r--r-- root/root       728 2022-05-28 01:42 usr/share/locale/lt/LC_MESSAGES/milou.mo
-rw-r--r-- root/root       541 2022-05-28 01:42 usr/share/locale/lt/LC_MESSAGES/plasma_applet_org.kde.milou.mo
drwxr-xr-x root/root         0 2022-05-28 01:42 usr/share/locale/ml/
drwxr-xr-x root/root         0 2022-05-28 01:42 usr/share/locale/ml/LC_MESSAGES/
-rw-r--r-- root/root       507 2022-05-28 01:42 usr/share/locale/ml/LC_MESSAGES/milou.mo
-rw-r--r-- root/root       567 2022-05-28 01:42 usr/share/locale/ml/LC_MESSAGES/plasma_applet_org.kde.milou.mo
drwxr-xr-x root/root         0 2022-05-28 01:42 usr/share/locale/nl/
drwxr-xr-x root/root         0 2022-05-28 01:42 usr/share/locale/nl/LC_MESSAGES/
-rw-r--r-- root/root       664 2022-05-28 01:42 usr/share/locale/nl/LC_MESSAGES/milou.mo
-rw-r--r-- root/root       475 2022-05-28 01:42 usr/share/locale/nl/LC_MESSAGES/plasma_applet_org.kde.milou.mo
drwxr-xr-x root/root         0 2022-05-28 01:42 usr/share/locale/nn/
drwxr-xr-x root/root         0 2022-05-28 01:42 usr/share/locale/nn/LC_MESSAGES/
-rw-r--r-- root/root       740 2022-05-28 01:42 usr/share/locale/nn/LC_MESSAGES/milou.mo
-rw-r--r-- root/root       555 2022-05-28 01:42 usr/share/locale/nn/LC_MESSAGES/plasma_applet_org.kde.milou.mo
drwxr-xr-x root/root         0 2022-05-28 01:42 usr/share/locale/pl/
drwxr-xr-x root/root         0 2022-05-28 01:42 usr/share/locale/pl/LC_MESSAGES/
-rw-r--r-- root/root       737 2022-05-28 01:42 usr/share/locale/pl/LC_MESSAGES/milou.mo
-rw-r--r-- root/root       556 2022-05-28 01:42 usr/share/locale/pl/LC_MESSAGES/plasma_applet_org.kde.milou.mo
drwxr-xr-x root/root         0 2022-05-28 01:42 usr/share/locale/pt/
drwxr-xr-x root/root         0 2022-05-28 01:42 usr/share/locale/pt/LC_MESSAGES/
-rw-r--r-- root/root       681 2022-05-28 01:42 usr/share/locale/pt/LC_MESSAGES/milou.mo
-rw-r--r-- root/root       478 2022-05-28 01:42 usr/share/locale/pt/LC_MESSAGES/plasma_applet_org.kde.milou.mo
drwxr-xr-x root/root         0 2022-05-28 01:42 usr/share/locale/pt_BR/
drwxr-xr-x root/root         0 2022-05-28 01:42 usr/share/locale/pt_BR/LC_MESSAGES/
-rw-r--r-- root/root       690 2022-05-28 01:42 usr/share/locale/pt_BR/LC_MESSAGES/milou.mo
-rw-r--r-- root/root       527 2022-05-28 01:42 usr/share/locale/pt_BR/LC_MESSAGES/plasma_applet_org.kde.milou.mo
drwxr-xr-x root/root         0 2022-05-28 01:42 usr/share/locale/ru/
drwxr-xr-x root/root         0 2022-05-28 01:42 usr/share/locale/ru/LC_MESSAGES/
-rw-r--r-- root/root       776 2022-05-28 01:42 usr/share/locale/ru/LC_MESSAGES/milou.mo
-rw-r--r-- root/root       574 2022-05-28 01:42 usr/share/locale/ru/LC_MESSAGES/plasma_applet_org.kde.milou.mo
drwxr-xr-x root/root         0 2022-05-28 01:42 usr/share/locale/sk/
drwxr-xr-x root/root         0 2022-05-28 01:42 usr/share/locale/sk/LC_MESSAGES/
-rw-r--r-- root/root       691 2022-05-28 01:42 usr/share/locale/sk/LC_MESSAGES/milou.mo
-rw-r--r-- root/root       522 2022-05-28 01:42 usr/share/locale/sk/LC_MESSAGES/plasma_applet_org.kde.milou.mo
drwxr-xr-x root/root         0 2022-05-28 01:42 usr/share/locale/sl/
drwxr-xr-x root/root         0 2022-05-28 01:42 usr/share/locale/sl/LC_MESSAGES/
-rw-r--r-- root/root       719 2022-05-28 01:42 usr/share/locale/sl/LC_MESSAGES/milou.mo
-rw-r--r-- root/root       579 2022-05-28 01:42 usr/share/locale/sl/LC_MESSAGES/plasma_applet_org.kde.milou.mo
drwxr-xr-x root/root         0 2022-05-28 01:42 usr/share/locale/sr/
drwxr-xr-x root/root         0 2022-05-28 01:42 usr/share/locale/sr/LC_MESSAGES/
-rw-r--r-- root/root      1244 2022-05-28 01:42 usr/share/locale/sr/LC_MESSAGES/milou.mo
-rw-r--r-- root/root      1027 2022-05-28 01:42 usr/share/locale/sr/LC_MESSAGES/plasma_applet_org.kde.milou.mo
drwxr-xr-x root/root         0 2022-05-28 01:42 usr/share/locale/sr@ijekavian/
drwxr-xr-x root/root         0 2022-05-28 01:42 usr/share/locale/sr@ijekavian/LC_MESSAGES/
-rw-r--r-- root/root      1254 2022-05-28 01:42 usr/share/locale/sr@ijekavian/LC_MESSAGES/milou.mo
-rw-r--r-- root/root      1037 2022-05-28 01:42 usr/share/locale/sr@ijekavian/LC_MESSAGES/plasma_applet_org.kde.milou.mo
drwxr-xr-x root/root         0 2022-05-28 01:42 usr/share/locale/sr@ijekavianlatin/
drwxr-xr-x root/root         0 2022-05-28 01:42 usr/share/locale/sr@ijekavianlatin/LC_MESSAGES/
-rw-r--r-- root/root      1188 2022-05-28 01:42 usr/share/locale/sr@ijekavianlatin/LC_MESSAGES/milou.mo
-rw-r--r-- root/root       927 2022-05-28 01:42 usr/share/locale/sr@ijekavianlatin/LC_MESSAGES/plasma_applet_org.kde.milou.mo
drwxr-xr-x root/root         0 2022-05-28 01:42 usr/share/locale/sr@latin/
drwxr-xr-x root/root         0 2022-05-28 01:42 usr/share/locale/sr@latin/LC_MESSAGES/
-rw-r--r-- root/root      1179 2022-05-28 01:42 usr/share/locale/sr@latin/LC_MESSAGES/milou.mo
-rw-r--r-- root/root       918 2022-05-28 01:42 usr/share/locale/sr@latin/LC_MESSAGES/plasma_applet_org.kde.milou.mo
drwxr-xr-x root/root         0 2022-05-28 01:42 usr/share/locale/sv/
drwxr-xr-x root/root         0 2022-05-28 01:42 usr/share/locale/sv/LC_MESSAGES/
-rw-r--r-- root/root       673 2022-05-28 01:42 usr/share/locale/sv/LC_MESSAGES/milou.mo
-rw-r--r-- root/root       487 2022-05-28 01:42 usr/share/locale/sv/LC_MESSAGES/plasma_applet_org.kde.milou.mo
drwxr-xr-x root/root         0 2022-05-28 01:42 usr/share/locale/tg/
drwxr-xr-x root/root         0 2022-05-28 01:42 usr/share/locale/tg/LC_MESSAGES/
-rw-r--r-- root/root       502 2022-05-28 01:42 usr/share/locale/tg/LC_MESSAGES/plasma_applet_org.kde.milou.mo
drwxr-xr-x root/root         0 2022-05-28 01:42 usr/share/locale/tr/
drwxr-xr-x root/root         0 2022-05-28 01:42 usr/share/locale/tr/LC_MESSAGES/
-rw-r--r-- root/root       682 2022-05-28 01:42 usr/share/locale/tr/LC_MESSAGES/milou.mo
-rw-r--r-- root/root       477 2022-05-28 01:42 usr/share/locale/tr/LC_MESSAGES/plasma_applet_org.kde.milou.mo
drwxr-xr-x root/root         0 2022-05-28 01:42 usr/share/locale/uk/
drwxr-xr-x root/root         0 2022-05-28 01:42 usr/share/locale/uk/LC_MESSAGES/
-rw-r--r-- root/root       770 2022-05-28 01:42 usr/share/locale/uk/LC_MESSAGES/milou.mo
-rw-r--r-- root/root       592 2022-05-28 01:42 usr/share/locale/uk/LC_MESSAGES/plasma_applet_org.kde.milou.mo
drwxr-xr-x root/root         0 2022-05-28 01:42 usr/share/locale/zh_CN/
drwxr-xr-x root/root         0 2022-05-28 01:42 usr/share/locale/zh_CN/LC_MESSAGES/
-rw-r--r-- root/root       750 2022-05-28 01:42 usr/share/locale/zh_CN/LC_MESSAGES/milou.mo
-rw-r--r-- root/root       580 2022-05-28 01:42 usr/share/locale/zh_CN/LC_MESSAGES/plasma_applet_org.kde.milou.mo
drwxr-xr-x root/root         0 2022-05-28 01:42 usr/share/locale/zh_TW/
drwxr-xr-x root/root         0 2022-05-28 01:42 usr/share/locale/zh_TW/LC_MESSAGES/
-rw-r--r-- root/root       657 2022-05-28 01:42 usr/share/locale/zh_TW/LC_MESSAGES/milou.mo
-rw-r--r-- root/root       473 2022-05-28 01:42 usr/share/locale/zh_TW/LC_MESSAGES/plasma_applet_org.kde.milou.mo
drwxr-xr-x root/root         0 2022-05-28 01:42 usr/share/metainfo/
-rw-r--r-- root/root      5139 2022-05-28 01:42 usr/share/metainfo/org.kde.milou.appdata.xml
drwxr-xr-x root/root         0 2022-05-28 01:42 usr/share/plasma/
drwxr-xr-x root/root         0 2022-05-28 01:42 usr/share/plasma/plasmoids/
drwxr-xr-x root/root         0 2022-05-28 01:42 usr/share/plasma/plasmoids/org.kde.milou/
drwxr-xr-x root/root         0 2022-05-28 01:42 usr/share/plasma/plasmoids/org.kde.milou/contents/
drwxr-xr-x root/root         0 2022-05-28 01:42 usr/share/plasma/plasmoids/org.kde.milou/contents/ui/
-rw-r--r-- root/root      1554 2022-05-19 12:28 usr/share/plasma/plasmoids/org.kde.milou/contents/ui/SearchField.qml
-rw-r--r-- root/root       793 2022-05-19 12:28 usr/share/plasma/plasmoids/org.kde.milou/contents/ui/globals.js
-rw-r--r-- root/root      3524 2022-05-19 12:28 usr/share/plasma/plasmoids/org.kde.milou/contents/ui/main.qml
drwxr-xr-x root/root         0 2022-05-28 01:42 usr/share/plasma/plasmoids/org.kde.milou/contents/ui/previews/
-rw-r--r-- root/root       309 2022-05-19 12:28 usr/share/plasma/plasmoids/org.kde.milou/contents/ui/previews/TextPreview.qml
-rw-r--r-- root/root      2986 2022-05-19 12:28 usr/share/plasma/plasmoids/org.kde.milou/metadata.desktop
-rw-r--r-- root/root      4586 2022-05-28 01:42 usr/share/plasma/plasmoids/org.kde.milou/metadata.json


