++========================================
||
||   Package:  ./plasma/oxygen-5.24.90-x86_64-2.txz
||
++========================================
drwxr-xr-x root/root         0 2022-05-28 01:43 ./
drwxr-xr-x root/root         0 2022-05-28 01:42 install/
-rw-r--r-- root/root     46049 2022-05-28 01:42 install/doinst.sh
-rw-r--r-- root/root       641 2022-05-28 01:42 install/slack-desc
drwxr-xr-x root/root         0 2022-05-28 01:42 usr/
drwxr-xr-x root/root         0 2022-05-28 01:42 usr/bin/
-rwxr-xr-x root/root    226312 2022-05-28 01:42 usr/bin/oxygen-demo5
-rwxr-xr-x root/root     18760 2022-05-28 01:42 usr/bin/oxygen-settings5
drwxr-xr-x root/root         0 2022-05-28 01:42 usr/doc/
drwxr-xr-x root/root         0 2022-05-28 01:42 usr/doc/oxygen-5.24.90/
drwxr-xr-x root/root         0 2022-05-19 12:29 usr/doc/oxygen-5.24.90/LICENSES/
-rw-r--r-- root/root     17277 2022-05-19 12:29 usr/doc/oxygen-5.24.90/LICENSES/GPL-2.0-only.txt
-rw-r--r-- root/root     17277 2022-05-19 12:29 usr/doc/oxygen-5.24.90/LICENSES/GPL-2.0-or-later.txt
-rw-r--r-- root/root     34575 2022-05-19 12:29 usr/doc/oxygen-5.24.90/LICENSES/GPL-3.0-only.txt
-rw-r--r-- root/root     34670 2022-05-19 12:29 usr/doc/oxygen-5.24.90/LICENSES/GPL-3.0-or-later.txt
-rw-r--r-- root/root     24782 2022-05-19 12:29 usr/doc/oxygen-5.24.90/LICENSES/LGPL-2.0-only.txt
-rw-r--r-- root/root     24782 2022-05-19 12:29 usr/doc/oxygen-5.24.90/LICENSES/LGPL-2.0-or-later.txt
-rw-r--r-- root/root     25902 2022-05-19 12:29 usr/doc/oxygen-5.24.90/LICENSES/LGPL-2.1-only.txt
-rw-r--r-- root/root      7356 2022-05-19 12:29 usr/doc/oxygen-5.24.90/LICENSES/LGPL-3.0-only.txt
-rw-r--r-- root/root       662 2022-05-19 12:29 usr/doc/oxygen-5.24.90/LICENSES/LicenseRef-KDE-Accepted-GPL.txt
-rw-r--r-- root/root       665 2022-05-19 12:29 usr/doc/oxygen-5.24.90/LICENSES/LicenseRef-KDE-Accepted-LGPL.txt
-rw-r--r-- root/root      1078 2022-05-19 12:29 usr/doc/oxygen-5.24.90/LICENSES/MIT.txt
drwxr-xr-x root/root         0 2022-05-28 01:43 usr/lib64/
-rwxr-xr-x root/root    118184 2022-05-28 01:42 usr/lib64/liboxygenstyle5.so.5.24.90
-rwxr-xr-x root/root     80824 2022-05-28 01:42 usr/lib64/liboxygenstyleconfig5.so.5.24.90
drwxr-xr-x root/root         0 2022-05-28 01:42 usr/lib64/qt5/
drwxr-xr-x root/root         0 2022-05-28 01:42 usr/lib64/qt5/plugins/
-rwxr-xr-x root/root    126224 2022-05-28 01:42 usr/lib64/qt5/plugins/kstyle_oxygen_config.so
drwxr-xr-x root/root         0 2022-05-28 01:42 usr/lib64/qt5/plugins/org.kde.kdecoration2/
-rwxr-xr-x root/root    280048 2022-05-28 01:42 usr/lib64/qt5/plugins/org.kde.kdecoration2/oxygendecoration.so
drwxr-xr-x root/root         0 2022-05-28 01:42 usr/lib64/qt5/plugins/styles/
-rwxr-xr-x root/root    768296 2022-05-28 01:42 usr/lib64/qt5/plugins/styles/oxygen.so
drwxr-xr-x root/root         0 2022-05-28 01:42 usr/share/
drwxr-xr-x root/root         0 2022-05-28 01:42 usr/share/color-schemes/
-rw-r--r-- root/root      4474 2022-05-19 12:29 usr/share/color-schemes/Oxygen.colors
-rw-r--r-- root/root      3475 2022-05-19 12:29 usr/share/color-schemes/OxygenCold.colors
drwxr-xr-x root/root         0 2022-05-28 01:42 usr/share/icons/
drwxr-xr-x root/root         0 2022-05-28 01:42 usr/share/icons/KDE_Classic/
drwxr-xr-x root/root         0 2022-05-28 01:43 usr/share/icons/KDE_Classic/cursors/
-rw-r--r-- root/root      1088 2022-05-19 12:29 usr/share/icons/KDE_Classic/cursors/X_cursor
-rw-r--r-- root/root      1088 2022-05-19 12:29 usr/share/icons/KDE_Classic/cursors/bottom_left_corner
-rw-r--r-- root/root      1088 2022-05-19 12:29 usr/share/icons/KDE_Classic/cursors/bottom_right_corner
-rw-r--r-- root/root      1024 2022-05-19 12:29 usr/share/icons/KDE_Classic/cursors/bottom_side
-rw-r--r-- root/root       832 2022-05-19 12:29 usr/share/icons/KDE_Classic/cursors/center_ptr
-rw-r--r-- root/root      1088 2022-05-19 12:29 usr/share/icons/KDE_Classic/cursors/closedhand
-rw-r--r-- root/root      1088 2022-05-19 12:29 usr/share/icons/KDE_Classic/cursors/cross
-rw-r--r-- root/root      1088 2022-05-19 12:29 usr/share/icons/KDE_Classic/cursors/crosshair
-rw-r--r-- root/root      1088 2022-05-19 12:29 usr/share/icons/KDE_Classic/cursors/fleur
-rw-r--r-- root/root      1664 2022-05-19 12:29 usr/share/icons/KDE_Classic/cursors/forbidden
-rw-r--r-- root/root      4160 2022-05-19 12:29 usr/share/icons/KDE_Classic/cursors/half-busy
-rw-r--r-- root/root       896 2022-05-19 12:29 usr/share/icons/KDE_Classic/cursors/hand1
-rw-r--r-- root/root      1088 2022-05-19 12:29 usr/share/icons/KDE_Classic/cursors/hand2
-rw-r--r-- root/root      4160 2022-05-19 12:29 usr/share/icons/KDE_Classic/cursors/help
-rw-r--r-- root/root       640 2022-05-19 12:29 usr/share/icons/KDE_Classic/cursors/ibeam
-rw-r--r-- root/root       704 2022-05-19 12:29 usr/share/icons/KDE_Classic/cursors/left_ptr
-rw-r--r-- root/root      1024 2022-05-19 12:29 usr/share/icons/KDE_Classic/cursors/left_side
-rw-r--r-- root/root      1088 2022-05-19 12:29 usr/share/icons/KDE_Classic/cursors/openhand
-rw-r--r-- root/root      1088 2022-05-19 12:29 usr/share/icons/KDE_Classic/cursors/pirate
-rw-r--r-- root/root      1088 2022-05-19 12:29 usr/share/icons/KDE_Classic/cursors/pointing_hand
-rw-r--r-- root/root       768 2022-05-19 12:29 usr/share/icons/KDE_Classic/cursors/question_arrow
-rw-r--r-- root/root       704 2022-05-19 12:29 usr/share/icons/KDE_Classic/cursors/right_ptr
-rw-r--r-- root/root      1024 2022-05-19 12:29 usr/share/icons/KDE_Classic/cursors/right_side
-rw-r--r-- root/root       604 2022-05-19 12:29 usr/share/icons/KDE_Classic/cursors/sb_h_double_arrow
-rw-r--r-- root/root       604 2022-05-19 12:29 usr/share/icons/KDE_Classic/cursors/sb_v_double_arrow
-rw-r--r-- root/root      1088 2022-05-19 12:29 usr/share/icons/KDE_Classic/cursors/size_all
-rw-r--r-- root/root      1088 2022-05-19 12:29 usr/share/icons/KDE_Classic/cursors/size_bdiag
-rw-r--r-- root/root      1088 2022-05-19 12:29 usr/share/icons/KDE_Classic/cursors/size_fdiag
-rw-r--r-- root/root      1088 2022-05-19 12:29 usr/share/icons/KDE_Classic/cursors/size_hor
-rw-r--r-- root/root      1088 2022-05-19 12:29 usr/share/icons/KDE_Classic/cursors/size_ver
-rw-r--r-- root/root      4160 2022-05-19 12:29 usr/share/icons/KDE_Classic/cursors/split_h
-rw-r--r-- root/root      4160 2022-05-19 12:29 usr/share/icons/KDE_Classic/cursors/split_v
-rw-r--r-- root/root      1088 2022-05-19 12:29 usr/share/icons/KDE_Classic/cursors/top_left_corner
-rw-r--r-- root/root      1088 2022-05-19 12:29 usr/share/icons/KDE_Classic/cursors/top_right_corner
-rw-r--r-- root/root      1024 2022-05-19 12:29 usr/share/icons/KDE_Classic/cursors/top_side
-rw-r--r-- root/root       832 2022-05-19 12:29 usr/share/icons/KDE_Classic/cursors/up_arrow
-rw-r--r-- root/root      1088 2022-05-19 12:29 usr/share/icons/KDE_Classic/cursors/wait
-rw-r--r-- root/root      1088 2022-05-19 12:29 usr/share/icons/KDE_Classic/cursors/watch
-rw-r--r-- root/root        18 2022-05-19 12:29 usr/share/icons/KDE_Classic/cursors/xcursorconfig
-rw-r--r-- root/root       640 2022-05-19 12:29 usr/share/icons/KDE_Classic/cursors/xterm
-rw-r--r-- root/root      3798 2022-05-19 12:29 usr/share/icons/KDE_Classic/index.theme
drwxr-xr-x root/root         0 2022-05-28 01:42 usr/share/icons/Oxygen_Black/
drwxr-xr-x root/root         0 2022-05-28 01:43 usr/share/icons/Oxygen_Black/cursors/
-rw-r--r-- root/root     32416 2022-05-19 12:29 usr/share/icons/Oxygen_Black/cursors/X_cursor
-rw-r--r-- root/root     32416 2022-05-19 12:29 usr/share/icons/Oxygen_Black/cursors/circle
-rw-r--r-- root/root     32416 2022-05-19 12:29 usr/share/icons/Oxygen_Black/cursors/closedhand
-rw-r--r-- root/root     32416 2022-05-19 12:29 usr/share/icons/Oxygen_Black/cursors/color-picker
-rw-r--r-- root/root     32416 2022-05-19 12:29 usr/share/icons/Oxygen_Black/cursors/copy
-rw-r--r-- root/root     32416 2022-05-19 12:29 usr/share/icons/Oxygen_Black/cursors/cross
-rw-r--r-- root/root     57504 2022-05-19 12:29 usr/share/icons/Oxygen_Black/cursors/fleur
-rw-r--r-- root/root     32416 2022-05-19 12:29 usr/share/icons/Oxygen_Black/cursors/forbidden
-rw-r--r-- root/root   1034800 2022-05-19 12:29 usr/share/icons/Oxygen_Black/cursors/half-busy
-rw-r--r-- root/root     32416 2022-05-19 12:29 usr/share/icons/Oxygen_Black/cursors/help
-rw-r--r-- root/root     32416 2022-05-19 12:29 usr/share/icons/Oxygen_Black/cursors/left_ptr
-rw-r--r-- root/root     32416 2022-05-19 12:29 usr/share/icons/Oxygen_Black/cursors/link
-rw-r--r-- root/root     32416 2022-05-19 12:29 usr/share/icons/Oxygen_Black/cursors/openhand
-rw-r--r-- root/root     32416 2022-05-19 12:29 usr/share/icons/Oxygen_Black/cursors/pencil
-rw-r--r-- root/root     32416 2022-05-19 12:29 usr/share/icons/Oxygen_Black/cursors/pirate
-rw-r--r-- root/root     32416 2022-05-19 12:29 usr/share/icons/Oxygen_Black/cursors/plus
-rw-r--r-- root/root     32416 2022-05-19 12:29 usr/share/icons/Oxygen_Black/cursors/pointing_hand
-rw-r--r-- root/root     32416 2022-05-19 12:29 usr/share/icons/Oxygen_Black/cursors/size_bdiag
-rw-r--r-- root/root     32416 2022-05-19 12:29 usr/share/icons/Oxygen_Black/cursors/size_fdiag
-rw-r--r-- root/root     32416 2022-05-19 12:29 usr/share/icons/Oxygen_Black/cursors/size_hor
-rw-r--r-- root/root     32416 2022-05-19 12:29 usr/share/icons/Oxygen_Black/cursors/size_ver
-rw-r--r-- root/root     32416 2022-05-19 12:29 usr/share/icons/Oxygen_Black/cursors/split_h
-rw-r--r-- root/root     32416 2022-05-19 12:29 usr/share/icons/Oxygen_Black/cursors/split_v
-rw-r--r-- root/root     32416 2022-05-19 12:29 usr/share/icons/Oxygen_Black/cursors/up_arrow
-rw-r--r-- root/root   1034800 2022-05-19 12:29 usr/share/icons/Oxygen_Black/cursors/wait
-rw-r--r-- root/root     32416 2022-05-19 12:29 usr/share/icons/Oxygen_Black/cursors/xterm
-rw-r--r-- root/root      4101 2022-05-19 12:29 usr/share/icons/Oxygen_Black/index.theme
drwxr-xr-x root/root         0 2022-05-28 01:42 usr/share/icons/Oxygen_Blue/
drwxr-xr-x root/root         0 2022-05-28 01:43 usr/share/icons/Oxygen_Blue/cursors/
-rw-r--r-- root/root     32416 2022-05-19 12:29 usr/share/icons/Oxygen_Blue/cursors/X_cursor
-rw-r--r-- root/root     32416 2022-05-19 12:29 usr/share/icons/Oxygen_Blue/cursors/circle
-rw-r--r-- root/root     32416 2022-05-19 12:29 usr/share/icons/Oxygen_Blue/cursors/closedhand
-rw-r--r-- root/root     32416 2022-05-19 12:29 usr/share/icons/Oxygen_Blue/cursors/color-picker
-rw-r--r-- root/root     32416 2022-05-19 12:29 usr/share/icons/Oxygen_Blue/cursors/copy
-rw-r--r-- root/root     32416 2022-05-19 12:29 usr/share/icons/Oxygen_Blue/cursors/cross
-rw-r--r-- root/root     57504 2022-05-19 12:29 usr/share/icons/Oxygen_Blue/cursors/fleur
-rw-r--r-- root/root     32416 2022-05-19 12:29 usr/share/icons/Oxygen_Blue/cursors/forbidden
-rw-r--r-- root/root   1034800 2022-05-19 12:29 usr/share/icons/Oxygen_Blue/cursors/half-busy
-rw-r--r-- root/root     32416 2022-05-19 12:29 usr/share/icons/Oxygen_Blue/cursors/help
-rw-r--r-- root/root     32416 2022-05-19 12:29 usr/share/icons/Oxygen_Blue/cursors/left_ptr
-rw-r--r-- root/root     32416 2022-05-19 12:29 usr/share/icons/Oxygen_Blue/cursors/link
-rw-r--r-- root/root     32416 2022-05-19 12:29 usr/share/icons/Oxygen_Blue/cursors/openhand
-rw-r--r-- root/root     32416 2022-05-19 12:29 usr/share/icons/Oxygen_Blue/cursors/pencil
-rw-r--r-- root/root     32416 2022-05-19 12:29 usr/share/icons/Oxygen_Blue/cursors/pirate
-rw-r--r-- root/root     32416 2022-05-19 12:29 usr/share/icons/Oxygen_Blue/cursors/plus
-rw-r--r-- root/root     32416 2022-05-19 12:29 usr/share/icons/Oxygen_Blue/cursors/pointing_hand
-rw-r--r-- root/root     32416 2022-05-19 12:29 usr/share/icons/Oxygen_Blue/cursors/size_bdiag
-rw-r--r-- root/root     32416 2022-05-19 12:29 usr/share/icons/Oxygen_Blue/cursors/size_fdiag
-rw-r--r-- root/root     32416 2022-05-19 12:29 usr/share/icons/Oxygen_Blue/cursors/size_hor
-rw-r--r-- root/root     32416 2022-05-19 12:29 usr/share/icons/Oxygen_Blue/cursors/size_ver
-rw-r--r-- root/root     32416 2022-05-19 12:29 usr/share/icons/Oxygen_Blue/cursors/split_h
-rw-r--r-- root/root     32416 2022-05-19 12:29 usr/share/icons/Oxygen_Blue/cursors/split_v
-rw-r--r-- root/root     32416 2022-05-19 12:29 usr/share/icons/Oxygen_Blue/cursors/up_arrow
-rw-r--r-- root/root   1034800 2022-05-19 12:29 usr/share/icons/Oxygen_Blue/cursors/wait
-rw-r--r-- root/root     32416 2022-05-19 12:29 usr/share/icons/Oxygen_Blue/cursors/xterm
-rw-r--r-- root/root      4091 2022-05-19 12:29 usr/share/icons/Oxygen_Blue/index.theme
drwxr-xr-x root/root         0 2022-05-28 01:42 usr/share/icons/Oxygen_White/
drwxr-xr-x root/root         0 2022-05-28 01:43 usr/share/icons/Oxygen_White/cursors/
-rw-r--r-- root/root     32416 2022-05-19 12:29 usr/share/icons/Oxygen_White/cursors/X_cursor
-rw-r--r-- root/root     32416 2022-05-19 12:29 usr/share/icons/Oxygen_White/cursors/circle
-rw-r--r-- root/root     32416 2022-05-19 12:29 usr/share/icons/Oxygen_White/cursors/closedhand
-rw-r--r-- root/root     32416 2022-05-19 12:29 usr/share/icons/Oxygen_White/cursors/color-picker
-rw-r--r-- root/root     32416 2022-05-19 12:29 usr/share/icons/Oxygen_White/cursors/copy
-rw-r--r-- root/root     32416 2022-05-19 12:29 usr/share/icons/Oxygen_White/cursors/cross
-rw-r--r-- root/root     57504 2022-05-19 12:29 usr/share/icons/Oxygen_White/cursors/fleur
-rw-r--r-- root/root     32416 2022-05-19 12:29 usr/share/icons/Oxygen_White/cursors/forbidden
-rw-r--r-- root/root   1034800 2022-05-19 12:29 usr/share/icons/Oxygen_White/cursors/half-busy
-rw-r--r-- root/root     32416 2022-05-19 12:29 usr/share/icons/Oxygen_White/cursors/help
-rw-r--r-- root/root     32416 2022-05-19 12:29 usr/share/icons/Oxygen_White/cursors/left_ptr
-rw-r--r-- root/root     32416 2022-05-19 12:29 usr/share/icons/Oxygen_White/cursors/link
-rw-r--r-- root/root     32416 2022-05-19 12:29 usr/share/icons/Oxygen_White/cursors/openhand
-rw-r--r-- root/root     32416 2022-05-19 12:29 usr/share/icons/Oxygen_White/cursors/pencil
-rw-r--r-- root/root     32416 2022-05-19 12:29 usr/share/icons/Oxygen_White/cursors/pirate
-rw-r--r-- root/root     32416 2022-05-19 12:29 usr/share/icons/Oxygen_White/cursors/plus
-rw-r--r-- root/root     32416 2022-05-19 12:29 usr/share/icons/Oxygen_White/cursors/pointing_hand
-rw-r--r-- root/root     32416 2022-05-19 12:29 usr/share/icons/Oxygen_White/cursors/size_bdiag
-rw-r--r-- root/root     32416 2022-05-19 12:29 usr/share/icons/Oxygen_White/cursors/size_fdiag
-rw-r--r-- root/root     32416 2022-05-19 12:29 usr/share/icons/Oxygen_White/cursors/size_hor
-rw-r--r-- root/root     32416 2022-05-19 12:29 usr/share/icons/Oxygen_White/cursors/size_ver
-rw-r--r-- root/root     32416 2022-05-19 12:29 usr/share/icons/Oxygen_White/cursors/split_h
-rw-r--r-- root/root     32416 2022-05-19 12:29 usr/share/icons/Oxygen_White/cursors/split_v
-rw-r--r-- root/root     32416 2022-05-19 12:29 usr/share/icons/Oxygen_White/cursors/up_arrow
-rw-r--r-- root/root   1034800 2022-05-19 12:29 usr/share/icons/Oxygen_White/cursors/wait
-rw-r--r-- root/root     32416 2022-05-19 12:29 usr/share/icons/Oxygen_White/cursors/xterm
-rw-r--r-- root/root      4092 2022-05-19 12:29 usr/share/icons/Oxygen_White/index.theme
drwxr-xr-x root/root         0 2022-05-28 01:42 usr/share/icons/Oxygen_Yellow/
drwxr-xr-x root/root         0 2022-05-28 01:43 usr/share/icons/Oxygen_Yellow/cursors/
-rw-r--r-- root/root     32416 2022-05-19 12:29 usr/share/icons/Oxygen_Yellow/cursors/X_cursor
-rw-r--r-- root/root     32416 2022-05-19 12:29 usr/share/icons/Oxygen_Yellow/cursors/circle
-rw-r--r-- root/root     32416 2022-05-19 12:29 usr/share/icons/Oxygen_Yellow/cursors/closedhand
-rw-r--r-- root/root     32416 2022-05-19 12:29 usr/share/icons/Oxygen_Yellow/cursors/color-picker
-rw-r--r-- root/root     32416 2022-05-19 12:29 usr/share/icons/Oxygen_Yellow/cursors/copy
-rw-r--r-- root/root     32416 2022-05-19 12:29 usr/share/icons/Oxygen_Yellow/cursors/cross
-rw-r--r-- root/root     57504 2022-05-19 12:29 usr/share/icons/Oxygen_Yellow/cursors/fleur
-rw-r--r-- root/root     32416 2022-05-19 12:29 usr/share/icons/Oxygen_Yellow/cursors/forbidden
-rw-r--r-- root/root   1034800 2022-05-19 12:29 usr/share/icons/Oxygen_Yellow/cursors/half-busy
-rw-r--r-- root/root     32416 2022-05-19 12:29 usr/share/icons/Oxygen_Yellow/cursors/help
-rw-r--r-- root/root     32416 2022-05-19 12:29 usr/share/icons/Oxygen_Yellow/cursors/left_ptr
-rw-r--r-- root/root     32416 2022-05-19 12:29 usr/share/icons/Oxygen_Yellow/cursors/link
-rw-r--r-- root/root     32416 2022-05-19 12:29 usr/share/icons/Oxygen_Yellow/cursors/openhand
-rw-r--r-- root/root     32416 2022-05-19 12:29 usr/share/icons/Oxygen_Yellow/cursors/pencil
-rw-r--r-- root/root     32416 2022-05-19 12:29 usr/share/icons/Oxygen_Yellow/cursors/pirate
-rw-r--r-- root/root     32416 2022-05-19 12:29 usr/share/icons/Oxygen_Yellow/cursors/plus
-rw-r--r-- root/root     32416 2022-05-19 12:29 usr/share/icons/Oxygen_Yellow/cursors/pointing_hand
-rw-r--r-- root/root     32416 2022-05-19 12:29 usr/share/icons/Oxygen_Yellow/cursors/size_bdiag
-rw-r--r-- root/root     32416 2022-05-19 12:29 usr/share/icons/Oxygen_Yellow/cursors/size_fdiag
-rw-r--r-- root/root     32416 2022-05-19 12:29 usr/share/icons/Oxygen_Yellow/cursors/size_hor
-rw-r--r-- root/root     32416 2022-05-19 12:29 usr/share/icons/Oxygen_Yellow/cursors/size_ver
-rw-r--r-- root/root     32416 2022-05-19 12:29 usr/share/icons/Oxygen_Yellow/cursors/split_h
-rw-r--r-- root/root     32416 2022-05-19 12:29 usr/share/icons/Oxygen_Yellow/cursors/split_v
-rw-r--r-- root/root     32416 2022-05-19 12:29 usr/share/icons/Oxygen_Yellow/cursors/up_arrow
-rw-r--r-- root/root   1034800 2022-05-19 12:29 usr/share/icons/Oxygen_Yellow/cursors/wait
-rw-r--r-- root/root     32416 2022-05-19 12:29 usr/share/icons/Oxygen_Yellow/cursors/xterm
-rw-r--r-- root/root      4121 2022-05-19 12:29 usr/share/icons/Oxygen_Yellow/index.theme
drwxr-xr-x root/root         0 2022-05-28 01:42 usr/share/icons/Oxygen_Zion/
drwxr-xr-x root/root         0 2022-05-28 01:43 usr/share/icons/Oxygen_Zion/cursors/
-rw-r--r-- root/root     32416 2022-05-19 12:29 usr/share/icons/Oxygen_Zion/cursors/X_cursor
-rw-r--r-- root/root     32416 2022-05-19 12:29 usr/share/icons/Oxygen_Zion/cursors/circle
-rw-r--r-- root/root     32416 2022-05-19 12:29 usr/share/icons/Oxygen_Zion/cursors/closedhand
-rw-r--r-- root/root     32416 2022-05-19 12:29 usr/share/icons/Oxygen_Zion/cursors/color-picker
-rw-r--r-- root/root     32416 2022-05-19 12:29 usr/share/icons/Oxygen_Zion/cursors/copy
-rw-r--r-- root/root     32416 2022-05-19 12:29 usr/share/icons/Oxygen_Zion/cursors/cross
-rw-r--r-- root/root     57504 2022-05-19 12:29 usr/share/icons/Oxygen_Zion/cursors/fleur
-rw-r--r-- root/root     32416 2022-05-19 12:29 usr/share/icons/Oxygen_Zion/cursors/forbidden
-rw-r--r-- root/root   1034800 2022-05-19 12:29 usr/share/icons/Oxygen_Zion/cursors/half-busy
-rw-r--r-- root/root     32416 2022-05-19 12:29 usr/share/icons/Oxygen_Zion/cursors/help
-rw-r--r-- root/root     32416 2022-05-19 12:29 usr/share/icons/Oxygen_Zion/cursors/left_ptr
-rw-r--r-- root/root     32416 2022-05-19 12:29 usr/share/icons/Oxygen_Zion/cursors/link
-rw-r--r-- root/root     32416 2022-05-19 12:29 usr/share/icons/Oxygen_Zion/cursors/openhand
-rw-r--r-- root/root     32416 2022-05-19 12:29 usr/share/icons/Oxygen_Zion/cursors/pencil
-rw-r--r-- root/root     32416 2022-05-19 12:29 usr/share/icons/Oxygen_Zion/cursors/pirate
-rw-r--r-- root/root     32416 2022-05-19 12:29 usr/share/icons/Oxygen_Zion/cursors/plus
-rw-r--r-- root/root     32416 2022-05-19 12:29 usr/share/icons/Oxygen_Zion/cursors/pointing_hand
-rw-r--r-- root/root     32416 2022-05-19 12:29 usr/share/icons/Oxygen_Zion/cursors/size_bdiag
-rw-r--r-- root/root     32416 2022-05-19 12:29 usr/share/icons/Oxygen_Zion/cursors/size_fdiag
-rw-r--r-- root/root     32416 2022-05-19 12:29 usr/share/icons/Oxygen_Zion/cursors/size_hor
-rw-r--r-- root/root     32416 2022-05-19 12:29 usr/share/icons/Oxygen_Zion/cursors/size_ver
-rw-r--r-- root/root     32416 2022-05-19 12:29 usr/share/icons/Oxygen_Zion/cursors/split_h
-rw-r--r-- root/root     32416 2022-05-19 12:29 usr/share/icons/Oxygen_Zion/cursors/split_v
-rw-r--r-- root/root     32416 2022-05-19 12:29 usr/share/icons/Oxygen_Zion/cursors/up_arrow
-rw-r--r-- root/root   1034800 2022-05-19 12:29 usr/share/icons/Oxygen_Zion/cursors/wait
-rw-r--r-- root/root     32416 2022-05-19 12:29 usr/share/icons/Oxygen_Zion/cursors/xterm
-rw-r--r-- root/root      4038 2022-05-19 12:29 usr/share/icons/Oxygen_Zion/index.theme
drwxr-xr-x root/root         0 2022-05-28 01:42 usr/share/icons/hicolor/
drwxr-xr-x root/root         0 2022-05-28 01:42 usr/share/icons/hicolor/256x256/
drwxr-xr-x root/root         0 2022-05-28 01:42 usr/share/icons/hicolor/256x256/apps/
-rw-r--r-- root/root     41527 2022-05-19 12:29 usr/share/icons/hicolor/256x256/apps/oxygen-settings.png
drwxr-xr-x root/root         0 2022-05-28 01:42 usr/share/kservices5/
-rw-r--r-- root/root      6377 2022-05-19 12:29 usr/share/kservices5/oxygendecorationconfig.desktop
-rw-r--r-- root/root      6182 2022-05-19 12:29 usr/share/kservices5/oxygenstyleconfig.desktop
drwxr-xr-x root/root         0 2022-05-28 01:42 usr/share/kstyle/
drwxr-xr-x root/root         0 2022-05-28 01:42 usr/share/kstyle/themes/
-rw-r--r-- root/root      7286 2022-05-19 12:29 usr/share/kstyle/themes/oxygen.themerc
drwxr-xr-x root/root         0 2022-05-28 01:42 usr/share/locale/
drwxr-xr-x root/root         0 2022-05-28 01:42 usr/share/locale/af/
drwxr-xr-x root/root         0 2022-05-28 01:42 usr/share/locale/af/LC_MESSAGES/
-rw-r--r-- root/root       527 2022-05-28 01:42 usr/share/locale/af/LC_MESSAGES/oxygen_style_config.mo
-rw-r--r-- root/root       447 2022-05-28 01:42 usr/share/locale/af/LC_MESSAGES/oxygen_style_demo.mo
drwxr-xr-x root/root         0 2022-05-28 01:42 usr/share/locale/ar/
drwxr-xr-x root/root         0 2022-05-28 01:42 usr/share/locale/ar/LC_MESSAGES/
-rw-r--r-- root/root      1125 2022-05-28 01:42 usr/share/locale/ar/LC_MESSAGES/liboxygenstyleconfig.mo
-rw-r--r-- root/root      5637 2022-05-28 01:42 usr/share/locale/ar/LC_MESSAGES/oxygen_kdecoration.mo
-rw-r--r-- root/root      6108 2022-05-28 01:42 usr/share/locale/ar/LC_MESSAGES/oxygen_style_config.mo
-rw-r--r-- root/root     10670 2022-05-28 01:42 usr/share/locale/ar/LC_MESSAGES/oxygen_style_demo.mo
drwxr-xr-x root/root         0 2022-05-28 01:42 usr/share/locale/az/
drwxr-xr-x root/root         0 2022-05-28 01:42 usr/share/locale/az/LC_MESSAGES/
-rw-r--r-- root/root      1005 2022-05-28 01:42 usr/share/locale/az/LC_MESSAGES/liboxygenstyleconfig.mo
-rw-r--r-- root/root      5204 2022-05-28 01:42 usr/share/locale/az/LC_MESSAGES/oxygen_kdecoration.mo
-rw-r--r-- root/root      5734 2022-05-28 01:42 usr/share/locale/az/LC_MESSAGES/oxygen_style_config.mo
-rw-r--r-- root/root      9910 2022-05-28 01:42 usr/share/locale/az/LC_MESSAGES/oxygen_style_demo.mo
drwxr-xr-x root/root         0 2022-05-28 01:42 usr/share/locale/be/
drwxr-xr-x root/root         0 2022-05-28 01:42 usr/share/locale/be/LC_MESSAGES/
-rw-r--r-- root/root       653 2022-05-28 01:42 usr/share/locale/be/LC_MESSAGES/oxygen_style_config.mo
-rw-r--r-- root/root       523 2022-05-28 01:42 usr/share/locale/be/LC_MESSAGES/oxygen_style_demo.mo
drwxr-xr-x root/root         0 2022-05-28 01:42 usr/share/locale/be@latin/
drwxr-xr-x root/root         0 2022-05-28 01:42 usr/share/locale/be@latin/LC_MESSAGES/
-rw-r--r-- root/root       632 2022-05-28 01:42 usr/share/locale/be@latin/LC_MESSAGES/oxygen_style_config.mo
-rw-r--r-- root/root       537 2022-05-28 01:42 usr/share/locale/be@latin/LC_MESSAGES/oxygen_style_demo.mo
drwxr-xr-x root/root         0 2022-05-28 01:42 usr/share/locale/bg/
drwxr-xr-x root/root         0 2022-05-28 01:42 usr/share/locale/bg/LC_MESSAGES/
-rw-r--r-- root/root      1442 2022-05-28 01:42 usr/share/locale/bg/LC_MESSAGES/oxygen_style_config.mo
-rw-r--r-- root/root      3823 2022-05-28 01:42 usr/share/locale/bg/LC_MESSAGES/oxygen_style_demo.mo
drwxr-xr-x root/root         0 2022-05-28 01:42 usr/share/locale/bn_IN/
drwxr-xr-x root/root         0 2022-05-28 01:42 usr/share/locale/bn_IN/LC_MESSAGES/
-rw-r--r-- root/root       645 2022-05-28 01:42 usr/share/locale/bn_IN/LC_MESSAGES/oxygen_style_config.mo
-rw-r--r-- root/root       465 2022-05-28 01:42 usr/share/locale/bn_IN/LC_MESSAGES/oxygen_style_demo.mo
drwxr-xr-x root/root         0 2022-05-28 01:42 usr/share/locale/bs/
drwxr-xr-x root/root         0 2022-05-28 01:42 usr/share/locale/bs/LC_MESSAGES/
-rw-r--r-- root/root      1069 2022-05-28 01:42 usr/share/locale/bs/LC_MESSAGES/liboxygenstyleconfig.mo
-rw-r--r-- root/root      3785 2022-05-28 01:42 usr/share/locale/bs/LC_MESSAGES/oxygen_kdecoration.mo
-rw-r--r-- root/root      4990 2022-05-28 01:42 usr/share/locale/bs/LC_MESSAGES/oxygen_style_config.mo
-rw-r--r-- root/root      9036 2022-05-28 01:42 usr/share/locale/bs/LC_MESSAGES/oxygen_style_demo.mo
drwxr-xr-x root/root         0 2022-05-28 01:42 usr/share/locale/ca/
drwxr-xr-x root/root         0 2022-05-28 01:42 usr/share/locale/ca/LC_MESSAGES/
-rw-r--r-- root/root      1025 2022-05-28 01:42 usr/share/locale/ca/LC_MESSAGES/liboxygenstyleconfig.mo
-rw-r--r-- root/root      5150 2022-05-28 01:42 usr/share/locale/ca/LC_MESSAGES/oxygen_kdecoration.mo
-rw-r--r-- root/root      5647 2022-05-28 01:42 usr/share/locale/ca/LC_MESSAGES/oxygen_style_config.mo
-rw-r--r-- root/root      9531 2022-05-28 01:42 usr/share/locale/ca/LC_MESSAGES/oxygen_style_demo.mo
drwxr-xr-x root/root         0 2022-05-28 01:42 usr/share/locale/ca@valencia/
drwxr-xr-x root/root         0 2022-05-28 01:42 usr/share/locale/ca@valencia/LC_MESSAGES/
-rw-r--r-- root/root      1033 2022-05-28 01:42 usr/share/locale/ca@valencia/LC_MESSAGES/liboxygenstyleconfig.mo
-rw-r--r-- root/root      5167 2022-05-28 01:42 usr/share/locale/ca@valencia/LC_MESSAGES/oxygen_kdecoration.mo
-rw-r--r-- root/root      5478 2022-05-28 01:42 usr/share/locale/ca@valencia/LC_MESSAGES/oxygen_style_config.mo
-rw-r--r-- root/root      9535 2022-05-28 01:42 usr/share/locale/ca@valencia/LC_MESSAGES/oxygen_style_demo.mo
drwxr-xr-x root/root         0 2022-05-28 01:42 usr/share/locale/cs/
drwxr-xr-x root/root         0 2022-05-28 01:42 usr/share/locale/cs/LC_MESSAGES/
-rw-r--r-- root/root       998 2022-05-28 01:42 usr/share/locale/cs/LC_MESSAGES/liboxygenstyleconfig.mo
-rw-r--r-- root/root      4858 2022-05-28 01:42 usr/share/locale/cs/LC_MESSAGES/oxygen_kdecoration.mo
-rw-r--r-- root/root      5443 2022-05-28 01:42 usr/share/locale/cs/LC_MESSAGES/oxygen_style_config.mo
-rw-r--r-- root/root      9446 2022-05-28 01:42 usr/share/locale/cs/LC_MESSAGES/oxygen_style_demo.mo
drwxr-xr-x root/root         0 2022-05-28 01:42 usr/share/locale/csb/
drwxr-xr-x root/root         0 2022-05-28 01:42 usr/share/locale/csb/LC_MESSAGES/
-rw-r--r-- root/root       916 2022-05-28 01:42 usr/share/locale/csb/LC_MESSAGES/oxygen_style_config.mo
-rw-r--r-- root/root       549 2022-05-28 01:42 usr/share/locale/csb/LC_MESSAGES/oxygen_style_demo.mo
drwxr-xr-x root/root         0 2022-05-28 01:42 usr/share/locale/da/
drwxr-xr-x root/root         0 2022-05-28 01:42 usr/share/locale/da/LC_MESSAGES/
-rw-r--r-- root/root       902 2022-05-28 01:42 usr/share/locale/da/LC_MESSAGES/liboxygenstyleconfig.mo
-rw-r--r-- root/root      4819 2022-05-28 01:42 usr/share/locale/da/LC_MESSAGES/oxygen_kdecoration.mo
-rw-r--r-- root/root      4941 2022-05-28 01:42 usr/share/locale/da/LC_MESSAGES/oxygen_style_config.mo
-rw-r--r-- root/root      9267 2022-05-28 01:42 usr/share/locale/da/LC_MESSAGES/oxygen_style_demo.mo
drwxr-xr-x root/root         0 2022-05-28 01:42 usr/share/locale/de/
drwxr-xr-x root/root         0 2022-05-28 01:42 usr/share/locale/de/LC_MESSAGES/
-rw-r--r-- root/root       943 2022-05-28 01:42 usr/share/locale/de/LC_MESSAGES/liboxygenstyleconfig.mo
-rw-r--r-- root/root      4869 2022-05-28 01:42 usr/share/locale/de/LC_MESSAGES/oxygen_kdecoration.mo
-rw-r--r-- root/root      5133 2022-05-28 01:42 usr/share/locale/de/LC_MESSAGES/oxygen_style_config.mo
-rw-r--r-- root/root      9633 2022-05-28 01:42 usr/share/locale/de/LC_MESSAGES/oxygen_style_demo.mo
drwxr-xr-x root/root         0 2022-05-28 01:42 usr/share/locale/el/
drwxr-xr-x root/root         0 2022-05-28 01:42 usr/share/locale/el/LC_MESSAGES/
-rw-r--r-- root/root      1085 2022-05-28 01:42 usr/share/locale/el/LC_MESSAGES/liboxygenstyleconfig.mo
-rw-r--r-- root/root      6329 2022-05-28 01:42 usr/share/locale/el/LC_MESSAGES/oxygen_kdecoration.mo
-rw-r--r-- root/root      6943 2022-05-28 01:42 usr/share/locale/el/LC_MESSAGES/oxygen_style_config.mo
-rw-r--r-- root/root     12595 2022-05-28 01:42 usr/share/locale/el/LC_MESSAGES/oxygen_style_demo.mo
drwxr-xr-x root/root         0 2022-05-28 01:42 usr/share/locale/en_GB/
drwxr-xr-x root/root         0 2022-05-28 01:42 usr/share/locale/en_GB/LC_MESSAGES/
-rw-r--r-- root/root       968 2022-05-28 01:42 usr/share/locale/en_GB/LC_MESSAGES/liboxygenstyleconfig.mo
-rw-r--r-- root/root      4652 2022-05-28 01:42 usr/share/locale/en_GB/LC_MESSAGES/oxygen_kdecoration.mo
-rw-r--r-- root/root      4969 2022-05-28 01:42 usr/share/locale/en_GB/LC_MESSAGES/oxygen_style_config.mo
-rw-r--r-- root/root      8883 2022-05-28 01:42 usr/share/locale/en_GB/LC_MESSAGES/oxygen_style_demo.mo
drwxr-xr-x root/root         0 2022-05-28 01:42 usr/share/locale/eo/
drwxr-xr-x root/root         0 2022-05-28 01:42 usr/share/locale/eo/LC_MESSAGES/
-rw-r--r-- root/root       911 2022-05-28 01:42 usr/share/locale/eo/LC_MESSAGES/oxygen_style_config.mo
-rw-r--r-- root/root      1913 2022-05-28 01:42 usr/share/locale/eo/LC_MESSAGES/oxygen_style_demo.mo
drwxr-xr-x root/root         0 2022-05-28 01:42 usr/share/locale/es/
drwxr-xr-x root/root         0 2022-05-28 01:42 usr/share/locale/es/LC_MESSAGES/
-rw-r--r-- root/root       972 2022-05-28 01:42 usr/share/locale/es/LC_MESSAGES/liboxygenstyleconfig.mo
-rw-r--r-- root/root      5114 2022-05-28 01:42 usr/share/locale/es/LC_MESSAGES/oxygen_kdecoration.mo
-rw-r--r-- root/root      5758 2022-05-28 01:42 usr/share/locale/es/LC_MESSAGES/oxygen_style_config.mo
-rw-r--r-- root/root      9859 2022-05-28 01:42 usr/share/locale/es/LC_MESSAGES/oxygen_style_demo.mo
drwxr-xr-x root/root         0 2022-05-28 01:42 usr/share/locale/et/
drwxr-xr-x root/root         0 2022-05-28 01:42 usr/share/locale/et/LC_MESSAGES/
-rw-r--r-- root/root       956 2022-05-28 01:42 usr/share/locale/et/LC_MESSAGES/liboxygenstyleconfig.mo
-rw-r--r-- root/root      4720 2022-05-28 01:42 usr/share/locale/et/LC_MESSAGES/oxygen_kdecoration.mo
-rw-r--r-- root/root      5057 2022-05-28 01:42 usr/share/locale/et/LC_MESSAGES/oxygen_style_config.mo
-rw-r--r-- root/root      9192 2022-05-28 01:42 usr/share/locale/et/LC_MESSAGES/oxygen_style_demo.mo
drwxr-xr-x root/root         0 2022-05-28 01:42 usr/share/locale/eu/
drwxr-xr-x root/root         0 2022-05-28 01:42 usr/share/locale/eu/LC_MESSAGES/
-rw-r--r-- root/root      1003 2022-05-28 01:42 usr/share/locale/eu/LC_MESSAGES/liboxygenstyleconfig.mo
-rw-r--r-- root/root      4964 2022-05-28 01:42 usr/share/locale/eu/LC_MESSAGES/oxygen_kdecoration.mo
-rw-r--r-- root/root      5244 2022-05-28 01:42 usr/share/locale/eu/LC_MESSAGES/oxygen_style_config.mo
-rw-r--r-- root/root      9507 2022-05-28 01:42 usr/share/locale/eu/LC_MESSAGES/oxygen_style_demo.mo
drwxr-xr-x root/root         0 2022-05-28 01:42 usr/share/locale/fa/
drwxr-xr-x root/root         0 2022-05-28 01:42 usr/share/locale/fa/LC_MESSAGES/
-rw-r--r-- root/root       552 2022-05-28 01:42 usr/share/locale/fa/LC_MESSAGES/oxygen_style_config.mo
-rw-r--r-- root/root       437 2022-05-28 01:42 usr/share/locale/fa/LC_MESSAGES/oxygen_style_demo.mo
drwxr-xr-x root/root         0 2022-05-28 01:42 usr/share/locale/fi/
drwxr-xr-x root/root         0 2022-05-28 01:42 usr/share/locale/fi/LC_MESSAGES/
-rw-r--r-- root/root      1016 2022-05-28 01:42 usr/share/locale/fi/LC_MESSAGES/liboxygenstyleconfig.mo
-rw-r--r-- root/root      4929 2022-05-28 01:42 usr/share/locale/fi/LC_MESSAGES/oxygen_kdecoration.mo
-rw-r--r-- root/root      5383 2022-05-28 01:42 usr/share/locale/fi/LC_MESSAGES/oxygen_style_config.mo
-rw-r--r-- root/root      9719 2022-05-28 01:42 usr/share/locale/fi/LC_MESSAGES/oxygen_style_demo.mo
drwxr-xr-x root/root         0 2022-05-28 01:42 usr/share/locale/fr/
drwxr-xr-x root/root         0 2022-05-28 01:42 usr/share/locale/fr/LC_MESSAGES/
-rw-r--r-- root/root      1068 2022-05-28 01:42 usr/share/locale/fr/LC_MESSAGES/liboxygenstyleconfig.mo
-rw-r--r-- root/root      5230 2022-05-28 01:42 usr/share/locale/fr/LC_MESSAGES/oxygen_kdecoration.mo
-rw-r--r-- root/root      5914 2022-05-28 01:42 usr/share/locale/fr/LC_MESSAGES/oxygen_style_config.mo
-rw-r--r-- root/root     10147 2022-05-28 01:42 usr/share/locale/fr/LC_MESSAGES/oxygen_style_demo.mo
drwxr-xr-x root/root         0 2022-05-28 01:42 usr/share/locale/fy/
drwxr-xr-x root/root         0 2022-05-28 01:42 usr/share/locale/fy/LC_MESSAGES/
-rw-r--r-- root/root      3444 2022-05-28 01:42 usr/share/locale/fy/LC_MESSAGES/oxygen_style_config.mo
-rw-r--r-- root/root      5805 2022-05-28 01:42 usr/share/locale/fy/LC_MESSAGES/oxygen_style_demo.mo
drwxr-xr-x root/root         0 2022-05-28 01:42 usr/share/locale/ga/
drwxr-xr-x root/root         0 2022-05-28 01:42 usr/share/locale/ga/LC_MESSAGES/
-rw-r--r-- root/root       972 2022-05-28 01:42 usr/share/locale/ga/LC_MESSAGES/liboxygenstyleconfig.mo
-rw-r--r-- root/root      2392 2022-05-28 01:42 usr/share/locale/ga/LC_MESSAGES/oxygen_style_config.mo
-rw-r--r-- root/root      6497 2022-05-28 01:42 usr/share/locale/ga/LC_MESSAGES/oxygen_style_demo.mo
drwxr-xr-x root/root         0 2022-05-28 01:42 usr/share/locale/gl/
drwxr-xr-x root/root         0 2022-05-28 01:42 usr/share/locale/gl/LC_MESSAGES/
-rw-r--r-- root/root       968 2022-05-28 01:42 usr/share/locale/gl/LC_MESSAGES/liboxygenstyleconfig.mo
-rw-r--r-- root/root      5048 2022-05-28 01:42 usr/share/locale/gl/LC_MESSAGES/oxygen_kdecoration.mo
-rw-r--r-- root/root      5361 2022-05-28 01:42 usr/share/locale/gl/LC_MESSAGES/oxygen_style_config.mo
-rw-r--r-- root/root      9678 2022-05-28 01:42 usr/share/locale/gl/LC_MESSAGES/oxygen_style_demo.mo
drwxr-xr-x root/root         0 2022-05-28 01:42 usr/share/locale/gu/
drwxr-xr-x root/root         0 2022-05-28 01:42 usr/share/locale/gu/LC_MESSAGES/
-rw-r--r-- root/root       575 2022-05-28 01:42 usr/share/locale/gu/LC_MESSAGES/oxygen_style_config.mo
-rw-r--r-- root/root       423 2022-05-28 01:42 usr/share/locale/gu/LC_MESSAGES/oxygen_style_demo.mo
drwxr-xr-x root/root         0 2022-05-28 01:42 usr/share/locale/he/
drwxr-xr-x root/root         0 2022-05-28 01:42 usr/share/locale/he/LC_MESSAGES/
-rw-r--r-- root/root      1014 2022-05-28 01:42 usr/share/locale/he/LC_MESSAGES/liboxygenstyleconfig.mo
-rw-r--r-- root/root      4411 2022-05-28 01:42 usr/share/locale/he/LC_MESSAGES/oxygen_style_config.mo
-rw-r--r-- root/root      6918 2022-05-28 01:42 usr/share/locale/he/LC_MESSAGES/oxygen_style_demo.mo
drwxr-xr-x root/root         0 2022-05-28 01:42 usr/share/locale/hi/
drwxr-xr-x root/root         0 2022-05-28 01:42 usr/share/locale/hi/LC_MESSAGES/
-rw-r--r-- root/root      1638 2022-05-28 01:42 usr/share/locale/hi/LC_MESSAGES/oxygen_style_config.mo
-rw-r--r-- root/root      5640 2022-05-28 01:42 usr/share/locale/hi/LC_MESSAGES/oxygen_style_demo.mo
drwxr-xr-x root/root         0 2022-05-28 01:42 usr/share/locale/hne/
drwxr-xr-x root/root         0 2022-05-28 01:42 usr/share/locale/hne/LC_MESSAGES/
-rw-r--r-- root/root       582 2022-05-28 01:42 usr/share/locale/hne/LC_MESSAGES/oxygen_style_config.mo
-rw-r--r-- root/root       458 2022-05-28 01:42 usr/share/locale/hne/LC_MESSAGES/oxygen_style_demo.mo
drwxr-xr-x root/root         0 2022-05-28 01:42 usr/share/locale/hr/
drwxr-xr-x root/root         0 2022-05-28 01:42 usr/share/locale/hr/LC_MESSAGES/
-rw-r--r-- root/root      3974 2022-05-28 01:42 usr/share/locale/hr/LC_MESSAGES/oxygen_style_config.mo
-rw-r--r-- root/root      6503 2022-05-28 01:42 usr/share/locale/hr/LC_MESSAGES/oxygen_style_demo.mo
drwxr-xr-x root/root         0 2022-05-28 01:42 usr/share/locale/hsb/
drwxr-xr-x root/root         0 2022-05-28 01:42 usr/share/locale/hsb/LC_MESSAGES/
-rw-r--r-- root/root       578 2022-05-28 01:42 usr/share/locale/hsb/LC_MESSAGES/oxygen_style_config.mo
-rw-r--r-- root/root       466 2022-05-28 01:42 usr/share/locale/hsb/LC_MESSAGES/oxygen_style_demo.mo
drwxr-xr-x root/root         0 2022-05-28 01:42 usr/share/locale/hu/
drwxr-xr-x root/root         0 2022-05-28 01:42 usr/share/locale/hu/LC_MESSAGES/
-rw-r--r-- root/root      1003 2022-05-28 01:42 usr/share/locale/hu/LC_MESSAGES/liboxygenstyleconfig.mo
-rw-r--r-- root/root      4986 2022-05-28 01:42 usr/share/locale/hu/LC_MESSAGES/oxygen_kdecoration.mo
-rw-r--r-- root/root      5502 2022-05-28 01:42 usr/share/locale/hu/LC_MESSAGES/oxygen_style_config.mo
-rw-r--r-- root/root      9512 2022-05-28 01:42 usr/share/locale/hu/LC_MESSAGES/oxygen_style_demo.mo
drwxr-xr-x root/root         0 2022-05-28 01:42 usr/share/locale/ia/
drwxr-xr-x root/root         0 2022-05-28 01:42 usr/share/locale/ia/LC_MESSAGES/
-rw-r--r-- root/root       986 2022-05-28 01:42 usr/share/locale/ia/LC_MESSAGES/liboxygenstyleconfig.mo
-rw-r--r-- root/root      5017 2022-05-28 01:42 usr/share/locale/ia/LC_MESSAGES/oxygen_kdecoration.mo
-rw-r--r-- root/root      5403 2022-05-28 01:42 usr/share/locale/ia/LC_MESSAGES/oxygen_style_config.mo
-rw-r--r-- root/root      9660 2022-05-28 01:42 usr/share/locale/ia/LC_MESSAGES/oxygen_style_demo.mo
drwxr-xr-x root/root         0 2022-05-28 01:42 usr/share/locale/id/
drwxr-xr-x root/root         0 2022-05-28 01:42 usr/share/locale/id/LC_MESSAGES/
-rw-r--r-- root/root       929 2022-05-28 01:42 usr/share/locale/id/LC_MESSAGES/liboxygenstyleconfig.mo
-rw-r--r-- root/root      4791 2022-05-28 01:42 usr/share/locale/id/LC_MESSAGES/oxygen_kdecoration.mo
-rw-r--r-- root/root      4850 2022-05-28 01:42 usr/share/locale/id/LC_MESSAGES/oxygen_style_config.mo
-rw-r--r-- root/root      9052 2022-05-28 01:42 usr/share/locale/id/LC_MESSAGES/oxygen_style_demo.mo
drwxr-xr-x root/root         0 2022-05-28 01:42 usr/share/locale/is/
drwxr-xr-x root/root         0 2022-05-28 01:42 usr/share/locale/is/LC_MESSAGES/
-rw-r--r-- root/root       836 2022-05-28 01:42 usr/share/locale/is/LC_MESSAGES/oxygen_style_config.mo
-rw-r--r-- root/root       495 2022-05-28 01:42 usr/share/locale/is/LC_MESSAGES/oxygen_style_demo.mo
drwxr-xr-x root/root         0 2022-05-28 01:42 usr/share/locale/it/
drwxr-xr-x root/root         0 2022-05-28 01:42 usr/share/locale/it/LC_MESSAGES/
-rw-r--r-- root/root       996 2022-05-28 01:42 usr/share/locale/it/LC_MESSAGES/liboxygenstyleconfig.mo
-rw-r--r-- root/root      5153 2022-05-28 01:42 usr/share/locale/it/LC_MESSAGES/oxygen_kdecoration.mo
-rw-r--r-- root/root      5720 2022-05-28 01:42 usr/share/locale/it/LC_MESSAGES/oxygen_style_config.mo
-rw-r--r-- root/root      9639 2022-05-28 01:42 usr/share/locale/it/LC_MESSAGES/oxygen_style_demo.mo
drwxr-xr-x root/root         0 2022-05-28 01:42 usr/share/locale/ja/
drwxr-xr-x root/root         0 2022-05-28 01:42 usr/share/locale/ja/LC_MESSAGES/
-rw-r--r-- root/root       475 2022-05-28 01:42 usr/share/locale/ja/LC_MESSAGES/liboxygenstyleconfig.mo
-rw-r--r-- root/root      3070 2022-05-28 01:42 usr/share/locale/ja/LC_MESSAGES/oxygen_kdecoration.mo
-rw-r--r-- root/root      4442 2022-05-28 01:42 usr/share/locale/ja/LC_MESSAGES/oxygen_style_config.mo
-rw-r--r-- root/root      6449 2022-05-28 01:42 usr/share/locale/ja/LC_MESSAGES/oxygen_style_demo.mo
drwxr-xr-x root/root         0 2022-05-28 01:42 usr/share/locale/kk/
drwxr-xr-x root/root         0 2022-05-28 01:42 usr/share/locale/kk/LC_MESSAGES/
-rw-r--r-- root/root      1012 2022-05-28 01:42 usr/share/locale/kk/LC_MESSAGES/liboxygenstyleconfig.mo
-rw-r--r-- root/root      5486 2022-05-28 01:42 usr/share/locale/kk/LC_MESSAGES/oxygen_style_config.mo
-rw-r--r-- root/root     10109 2022-05-28 01:42 usr/share/locale/kk/LC_MESSAGES/oxygen_style_demo.mo
drwxr-xr-x root/root         0 2022-05-28 01:42 usr/share/locale/km/
drwxr-xr-x root/root         0 2022-05-28 01:42 usr/share/locale/km/LC_MESSAGES/
-rw-r--r-- root/root      7366 2022-05-28 01:42 usr/share/locale/km/LC_MESSAGES/oxygen_style_config.mo
-rw-r--r-- root/root     12360 2022-05-28 01:42 usr/share/locale/km/LC_MESSAGES/oxygen_style_demo.mo
drwxr-xr-x root/root         0 2022-05-28 01:42 usr/share/locale/ko/
drwxr-xr-x root/root         0 2022-05-28 01:42 usr/share/locale/ko/LC_MESSAGES/
-rw-r--r-- root/root       952 2022-05-28 01:42 usr/share/locale/ko/LC_MESSAGES/liboxygenstyleconfig.mo
-rw-r--r-- root/root      4798 2022-05-28 01:42 usr/share/locale/ko/LC_MESSAGES/oxygen_kdecoration.mo
-rw-r--r-- root/root      5326 2022-05-28 01:42 usr/share/locale/ko/LC_MESSAGES/oxygen_style_config.mo
-rw-r--r-- root/root      9510 2022-05-28 01:42 usr/share/locale/ko/LC_MESSAGES/oxygen_style_demo.mo
drwxr-xr-x root/root         0 2022-05-28 01:42 usr/share/locale/ku/
drwxr-xr-x root/root         0 2022-05-28 01:42 usr/share/locale/ku/LC_MESSAGES/
-rw-r--r-- root/root       552 2022-05-28 01:42 usr/share/locale/ku/LC_MESSAGES/oxygen_style_config.mo
-rw-r--r-- root/root       455 2022-05-28 01:42 usr/share/locale/ku/LC_MESSAGES/oxygen_style_demo.mo
drwxr-xr-x root/root         0 2022-05-28 01:42 usr/share/locale/lt/
drwxr-xr-x root/root         0 2022-05-28 01:42 usr/share/locale/lt/LC_MESSAGES/
-rw-r--r-- root/root      1033 2022-05-28 01:42 usr/share/locale/lt/LC_MESSAGES/liboxygenstyleconfig.mo
-rw-r--r-- root/root      4949 2022-05-28 01:42 usr/share/locale/lt/LC_MESSAGES/oxygen_kdecoration.mo
-rw-r--r-- root/root      5262 2022-05-28 01:42 usr/share/locale/lt/LC_MESSAGES/oxygen_style_config.mo
-rw-r--r-- root/root      9718 2022-05-28 01:42 usr/share/locale/lt/LC_MESSAGES/oxygen_style_demo.mo
drwxr-xr-x root/root         0 2022-05-28 01:42 usr/share/locale/lv/
drwxr-xr-x root/root         0 2022-05-28 01:42 usr/share/locale/lv/LC_MESSAGES/
-rw-r--r-- root/root      4063 2022-05-28 01:42 usr/share/locale/lv/LC_MESSAGES/oxygen_style_config.mo
-rw-r--r-- root/root      7120 2022-05-28 01:42 usr/share/locale/lv/LC_MESSAGES/oxygen_style_demo.mo
drwxr-xr-x root/root         0 2022-05-28 01:42 usr/share/locale/mai/
drwxr-xr-x root/root         0 2022-05-28 01:42 usr/share/locale/mai/LC_MESSAGES/
-rw-r--r-- root/root       890 2022-05-28 01:42 usr/share/locale/mai/LC_MESSAGES/oxygen_style_config.mo
-rw-r--r-- root/root      2961 2022-05-28 01:42 usr/share/locale/mai/LC_MESSAGES/oxygen_style_demo.mo
drwxr-xr-x root/root         0 2022-05-28 01:42 usr/share/locale/mk/
drwxr-xr-x root/root         0 2022-05-28 01:42 usr/share/locale/mk/LC_MESSAGES/
-rw-r--r-- root/root      1027 2022-05-28 01:42 usr/share/locale/mk/LC_MESSAGES/oxygen_style_config.mo
-rw-r--r-- root/root       548 2022-05-28 01:42 usr/share/locale/mk/LC_MESSAGES/oxygen_style_demo.mo
drwxr-xr-x root/root         0 2022-05-28 01:42 usr/share/locale/ml/
drwxr-xr-x root/root         0 2022-05-28 01:42 usr/share/locale/ml/LC_MESSAGES/
-rw-r--r-- root/root       508 2022-05-28 01:42 usr/share/locale/ml/LC_MESSAGES/liboxygenstyleconfig.mo
-rw-r--r-- root/root       508 2022-05-28 01:42 usr/share/locale/ml/LC_MESSAGES/oxygen_kdecoration.mo
-rw-r--r-- root/root      1362 2022-05-28 01:42 usr/share/locale/ml/LC_MESSAGES/oxygen_style_config.mo
-rw-r--r-- root/root      5798 2022-05-28 01:42 usr/share/locale/ml/LC_MESSAGES/oxygen_style_demo.mo
drwxr-xr-x root/root         0 2022-05-28 01:42 usr/share/locale/mr/
drwxr-xr-x root/root         0 2022-05-28 01:42 usr/share/locale/mr/LC_MESSAGES/
-rw-r--r-- root/root      1109 2022-05-28 01:42 usr/share/locale/mr/LC_MESSAGES/liboxygenstyleconfig.mo
-rw-r--r-- root/root      6181 2022-05-28 01:42 usr/share/locale/mr/LC_MESSAGES/oxygen_style_config.mo
-rw-r--r-- root/root     10529 2022-05-28 01:42 usr/share/locale/mr/LC_MESSAGES/oxygen_style_demo.mo
drwxr-xr-x root/root         0 2022-05-28 01:42 usr/share/locale/ms/
drwxr-xr-x root/root         0 2022-05-28 01:42 usr/share/locale/ms/LC_MESSAGES/
-rw-r--r-- root/root       717 2022-05-28 01:42 usr/share/locale/ms/LC_MESSAGES/oxygen_style_config.mo
-rw-r--r-- root/root       495 2022-05-28 01:42 usr/share/locale/ms/LC_MESSAGES/oxygen_style_demo.mo
drwxr-xr-x root/root         0 2022-05-28 01:42 usr/share/locale/nb/
drwxr-xr-x root/root         0 2022-05-28 01:42 usr/share/locale/nb/LC_MESSAGES/
-rw-r--r-- root/root      1041 2022-05-28 01:42 usr/share/locale/nb/LC_MESSAGES/liboxygenstyleconfig.mo
-rw-r--r-- root/root      3600 2022-05-28 01:42 usr/share/locale/nb/LC_MESSAGES/oxygen_kdecoration.mo
-rw-r--r-- root/root      4899 2022-05-28 01:42 usr/share/locale/nb/LC_MESSAGES/oxygen_style_config.mo
-rw-r--r-- root/root      9027 2022-05-28 01:42 usr/share/locale/nb/LC_MESSAGES/oxygen_style_demo.mo
drwxr-xr-x root/root         0 2022-05-28 01:42 usr/share/locale/nds/
drwxr-xr-x root/root         0 2022-05-28 01:42 usr/share/locale/nds/LC_MESSAGES/
-rw-r--r-- root/root       939 2022-05-28 01:42 usr/share/locale/nds/LC_MESSAGES/liboxygenstyleconfig.mo
-rw-r--r-- root/root      4024 2022-05-28 01:42 usr/share/locale/nds/LC_MESSAGES/oxygen_kdecoration.mo
-rw-r--r-- root/root      4746 2022-05-28 01:42 usr/share/locale/nds/LC_MESSAGES/oxygen_style_config.mo
-rw-r--r-- root/root      8856 2022-05-28 01:42 usr/share/locale/nds/LC_MESSAGES/oxygen_style_demo.mo
drwxr-xr-x root/root         0 2022-05-28 01:42 usr/share/locale/ne/
drwxr-xr-x root/root         0 2022-05-28 01:42 usr/share/locale/ne/LC_MESSAGES/
-rw-r--r-- root/root       598 2022-05-28 01:42 usr/share/locale/ne/LC_MESSAGES/oxygen_style_config.mo
-rw-r--r-- root/root       448 2022-05-28 01:42 usr/share/locale/ne/LC_MESSAGES/oxygen_style_demo.mo
drwxr-xr-x root/root         0 2022-05-28 01:42 usr/share/locale/nl/
drwxr-xr-x root/root         0 2022-05-28 01:42 usr/share/locale/nl/LC_MESSAGES/
-rw-r--r-- root/root       970 2022-05-28 01:42 usr/share/locale/nl/LC_MESSAGES/liboxygenstyleconfig.mo
-rw-r--r-- root/root      4943 2022-05-28 01:42 usr/share/locale/nl/LC_MESSAGES/oxygen_kdecoration.mo
-rw-r--r-- root/root      5278 2022-05-28 01:42 usr/share/locale/nl/LC_MESSAGES/oxygen_style_config.mo
-rw-r--r-- root/root      9350 2022-05-28 01:42 usr/share/locale/nl/LC_MESSAGES/oxygen_style_demo.mo
drwxr-xr-x root/root         0 2022-05-28 01:42 usr/share/locale/nn/
drwxr-xr-x root/root         0 2022-05-28 01:42 usr/share/locale/nn/LC_MESSAGES/
-rw-r--r-- root/root      1072 2022-05-28 01:42 usr/share/locale/nn/LC_MESSAGES/liboxygenstyleconfig.mo
-rw-r--r-- root/root      4924 2022-05-28 01:42 usr/share/locale/nn/LC_MESSAGES/oxygen_kdecoration.mo
-rw-r--r-- root/root      5059 2022-05-28 01:42 usr/share/locale/nn/LC_MESSAGES/oxygen_style_config.mo
-rw-r--r-- root/root      9277 2022-05-28 01:42 usr/share/locale/nn/LC_MESSAGES/oxygen_style_demo.mo
drwxr-xr-x root/root         0 2022-05-28 01:42 usr/share/locale/pa/
drwxr-xr-x root/root         0 2022-05-28 01:42 usr/share/locale/pa/LC_MESSAGES/
-rw-r--r-- root/root      1081 2022-05-28 01:42 usr/share/locale/pa/LC_MESSAGES/liboxygenstyleconfig.mo
-rw-r--r-- root/root       603 2022-05-28 01:42 usr/share/locale/pa/LC_MESSAGES/oxygen_kdecoration.mo
-rw-r--r-- root/root      3493 2022-05-28 01:42 usr/share/locale/pa/LC_MESSAGES/oxygen_style_config.mo
-rw-r--r-- root/root      8378 2022-05-28 01:42 usr/share/locale/pa/LC_MESSAGES/oxygen_style_demo.mo
drwxr-xr-x root/root         0 2022-05-28 01:42 usr/share/locale/pl/
drwxr-xr-x root/root         0 2022-05-28 01:42 usr/share/locale/pl/LC_MESSAGES/
-rw-r--r-- root/root      1057 2022-05-28 01:42 usr/share/locale/pl/LC_MESSAGES/liboxygenstyleconfig.mo
-rw-r--r-- root/root      4943 2022-05-28 01:42 usr/share/locale/pl/LC_MESSAGES/oxygen_kdecoration.mo
-rw-r--r-- root/root      5427 2022-05-28 01:42 usr/share/locale/pl/LC_MESSAGES/oxygen_style_config.mo
-rw-r--r-- root/root      9500 2022-05-28 01:42 usr/share/locale/pl/LC_MESSAGES/oxygen_style_demo.mo
drwxr-xr-x root/root         0 2022-05-28 01:42 usr/share/locale/pt/
drwxr-xr-x root/root         0 2022-05-28 01:42 usr/share/locale/pt/LC_MESSAGES/
-rw-r--r-- root/root      1027 2022-05-28 01:42 usr/share/locale/pt/LC_MESSAGES/liboxygenstyleconfig.mo
-rw-r--r-- root/root      5065 2022-05-28 01:42 usr/share/locale/pt/LC_MESSAGES/oxygen_kdecoration.mo
-rw-r--r-- root/root      5572 2022-05-28 01:42 usr/share/locale/pt/LC_MESSAGES/oxygen_style_config.mo
-rw-r--r-- root/root      9543 2022-05-28 01:42 usr/share/locale/pt/LC_MESSAGES/oxygen_style_demo.mo
drwxr-xr-x root/root         0 2022-05-28 01:42 usr/share/locale/pt_BR/
drwxr-xr-x root/root         0 2022-05-28 01:42 usr/share/locale/pt_BR/LC_MESSAGES/
-rw-r--r-- root/root      1005 2022-05-28 01:42 usr/share/locale/pt_BR/LC_MESSAGES/liboxygenstyleconfig.mo
-rw-r--r-- root/root      5068 2022-05-28 01:42 usr/share/locale/pt_BR/LC_MESSAGES/oxygen_kdecoration.mo
-rw-r--r-- root/root      5626 2022-05-28 01:42 usr/share/locale/pt_BR/LC_MESSAGES/oxygen_style_config.mo
-rw-r--r-- root/root      9610 2022-05-28 01:42 usr/share/locale/pt_BR/LC_MESSAGES/oxygen_style_demo.mo
drwxr-xr-x root/root         0 2022-05-28 01:42 usr/share/locale/ro/
drwxr-xr-x root/root         0 2022-05-28 01:42 usr/share/locale/ro/LC_MESSAGES/
-rw-r--r-- root/root      1006 2022-05-28 01:42 usr/share/locale/ro/LC_MESSAGES/liboxygenstyleconfig.mo
-rw-r--r-- root/root      5028 2022-05-28 01:42 usr/share/locale/ro/LC_MESSAGES/oxygen_kdecoration.mo
-rw-r--r-- root/root      5520 2022-05-28 01:42 usr/share/locale/ro/LC_MESSAGES/oxygen_style_config.mo
-rw-r--r-- root/root      9570 2022-05-28 01:42 usr/share/locale/ro/LC_MESSAGES/oxygen_style_demo.mo
drwxr-xr-x root/root         0 2022-05-28 01:42 usr/share/locale/ru/
drwxr-xr-x root/root         0 2022-05-28 01:42 usr/share/locale/ru/LC_MESSAGES/
-rw-r--r-- root/root      1169 2022-05-28 01:42 usr/share/locale/ru/LC_MESSAGES/liboxygenstyleconfig.mo
-rw-r--r-- root/root      6129 2022-05-28 01:42 usr/share/locale/ru/LC_MESSAGES/oxygen_kdecoration.mo
-rw-r--r-- root/root      6605 2022-05-28 01:42 usr/share/locale/ru/LC_MESSAGES/oxygen_style_config.mo
-rw-r--r-- root/root     12242 2022-05-28 01:42 usr/share/locale/ru/LC_MESSAGES/oxygen_style_demo.mo
drwxr-xr-x root/root         0 2022-05-28 01:42 usr/share/locale/se/
drwxr-xr-x root/root         0 2022-05-28 01:42 usr/share/locale/se/LC_MESSAGES/
-rw-r--r-- root/root       597 2022-05-28 01:42 usr/share/locale/se/LC_MESSAGES/oxygen_kdecoration.mo
-rw-r--r-- root/root       721 2022-05-28 01:42 usr/share/locale/se/LC_MESSAGES/oxygen_style_config.mo
-rw-r--r-- root/root      2111 2022-05-28 01:42 usr/share/locale/se/LC_MESSAGES/oxygen_style_demo.mo
drwxr-xr-x root/root         0 2022-05-28 01:42 usr/share/locale/si/
drwxr-xr-x root/root         0 2022-05-28 01:42 usr/share/locale/si/LC_MESSAGES/
-rw-r--r-- root/root      6050 2022-05-28 01:42 usr/share/locale/si/LC_MESSAGES/oxygen_style_config.mo
-rw-r--r-- root/root      9623 2022-05-28 01:42 usr/share/locale/si/LC_MESSAGES/oxygen_style_demo.mo
drwxr-xr-x root/root         0 2022-05-28 01:42 usr/share/locale/sk/
drwxr-xr-x root/root         0 2022-05-28 01:42 usr/share/locale/sk/LC_MESSAGES/
-rw-r--r-- root/root      1018 2022-05-28 01:42 usr/share/locale/sk/LC_MESSAGES/liboxygenstyleconfig.mo
-rw-r--r-- root/root      4828 2022-05-28 01:42 usr/share/locale/sk/LC_MESSAGES/oxygen_kdecoration.mo
-rw-r--r-- root/root      5336 2022-05-28 01:42 usr/share/locale/sk/LC_MESSAGES/oxygen_style_config.mo
-rw-r--r-- root/root      9356 2022-05-28 01:42 usr/share/locale/sk/LC_MESSAGES/oxygen_style_demo.mo
drwxr-xr-x root/root         0 2022-05-28 01:42 usr/share/locale/sl/
drwxr-xr-x root/root         0 2022-05-28 01:42 usr/share/locale/sl/LC_MESSAGES/
-rw-r--r-- root/root      1023 2022-05-28 01:42 usr/share/locale/sl/LC_MESSAGES/liboxygenstyleconfig.mo
-rw-r--r-- root/root      4765 2022-05-28 01:42 usr/share/locale/sl/LC_MESSAGES/oxygen_kdecoration.mo
-rw-r--r-- root/root      5361 2022-05-28 01:42 usr/share/locale/sl/LC_MESSAGES/oxygen_style_config.mo
-rw-r--r-- root/root      9311 2022-05-28 01:42 usr/share/locale/sl/LC_MESSAGES/oxygen_style_demo.mo
drwxr-xr-x root/root         0 2022-05-28 01:42 usr/share/locale/sq/
drwxr-xr-x root/root         0 2022-05-28 01:42 usr/share/locale/sq/LC_MESSAGES/
-rw-r--r-- root/root       725 2022-05-28 01:42 usr/share/locale/sq/LC_MESSAGES/oxygen_style_config.mo
-rw-r--r-- root/root       520 2022-05-28 01:42 usr/share/locale/sq/LC_MESSAGES/oxygen_style_demo.mo
drwxr-xr-x root/root         0 2022-05-28 01:42 usr/share/locale/sr/
drwxr-xr-x root/root         0 2022-05-28 01:42 usr/share/locale/sr/LC_MESSAGES/
-rw-r--r-- root/root      1210 2022-05-28 01:42 usr/share/locale/sr/LC_MESSAGES/liboxygenstyleconfig.mo
-rw-r--r-- root/root      5952 2022-05-28 01:42 usr/share/locale/sr/LC_MESSAGES/oxygen_kdecoration.mo
-rw-r--r-- root/root      6598 2022-05-28 01:42 usr/share/locale/sr/LC_MESSAGES/oxygen_style_config.mo
-rw-r--r-- root/root     11170 2022-05-28 01:42 usr/share/locale/sr/LC_MESSAGES/oxygen_style_demo.mo
drwxr-xr-x root/root         0 2022-05-28 01:42 usr/share/locale/sr@ijekavian/
drwxr-xr-x root/root         0 2022-05-28 01:42 usr/share/locale/sr@ijekavian/LC_MESSAGES/
-rw-r--r-- root/root      1220 2022-05-28 01:42 usr/share/locale/sr@ijekavian/LC_MESSAGES/liboxygenstyleconfig.mo
-rw-r--r-- root/root      5974 2022-05-28 01:42 usr/share/locale/sr@ijekavian/LC_MESSAGES/oxygen_kdecoration.mo
-rw-r--r-- root/root      6620 2022-05-28 01:42 usr/share/locale/sr@ijekavian/LC_MESSAGES/oxygen_style_config.mo
-rw-r--r-- root/root     11222 2022-05-28 01:42 usr/share/locale/sr@ijekavian/LC_MESSAGES/oxygen_style_demo.mo
drwxr-xr-x root/root         0 2022-05-28 01:42 usr/share/locale/sr@ijekavianlatin/
drwxr-xr-x root/root         0 2022-05-28 01:42 usr/share/locale/sr@ijekavianlatin/LC_MESSAGES/
-rw-r--r-- root/root      1124 2022-05-28 01:42 usr/share/locale/sr@ijekavianlatin/LC_MESSAGES/liboxygenstyleconfig.mo
-rw-r--r-- root/root      4906 2022-05-28 01:42 usr/share/locale/sr@ijekavianlatin/LC_MESSAGES/oxygen_kdecoration.mo
-rw-r--r-- root/root      5305 2022-05-28 01:42 usr/share/locale/sr@ijekavianlatin/LC_MESSAGES/oxygen_style_config.mo
-rw-r--r-- root/root      9147 2022-05-28 01:42 usr/share/locale/sr@ijekavianlatin/LC_MESSAGES/oxygen_style_demo.mo
drwxr-xr-x root/root         0 2022-05-28 01:42 usr/share/locale/sr@latin/
drwxr-xr-x root/root         0 2022-05-28 01:42 usr/share/locale/sr@latin/LC_MESSAGES/
-rw-r--r-- root/root      1115 2022-05-28 01:42 usr/share/locale/sr@latin/LC_MESSAGES/liboxygenstyleconfig.mo
-rw-r--r-- root/root      4890 2022-05-28 01:42 usr/share/locale/sr@latin/LC_MESSAGES/oxygen_kdecoration.mo
-rw-r--r-- root/root      5290 2022-05-28 01:42 usr/share/locale/sr@latin/LC_MESSAGES/oxygen_style_config.mo
-rw-r--r-- root/root      9113 2022-05-28 01:42 usr/share/locale/sr@latin/LC_MESSAGES/oxygen_style_demo.mo
drwxr-xr-x root/root         0 2022-05-28 01:42 usr/share/locale/sv/
drwxr-xr-x root/root         0 2022-05-28 01:42 usr/share/locale/sv/LC_MESSAGES/
-rw-r--r-- root/root       980 2022-05-28 01:42 usr/share/locale/sv/LC_MESSAGES/liboxygenstyleconfig.mo
-rw-r--r-- root/root      4819 2022-05-28 01:42 usr/share/locale/sv/LC_MESSAGES/oxygen_kdecoration.mo
-rw-r--r-- root/root      5302 2022-05-28 01:42 usr/share/locale/sv/LC_MESSAGES/oxygen_style_config.mo
-rw-r--r-- root/root      9415 2022-05-28 01:42 usr/share/locale/sv/LC_MESSAGES/oxygen_style_demo.mo
drwxr-xr-x root/root         0 2022-05-28 01:42 usr/share/locale/ta/
drwxr-xr-x root/root         0 2022-05-28 01:42 usr/share/locale/ta/LC_MESSAGES/
-rw-r--r-- root/root       574 2022-05-28 01:42 usr/share/locale/ta/LC_MESSAGES/oxygen_style_config.mo
-rw-r--r-- root/root       409 2022-05-28 01:42 usr/share/locale/ta/LC_MESSAGES/oxygen_style_demo.mo
drwxr-xr-x root/root         0 2022-05-28 01:42 usr/share/locale/tg/
drwxr-xr-x root/root         0 2022-05-28 01:42 usr/share/locale/tg/LC_MESSAGES/
-rw-r--r-- root/root       645 2022-05-28 01:42 usr/share/locale/tg/LC_MESSAGES/oxygen_style_config.mo
-rw-r--r-- root/root       990 2022-05-28 01:42 usr/share/locale/tg/LC_MESSAGES/oxygen_style_demo.mo
drwxr-xr-x root/root         0 2022-05-28 01:42 usr/share/locale/th/
drwxr-xr-x root/root         0 2022-05-28 01:42 usr/share/locale/th/LC_MESSAGES/
-rw-r--r-- root/root      6311 2022-05-28 01:42 usr/share/locale/th/LC_MESSAGES/oxygen_style_config.mo
-rw-r--r-- root/root      9304 2022-05-28 01:42 usr/share/locale/th/LC_MESSAGES/oxygen_style_demo.mo
drwxr-xr-x root/root         0 2022-05-28 01:42 usr/share/locale/tr/
drwxr-xr-x root/root         0 2022-05-28 01:42 usr/share/locale/tr/LC_MESSAGES/
-rw-r--r-- root/root       952 2022-05-28 01:42 usr/share/locale/tr/LC_MESSAGES/liboxygenstyleconfig.mo
-rw-r--r-- root/root      5007 2022-05-28 01:42 usr/share/locale/tr/LC_MESSAGES/oxygen_kdecoration.mo
-rw-r--r-- root/root      5615 2022-05-28 01:42 usr/share/locale/tr/LC_MESSAGES/oxygen_style_config.mo
-rw-r--r-- root/root      9555 2022-05-28 01:42 usr/share/locale/tr/LC_MESSAGES/oxygen_style_demo.mo
drwxr-xr-x root/root         0 2022-05-28 01:42 usr/share/locale/ug/
drwxr-xr-x root/root         0 2022-05-28 01:42 usr/share/locale/ug/LC_MESSAGES/
-rw-r--r-- root/root       991 2022-05-28 01:42 usr/share/locale/ug/LC_MESSAGES/liboxygenstyleconfig.mo
-rw-r--r-- root/root      2467 2022-05-28 01:42 usr/share/locale/ug/LC_MESSAGES/oxygen_style_config.mo
-rw-r--r-- root/root      7868 2022-05-28 01:42 usr/share/locale/ug/LC_MESSAGES/oxygen_style_demo.mo
drwxr-xr-x root/root         0 2022-05-28 01:42 usr/share/locale/uk/
drwxr-xr-x root/root         0 2022-05-28 01:42 usr/share/locale/uk/LC_MESSAGES/
-rw-r--r-- root/root      1200 2022-05-28 01:42 usr/share/locale/uk/LC_MESSAGES/liboxygenstyleconfig.mo
-rw-r--r-- root/root      6187 2022-05-28 01:42 usr/share/locale/uk/LC_MESSAGES/oxygen_kdecoration.mo
-rw-r--r-- root/root      7146 2022-05-28 01:42 usr/share/locale/uk/LC_MESSAGES/oxygen_style_config.mo
-rw-r--r-- root/root     11833 2022-05-28 01:42 usr/share/locale/uk/LC_MESSAGES/oxygen_style_demo.mo
drwxr-xr-x root/root         0 2022-05-28 01:42 usr/share/locale/vi/
drwxr-xr-x root/root         0 2022-05-28 01:42 usr/share/locale/vi/LC_MESSAGES/
-rw-r--r-- root/root       560 2022-05-28 01:42 usr/share/locale/vi/LC_MESSAGES/oxygen_style_config.mo
-rw-r--r-- root/root       457 2022-05-28 01:42 usr/share/locale/vi/LC_MESSAGES/oxygen_style_demo.mo
drwxr-xr-x root/root         0 2022-05-28 01:42 usr/share/locale/wa/
drwxr-xr-x root/root         0 2022-05-28 01:42 usr/share/locale/wa/LC_MESSAGES/
-rw-r--r-- root/root       744 2022-05-28 01:42 usr/share/locale/wa/LC_MESSAGES/oxygen_style_config.mo
-rw-r--r-- root/root      2189 2022-05-28 01:42 usr/share/locale/wa/LC_MESSAGES/oxygen_style_demo.mo
drwxr-xr-x root/root         0 2022-05-28 01:42 usr/share/locale/zh_CN/
drwxr-xr-x root/root         0 2022-05-28 01:42 usr/share/locale/zh_CN/LC_MESSAGES/
-rw-r--r-- root/root      1062 2022-05-28 01:42 usr/share/locale/zh_CN/LC_MESSAGES/liboxygenstyleconfig.mo
-rw-r--r-- root/root      4596 2022-05-28 01:42 usr/share/locale/zh_CN/LC_MESSAGES/oxygen_kdecoration.mo
-rw-r--r-- root/root      4921 2022-05-28 01:42 usr/share/locale/zh_CN/LC_MESSAGES/oxygen_style_config.mo
-rw-r--r-- root/root      8953 2022-05-28 01:42 usr/share/locale/zh_CN/LC_MESSAGES/oxygen_style_demo.mo
drwxr-xr-x root/root         0 2022-05-28 01:42 usr/share/locale/zh_TW/
drwxr-xr-x root/root         0 2022-05-28 01:42 usr/share/locale/zh_TW/LC_MESSAGES/
-rw-r--r-- root/root       949 2022-05-28 01:42 usr/share/locale/zh_TW/LC_MESSAGES/liboxygenstyleconfig.mo
-rw-r--r-- root/root      4567 2022-05-28 01:42 usr/share/locale/zh_TW/LC_MESSAGES/oxygen_kdecoration.mo
-rw-r--r-- root/root      4695 2022-05-28 01:42 usr/share/locale/zh_TW/LC_MESSAGES/oxygen_style_config.mo
-rw-r--r-- root/root      8857 2022-05-28 01:42 usr/share/locale/zh_TW/LC_MESSAGES/oxygen_style_demo.mo
drwxr-xr-x root/root         0 2022-05-28 01:42 usr/share/plasma/
drwxr-xr-x root/root         0 2022-05-28 01:42 usr/share/plasma/look-and-feel/
drwxr-xr-x root/root         0 2022-05-28 01:42 usr/share/plasma/look-and-feel/org.kde.oxygen/
drwxr-xr-x root/root         0 2022-05-28 01:42 usr/share/plasma/look-and-feel/org.kde.oxygen/contents/
-rw-r--r-- root/root       242 2022-05-19 12:29 usr/share/plasma/look-and-feel/org.kde.oxygen/contents/defaults
drwxr-xr-x root/root         0 2022-05-28 01:42 usr/share/plasma/look-and-feel/org.kde.oxygen/contents/previews/
-rw-r--r-- root/root     49475 2022-05-19 12:29 usr/share/plasma/look-and-feel/org.kde.oxygen/contents/previews/preview.png
-rw-r--r-- root/root     45990 2022-05-19 12:29 usr/share/plasma/look-and-feel/org.kde.oxygen/contents/previews/splash.png
drwxr-xr-x root/root         0 2022-05-28 01:42 usr/share/plasma/look-and-feel/org.kde.oxygen/contents/splash/
-rw-r--r-- root/root      2073 2022-05-19 12:29 usr/share/plasma/look-and-feel/org.kde.oxygen/contents/splash/Splash.qml
drwxr-xr-x root/root         0 2022-05-28 01:42 usr/share/plasma/look-and-feel/org.kde.oxygen/contents/splash/images/
-rw-r--r-- root/root   1295918 2022-05-19 12:29 usr/share/plasma/look-and-feel/org.kde.oxygen/contents/splash/images/background.png
-rw-r--r-- root/root     18660 2022-05-19 12:29 usr/share/plasma/look-and-feel/org.kde.oxygen/contents/splash/images/kde.png
-rw-r--r-- root/root      3423 2022-05-19 12:29 usr/share/plasma/look-and-feel/org.kde.oxygen/contents/splash/images/rectangle.png
-rw-r--r-- root/root     11138 2022-05-19 12:29 usr/share/plasma/look-and-feel/org.kde.oxygen/metadata.desktop


