++========================================
||
||   Package:  ./plasma/plasma-pa-5.24.90-x86_64-2.txz
||
++========================================
drwxr-xr-x root/root         0 2022-05-28 02:03 ./
drwxr-xr-x root/root         0 2022-05-28 02:03 install/
-rw-r--r-- root/root       674 2022-05-28 02:03 install/slack-desc
drwxr-xr-x root/root         0 2022-05-28 02:03 usr/
drwxr-xr-x root/root         0 2022-05-28 02:03 usr/doc/
drwxr-xr-x root/root         0 2022-05-28 02:03 usr/doc/HTML/
drwxr-xr-x root/root         0 2022-05-28 02:03 usr/doc/HTML/ca/
drwxr-xr-x root/root         0 2022-05-28 02:03 usr/doc/HTML/ca/kcontrol/
drwxr-xr-x root/root         0 2022-05-28 02:03 usr/doc/HTML/ca/kcontrol/plasma-pa/
-rw-r--r-- root/root      2671 2022-05-28 02:03 usr/doc/HTML/ca/kcontrol/plasma-pa/index.cache.bz2
-rw-r--r-- root/root      4186 2022-05-19 12:35 usr/doc/HTML/ca/kcontrol/plasma-pa/index.docbook
drwxr-xr-x root/root         0 2022-05-28 02:03 usr/doc/HTML/de/
drwxr-xr-x root/root         0 2022-05-28 02:03 usr/doc/HTML/de/kcontrol/
drwxr-xr-x root/root         0 2022-05-28 02:03 usr/doc/HTML/de/kcontrol/plasma-pa/
-rw-r--r-- root/root      2639 2022-05-28 02:03 usr/doc/HTML/de/kcontrol/plasma-pa/index.cache.bz2
-rw-r--r-- root/root      4236 2022-05-19 12:35 usr/doc/HTML/de/kcontrol/plasma-pa/index.docbook
drwxr-xr-x root/root         0 2022-05-28 02:03 usr/doc/HTML/en/
drwxr-xr-x root/root         0 2022-05-28 02:03 usr/doc/HTML/en/kcontrol/
drwxr-xr-x root/root         0 2022-05-28 02:03 usr/doc/HTML/en/kcontrol/plasma-pa/
-rw-r--r-- root/root      2371 2022-05-28 02:03 usr/doc/HTML/en/kcontrol/plasma-pa/index.cache.bz2
-rw-r--r-- root/root      3746 2022-05-19 12:35 usr/doc/HTML/en/kcontrol/plasma-pa/index.docbook
drwxr-xr-x root/root         0 2022-05-28 02:03 usr/doc/HTML/es/
drwxr-xr-x root/root         0 2022-05-28 02:03 usr/doc/HTML/es/kcontrol/
drwxr-xr-x root/root         0 2022-05-28 02:03 usr/doc/HTML/es/kcontrol/plasma-pa/
-rw-r--r-- root/root      2633 2022-05-28 02:03 usr/doc/HTML/es/kcontrol/plasma-pa/index.cache.bz2
-rw-r--r-- root/root      4453 2022-05-19 12:35 usr/doc/HTML/es/kcontrol/plasma-pa/index.docbook
drwxr-xr-x root/root         0 2022-05-28 02:03 usr/doc/HTML/id/
drwxr-xr-x root/root         0 2022-05-28 02:03 usr/doc/HTML/id/kcontrol/
drwxr-xr-x root/root         0 2022-05-28 02:03 usr/doc/HTML/id/kcontrol/plasma-pa/
-rw-r--r-- root/root      2545 2022-05-28 02:03 usr/doc/HTML/id/kcontrol/plasma-pa/index.cache.bz2
-rw-r--r-- root/root      4176 2022-05-19 12:35 usr/doc/HTML/id/kcontrol/plasma-pa/index.docbook
drwxr-xr-x root/root         0 2022-05-28 02:03 usr/doc/HTML/it/
drwxr-xr-x root/root         0 2022-05-28 02:03 usr/doc/HTML/it/kcontrol/
drwxr-xr-x root/root         0 2022-05-28 02:03 usr/doc/HTML/it/kcontrol/plasma-pa/
-rw-r--r-- root/root      2692 2022-05-28 02:03 usr/doc/HTML/it/kcontrol/plasma-pa/index.cache.bz2
-rw-r--r-- root/root      4700 2022-05-19 12:35 usr/doc/HTML/it/kcontrol/plasma-pa/index.docbook
drwxr-xr-x root/root         0 2022-05-28 02:03 usr/doc/HTML/nl/
drwxr-xr-x root/root         0 2022-05-28 02:03 usr/doc/HTML/nl/kcontrol/
drwxr-xr-x root/root         0 2022-05-28 02:03 usr/doc/HTML/nl/kcontrol/plasma-pa/
-rw-r--r-- root/root      2673 2022-05-28 02:03 usr/doc/HTML/nl/kcontrol/plasma-pa/index.cache.bz2
-rw-r--r-- root/root      3969 2022-05-19 12:35 usr/doc/HTML/nl/kcontrol/plasma-pa/index.docbook
drwxr-xr-x root/root         0 2022-05-28 02:03 usr/doc/HTML/pt/
drwxr-xr-x root/root         0 2022-05-28 02:03 usr/doc/HTML/pt/kcontrol/
drwxr-xr-x root/root         0 2022-05-28 02:03 usr/doc/HTML/pt/kcontrol/plasma-pa/
-rw-r--r-- root/root      2640 2022-05-28 02:03 usr/doc/HTML/pt/kcontrol/plasma-pa/index.cache.bz2
-rw-r--r-- root/root      4417 2022-05-19 12:35 usr/doc/HTML/pt/kcontrol/plasma-pa/index.docbook
drwxr-xr-x root/root         0 2022-05-28 02:03 usr/doc/HTML/pt_BR/
drwxr-xr-x root/root         0 2022-05-28 02:03 usr/doc/HTML/pt_BR/kcontrol/
drwxr-xr-x root/root         0 2022-05-28 02:03 usr/doc/HTML/pt_BR/kcontrol/plasma-pa/
-rw-r--r-- root/root      2588 2022-05-28 02:03 usr/doc/HTML/pt_BR/kcontrol/plasma-pa/index.cache.bz2
-rw-r--r-- root/root      4439 2022-05-19 12:35 usr/doc/HTML/pt_BR/kcontrol/plasma-pa/index.docbook
drwxr-xr-x root/root         0 2022-05-28 02:03 usr/doc/HTML/ru/
drwxr-xr-x root/root         0 2022-05-28 02:03 usr/doc/HTML/ru/kcontrol/
drwxr-xr-x root/root         0 2022-05-28 02:03 usr/doc/HTML/ru/kcontrol/plasma-pa/
-rw-r--r-- root/root      2734 2022-05-28 02:03 usr/doc/HTML/ru/kcontrol/plasma-pa/index.cache.bz2
-rw-r--r-- root/root      5821 2022-05-19 12:35 usr/doc/HTML/ru/kcontrol/plasma-pa/index.docbook
drwxr-xr-x root/root         0 2022-05-28 02:03 usr/doc/HTML/sv/
drwxr-xr-x root/root         0 2022-05-28 02:03 usr/doc/HTML/sv/kcontrol/
drwxr-xr-x root/root         0 2022-05-28 02:03 usr/doc/HTML/sv/kcontrol/plasma-pa/
-rw-r--r-- root/root      2543 2022-05-28 02:03 usr/doc/HTML/sv/kcontrol/plasma-pa/index.cache.bz2
-rw-r--r-- root/root      4089 2022-05-19 12:35 usr/doc/HTML/sv/kcontrol/plasma-pa/index.docbook
drwxr-xr-x root/root         0 2022-05-28 02:03 usr/doc/HTML/uk/
drwxr-xr-x root/root         0 2022-05-28 02:03 usr/doc/HTML/uk/kcontrol/
drwxr-xr-x root/root         0 2022-05-28 02:03 usr/doc/HTML/uk/kcontrol/plasma-pa/
-rw-r--r-- root/root      2777 2022-05-28 02:03 usr/doc/HTML/uk/kcontrol/plasma-pa/index.cache.bz2
-rw-r--r-- root/root      6272 2022-05-19 12:35 usr/doc/HTML/uk/kcontrol/plasma-pa/index.docbook
drwxr-xr-x root/root         0 2022-05-28 02:03 usr/doc/plasma-pa-5.24.90/
drwxr-xr-x root/root         0 2022-05-19 12:35 usr/doc/plasma-pa-5.24.90/LICENSES/
-rw-r--r-- root/root      1480 2022-05-19 12:35 usr/doc/plasma-pa-5.24.90/LICENSES/BSD-3-Clause.txt
-rw-r--r-- root/root     17277 2022-05-19 12:35 usr/doc/plasma-pa-5.24.90/LICENSES/GPL-2.0-only.txt
-rw-r--r-- root/root     34575 2022-05-19 12:35 usr/doc/plasma-pa-5.24.90/LICENSES/GPL-3.0-only.txt
-rw-r--r-- root/root     24782 2022-05-19 12:35 usr/doc/plasma-pa-5.24.90/LICENSES/LGPL-2.0-or-later.txt
-rw-r--r-- root/root     25902 2022-05-19 12:35 usr/doc/plasma-pa-5.24.90/LICENSES/LGPL-2.1-only.txt
-rw-r--r-- root/root      7356 2022-05-19 12:35 usr/doc/plasma-pa-5.24.90/LICENSES/LGPL-3.0-only.txt
-rw-r--r-- root/root       662 2022-05-19 12:35 usr/doc/plasma-pa-5.24.90/LICENSES/LicenseRef-KDE-Accepted-GPL.txt
-rw-r--r-- root/root       665 2022-05-19 12:35 usr/doc/plasma-pa-5.24.90/LICENSES/LicenseRef-KDE-Accepted-LGPL.txt
drwxr-xr-x root/root         0 2022-05-28 02:03 usr/lib64/
drwxr-xr-x root/root         0 2022-05-28 02:03 usr/lib64/qt5/
drwxr-xr-x root/root         0 2022-05-28 02:03 usr/lib64/qt5/plugins/
drwxr-xr-x root/root         0 2022-05-28 02:03 usr/lib64/qt5/plugins/kcms/
-rwxr-xr-x root/root     39208 2022-05-28 02:03 usr/lib64/qt5/plugins/kcms/kcm_pulseaudio.so
drwxr-xr-x root/root         0 2022-05-28 02:03 usr/lib64/qt5/qml/
drwxr-xr-x root/root         0 2022-05-28 02:03 usr/lib64/qt5/qml/org/
drwxr-xr-x root/root         0 2022-05-28 02:03 usr/lib64/qt5/qml/org/kde/
drwxr-xr-x root/root         0 2022-05-28 02:03 usr/lib64/qt5/qml/org/kde/plasma/
drwxr-xr-x root/root         0 2022-05-28 02:03 usr/lib64/qt5/qml/org/kde/plasma/private/
drwxr-xr-x root/root         0 2022-05-28 02:03 usr/lib64/qt5/qml/org/kde/plasma/private/volume/
-rw-r--r-- root/root      1538 2022-05-19 12:35 usr/lib64/qt5/qml/org/kde/plasma/private/volume/PulseObjectFilterModel.qml
-rwxr-xr-x root/root    422592 2022-05-28 02:03 usr/lib64/qt5/qml/org/kde/plasma/private/volume/libplasma-volume-declarative.so
-rw-r--r-- root/root       125 2022-05-19 12:35 usr/lib64/qt5/qml/org/kde/plasma/private/volume/qmldir
drwxr-xr-x root/root         0 2022-05-28 02:03 usr/share/
drwxr-xr-x root/root         0 2022-05-28 02:03 usr/share/kconf_update/
-rw-r--r-- root/root       161 2022-05-19 12:35 usr/share/kconf_update/disable_kmix.upd
-rwxr-xr-x root/root        91 2022-05-19 12:35 usr/share/kconf_update/plasmaVolumeDisableKMixAutostart.pl
drwxr-xr-x root/root         0 2022-05-28 02:03 usr/share/kde4/
drwxr-xr-x root/root         0 2022-05-28 02:03 usr/share/kde4/apps/
drwxr-xr-x root/root         0 2022-05-28 02:03 usr/share/kde4/apps/kconf_update/
-rw-r--r-- root/root       161 2022-05-19 12:35 usr/share/kde4/apps/kconf_update/disable_kmix.upd
-rwxr-xr-x root/root        91 2022-05-19 12:35 usr/share/kde4/apps/kconf_update/plasmaVolumeDisableKMixAutostart.pl
drwxr-xr-x root/root         0 2022-05-28 02:03 usr/share/kpackage/
drwxr-xr-x root/root         0 2022-05-28 02:03 usr/share/kpackage/kcms/
drwxr-xr-x root/root         0 2022-05-28 02:03 usr/share/kpackage/kcms/kcm_pulseaudio/
drwxr-xr-x root/root         0 2022-05-28 02:03 usr/share/kpackage/kcms/kcm_pulseaudio/contents/
drwxr-xr-x root/root         0 2022-05-28 02:03 usr/share/kpackage/kcms/kcm_pulseaudio/contents/code/
-rw-r--r-- root/root       605 2022-05-19 12:35 usr/share/kpackage/kcms/kcm_pulseaudio/contents/code/icon.js
drwxr-xr-x root/root         0 2022-05-28 02:03 usr/share/kpackage/kcms/kcm_pulseaudio/contents/ui/
-rw-r--r-- root/root      1695 2022-05-19 12:35 usr/share/kpackage/kcms/kcm_pulseaudio/contents/ui/CardListItem.qml
-rw-r--r-- root/root       655 2022-05-19 12:35 usr/share/kpackage/kcms/kcm_pulseaudio/contents/ui/DeviceComboBox.qml
-rw-r--r-- root/root      8225 2022-05-19 12:35 usr/share/kpackage/kcms/kcm_pulseaudio/contents/ui/DeviceListItem.qml
-rw-r--r-- root/root       770 2022-05-19 12:35 usr/share/kpackage/kcms/kcm_pulseaudio/contents/ui/MuteButton.qml
-rw-r--r-- root/root      3409 2022-05-19 12:35 usr/share/kpackage/kcms/kcm_pulseaudio/contents/ui/StreamListItem.qml
-rw-r--r-- root/root      2864 2022-05-19 12:35 usr/share/kpackage/kcms/kcm_pulseaudio/contents/ui/VolumeSlider.qml
-rw-r--r-- root/root     16912 2022-05-19 12:35 usr/share/kpackage/kcms/kcm_pulseaudio/contents/ui/main.qml
-rw-r--r-- root/root     20696 2022-05-19 12:35 usr/share/kpackage/kcms/kcm_pulseaudio/metadata.desktop
-rw-r--r-- root/root     22610 2022-05-28 02:03 usr/share/kpackage/kcms/kcm_pulseaudio/metadata.json
drwxr-xr-x root/root         0 2022-05-28 02:03 usr/share/kservices5/
-rw-r--r-- root/root     20696 2022-05-19 12:35 usr/share/kservices5/kcm_pulseaudio.desktop
-rw-r--r-- root/root      5284 2022-05-19 12:35 usr/share/kservices5/plasma-applet-org.kde.plasma.volume.desktop
drwxr-xr-x root/root         0 2022-05-28 02:03 usr/share/locale/
drwxr-xr-x root/root         0 2022-05-28 02:03 usr/share/locale/ar/
drwxr-xr-x root/root         0 2022-05-28 02:03 usr/share/locale/ar/LC_MESSAGES/
-rw-r--r-- root/root      5016 2022-05-28 02:03 usr/share/locale/ar/LC_MESSAGES/kcm_pulseaudio.mo
-rw-r--r-- root/root      3342 2022-05-28 02:03 usr/share/locale/ar/LC_MESSAGES/plasma_applet_org.kde.plasma.volume.mo
drwxr-xr-x root/root         0 2022-05-28 02:03 usr/share/locale/ast/
drwxr-xr-x root/root         0 2022-05-28 02:03 usr/share/locale/ast/LC_MESSAGES/
-rw-r--r-- root/root      3322 2022-05-28 02:03 usr/share/locale/ast/LC_MESSAGES/kcm_pulseaudio.mo
-rw-r--r-- root/root      2432 2022-05-28 02:03 usr/share/locale/ast/LC_MESSAGES/plasma_applet_org.kde.plasma.volume.mo
drwxr-xr-x root/root         0 2022-05-28 02:03 usr/share/locale/az/
drwxr-xr-x root/root         0 2022-05-28 02:03 usr/share/locale/az/LC_MESSAGES/
-rw-r--r-- root/root      4536 2022-05-28 02:03 usr/share/locale/az/LC_MESSAGES/kcm_pulseaudio.mo
-rw-r--r-- root/root      3013 2022-05-28 02:03 usr/share/locale/az/LC_MESSAGES/plasma_applet_org.kde.plasma.volume.mo
drwxr-xr-x root/root         0 2022-05-28 02:03 usr/share/locale/ca/
drwxr-xr-x root/root         0 2022-05-28 02:03 usr/share/locale/ca/LC_MESSAGES/
-rw-r--r-- root/root      4557 2022-05-28 02:03 usr/share/locale/ca/LC_MESSAGES/kcm_pulseaudio.mo
-rw-r--r-- root/root      3089 2022-05-28 02:03 usr/share/locale/ca/LC_MESSAGES/plasma_applet_org.kde.plasma.volume.mo
drwxr-xr-x root/root         0 2022-05-28 02:03 usr/share/locale/ca@valencia/
drwxr-xr-x root/root         0 2022-05-28 02:03 usr/share/locale/ca@valencia/LC_MESSAGES/
-rw-r--r-- root/root      4575 2022-05-28 02:03 usr/share/locale/ca@valencia/LC_MESSAGES/kcm_pulseaudio.mo
-rw-r--r-- root/root      3091 2022-05-28 02:03 usr/share/locale/ca@valencia/LC_MESSAGES/plasma_applet_org.kde.plasma.volume.mo
drwxr-xr-x root/root         0 2022-05-28 02:03 usr/share/locale/cs/
drwxr-xr-x root/root         0 2022-05-28 02:03 usr/share/locale/cs/LC_MESSAGES/
-rw-r--r-- root/root      4152 2022-05-28 02:03 usr/share/locale/cs/LC_MESSAGES/kcm_pulseaudio.mo
-rw-r--r-- root/root      2959 2022-05-28 02:03 usr/share/locale/cs/LC_MESSAGES/plasma_applet_org.kde.plasma.volume.mo
drwxr-xr-x root/root         0 2022-05-28 02:03 usr/share/locale/da/
drwxr-xr-x root/root         0 2022-05-28 02:03 usr/share/locale/da/LC_MESSAGES/
-rw-r--r-- root/root      4078 2022-05-28 02:03 usr/share/locale/da/LC_MESSAGES/kcm_pulseaudio.mo
-rw-r--r-- root/root      2765 2022-05-28 02:03 usr/share/locale/da/LC_MESSAGES/plasma_applet_org.kde.plasma.volume.mo
drwxr-xr-x root/root         0 2022-05-28 02:03 usr/share/locale/de/
drwxr-xr-x root/root         0 2022-05-28 02:03 usr/share/locale/de/LC_MESSAGES/
-rw-r--r-- root/root      4005 2022-05-28 02:03 usr/share/locale/de/LC_MESSAGES/kcm_pulseaudio.mo
-rw-r--r-- root/root      2956 2022-05-28 02:03 usr/share/locale/de/LC_MESSAGES/plasma_applet_org.kde.plasma.volume.mo
drwxr-xr-x root/root         0 2022-05-28 02:03 usr/share/locale/el/
drwxr-xr-x root/root         0 2022-05-28 02:03 usr/share/locale/el/LC_MESSAGES/
-rw-r--r-- root/root      4775 2022-05-28 02:03 usr/share/locale/el/LC_MESSAGES/kcm_pulseaudio.mo
-rw-r--r-- root/root      3509 2022-05-28 02:03 usr/share/locale/el/LC_MESSAGES/plasma_applet_org.kde.plasma.volume.mo
drwxr-xr-x root/root         0 2022-05-28 02:03 usr/share/locale/en_GB/
drwxr-xr-x root/root         0 2022-05-28 02:03 usr/share/locale/en_GB/LC_MESSAGES/
-rw-r--r-- root/root      4302 2022-05-28 02:03 usr/share/locale/en_GB/LC_MESSAGES/kcm_pulseaudio.mo
-rw-r--r-- root/root      2822 2022-05-28 02:03 usr/share/locale/en_GB/LC_MESSAGES/plasma_applet_org.kde.plasma.volume.mo
drwxr-xr-x root/root         0 2022-05-28 02:03 usr/share/locale/es/
drwxr-xr-x root/root         0 2022-05-28 02:03 usr/share/locale/es/LC_MESSAGES/
-rw-r--r-- root/root      4562 2022-05-28 02:03 usr/share/locale/es/LC_MESSAGES/kcm_pulseaudio.mo
-rw-r--r-- root/root      3066 2022-05-28 02:03 usr/share/locale/es/LC_MESSAGES/plasma_applet_org.kde.plasma.volume.mo
drwxr-xr-x root/root         0 2022-05-28 02:03 usr/share/locale/et/
drwxr-xr-x root/root         0 2022-05-28 02:03 usr/share/locale/et/LC_MESSAGES/
-rw-r--r-- root/root      2602 2022-05-28 02:03 usr/share/locale/et/LC_MESSAGES/kcm_pulseaudio.mo
-rw-r--r-- root/root      2511 2022-05-28 02:03 usr/share/locale/et/LC_MESSAGES/plasma_applet_org.kde.plasma.volume.mo
drwxr-xr-x root/root         0 2022-05-28 02:03 usr/share/locale/eu/
drwxr-xr-x root/root         0 2022-05-28 02:03 usr/share/locale/eu/LC_MESSAGES/
-rw-r--r-- root/root      4239 2022-05-28 02:03 usr/share/locale/eu/LC_MESSAGES/kcm_pulseaudio.mo
-rw-r--r-- root/root      2853 2022-05-28 02:03 usr/share/locale/eu/LC_MESSAGES/plasma_applet_org.kde.plasma.volume.mo
drwxr-xr-x root/root         0 2022-05-28 02:03 usr/share/locale/fi/
drwxr-xr-x root/root         0 2022-05-28 02:03 usr/share/locale/fi/LC_MESSAGES/
-rw-r--r-- root/root      4360 2022-05-28 02:03 usr/share/locale/fi/LC_MESSAGES/kcm_pulseaudio.mo
-rw-r--r-- root/root      2951 2022-05-28 02:03 usr/share/locale/fi/LC_MESSAGES/plasma_applet_org.kde.plasma.volume.mo
drwxr-xr-x root/root         0 2022-05-28 02:03 usr/share/locale/fr/
drwxr-xr-x root/root         0 2022-05-28 02:03 usr/share/locale/fr/LC_MESSAGES/
-rw-r--r-- root/root      4663 2022-05-28 02:03 usr/share/locale/fr/LC_MESSAGES/kcm_pulseaudio.mo
-rw-r--r-- root/root      3173 2022-05-28 02:03 usr/share/locale/fr/LC_MESSAGES/plasma_applet_org.kde.plasma.volume.mo
drwxr-xr-x root/root         0 2022-05-28 02:03 usr/share/locale/gl/
drwxr-xr-x root/root         0 2022-05-28 02:03 usr/share/locale/gl/LC_MESSAGES/
-rw-r--r-- root/root      2525 2022-05-28 02:03 usr/share/locale/gl/LC_MESSAGES/kcm_pulseaudio.mo
-rw-r--r-- root/root      1941 2022-05-28 02:03 usr/share/locale/gl/LC_MESSAGES/plasma_applet_org.kde.plasma.volume.mo
drwxr-xr-x root/root         0 2022-05-28 02:03 usr/share/locale/he/
drwxr-xr-x root/root         0 2022-05-28 02:03 usr/share/locale/he/LC_MESSAGES/
-rw-r--r-- root/root      1158 2022-05-28 02:03 usr/share/locale/he/LC_MESSAGES/kcm_pulseaudio.mo
-rw-r--r-- root/root      1699 2022-05-28 02:03 usr/share/locale/he/LC_MESSAGES/plasma_applet_org.kde.plasma.volume.mo
drwxr-xr-x root/root         0 2022-05-28 02:03 usr/share/locale/hsb/
drwxr-xr-x root/root         0 2022-05-28 02:03 usr/share/locale/hsb/LC_MESSAGES/
-rw-r--r-- root/root      2808 2022-05-28 02:03 usr/share/locale/hsb/LC_MESSAGES/plasma_applet_org.kde.plasma.volume.mo
drwxr-xr-x root/root         0 2022-05-28 02:03 usr/share/locale/hu/
drwxr-xr-x root/root         0 2022-05-28 02:03 usr/share/locale/hu/LC_MESSAGES/
-rw-r--r-- root/root      4203 2022-05-28 02:03 usr/share/locale/hu/LC_MESSAGES/kcm_pulseaudio.mo
-rw-r--r-- root/root      2954 2022-05-28 02:03 usr/share/locale/hu/LC_MESSAGES/plasma_applet_org.kde.plasma.volume.mo
drwxr-xr-x root/root         0 2022-05-28 02:03 usr/share/locale/ia/
drwxr-xr-x root/root         0 2022-05-28 02:03 usr/share/locale/ia/LC_MESSAGES/
-rw-r--r-- root/root      4428 2022-05-28 02:03 usr/share/locale/ia/LC_MESSAGES/kcm_pulseaudio.mo
-rw-r--r-- root/root      2970 2022-05-28 02:03 usr/share/locale/ia/LC_MESSAGES/plasma_applet_org.kde.plasma.volume.mo
drwxr-xr-x root/root         0 2022-05-28 02:03 usr/share/locale/id/
drwxr-xr-x root/root         0 2022-05-28 02:03 usr/share/locale/id/LC_MESSAGES/
-rw-r--r-- root/root      4092 2022-05-28 02:03 usr/share/locale/id/LC_MESSAGES/kcm_pulseaudio.mo
-rw-r--r-- root/root      2649 2022-05-28 02:03 usr/share/locale/id/LC_MESSAGES/plasma_applet_org.kde.plasma.volume.mo
drwxr-xr-x root/root         0 2022-05-28 02:03 usr/share/locale/it/
drwxr-xr-x root/root         0 2022-05-28 02:03 usr/share/locale/it/LC_MESSAGES/
-rw-r--r-- root/root      4604 2022-05-28 02:03 usr/share/locale/it/LC_MESSAGES/kcm_pulseaudio.mo
-rw-r--r-- root/root      3009 2022-05-28 02:03 usr/share/locale/it/LC_MESSAGES/plasma_applet_org.kde.plasma.volume.mo
drwxr-xr-x root/root         0 2022-05-28 02:03 usr/share/locale/ja/
drwxr-xr-x root/root         0 2022-05-28 02:03 usr/share/locale/ja/LC_MESSAGES/
-rw-r--r-- root/root      1548 2022-05-28 02:03 usr/share/locale/ja/LC_MESSAGES/kcm_pulseaudio.mo
-rw-r--r-- root/root      1960 2022-05-28 02:03 usr/share/locale/ja/LC_MESSAGES/plasma_applet_org.kde.plasma.volume.mo
drwxr-xr-x root/root         0 2022-05-28 02:03 usr/share/locale/ko/
drwxr-xr-x root/root         0 2022-05-28 02:03 usr/share/locale/ko/LC_MESSAGES/
-rw-r--r-- root/root      4468 2022-05-28 02:03 usr/share/locale/ko/LC_MESSAGES/kcm_pulseaudio.mo
-rw-r--r-- root/root      2930 2022-05-28 02:03 usr/share/locale/ko/LC_MESSAGES/plasma_applet_org.kde.plasma.volume.mo
drwxr-xr-x root/root         0 2022-05-28 02:03 usr/share/locale/lt/
drwxr-xr-x root/root         0 2022-05-28 02:03 usr/share/locale/lt/LC_MESSAGES/
-rw-r--r-- root/root      4298 2022-05-28 02:03 usr/share/locale/lt/LC_MESSAGES/kcm_pulseaudio.mo
-rw-r--r-- root/root      2915 2022-05-28 02:03 usr/share/locale/lt/LC_MESSAGES/plasma_applet_org.kde.plasma.volume.mo
drwxr-xr-x root/root         0 2022-05-28 02:03 usr/share/locale/lv/
drwxr-xr-x root/root         0 2022-05-28 02:03 usr/share/locale/lv/LC_MESSAGES/
-rw-r--r-- root/root      1907 2022-05-28 02:03 usr/share/locale/lv/LC_MESSAGES/plasma_applet_org.kde.plasma.volume.mo
drwxr-xr-x root/root         0 2022-05-28 02:03 usr/share/locale/nb/
drwxr-xr-x root/root         0 2022-05-28 02:03 usr/share/locale/nb/LC_MESSAGES/
-rw-r--r-- root/root      1144 2022-05-28 02:03 usr/share/locale/nb/LC_MESSAGES/kcm_pulseaudio.mo
drwxr-xr-x root/root         0 2022-05-28 02:03 usr/share/locale/nl/
drwxr-xr-x root/root         0 2022-05-28 02:03 usr/share/locale/nl/LC_MESSAGES/
-rw-r--r-- root/root      4411 2022-05-28 02:03 usr/share/locale/nl/LC_MESSAGES/kcm_pulseaudio.mo
-rw-r--r-- root/root      2893 2022-05-28 02:03 usr/share/locale/nl/LC_MESSAGES/plasma_applet_org.kde.plasma.volume.mo
drwxr-xr-x root/root         0 2022-05-28 02:03 usr/share/locale/nn/
drwxr-xr-x root/root         0 2022-05-28 02:03 usr/share/locale/nn/LC_MESSAGES/
-rw-r--r-- root/root      4345 2022-05-28 02:03 usr/share/locale/nn/LC_MESSAGES/kcm_pulseaudio.mo
-rw-r--r-- root/root      2720 2022-05-28 02:03 usr/share/locale/nn/LC_MESSAGES/plasma_applet_org.kde.plasma.volume.mo
drwxr-xr-x root/root         0 2022-05-28 02:03 usr/share/locale/pa/
drwxr-xr-x root/root         0 2022-05-28 02:03 usr/share/locale/pa/LC_MESSAGES/
-rw-r--r-- root/root      4500 2022-05-28 02:03 usr/share/locale/pa/LC_MESSAGES/kcm_pulseaudio.mo
-rw-r--r-- root/root      3771 2022-05-28 02:03 usr/share/locale/pa/LC_MESSAGES/plasma_applet_org.kde.plasma.volume.mo
drwxr-xr-x root/root         0 2022-05-28 02:03 usr/share/locale/pl/
drwxr-xr-x root/root         0 2022-05-28 02:03 usr/share/locale/pl/LC_MESSAGES/
-rw-r--r-- root/root      4599 2022-05-28 02:03 usr/share/locale/pl/LC_MESSAGES/kcm_pulseaudio.mo
-rw-r--r-- root/root      3151 2022-05-28 02:03 usr/share/locale/pl/LC_MESSAGES/plasma_applet_org.kde.plasma.volume.mo
drwxr-xr-x root/root         0 2022-05-28 02:03 usr/share/locale/pt/
drwxr-xr-x root/root         0 2022-05-28 02:03 usr/share/locale/pt/LC_MESSAGES/
-rw-r--r-- root/root      4593 2022-05-28 02:03 usr/share/locale/pt/LC_MESSAGES/kcm_pulseaudio.mo
-rw-r--r-- root/root      3123 2022-05-28 02:03 usr/share/locale/pt/LC_MESSAGES/plasma_applet_org.kde.plasma.volume.mo
drwxr-xr-x root/root         0 2022-05-28 02:03 usr/share/locale/pt_BR/
drwxr-xr-x root/root         0 2022-05-28 02:03 usr/share/locale/pt_BR/LC_MESSAGES/
-rw-r--r-- root/root      4537 2022-05-28 02:03 usr/share/locale/pt_BR/LC_MESSAGES/kcm_pulseaudio.mo
-rw-r--r-- root/root      3059 2022-05-28 02:03 usr/share/locale/pt_BR/LC_MESSAGES/plasma_applet_org.kde.plasma.volume.mo
drwxr-xr-x root/root         0 2022-05-28 02:03 usr/share/locale/ro/
drwxr-xr-x root/root         0 2022-05-28 02:03 usr/share/locale/ro/LC_MESSAGES/
-rw-r--r-- root/root      4504 2022-05-28 02:03 usr/share/locale/ro/LC_MESSAGES/kcm_pulseaudio.mo
-rw-r--r-- root/root      3055 2022-05-28 02:03 usr/share/locale/ro/LC_MESSAGES/plasma_applet_org.kde.plasma.volume.mo
drwxr-xr-x root/root         0 2022-05-28 02:03 usr/share/locale/ru/
drwxr-xr-x root/root         0 2022-05-28 02:03 usr/share/locale/ru/LC_MESSAGES/
-rw-r--r-- root/root      5357 2022-05-28 02:03 usr/share/locale/ru/LC_MESSAGES/kcm_pulseaudio.mo
-rw-r--r-- root/root      3984 2022-05-28 02:03 usr/share/locale/ru/LC_MESSAGES/plasma_applet_org.kde.plasma.volume.mo
drwxr-xr-x root/root         0 2022-05-28 02:03 usr/share/locale/sk/
drwxr-xr-x root/root         0 2022-05-28 02:03 usr/share/locale/sk/LC_MESSAGES/
-rw-r--r-- root/root      4426 2022-05-28 02:03 usr/share/locale/sk/LC_MESSAGES/kcm_pulseaudio.mo
-rw-r--r-- root/root      3051 2022-05-28 02:03 usr/share/locale/sk/LC_MESSAGES/plasma_applet_org.kde.plasma.volume.mo
drwxr-xr-x root/root         0 2022-05-28 02:03 usr/share/locale/sl/
drwxr-xr-x root/root         0 2022-05-28 02:03 usr/share/locale/sl/LC_MESSAGES/
-rw-r--r-- root/root      4461 2022-05-28 02:03 usr/share/locale/sl/LC_MESSAGES/kcm_pulseaudio.mo
-rw-r--r-- root/root      2981 2022-05-28 02:03 usr/share/locale/sl/LC_MESSAGES/plasma_applet_org.kde.plasma.volume.mo
drwxr-xr-x root/root         0 2022-05-28 02:03 usr/share/locale/sr/
drwxr-xr-x root/root         0 2022-05-28 02:03 usr/share/locale/sr/LC_MESSAGES/
-rw-r--r-- root/root      2621 2022-05-28 02:03 usr/share/locale/sr/LC_MESSAGES/kcm_pulseaudio.mo
-rw-r--r-- root/root      2334 2022-05-28 02:03 usr/share/locale/sr/LC_MESSAGES/plasma_applet_org.kde.plasma.volume.mo
drwxr-xr-x root/root         0 2022-05-28 02:03 usr/share/locale/sr@ijekavian/
drwxr-xr-x root/root         0 2022-05-28 02:03 usr/share/locale/sr@ijekavian/LC_MESSAGES/
-rw-r--r-- root/root      2631 2022-05-28 02:03 usr/share/locale/sr@ijekavian/LC_MESSAGES/kcm_pulseaudio.mo
-rw-r--r-- root/root      2344 2022-05-28 02:03 usr/share/locale/sr@ijekavian/LC_MESSAGES/plasma_applet_org.kde.plasma.volume.mo
drwxr-xr-x root/root         0 2022-05-28 02:03 usr/share/locale/sr@ijekavianlatin/
drwxr-xr-x root/root         0 2022-05-28 02:03 usr/share/locale/sr@ijekavianlatin/LC_MESSAGES/
-rw-r--r-- root/root      2305 2022-05-28 02:03 usr/share/locale/sr@ijekavianlatin/LC_MESSAGES/kcm_pulseaudio.mo
-rw-r--r-- root/root      2094 2022-05-28 02:03 usr/share/locale/sr@ijekavianlatin/LC_MESSAGES/plasma_applet_org.kde.plasma.volume.mo
drwxr-xr-x root/root         0 2022-05-28 02:03 usr/share/locale/sr@latin/
drwxr-xr-x root/root         0 2022-05-28 02:03 usr/share/locale/sr@latin/LC_MESSAGES/
-rw-r--r-- root/root      2296 2022-05-28 02:03 usr/share/locale/sr@latin/LC_MESSAGES/kcm_pulseaudio.mo
-rw-r--r-- root/root      2085 2022-05-28 02:03 usr/share/locale/sr@latin/LC_MESSAGES/plasma_applet_org.kde.plasma.volume.mo
drwxr-xr-x root/root         0 2022-05-28 02:03 usr/share/locale/sv/
drwxr-xr-x root/root         0 2022-05-28 02:03 usr/share/locale/sv/LC_MESSAGES/
-rw-r--r-- root/root      4364 2022-05-28 02:03 usr/share/locale/sv/LC_MESSAGES/kcm_pulseaudio.mo
-rw-r--r-- root/root      2824 2022-05-28 02:03 usr/share/locale/sv/LC_MESSAGES/plasma_applet_org.kde.plasma.volume.mo
drwxr-xr-x root/root         0 2022-05-28 02:03 usr/share/locale/ta/
drwxr-xr-x root/root         0 2022-05-28 02:03 usr/share/locale/ta/LC_MESSAGES/
-rw-r--r-- root/root      5700 2022-05-28 02:03 usr/share/locale/ta/LC_MESSAGES/kcm_pulseaudio.mo
-rw-r--r-- root/root      4099 2022-05-28 02:03 usr/share/locale/ta/LC_MESSAGES/plasma_applet_org.kde.plasma.volume.mo
drwxr-xr-x root/root         0 2022-05-28 02:03 usr/share/locale/tr/
drwxr-xr-x root/root         0 2022-05-28 02:03 usr/share/locale/tr/LC_MESSAGES/
-rw-r--r-- root/root      4484 2022-05-28 02:03 usr/share/locale/tr/LC_MESSAGES/kcm_pulseaudio.mo
-rw-r--r-- root/root      2926 2022-05-28 02:03 usr/share/locale/tr/LC_MESSAGES/plasma_applet_org.kde.plasma.volume.mo
drwxr-xr-x root/root         0 2022-05-28 02:03 usr/share/locale/uk/
drwxr-xr-x root/root         0 2022-05-28 02:03 usr/share/locale/uk/LC_MESSAGES/
-rw-r--r-- root/root      5453 2022-05-28 02:03 usr/share/locale/uk/LC_MESSAGES/kcm_pulseaudio.mo
-rw-r--r-- root/root      3789 2022-05-28 02:03 usr/share/locale/uk/LC_MESSAGES/plasma_applet_org.kde.plasma.volume.mo
drwxr-xr-x root/root         0 2022-05-28 02:03 usr/share/locale/zh_CN/
drwxr-xr-x root/root         0 2022-05-28 02:03 usr/share/locale/zh_CN/LC_MESSAGES/
-rw-r--r-- root/root      4320 2022-05-28 02:03 usr/share/locale/zh_CN/LC_MESSAGES/kcm_pulseaudio.mo
-rw-r--r-- root/root      2882 2022-05-28 02:03 usr/share/locale/zh_CN/LC_MESSAGES/plasma_applet_org.kde.plasma.volume.mo
drwxr-xr-x root/root         0 2022-05-28 02:03 usr/share/locale/zh_TW/
drwxr-xr-x root/root         0 2022-05-28 02:03 usr/share/locale/zh_TW/LC_MESSAGES/
-rw-r--r-- root/root      2332 2022-05-28 02:03 usr/share/locale/zh_TW/LC_MESSAGES/kcm_pulseaudio.mo
-rw-r--r-- root/root      2272 2022-05-28 02:03 usr/share/locale/zh_TW/LC_MESSAGES/plasma_applet_org.kde.plasma.volume.mo
drwxr-xr-x root/root         0 2022-05-28 02:03 usr/share/metainfo/
-rw-r--r-- root/root      7325 2022-05-28 02:03 usr/share/metainfo/org.kde.plasma.volume.appdata.xml
drwxr-xr-x root/root         0 2022-05-28 02:03 usr/share/plasma/
drwxr-xr-x root/root         0 2022-05-28 02:03 usr/share/plasma/plasmoids/
drwxr-xr-x root/root         0 2022-05-28 02:03 usr/share/plasma/plasmoids/org.kde.plasma.volume/
drwxr-xr-x root/root         0 2022-05-28 02:03 usr/share/plasma/plasmoids/org.kde.plasma.volume/contents/
drwxr-xr-x root/root         0 2022-05-28 02:03 usr/share/plasma/plasmoids/org.kde.plasma.volume/contents/code/
-rw-r--r-- root/root      1506 2022-05-19 12:35 usr/share/plasma/plasmoids/org.kde.plasma.volume/contents/code/icon.js
drwxr-xr-x root/root         0 2022-05-28 02:03 usr/share/plasma/plasmoids/org.kde.plasma.volume/contents/config/
-rw-r--r-- root/root       356 2022-05-19 12:35 usr/share/plasma/plasmoids/org.kde.plasma.volume/contents/config/config.qml
-rw-r--r-- root/root      1766 2022-05-19 12:35 usr/share/plasma/plasmoids/org.kde.plasma.volume/contents/config/main.xml
drwxr-xr-x root/root         0 2022-05-28 02:03 usr/share/plasma/plasmoids/org.kde.plasma.volume/contents/ui/
-rw-r--r-- root/root      2250 2022-05-19 12:35 usr/share/plasma/plasmoids/org.kde.plasma.volume/contents/ui/ConfigGeneral.qml
-rw-r--r-- root/root      1490 2022-05-19 12:35 usr/share/plasma/plasmoids/org.kde.plasma.volume/contents/ui/DeviceListItem.qml
-rw-r--r-- root/root      2017 2022-05-19 12:35 usr/share/plasma/plasmoids/org.kde.plasma.volume/contents/ui/HorizontalStackView.qml
-rw-r--r-- root/root     17717 2022-05-19 12:35 usr/share/plasma/plasmoids/org.kde.plasma.volume/contents/ui/ListItemBase.qml
-rw-r--r-- root/root       561 2022-05-19 12:35 usr/share/plasma/plasmoids/org.kde.plasma.volume/contents/ui/SmallToolButton.qml
-rw-r--r-- root/root      1507 2022-05-19 12:35 usr/share/plasma/plasmoids/org.kde.plasma.volume/contents/ui/StreamListItem.qml
-rw-r--r-- root/root     26479 2022-05-19 12:35 usr/share/plasma/plasmoids/org.kde.plasma.volume/contents/ui/main.qml
-rw-r--r-- root/root      5284 2022-05-19 12:35 usr/share/plasma/plasmoids/org.kde.plasma.volume/metadata.desktop
-rw-r--r-- root/root      6860 2022-05-28 02:03 usr/share/plasma/plasmoids/org.kde.plasma.volume/metadata.json


