++========================================
||
||   Package:  ./plasma/plasma-systemmonitor-5.24.90-x86_64-2.txz
||
++========================================
drwxr-xr-x root/root         0 2022-05-28 02:05 ./
drwxr-xr-x root/root         0 2022-05-28 02:05 install/
-rw-r--r-- root/root      1038 2022-05-28 02:05 install/slack-desc
drwxr-xr-x root/root         0 2022-05-28 02:05 usr/
drwxr-xr-x root/root         0 2022-05-28 02:05 usr/bin/
-rwxr-xr-x root/root     93736 2022-05-28 02:05 usr/bin/plasma-systemmonitor
drwxr-xr-x root/root         0 2022-05-28 02:05 usr/doc/
drwxr-xr-x root/root         0 2022-05-28 02:05 usr/doc/plasma-systemmonitor-5.24.90/
drwxr-xr-x root/root         0 2022-05-19 12:36 usr/doc/plasma-systemmonitor-5.24.90/LICENSES/
-rw-r--r-- root/root      1480 2022-05-19 12:36 usr/doc/plasma-systemmonitor-5.24.90/LICENSES/BSD-3-Clause.txt
-rw-r--r-- root/root      6916 2022-05-19 12:36 usr/doc/plasma-systemmonitor-5.24.90/LICENSES/CC0-1.0.txt
-rw-r--r-- root/root     17623 2022-05-19 12:36 usr/doc/plasma-systemmonitor-5.24.90/LICENSES/GPL-2.0-only.txt
-rw-r--r-- root/root     34470 2022-05-19 12:36 usr/doc/plasma-systemmonitor-5.24.90/LICENSES/GPL-3.0-only.txt
-rw-r--r-- root/root     24774 2022-05-19 12:36 usr/doc/plasma-systemmonitor-5.24.90/LICENSES/LGPL-2.0-or-later.txt
-rw-r--r-- root/root     25911 2022-05-19 12:36 usr/doc/plasma-systemmonitor-5.24.90/LICENSES/LGPL-2.1-only.txt
-rw-r--r-- root/root      7431 2022-05-19 12:36 usr/doc/plasma-systemmonitor-5.24.90/LICENSES/LGPL-3.0-only.txt
-rw-r--r-- root/root      7431 2022-05-19 12:36 usr/doc/plasma-systemmonitor-5.24.90/LICENSES/LGPL-3.0-or-later.txt
-rw-r--r-- root/root       662 2022-05-19 12:36 usr/doc/plasma-systemmonitor-5.24.90/LICENSES/LicenseRef-KDE-Accepted-GPL.txt
-rw-r--r-- root/root       665 2022-05-19 12:36 usr/doc/plasma-systemmonitor-5.24.90/LICENSES/LicenseRef-KDE-Accepted-LGPL.txt
-rw-r--r-- root/root       790 2022-05-19 12:36 usr/doc/plasma-systemmonitor-5.24.90/README.md
drwxr-xr-x root/root         0 2022-05-28 02:05 usr/lib64/
drwxr-xr-x root/root         0 2022-05-28 02:05 usr/lib64/qt5/
drwxr-xr-x root/root         0 2022-05-28 02:05 usr/lib64/qt5/qml/
drwxr-xr-x root/root         0 2022-05-28 02:05 usr/lib64/qt5/qml/org/
drwxr-xr-x root/root         0 2022-05-28 02:05 usr/lib64/qt5/qml/org/kde/
drwxr-xr-x root/root         0 2022-05-28 02:05 usr/lib64/qt5/qml/org/kde/ksysguard/
drwxr-xr-x root/root         0 2022-05-28 02:05 usr/lib64/qt5/qml/org/kde/ksysguard/page/
-rw-r--r-- root/root      4898 2022-05-19 12:36 usr/lib64/qt5/qml/org/kde/ksysguard/page/ColumnControl.qml
-rw-r--r-- root/root      4104 2022-05-19 12:36 usr/lib64/qt5/qml/org/kde/ksysguard/page/Container.qml
-rw-r--r-- root/root       445 2022-05-19 12:36 usr/lib64/qt5/qml/org/kde/ksysguard/page/DialogLoader.qml
-rw-r--r-- root/root      8206 2022-05-19 12:36 usr/lib64/qt5/qml/org/kde/ksysguard/page/EditablePage.qml
-rw-r--r-- root/root       712 2022-05-19 12:36 usr/lib64/qt5/qml/org/kde/ksysguard/page/EditablePageAction.qml
-rw-r--r-- root/root      1418 2022-05-19 12:36 usr/lib64/qt5/qml/org/kde/ksysguard/page/EditorToolBar.qml
-rw-r--r-- root/root      7468 2022-05-19 12:36 usr/lib64/qt5/qml/org/kde/ksysguard/page/FaceConfigurationPage.qml
-rw-r--r-- root/root      1733 2022-05-19 12:36 usr/lib64/qt5/qml/org/kde/ksysguard/page/FaceControl.qml
-rw-r--r-- root/root      3370 2022-05-19 12:36 usr/lib64/qt5/qml/org/kde/ksysguard/page/LoadPresetDialog.qml
-rw-r--r-- root/root      6503 2022-05-19 12:36 usr/lib64/qt5/qml/org/kde/ksysguard/page/MoveButton.qml
-rw-r--r-- root/root      7731 2022-05-19 12:36 usr/lib64/qt5/qml/org/kde/ksysguard/page/PageContents.qml
-rw-r--r-- root/root      6276 2022-05-19 12:36 usr/lib64/qt5/qml/org/kde/ksysguard/page/PageDialog.qml
-rw-r--r-- root/root      4624 2022-05-19 12:36 usr/lib64/qt5/qml/org/kde/ksysguard/page/PageEditor.qml
-rw-r--r-- root/root     12672 2022-05-19 12:36 usr/lib64/qt5/qml/org/kde/ksysguard/page/PageSortDialog.qml
-rw-r--r-- root/root      1028 2022-05-19 12:36 usr/lib64/qt5/qml/org/kde/ksysguard/page/PlaceholderRectangle.qml
-rw-r--r-- root/root      5542 2022-05-19 12:36 usr/lib64/qt5/qml/org/kde/ksysguard/page/RowControl.qml
-rw-r--r-- root/root      1347 2022-05-19 12:36 usr/lib64/qt5/qml/org/kde/ksysguard/page/SectionControl.qml
-rwxr-xr-x root/root    163376 2022-05-28 02:05 usr/lib64/qt5/qml/org/kde/ksysguard/page/libPagePlugin.so
-rw-r--r-- root/root       714 2022-05-19 12:36 usr/lib64/qt5/qml/org/kde/ksysguard/page/qmldir
drwxr-xr-x root/root         0 2022-05-28 02:05 usr/lib64/qt5/qml/org/kde/ksysguard/table/
-rw-r--r-- root/root      3493 2022-05-19 12:36 usr/lib64/qt5/qml/org/kde/ksysguard/table/BaseCellDelegate.qml
-rw-r--r-- root/root      8648 2022-05-19 12:36 usr/lib64/qt5/qml/org/kde/ksysguard/table/BaseTableView.qml
-rw-r--r-- root/root      7662 2022-05-19 12:36 usr/lib64/qt5/qml/org/kde/ksysguard/table/ColumnConfigurationDialog.qml
-rw-r--r-- root/root      2865 2022-05-19 12:36 usr/lib64/qt5/qml/org/kde/ksysguard/table/FirstCellDelegate.qml
-rw-r--r-- root/root      3585 2022-05-19 12:36 usr/lib64/qt5/qml/org/kde/ksysguard/table/KillDialog.qml
-rw-r--r-- root/root      1718 2022-05-19 12:36 usr/lib64/qt5/qml/org/kde/ksysguard/table/LineChartCellDelegate.qml
-rw-r--r-- root/root      7534 2022-05-19 12:36 usr/lib64/qt5/qml/org/kde/ksysguard/table/TableViewHeader.qml
-rw-r--r-- root/root       726 2022-05-19 12:36 usr/lib64/qt5/qml/org/kde/ksysguard/table/TextCellDelegate.qml
-rw-r--r-- root/root      1725 2022-05-19 12:36 usr/lib64/qt5/qml/org/kde/ksysguard/table/TreeDecoration.qml
-rw-r--r-- root/root      1518 2022-05-19 12:36 usr/lib64/qt5/qml/org/kde/ksysguard/table/UserCellDelegate.qml
-rwxr-xr-x root/root    126048 2022-05-28 02:05 usr/lib64/qt5/qml/org/kde/ksysguard/table/libTablePlugin.so
-rw-r--r-- root/root       478 2022-05-19 12:36 usr/lib64/qt5/qml/org/kde/ksysguard/table/qmldir
drwxr-xr-x root/root         0 2022-05-28 02:05 usr/share/
drwxr-xr-x root/root         0 2022-05-28 02:05 usr/share/applications/
-rwxr-xr-x root/root      2682 2022-05-19 12:36 usr/share/applications/org.kde.plasma-systemmonitor.desktop
drwxr-xr-x root/root         0 2022-05-28 02:05 usr/share/config.kcfg/
-rw-r--r-- root/root      1393 2022-05-19 12:36 usr/share/config.kcfg/systemmonitor.kcfg
drwxr-xr-x root/root         0 2022-05-28 02:05 usr/share/knsrcfiles/
-rw-r--r-- root/root       904 2022-05-19 12:36 usr/share/knsrcfiles/plasma-systemmonitor.knsrc
drwxr-xr-x root/root         0 2022-05-28 02:05 usr/share/ksysguard/
drwxr-xr-x root/root         0 2022-05-28 02:05 usr/share/ksysguard/sensorfaces/
drwxr-xr-x root/root         0 2022-05-28 02:05 usr/share/ksysguard/sensorfaces/org.kde.ksysguard.applicationstable/
drwxr-xr-x root/root         0 2022-05-28 02:05 usr/share/ksysguard/sensorfaces/org.kde.ksysguard.applicationstable/contents/
drwxr-xr-x root/root         0 2022-05-28 02:05 usr/share/ksysguard/sensorfaces/org.kde.ksysguard.applicationstable/contents/config/
-rw-r--r-- root/root      1808 2022-05-19 12:36 usr/share/ksysguard/sensorfaces/org.kde.ksysguard.applicationstable/contents/config/main.xml
-rw-r--r-- root/root       143 2022-05-19 12:36 usr/share/ksysguard/sensorfaces/org.kde.ksysguard.applicationstable/contents/faceproperties
drwxr-xr-x root/root         0 2022-05-28 02:05 usr/share/ksysguard/sensorfaces/org.kde.ksysguard.applicationstable/contents/ui/
-rw-r--r-- root/root      8438 2022-05-19 12:36 usr/share/ksysguard/sensorfaces/org.kde.ksysguard.applicationstable/contents/ui/ApplicationDetails.qml
-rw-r--r-- root/root      1732 2022-05-19 12:36 usr/share/ksysguard/sensorfaces/org.kde.ksysguard.applicationstable/contents/ui/ApplicationInformation.qml
-rw-r--r-- root/root      7403 2022-05-19 12:36 usr/share/ksysguard/sensorfaces/org.kde.ksysguard.applicationstable/contents/ui/ApplicationsTableView.qml
-rw-r--r-- root/root       741 2022-05-19 12:36 usr/share/ksysguard/sensorfaces/org.kde.ksysguard.applicationstable/contents/ui/CompactRepresentation.qml
-rw-r--r-- root/root       740 2022-05-19 12:36 usr/share/ksysguard/sensorfaces/org.kde.ksysguard.applicationstable/contents/ui/Config.qml
-rw-r--r-- root/root     10715 2022-05-19 12:36 usr/share/ksysguard/sensorfaces/org.kde.ksysguard.applicationstable/contents/ui/FullRepresentation.qml
-rw-r--r-- root/root      3114 2022-05-19 12:36 usr/share/ksysguard/sensorfaces/org.kde.ksysguard.applicationstable/contents/ui/LineChartCard.qml
-rw-r--r-- root/root      1537 2022-05-19 12:36 usr/share/ksysguard/sensorfaces/org.kde.ksysguard.applicationstable/metadata.desktop
-rw-r--r-- root/root      2160 2022-05-28 02:05 usr/share/ksysguard/sensorfaces/org.kde.ksysguard.applicationstable/metadata.json
drwxr-xr-x root/root         0 2022-05-28 02:05 usr/share/ksysguard/sensorfaces/org.kde.ksysguard.processtable/
drwxr-xr-x root/root         0 2022-05-28 02:05 usr/share/ksysguard/sensorfaces/org.kde.ksysguard.processtable/contents/
drwxr-xr-x root/root         0 2022-05-28 02:05 usr/share/ksysguard/sensorfaces/org.kde.ksysguard.processtable/contents/config/
-rw-r--r-- root/root      1799 2022-05-19 12:36 usr/share/ksysguard/sensorfaces/org.kde.ksysguard.processtable/contents/config/main.xml
-rw-r--r-- root/root       143 2022-05-19 12:36 usr/share/ksysguard/sensorfaces/org.kde.ksysguard.processtable/contents/faceproperties
drwxr-xr-x root/root         0 2022-05-28 02:05 usr/share/ksysguard/sensorfaces/org.kde.ksysguard.processtable/contents/ui/
-rw-r--r-- root/root       763 2022-05-19 12:36 usr/share/ksysguard/sensorfaces/org.kde.ksysguard.processtable/contents/ui/CompactRepresentation.qml
-rw-r--r-- root/root      1495 2022-05-19 12:36 usr/share/ksysguard/sensorfaces/org.kde.ksysguard.processtable/contents/ui/Config.qml
-rw-r--r-- root/root     10463 2022-05-19 12:36 usr/share/ksysguard/sensorfaces/org.kde.ksysguard.processtable/contents/ui/FullRepresentation.qml
-rw-r--r-- root/root      6564 2022-05-19 12:36 usr/share/ksysguard/sensorfaces/org.kde.ksysguard.processtable/contents/ui/ProcessTableView.qml
-rw-r--r-- root/root      1397 2022-05-19 12:36 usr/share/ksysguard/sensorfaces/org.kde.ksysguard.processtable/metadata.desktop
-rw-r--r-- root/root      2010 2022-05-28 02:05 usr/share/ksysguard/sensorfaces/org.kde.ksysguard.processtable/metadata.json
drwxr-xr-x root/root         0 2022-05-28 02:05 usr/share/locale/
drwxr-xr-x root/root         0 2022-05-28 02:05 usr/share/locale/ar/
drwxr-xr-x root/root         0 2022-05-28 02:05 usr/share/locale/ar/LC_MESSAGES/
-rw-r--r-- root/root      4027 2022-05-28 02:05 usr/share/locale/ar/LC_MESSAGES/ksysguard_face_org.kde.ksysguard.applicationstable.mo
-rw-r--r-- root/root      4000 2022-05-28 02:05 usr/share/locale/ar/LC_MESSAGES/ksysguard_face_org.kde.ksysguard.processtable.mo
-rw-r--r-- root/root      9732 2022-05-28 02:05 usr/share/locale/ar/LC_MESSAGES/plasma-systemmonitor.mo
drwxr-xr-x root/root         0 2022-05-28 02:05 usr/share/locale/az/
drwxr-xr-x root/root         0 2022-05-28 02:05 usr/share/locale/az/LC_MESSAGES/
-rw-r--r-- root/root      3129 2022-05-28 02:05 usr/share/locale/az/LC_MESSAGES/ksysguard_face_org.kde.ksysguard.applicationstable.mo
-rw-r--r-- root/root      3210 2022-05-28 02:05 usr/share/locale/az/LC_MESSAGES/ksysguard_face_org.kde.ksysguard.processtable.mo
-rw-r--r-- root/root      9345 2022-05-28 02:05 usr/share/locale/az/LC_MESSAGES/plasma-systemmonitor.mo
drwxr-xr-x root/root         0 2022-05-28 02:05 usr/share/locale/ca/
drwxr-xr-x root/root         0 2022-05-28 02:05 usr/share/locale/ca/LC_MESSAGES/
-rw-r--r-- root/root      3038 2022-05-28 02:05 usr/share/locale/ca/LC_MESSAGES/ksysguard_face_org.kde.ksysguard.applicationstable.mo
-rw-r--r-- root/root      3122 2022-05-28 02:05 usr/share/locale/ca/LC_MESSAGES/ksysguard_face_org.kde.ksysguard.processtable.mo
-rw-r--r-- root/root      9287 2022-05-28 02:05 usr/share/locale/ca/LC_MESSAGES/plasma-systemmonitor.mo
drwxr-xr-x root/root         0 2022-05-28 02:05 usr/share/locale/ca@valencia/
drwxr-xr-x root/root         0 2022-05-28 02:05 usr/share/locale/ca@valencia/LC_MESSAGES/
-rw-r--r-- root/root      3015 2022-05-28 02:05 usr/share/locale/ca@valencia/LC_MESSAGES/ksysguard_face_org.kde.ksysguard.applicationstable.mo
-rw-r--r-- root/root      3119 2022-05-28 02:05 usr/share/locale/ca@valencia/LC_MESSAGES/ksysguard_face_org.kde.ksysguard.processtable.mo
-rw-r--r-- root/root      9285 2022-05-28 02:05 usr/share/locale/ca@valencia/LC_MESSAGES/plasma-systemmonitor.mo
drwxr-xr-x root/root         0 2022-05-28 02:05 usr/share/locale/cs/
drwxr-xr-x root/root         0 2022-05-28 02:05 usr/share/locale/cs/LC_MESSAGES/
-rw-r--r-- root/root      3148 2022-05-28 02:05 usr/share/locale/cs/LC_MESSAGES/ksysguard_face_org.kde.ksysguard.applicationstable.mo
-rw-r--r-- root/root      2342 2022-05-28 02:05 usr/share/locale/cs/LC_MESSAGES/ksysguard_face_org.kde.ksysguard.processtable.mo
-rw-r--r-- root/root      6015 2022-05-28 02:05 usr/share/locale/cs/LC_MESSAGES/plasma-systemmonitor.mo
drwxr-xr-x root/root         0 2022-05-28 02:05 usr/share/locale/da/
drwxr-xr-x root/root         0 2022-05-28 02:05 usr/share/locale/da/LC_MESSAGES/
-rw-r--r-- root/root      2048 2022-05-28 02:05 usr/share/locale/da/LC_MESSAGES/ksysguard_face_org.kde.ksysguard.applicationstable.mo
-rw-r--r-- root/root      2081 2022-05-28 02:05 usr/share/locale/da/LC_MESSAGES/ksysguard_face_org.kde.ksysguard.processtable.mo
-rw-r--r-- root/root      3776 2022-05-28 02:05 usr/share/locale/da/LC_MESSAGES/plasma-systemmonitor.mo
drwxr-xr-x root/root         0 2022-05-28 02:05 usr/share/locale/de/
drwxr-xr-x root/root         0 2022-05-28 02:05 usr/share/locale/de/LC_MESSAGES/
-rw-r--r-- root/root      2718 2022-05-28 02:05 usr/share/locale/de/LC_MESSAGES/ksysguard_face_org.kde.ksysguard.applicationstable.mo
-rw-r--r-- root/root      3053 2022-05-28 02:05 usr/share/locale/de/LC_MESSAGES/ksysguard_face_org.kde.ksysguard.processtable.mo
-rw-r--r-- root/root      8585 2022-05-28 02:05 usr/share/locale/de/LC_MESSAGES/plasma-systemmonitor.mo
drwxr-xr-x root/root         0 2022-05-28 02:05 usr/share/locale/en_GB/
drwxr-xr-x root/root         0 2022-05-28 02:05 usr/share/locale/en_GB/LC_MESSAGES/
-rw-r--r-- root/root      2922 2022-05-28 02:05 usr/share/locale/en_GB/LC_MESSAGES/ksysguard_face_org.kde.ksysguard.applicationstable.mo
-rw-r--r-- root/root      2949 2022-05-28 02:05 usr/share/locale/en_GB/LC_MESSAGES/ksysguard_face_org.kde.ksysguard.processtable.mo
-rw-r--r-- root/root      8420 2022-05-28 02:05 usr/share/locale/en_GB/LC_MESSAGES/plasma-systemmonitor.mo
drwxr-xr-x root/root         0 2022-05-28 02:05 usr/share/locale/es/
drwxr-xr-x root/root         0 2022-05-28 02:05 usr/share/locale/es/LC_MESSAGES/
-rw-r--r-- root/root      3006 2022-05-28 02:05 usr/share/locale/es/LC_MESSAGES/ksysguard_face_org.kde.ksysguard.applicationstable.mo
-rw-r--r-- root/root      3053 2022-05-28 02:05 usr/share/locale/es/LC_MESSAGES/ksysguard_face_org.kde.ksysguard.processtable.mo
-rw-r--r-- root/root      9241 2022-05-28 02:05 usr/share/locale/es/LC_MESSAGES/plasma-systemmonitor.mo
drwxr-xr-x root/root         0 2022-05-28 02:05 usr/share/locale/eu/
drwxr-xr-x root/root         0 2022-05-28 02:05 usr/share/locale/eu/LC_MESSAGES/
-rw-r--r-- root/root      2798 2022-05-28 02:05 usr/share/locale/eu/LC_MESSAGES/ksysguard_face_org.kde.ksysguard.applicationstable.mo
-rw-r--r-- root/root      3056 2022-05-28 02:05 usr/share/locale/eu/LC_MESSAGES/ksysguard_face_org.kde.ksysguard.processtable.mo
-rw-r--r-- root/root      8183 2022-05-28 02:05 usr/share/locale/eu/LC_MESSAGES/plasma-systemmonitor.mo
drwxr-xr-x root/root         0 2022-05-28 02:05 usr/share/locale/fi/
drwxr-xr-x root/root         0 2022-05-28 02:05 usr/share/locale/fi/LC_MESSAGES/
-rw-r--r-- root/root      2964 2022-05-28 02:05 usr/share/locale/fi/LC_MESSAGES/ksysguard_face_org.kde.ksysguard.applicationstable.mo
-rw-r--r-- root/root      3029 2022-05-28 02:05 usr/share/locale/fi/LC_MESSAGES/ksysguard_face_org.kde.ksysguard.processtable.mo
-rw-r--r-- root/root      8675 2022-05-28 02:05 usr/share/locale/fi/LC_MESSAGES/plasma-systemmonitor.mo
drwxr-xr-x root/root         0 2022-05-28 02:05 usr/share/locale/fr/
drwxr-xr-x root/root         0 2022-05-28 02:05 usr/share/locale/fr/LC_MESSAGES/
-rw-r--r-- root/root      3149 2022-05-28 02:05 usr/share/locale/fr/LC_MESSAGES/ksysguard_face_org.kde.ksysguard.applicationstable.mo
-rw-r--r-- root/root      3195 2022-05-28 02:05 usr/share/locale/fr/LC_MESSAGES/ksysguard_face_org.kde.ksysguard.processtable.mo
-rw-r--r-- root/root      9571 2022-05-28 02:05 usr/share/locale/fr/LC_MESSAGES/plasma-systemmonitor.mo
drwxr-xr-x root/root         0 2022-05-28 02:05 usr/share/locale/hu/
drwxr-xr-x root/root         0 2022-05-28 02:05 usr/share/locale/hu/LC_MESSAGES/
-rw-r--r-- root/root      3102 2022-05-28 02:05 usr/share/locale/hu/LC_MESSAGES/ksysguard_face_org.kde.ksysguard.applicationstable.mo
-rw-r--r-- root/root      3167 2022-05-28 02:05 usr/share/locale/hu/LC_MESSAGES/ksysguard_face_org.kde.ksysguard.processtable.mo
-rw-r--r-- root/root      9178 2022-05-28 02:05 usr/share/locale/hu/LC_MESSAGES/plasma-systemmonitor.mo
drwxr-xr-x root/root         0 2022-05-28 02:05 usr/share/locale/ia/
drwxr-xr-x root/root         0 2022-05-28 02:05 usr/share/locale/ia/LC_MESSAGES/
-rw-r--r-- root/root      3013 2022-05-28 02:05 usr/share/locale/ia/LC_MESSAGES/ksysguard_face_org.kde.ksysguard.applicationstable.mo
-rw-r--r-- root/root      3060 2022-05-28 02:05 usr/share/locale/ia/LC_MESSAGES/ksysguard_face_org.kde.ksysguard.processtable.mo
-rw-r--r-- root/root      8958 2022-05-28 02:05 usr/share/locale/ia/LC_MESSAGES/plasma-systemmonitor.mo
drwxr-xr-x root/root         0 2022-05-28 02:05 usr/share/locale/id/
drwxr-xr-x root/root         0 2022-05-28 02:05 usr/share/locale/id/LC_MESSAGES/
-rw-r--r-- root/root      3005 2022-05-28 02:05 usr/share/locale/id/LC_MESSAGES/ksysguard_face_org.kde.ksysguard.applicationstable.mo
-rw-r--r-- root/root      3031 2022-05-28 02:05 usr/share/locale/id/LC_MESSAGES/ksysguard_face_org.kde.ksysguard.processtable.mo
-rw-r--r-- root/root      8785 2022-05-28 02:05 usr/share/locale/id/LC_MESSAGES/plasma-systemmonitor.mo
drwxr-xr-x root/root         0 2022-05-28 02:05 usr/share/locale/it/
drwxr-xr-x root/root         0 2022-05-28 02:05 usr/share/locale/it/LC_MESSAGES/
-rw-r--r-- root/root      3022 2022-05-28 02:05 usr/share/locale/it/LC_MESSAGES/ksysguard_face_org.kde.ksysguard.applicationstable.mo
-rw-r--r-- root/root      3065 2022-05-28 02:05 usr/share/locale/it/LC_MESSAGES/ksysguard_face_org.kde.ksysguard.processtable.mo
-rw-r--r-- root/root      8951 2022-05-28 02:05 usr/share/locale/it/LC_MESSAGES/plasma-systemmonitor.mo
drwxr-xr-x root/root         0 2022-05-28 02:05 usr/share/locale/ja/
drwxr-xr-x root/root         0 2022-05-28 02:05 usr/share/locale/ja/LC_MESSAGES/
-rw-r--r-- root/root      1970 2022-05-28 02:05 usr/share/locale/ja/LC_MESSAGES/ksysguard_face_org.kde.ksysguard.applicationstable.mo
-rw-r--r-- root/root      2698 2022-05-28 02:05 usr/share/locale/ja/LC_MESSAGES/ksysguard_face_org.kde.ksysguard.processtable.mo
-rw-r--r-- root/root      3647 2022-05-28 02:05 usr/share/locale/ja/LC_MESSAGES/plasma-systemmonitor.mo
drwxr-xr-x root/root         0 2022-05-28 02:05 usr/share/locale/ko/
drwxr-xr-x root/root         0 2022-05-28 02:05 usr/share/locale/ko/LC_MESSAGES/
-rw-r--r-- root/root      2925 2022-05-28 02:05 usr/share/locale/ko/LC_MESSAGES/ksysguard_face_org.kde.ksysguard.applicationstable.mo
-rw-r--r-- root/root      3001 2022-05-28 02:05 usr/share/locale/ko/LC_MESSAGES/ksysguard_face_org.kde.ksysguard.processtable.mo
-rw-r--r-- root/root      9036 2022-05-28 02:05 usr/share/locale/ko/LC_MESSAGES/plasma-systemmonitor.mo
drwxr-xr-x root/root         0 2022-05-28 02:05 usr/share/locale/lt/
drwxr-xr-x root/root         0 2022-05-28 02:05 usr/share/locale/lt/LC_MESSAGES/
-rw-r--r-- root/root      3540 2022-05-28 02:05 usr/share/locale/lt/LC_MESSAGES/ksysguard_face_org.kde.ksysguard.applicationstable.mo
-rw-r--r-- root/root      3441 2022-05-28 02:05 usr/share/locale/lt/LC_MESSAGES/ksysguard_face_org.kde.ksysguard.processtable.mo
-rw-r--r-- root/root      9210 2022-05-28 02:05 usr/share/locale/lt/LC_MESSAGES/plasma-systemmonitor.mo
drwxr-xr-x root/root         0 2022-05-28 02:05 usr/share/locale/nb/
drwxr-xr-x root/root         0 2022-05-28 02:05 usr/share/locale/nb/LC_MESSAGES/
-rw-r--r-- root/root      5693 2022-05-28 02:05 usr/share/locale/nb/LC_MESSAGES/plasma-systemmonitor.mo
drwxr-xr-x root/root         0 2022-05-28 02:05 usr/share/locale/nl/
drwxr-xr-x root/root         0 2022-05-28 02:05 usr/share/locale/nl/LC_MESSAGES/
-rw-r--r-- root/root      2987 2022-05-28 02:05 usr/share/locale/nl/LC_MESSAGES/ksysguard_face_org.kde.ksysguard.applicationstable.mo
-rw-r--r-- root/root      3062 2022-05-28 02:05 usr/share/locale/nl/LC_MESSAGES/ksysguard_face_org.kde.ksysguard.processtable.mo
-rw-r--r-- root/root      9122 2022-05-28 02:05 usr/share/locale/nl/LC_MESSAGES/plasma-systemmonitor.mo
drwxr-xr-x root/root         0 2022-05-28 02:05 usr/share/locale/nn/
drwxr-xr-x root/root         0 2022-05-28 02:05 usr/share/locale/nn/LC_MESSAGES/
-rw-r--r-- root/root      3068 2022-05-28 02:05 usr/share/locale/nn/LC_MESSAGES/ksysguard_face_org.kde.ksysguard.applicationstable.mo
-rw-r--r-- root/root      3144 2022-05-28 02:05 usr/share/locale/nn/LC_MESSAGES/ksysguard_face_org.kde.ksysguard.processtable.mo
-rw-r--r-- root/root      8772 2022-05-28 02:05 usr/share/locale/nn/LC_MESSAGES/plasma-systemmonitor.mo
drwxr-xr-x root/root         0 2022-05-28 02:05 usr/share/locale/pa/
drwxr-xr-x root/root         0 2022-05-28 02:05 usr/share/locale/pa/LC_MESSAGES/
-rw-r--r-- root/root      3663 2022-05-28 02:05 usr/share/locale/pa/LC_MESSAGES/ksysguard_face_org.kde.ksysguard.applicationstable.mo
-rw-r--r-- root/root      3867 2022-05-28 02:05 usr/share/locale/pa/LC_MESSAGES/ksysguard_face_org.kde.ksysguard.processtable.mo
-rw-r--r-- root/root      8923 2022-05-28 02:05 usr/share/locale/pa/LC_MESSAGES/plasma-systemmonitor.mo
drwxr-xr-x root/root         0 2022-05-28 02:05 usr/share/locale/pl/
drwxr-xr-x root/root         0 2022-05-28 02:05 usr/share/locale/pl/LC_MESSAGES/
-rw-r--r-- root/root      3258 2022-05-28 02:05 usr/share/locale/pl/LC_MESSAGES/ksysguard_face_org.kde.ksysguard.applicationstable.mo
-rw-r--r-- root/root      3235 2022-05-28 02:05 usr/share/locale/pl/LC_MESSAGES/ksysguard_face_org.kde.ksysguard.processtable.mo
-rw-r--r-- root/root      9138 2022-05-28 02:05 usr/share/locale/pl/LC_MESSAGES/plasma-systemmonitor.mo
drwxr-xr-x root/root         0 2022-05-28 02:05 usr/share/locale/pt/
drwxr-xr-x root/root         0 2022-05-28 02:05 usr/share/locale/pt/LC_MESSAGES/
-rw-r--r-- root/root      3059 2022-05-28 02:05 usr/share/locale/pt/LC_MESSAGES/ksysguard_face_org.kde.ksysguard.applicationstable.mo
-rw-r--r-- root/root      3168 2022-05-28 02:05 usr/share/locale/pt/LC_MESSAGES/ksysguard_face_org.kde.ksysguard.processtable.mo
-rw-r--r-- root/root      9442 2022-05-28 02:05 usr/share/locale/pt/LC_MESSAGES/plasma-systemmonitor.mo
drwxr-xr-x root/root         0 2022-05-28 02:05 usr/share/locale/pt_BR/
drwxr-xr-x root/root         0 2022-05-28 02:05 usr/share/locale/pt_BR/LC_MESSAGES/
-rw-r--r-- root/root      3043 2022-05-28 02:05 usr/share/locale/pt_BR/LC_MESSAGES/ksysguard_face_org.kde.ksysguard.applicationstable.mo
-rw-r--r-- root/root      3130 2022-05-28 02:05 usr/share/locale/pt_BR/LC_MESSAGES/ksysguard_face_org.kde.ksysguard.processtable.mo
-rw-r--r-- root/root      9008 2022-05-28 02:05 usr/share/locale/pt_BR/LC_MESSAGES/plasma-systemmonitor.mo
drwxr-xr-x root/root         0 2022-05-28 02:05 usr/share/locale/ro/
drwxr-xr-x root/root         0 2022-05-28 02:05 usr/share/locale/ro/LC_MESSAGES/
-rw-r--r-- root/root      3197 2022-05-28 02:05 usr/share/locale/ro/LC_MESSAGES/ksysguard_face_org.kde.ksysguard.applicationstable.mo
-rw-r--r-- root/root      3211 2022-05-28 02:05 usr/share/locale/ro/LC_MESSAGES/ksysguard_face_org.kde.ksysguard.processtable.mo
-rw-r--r-- root/root      9036 2022-05-28 02:05 usr/share/locale/ro/LC_MESSAGES/plasma-systemmonitor.mo
drwxr-xr-x root/root         0 2022-05-28 02:05 usr/share/locale/ru/
drwxr-xr-x root/root         0 2022-05-28 02:05 usr/share/locale/ru/LC_MESSAGES/
-rw-r--r-- root/root      3895 2022-05-28 02:05 usr/share/locale/ru/LC_MESSAGES/ksysguard_face_org.kde.ksysguard.applicationstable.mo
-rw-r--r-- root/root      4243 2022-05-28 02:05 usr/share/locale/ru/LC_MESSAGES/ksysguard_face_org.kde.ksysguard.processtable.mo
-rw-r--r-- root/root     11101 2022-05-28 02:05 usr/share/locale/ru/LC_MESSAGES/plasma-systemmonitor.mo
drwxr-xr-x root/root         0 2022-05-28 02:05 usr/share/locale/sk/
drwxr-xr-x root/root         0 2022-05-28 02:05 usr/share/locale/sk/LC_MESSAGES/
-rw-r--r-- root/root      3252 2022-05-28 02:05 usr/share/locale/sk/LC_MESSAGES/ksysguard_face_org.kde.ksysguard.applicationstable.mo
-rw-r--r-- root/root      3272 2022-05-28 02:05 usr/share/locale/sk/LC_MESSAGES/ksysguard_face_org.kde.ksysguard.processtable.mo
-rw-r--r-- root/root      9197 2022-05-28 02:05 usr/share/locale/sk/LC_MESSAGES/plasma-systemmonitor.mo
drwxr-xr-x root/root         0 2022-05-28 02:05 usr/share/locale/sl/
drwxr-xr-x root/root         0 2022-05-28 02:05 usr/share/locale/sl/LC_MESSAGES/
-rw-r--r-- root/root      3356 2022-05-28 02:05 usr/share/locale/sl/LC_MESSAGES/ksysguard_face_org.kde.ksysguard.applicationstable.mo
-rw-r--r-- root/root      3354 2022-05-28 02:05 usr/share/locale/sl/LC_MESSAGES/ksysguard_face_org.kde.ksysguard.processtable.mo
-rw-r--r-- root/root      8959 2022-05-28 02:05 usr/share/locale/sl/LC_MESSAGES/plasma-systemmonitor.mo
drwxr-xr-x root/root         0 2022-05-28 02:05 usr/share/locale/sv/
drwxr-xr-x root/root         0 2022-05-28 02:05 usr/share/locale/sv/LC_MESSAGES/
-rw-r--r-- root/root      3056 2022-05-28 02:05 usr/share/locale/sv/LC_MESSAGES/ksysguard_face_org.kde.ksysguard.applicationstable.mo
-rw-r--r-- root/root      3092 2022-05-28 02:05 usr/share/locale/sv/LC_MESSAGES/ksysguard_face_org.kde.ksysguard.processtable.mo
-rw-r--r-- root/root      8958 2022-05-28 02:05 usr/share/locale/sv/LC_MESSAGES/plasma-systemmonitor.mo
drwxr-xr-x root/root         0 2022-05-28 02:05 usr/share/locale/ta/
drwxr-xr-x root/root         0 2022-05-28 02:05 usr/share/locale/ta/LC_MESSAGES/
-rw-r--r-- root/root      4173 2022-05-28 02:05 usr/share/locale/ta/LC_MESSAGES/ksysguard_face_org.kde.ksysguard.processtable.mo
-rw-r--r-- root/root     12776 2022-05-28 02:05 usr/share/locale/ta/LC_MESSAGES/plasma-systemmonitor.mo
drwxr-xr-x root/root         0 2022-05-28 02:05 usr/share/locale/tr/
drwxr-xr-x root/root         0 2022-05-28 02:05 usr/share/locale/tr/LC_MESSAGES/
-rw-r--r-- root/root      3037 2022-05-28 02:05 usr/share/locale/tr/LC_MESSAGES/ksysguard_face_org.kde.ksysguard.applicationstable.mo
-rw-r--r-- root/root      3115 2022-05-28 02:05 usr/share/locale/tr/LC_MESSAGES/ksysguard_face_org.kde.ksysguard.processtable.mo
-rw-r--r-- root/root      9135 2022-05-28 02:05 usr/share/locale/tr/LC_MESSAGES/plasma-systemmonitor.mo
drwxr-xr-x root/root         0 2022-05-28 02:05 usr/share/locale/uk/
drwxr-xr-x root/root         0 2022-05-28 02:05 usr/share/locale/uk/LC_MESSAGES/
-rw-r--r-- root/root      4200 2022-05-28 02:05 usr/share/locale/uk/LC_MESSAGES/ksysguard_face_org.kde.ksysguard.applicationstable.mo
-rw-r--r-- root/root      4275 2022-05-28 02:05 usr/share/locale/uk/LC_MESSAGES/ksysguard_face_org.kde.ksysguard.processtable.mo
-rw-r--r-- root/root     11346 2022-05-28 02:05 usr/share/locale/uk/LC_MESSAGES/plasma-systemmonitor.mo
drwxr-xr-x root/root         0 2022-05-28 02:05 usr/share/locale/zh_CN/
drwxr-xr-x root/root         0 2022-05-28 02:05 usr/share/locale/zh_CN/LC_MESSAGES/
-rw-r--r-- root/root      2915 2022-05-28 02:05 usr/share/locale/zh_CN/LC_MESSAGES/ksysguard_face_org.kde.ksysguard.applicationstable.mo
-rw-r--r-- root/root      2935 2022-05-28 02:05 usr/share/locale/zh_CN/LC_MESSAGES/ksysguard_face_org.kde.ksysguard.processtable.mo
-rw-r--r-- root/root      8379 2022-05-28 02:05 usr/share/locale/zh_CN/LC_MESSAGES/plasma-systemmonitor.mo
drwxr-xr-x root/root         0 2022-05-28 02:05 usr/share/plasma/
drwxr-xr-x root/root         0 2022-05-28 02:05 usr/share/plasma-systemmonitor/
-rw-r--r-- root/root      1408 2022-05-19 12:36 usr/share/plasma-systemmonitor/applications.page
-rw-r--r-- root/root      6326 2022-05-19 12:36 usr/share/plasma-systemmonitor/history.page
-rw-r--r-- root/root     10992 2022-05-19 12:36 usr/share/plasma-systemmonitor/overview.page
-rw-r--r-- root/root      1316 2022-05-19 12:36 usr/share/plasma-systemmonitor/processes.page
drwxr-xr-x root/root         0 2022-05-28 02:05 usr/share/plasma/kinfocenter/
drwxr-xr-x root/root         0 2022-05-28 02:05 usr/share/plasma/kinfocenter/externalmodules/
-rw-r--r-- root/root      3956 2022-05-19 12:36 usr/share/plasma/kinfocenter/externalmodules/kcm_external_plasma-systemmonitor.desktop


