++========================================
||
||   Package:  ./plasma/plasma-sdk-5.24.90-x86_64-1.txz
||
++========================================
drwxr-xr-x root/root         0 2022-05-20 18:07 ./
drwxr-xr-x root/root         0 2022-05-20 18:07 install/
-rw-r--r-- root/root       679 2022-05-20 18:07 install/slack-desc
drwxr-xr-x root/root         0 2022-05-20 18:07 usr/
drwxr-xr-x root/root         0 2022-05-20 18:07 usr/bin/
-rwxr-xr-x root/root     85568 2022-05-20 18:07 usr/bin/cuttlefish
-rwxr-xr-x root/root     93872 2022-05-20 18:07 usr/bin/lookandfeelexplorer
-rwxr-xr-x root/root    193800 2022-05-20 18:07 usr/bin/plasmaengineexplorer
-rwxr-xr-x root/root    122880 2022-05-20 18:07 usr/bin/plasmathemeexplorer
-rwxr-xr-x root/root     60904 2022-05-20 18:07 usr/bin/plasmoidviewer
drwxr-xr-x root/root         0 2022-05-20 18:07 usr/doc/
drwxr-xr-x root/root         0 2022-05-20 18:07 usr/doc/plasma-sdk-5.24.90/
drwxr-xr-x root/root         0 2022-05-19 12:35 usr/doc/plasma-sdk-5.24.90/LICENSES/
-rw-r--r-- root/root      1288 2022-05-19 12:35 usr/doc/plasma-sdk-5.24.90/LICENSES/BSD-2-Clause.txt
-rw-r--r-- root/root     17623 2022-05-19 12:35 usr/doc/plasma-sdk-5.24.90/LICENSES/GPL-2.0-only.txt
-rw-r--r-- root/root     17622 2022-05-19 12:35 usr/doc/plasma-sdk-5.24.90/LICENSES/GPL-2.0-or-later.txt
-rw-r--r-- root/root     24774 2022-05-19 12:35 usr/doc/plasma-sdk-5.24.90/LICENSES/LGPL-2.0-only.txt
-rw-r--r-- root/root     24774 2022-05-19 12:35 usr/doc/plasma-sdk-5.24.90/LICENSES/LGPL-2.0-or-later.txt
drwxr-xr-x root/root         0 2022-05-20 18:07 usr/lib64/
drwxr-xr-x root/root         0 2022-05-20 18:07 usr/lib64/qt5/
drwxr-xr-x root/root         0 2022-05-20 18:07 usr/lib64/qt5/plugins/
drwxr-xr-x root/root         0 2022-05-20 18:07 usr/lib64/qt5/plugins/ktexteditor/
-rwxr-xr-x root/root     35400 2022-05-20 18:07 usr/lib64/qt5/plugins/ktexteditor/cuttlefishplugin.so
drwxr-xr-x root/root         0 2022-05-20 18:07 usr/man/
drwxr-xr-x root/root         0 2022-05-20 18:07 usr/man/man1/
-rw-r--r-- root/root      1663 2022-05-20 18:06 usr/man/man1/plasmaengineexplorer.1.gz
-rw-r--r-- root/root      1358 2022-05-20 18:06 usr/man/man1/plasmoidviewer.1.gz
drwxr-xr-x root/root         0 2022-05-20 18:07 usr/share/
drwxr-xr-x root/root         0 2022-05-20 18:07 usr/share/applications/
-rw-r--r-- root/root      6729 2022-05-19 12:35 usr/share/applications/org.kde.cuttlefish.desktop
-rw-r--r-- root/root      4441 2022-05-19 12:35 usr/share/applications/org.kde.plasma.lookandfeelexplorer.desktop
-rw-r--r-- root/root      4219 2022-05-19 12:35 usr/share/applications/org.kde.plasma.themeexplorer.desktop
-rwxr-xr-x root/root      6480 2022-05-19 12:35 usr/share/applications/org.kde.plasmaengineexplorer.desktop
-rwxr-xr-x root/root      5179 2022-05-19 12:35 usr/share/applications/org.kde.plasmoidviewer.desktop
drwxr-xr-x root/root         0 2022-05-20 18:07 usr/share/kpackage/
drwxr-xr-x root/root         0 2022-05-20 18:07 usr/share/kpackage/genericqml/
drwxr-xr-x root/root         0 2022-05-20 18:07 usr/share/kpackage/genericqml/org.kde.plasma.lookandfeelexplorer/
drwxr-xr-x root/root         0 2022-05-20 18:07 usr/share/kpackage/genericqml/org.kde.plasma.lookandfeelexplorer/contents/
drwxr-xr-x root/root         0 2022-05-20 18:07 usr/share/kpackage/genericqml/org.kde.plasma.lookandfeelexplorer/contents/ui/
-rw-r--r-- root/root       654 2022-05-19 12:35 usr/share/kpackage/genericqml/org.kde.plasma.lookandfeelexplorer/contents/ui/FormField.qml
-rw-r--r-- root/root      4382 2022-05-19 12:35 usr/share/kpackage/genericqml/org.kde.plasma.lookandfeelexplorer/contents/ui/MetadataEditor.qml
-rw-r--r-- root/root      6158 2022-05-19 12:35 usr/share/kpackage/genericqml/org.kde.plasma.lookandfeelexplorer/contents/ui/main.qml
-rw-r--r-- root/root      4441 2022-05-19 12:35 usr/share/kpackage/genericqml/org.kde.plasma.lookandfeelexplorer/metadata.desktop
-rw-r--r-- root/root      5664 2022-05-20 18:06 usr/share/kpackage/genericqml/org.kde.plasma.lookandfeelexplorer/metadata.json
drwxr-xr-x root/root         0 2022-05-20 18:07 usr/share/kpackage/genericqml/org.kde.plasma.themeexplorer/
drwxr-xr-x root/root         0 2022-05-20 18:07 usr/share/kpackage/genericqml/org.kde.plasma.themeexplorer/contents/
drwxr-xr-x root/root         0 2022-05-20 18:07 usr/share/kpackage/genericqml/org.kde.plasma.themeexplorer/contents/code/
-rw-r--r-- root/root       396 2022-05-19 12:35 usr/share/kpackage/genericqml/org.kde.plasma.themeexplorer/contents/code/openInEditor.sh
drwxr-xr-x root/root         0 2022-05-20 18:07 usr/share/kpackage/genericqml/org.kde.plasma.themeexplorer/contents/data/
-rw-r--r-- root/root     13534 2022-05-19 12:35 usr/share/kpackage/genericqml/org.kde.plasma.themeexplorer/contents/data/themeDescription.json
-rw-r--r-- root/root        80 2022-05-19 12:35 usr/share/kpackage/genericqml/org.kde.plasma.themeexplorer/contents/data/todo
drwxr-xr-x root/root         0 2022-05-20 18:07 usr/share/kpackage/genericqml/org.kde.plasma.themeexplorer/contents/ui/
-rw-r--r-- root/root       670 2022-05-19 12:35 usr/share/kpackage/genericqml/org.kde.plasma.themeexplorer/contents/ui/ColorButton.qml
-rw-r--r-- root/root     14236 2022-05-19 12:35 usr/share/kpackage/genericqml/org.kde.plasma.themeexplorer/contents/ui/ColorEditor.qml
-rw-r--r-- root/root       357 2022-05-19 12:35 usr/share/kpackage/genericqml/org.kde.plasma.themeexplorer/contents/ui/FormLabel.qml
-rw-r--r-- root/root      5470 2022-05-19 12:35 usr/share/kpackage/genericqml/org.kde.plasma.themeexplorer/contents/ui/MetadataEditor.qml
drwxr-xr-x root/root         0 2022-05-20 18:07 usr/share/kpackage/genericqml/org.kde.plasma.themeexplorer/contents/ui/delegates/
-rw-r--r-- root/root      2352 2022-05-19 12:35 usr/share/kpackage/genericqml/org.kde.plasma.themeexplorer/contents/ui/delegates/Hand.qml
-rw-r--r-- root/root      1233 2022-05-19 12:35 usr/share/kpackage/genericqml/org.kde.plasma.themeexplorer/contents/ui/delegates/actionbutton.qml
-rw-r--r-- root/root      2008 2022-05-19 12:35 usr/share/kpackage/genericqml/org.kde.plasma.themeexplorer/contents/ui/delegates/allframesvgs.qml
-rw-r--r-- root/root      2325 2022-05-19 12:35 usr/share/kpackage/genericqml/org.kde.plasma.themeexplorer/contents/ui/delegates/analog_meter.qml
-rw-r--r-- root/root       872 2022-05-19 12:35 usr/share/kpackage/genericqml/org.kde.plasma.themeexplorer/contents/ui/delegates/busyindicator.qml
-rw-r--r-- root/root       999 2022-05-19 12:35 usr/share/kpackage/genericqml/org.kde.plasma.themeexplorer/contents/ui/delegates/button.qml
-rw-r--r-- root/root      1349 2022-05-19 12:35 usr/share/kpackage/genericqml/org.kde.plasma.themeexplorer/contents/ui/delegates/checkmarks.qml
-rw-r--r-- root/root      5621 2022-05-19 12:35 usr/share/kpackage/genericqml/org.kde.plasma.themeexplorer/contents/ui/delegates/clock.qml
-rw-r--r-- root/root      2315 2022-05-19 12:35 usr/share/kpackage/genericqml/org.kde.plasma.themeexplorer/contents/ui/delegates/containment-controls.qml
-rw-r--r-- root/root      1638 2022-05-19 12:35 usr/share/kpackage/genericqml/org.kde.plasma.themeexplorer/contents/ui/delegates/dialog.qml
-rw-r--r-- root/root      1030 2022-05-19 12:35 usr/share/kpackage/genericqml/org.kde.plasma.themeexplorer/contents/ui/delegates/framesvg.qml
-rw-r--r-- root/root      1319 2022-05-19 12:35 usr/share/kpackage/genericqml/org.kde.plasma.themeexplorer/contents/ui/delegates/icons.qml
-rw-r--r-- root/root      2428 2022-05-19 12:35 usr/share/kpackage/genericqml/org.kde.plasma.themeexplorer/contents/ui/delegates/listitem.qml
-rw-r--r-- root/root      1771 2022-05-19 12:35 usr/share/kpackage/genericqml/org.kde.plasma.themeexplorer/contents/ui/delegates/monitor.qml
-rw-r--r-- root/root      6409 2022-05-19 12:35 usr/share/kpackage/genericqml/org.kde.plasma.themeexplorer/contents/ui/delegates/panel.qml
-rw-r--r-- root/root       994 2022-05-19 12:35 usr/share/kpackage/genericqml/org.kde.plasma.themeexplorer/contents/ui/delegates/progressbar.qml
-rw-r--r-- root/root      1040 2022-05-19 12:35 usr/share/kpackage/genericqml/org.kde.plasma.themeexplorer/contents/ui/delegates/scrollbar.qml
-rw-r--r-- root/root       867 2022-05-19 12:35 usr/share/kpackage/genericqml/org.kde.plasma.themeexplorer/contents/ui/delegates/slider.qml
-rw-r--r-- root/root      1114 2022-05-19 12:35 usr/share/kpackage/genericqml/org.kde.plasma.themeexplorer/contents/ui/delegates/tabbar.qml
-rw-r--r-- root/root       878 2022-05-19 12:35 usr/share/kpackage/genericqml/org.kde.plasma.themeexplorer/contents/ui/delegates/textfield.qml
drwxr-xr-x root/root         0 2022-05-20 18:07 usr/share/kpackage/genericqml/org.kde.plasma.themeexplorer/contents/ui/fakecontrols/
-rw-r--r-- root/root      1395 2022-05-19 12:35 usr/share/kpackage/genericqml/org.kde.plasma.themeexplorer/contents/ui/fakecontrols/Button.qml
-rw-r--r-- root/root      2459 2022-05-19 12:35 usr/share/kpackage/genericqml/org.kde.plasma.themeexplorer/contents/ui/fakecontrols/CheckBox.qml
-rw-r--r-- root/root      1510 2022-05-19 12:35 usr/share/kpackage/genericqml/org.kde.plasma.themeexplorer/contents/ui/fakecontrols/LineEdit.qml
-rw-r--r-- root/root      9237 2022-05-19 12:35 usr/share/kpackage/genericqml/org.kde.plasma.themeexplorer/contents/ui/main.qml
-rw-r--r-- root/root      4219 2022-05-19 12:35 usr/share/kpackage/genericqml/org.kde.plasma.themeexplorer/metadata.desktop
-rw-r--r-- root/root      5584 2022-05-20 18:06 usr/share/kpackage/genericqml/org.kde.plasma.themeexplorer/metadata.json
drwxr-xr-x root/root         0 2022-05-20 18:07 usr/share/kservices5/
-rw-r--r-- root/root      5153 2022-05-19 12:35 usr/share/kservices5/plasma-package-org.kde.plasma.cuttlefish.desktop
-rw-r--r-- root/root      3458 2022-05-19 12:35 usr/share/kservices5/plasma-shell-org.kde.plasma.plasmoidviewershell.desktop
drwxr-xr-x root/root         0 2022-05-20 18:07 usr/share/locale/
drwxr-xr-x root/root         0 2022-05-20 18:07 usr/share/locale/ar/
drwxr-xr-x root/root         0 2022-05-20 18:07 usr/share/locale/ar/LC_MESSAGES/
-rw-r--r-- root/root       948 2022-05-20 18:07 usr/share/locale/ar/LC_MESSAGES/cuttlefish.mo
-rw-r--r-- root/root       628 2022-05-20 18:07 usr/share/locale/ar/LC_MESSAGES/cuttlefish_editorplugin.mo
-rw-r--r-- root/root      2812 2022-05-20 18:07 usr/share/locale/ar/LC_MESSAGES/org.kde.plasma.lookandfeelexplorer.mo
-rw-r--r-- root/root      3311 2022-05-20 18:07 usr/share/locale/ar/LC_MESSAGES/org.kde.plasma.themeexplorer.mo
-rw-r--r-- root/root      1661 2022-05-20 18:07 usr/share/locale/ar/LC_MESSAGES/plasma_shell_org.kde.plasmoidviewershell.mo
-rw-r--r-- root/root      4568 2022-05-20 18:07 usr/share/locale/ar/LC_MESSAGES/plasmaengineexplorer.mo
-rw-r--r-- root/root      1423 2022-05-20 18:07 usr/share/locale/ar/LC_MESSAGES/plasmoidviewer.mo
drwxr-xr-x root/root         0 2022-05-20 18:07 usr/share/locale/ast/
drwxr-xr-x root/root         0 2022-05-20 18:07 usr/share/locale/ast/LC_MESSAGES/
-rw-r--r-- root/root      1352 2022-05-20 18:07 usr/share/locale/ast/LC_MESSAGES/cuttlefish.mo
drwxr-xr-x root/root         0 2022-05-20 18:07 usr/share/locale/az/
drwxr-xr-x root/root         0 2022-05-20 18:07 usr/share/locale/az/LC_MESSAGES/
-rw-r--r-- root/root      2133 2022-05-20 18:07 usr/share/locale/az/LC_MESSAGES/cuttlefish.mo
-rw-r--r-- root/root       512 2022-05-20 18:07 usr/share/locale/az/LC_MESSAGES/cuttlefish_editorplugin.mo
-rw-r--r-- root/root      2700 2022-05-20 18:07 usr/share/locale/az/LC_MESSAGES/org.kde.plasma.lookandfeelexplorer.mo
-rw-r--r-- root/root      4326 2022-05-20 18:07 usr/share/locale/az/LC_MESSAGES/org.kde.plasma.themeexplorer.mo
-rw-r--r-- root/root      3875 2022-05-20 18:07 usr/share/locale/az/LC_MESSAGES/plasma_shell_org.kde.plasmoidviewershell.mo
-rw-r--r-- root/root      6105 2022-05-20 18:07 usr/share/locale/az/LC_MESSAGES/plasmaengineexplorer.mo
-rw-r--r-- root/root      2691 2022-05-20 18:07 usr/share/locale/az/LC_MESSAGES/plasmoidviewer.mo
drwxr-xr-x root/root         0 2022-05-20 18:07 usr/share/locale/be/
drwxr-xr-x root/root         0 2022-05-20 18:07 usr/share/locale/be/LC_MESSAGES/
-rw-r--r-- root/root      1427 2022-05-20 18:07 usr/share/locale/be/LC_MESSAGES/plasmaengineexplorer.mo
drwxr-xr-x root/root         0 2022-05-20 18:07 usr/share/locale/be@latin/
drwxr-xr-x root/root         0 2022-05-20 18:07 usr/share/locale/be@latin/LC_MESSAGES/
-rw-r--r-- root/root      3292 2022-05-20 18:07 usr/share/locale/be@latin/LC_MESSAGES/plasmaengineexplorer.mo
-rw-r--r-- root/root       790 2022-05-20 18:07 usr/share/locale/be@latin/LC_MESSAGES/plasmoidviewer.mo
drwxr-xr-x root/root         0 2022-05-20 18:07 usr/share/locale/bg/
drwxr-xr-x root/root         0 2022-05-20 18:07 usr/share/locale/bg/LC_MESSAGES/
-rw-r--r-- root/root      4535 2022-05-20 18:07 usr/share/locale/bg/LC_MESSAGES/plasmaengineexplorer.mo
-rw-r--r-- root/root       732 2022-05-20 18:07 usr/share/locale/bg/LC_MESSAGES/plasmoidviewer.mo
drwxr-xr-x root/root         0 2022-05-20 18:07 usr/share/locale/bn_IN/
drwxr-xr-x root/root         0 2022-05-20 18:07 usr/share/locale/bn_IN/LC_MESSAGES/
-rw-r--r-- root/root      4038 2022-05-20 18:07 usr/share/locale/bn_IN/LC_MESSAGES/plasmaengineexplorer.mo
-rw-r--r-- root/root       844 2022-05-20 18:07 usr/share/locale/bn_IN/LC_MESSAGES/plasmoidviewer.mo
drwxr-xr-x root/root         0 2022-05-20 18:07 usr/share/locale/bs/
drwxr-xr-x root/root         0 2022-05-20 18:07 usr/share/locale/bs/LC_MESSAGES/
-rw-r--r-- root/root      4695 2022-05-20 18:07 usr/share/locale/bs/LC_MESSAGES/plasmaengineexplorer.mo
-rw-r--r-- root/root       914 2022-05-20 18:07 usr/share/locale/bs/LC_MESSAGES/plasmoidviewer.mo
drwxr-xr-x root/root         0 2022-05-20 18:07 usr/share/locale/ca/
drwxr-xr-x root/root         0 2022-05-20 18:07 usr/share/locale/ca/LC_MESSAGES/
-rw-r--r-- root/root      2126 2022-05-20 18:07 usr/share/locale/ca/LC_MESSAGES/cuttlefish.mo
-rw-r--r-- root/root       566 2022-05-20 18:07 usr/share/locale/ca/LC_MESSAGES/cuttlefish_editorplugin.mo
-rw-r--r-- root/root      2804 2022-05-20 18:07 usr/share/locale/ca/LC_MESSAGES/org.kde.plasma.lookandfeelexplorer.mo
-rw-r--r-- root/root      4213 2022-05-20 18:07 usr/share/locale/ca/LC_MESSAGES/org.kde.plasma.themeexplorer.mo
-rw-r--r-- root/root      3713 2022-05-20 18:07 usr/share/locale/ca/LC_MESSAGES/plasma_shell_org.kde.plasmoidviewershell.mo
-rw-r--r-- root/root      5988 2022-05-20 18:07 usr/share/locale/ca/LC_MESSAGES/plasmaengineexplorer.mo
-rw-r--r-- root/root      2587 2022-05-20 18:07 usr/share/locale/ca/LC_MESSAGES/plasmoidviewer.mo
drwxr-xr-x root/root         0 2022-05-20 18:07 usr/share/locale/ca@valencia/
drwxr-xr-x root/root         0 2022-05-20 18:07 usr/share/locale/ca@valencia/LC_MESSAGES/
-rw-r--r-- root/root      2131 2022-05-20 18:07 usr/share/locale/ca@valencia/LC_MESSAGES/cuttlefish.mo
-rw-r--r-- root/root       575 2022-05-20 18:07 usr/share/locale/ca@valencia/LC_MESSAGES/cuttlefish_editorplugin.mo
-rw-r--r-- root/root      2834 2022-05-20 18:07 usr/share/locale/ca@valencia/LC_MESSAGES/org.kde.plasma.lookandfeelexplorer.mo
-rw-r--r-- root/root      4223 2022-05-20 18:07 usr/share/locale/ca@valencia/LC_MESSAGES/org.kde.plasma.themeexplorer.mo
-rw-r--r-- root/root      2264 2022-05-20 18:07 usr/share/locale/ca@valencia/LC_MESSAGES/plasma_shell_org.kde.plasmoidviewershell.mo
-rw-r--r-- root/root      6002 2022-05-20 18:07 usr/share/locale/ca@valencia/LC_MESSAGES/plasmaengineexplorer.mo
-rw-r--r-- root/root      2612 2022-05-20 18:07 usr/share/locale/ca@valencia/LC_MESSAGES/plasmoidviewer.mo
drwxr-xr-x root/root         0 2022-05-20 18:07 usr/share/locale/cs/
drwxr-xr-x root/root         0 2022-05-20 18:07 usr/share/locale/cs/LC_MESSAGES/
-rw-r--r-- root/root      1657 2022-05-20 18:07 usr/share/locale/cs/LC_MESSAGES/cuttlefish.mo
-rw-r--r-- root/root       532 2022-05-20 18:07 usr/share/locale/cs/LC_MESSAGES/cuttlefish_editorplugin.mo
-rw-r--r-- root/root      1494 2022-05-20 18:07 usr/share/locale/cs/LC_MESSAGES/org.kde.plasma.lookandfeelexplorer.mo
-rw-r--r-- root/root      2340 2022-05-20 18:07 usr/share/locale/cs/LC_MESSAGES/org.kde.plasma.themeexplorer.mo
-rw-r--r-- root/root      3520 2022-05-20 18:07 usr/share/locale/cs/LC_MESSAGES/plasma_shell_org.kde.plasmoidviewershell.mo
-rw-r--r-- root/root      6024 2022-05-20 18:07 usr/share/locale/cs/LC_MESSAGES/plasmaengineexplorer.mo
-rw-r--r-- root/root      1502 2022-05-20 18:07 usr/share/locale/cs/LC_MESSAGES/plasmoidviewer.mo
drwxr-xr-x root/root         0 2022-05-20 18:07 usr/share/locale/csb/
drwxr-xr-x root/root         0 2022-05-20 18:07 usr/share/locale/csb/LC_MESSAGES/
-rw-r--r-- root/root      4084 2022-05-20 18:07 usr/share/locale/csb/LC_MESSAGES/plasmaengineexplorer.mo
-rw-r--r-- root/root       791 2022-05-20 18:07 usr/share/locale/csb/LC_MESSAGES/plasmoidviewer.mo
drwxr-xr-x root/root         0 2022-05-20 18:07 usr/share/locale/da/
drwxr-xr-x root/root         0 2022-05-20 18:07 usr/share/locale/da/LC_MESSAGES/
-rw-r--r-- root/root      1503 2022-05-20 18:07 usr/share/locale/da/LC_MESSAGES/cuttlefish.mo
-rw-r--r-- root/root       517 2022-05-20 18:07 usr/share/locale/da/LC_MESSAGES/cuttlefish_editorplugin.mo
-rw-r--r-- root/root      2558 2022-05-20 18:07 usr/share/locale/da/LC_MESSAGES/org.kde.plasma.lookandfeelexplorer.mo
-rw-r--r-- root/root      3722 2022-05-20 18:07 usr/share/locale/da/LC_MESSAGES/org.kde.plasma.themeexplorer.mo
-rw-r--r-- root/root      2141 2022-05-20 18:07 usr/share/locale/da/LC_MESSAGES/plasma_shell_org.kde.plasmoidviewershell.mo
-rw-r--r-- root/root      5241 2022-05-20 18:07 usr/share/locale/da/LC_MESSAGES/plasmaengineexplorer.mo
-rw-r--r-- root/root      2390 2022-05-20 18:07 usr/share/locale/da/LC_MESSAGES/plasmoidviewer.mo
drwxr-xr-x root/root         0 2022-05-20 18:07 usr/share/locale/de/
drwxr-xr-x root/root         0 2022-05-20 18:07 usr/share/locale/de/LC_MESSAGES/
-rw-r--r-- root/root      1626 2022-05-20 18:07 usr/share/locale/de/LC_MESSAGES/cuttlefish.mo
-rw-r--r-- root/root       488 2022-05-20 18:07 usr/share/locale/de/LC_MESSAGES/cuttlefish_editorplugin.mo
-rw-r--r-- root/root      2667 2022-05-20 18:07 usr/share/locale/de/LC_MESSAGES/org.kde.plasma.lookandfeelexplorer.mo
-rw-r--r-- root/root      4258 2022-05-20 18:07 usr/share/locale/de/LC_MESSAGES/org.kde.plasma.themeexplorer.mo
-rw-r--r-- root/root      3700 2022-05-20 18:07 usr/share/locale/de/LC_MESSAGES/plasma_shell_org.kde.plasmoidviewershell.mo
-rw-r--r-- root/root      5501 2022-05-20 18:07 usr/share/locale/de/LC_MESSAGES/plasmaengineexplorer.mo
-rw-r--r-- root/root      2466 2022-05-20 18:07 usr/share/locale/de/LC_MESSAGES/plasmoidviewer.mo
drwxr-xr-x root/root         0 2022-05-20 18:07 usr/share/locale/el/
drwxr-xr-x root/root         0 2022-05-20 18:07 usr/share/locale/el/LC_MESSAGES/
-rw-r--r-- root/root      1999 2022-05-20 18:07 usr/share/locale/el/LC_MESSAGES/cuttlefish.mo
-rw-r--r-- root/root       543 2022-05-20 18:07 usr/share/locale/el/LC_MESSAGES/cuttlefish_editorplugin.mo
-rw-r--r-- root/root      3245 2022-05-20 18:07 usr/share/locale/el/LC_MESSAGES/org.kde.plasma.lookandfeelexplorer.mo
-rw-r--r-- root/root      5438 2022-05-20 18:07 usr/share/locale/el/LC_MESSAGES/org.kde.plasma.themeexplorer.mo
-rw-r--r-- root/root      4604 2022-05-20 18:07 usr/share/locale/el/LC_MESSAGES/plasma_shell_org.kde.plasmoidviewershell.mo
-rw-r--r-- root/root      6840 2022-05-20 18:07 usr/share/locale/el/LC_MESSAGES/plasmaengineexplorer.mo
-rw-r--r-- root/root      3198 2022-05-20 18:07 usr/share/locale/el/LC_MESSAGES/plasmoidviewer.mo
drwxr-xr-x root/root         0 2022-05-20 18:07 usr/share/locale/en_GB/
drwxr-xr-x root/root         0 2022-05-20 18:07 usr/share/locale/en_GB/LC_MESSAGES/
-rw-r--r-- root/root      2003 2022-05-20 18:07 usr/share/locale/en_GB/LC_MESSAGES/cuttlefish.mo
-rw-r--r-- root/root       530 2022-05-20 18:07 usr/share/locale/en_GB/LC_MESSAGES/cuttlefish_editorplugin.mo
-rw-r--r-- root/root      2544 2022-05-20 18:07 usr/share/locale/en_GB/LC_MESSAGES/org.kde.plasma.lookandfeelexplorer.mo
-rw-r--r-- root/root      3988 2022-05-20 18:07 usr/share/locale/en_GB/LC_MESSAGES/org.kde.plasma.themeexplorer.mo
-rw-r--r-- root/root      3544 2022-05-20 18:07 usr/share/locale/en_GB/LC_MESSAGES/plasma_shell_org.kde.plasmoidviewershell.mo
-rw-r--r-- root/root      5752 2022-05-20 18:07 usr/share/locale/en_GB/LC_MESSAGES/plasmaengineexplorer.mo
-rw-r--r-- root/root      2440 2022-05-20 18:07 usr/share/locale/en_GB/LC_MESSAGES/plasmoidviewer.mo
drwxr-xr-x root/root         0 2022-05-20 18:07 usr/share/locale/eo/
drwxr-xr-x root/root         0 2022-05-20 18:07 usr/share/locale/eo/LC_MESSAGES/
-rw-r--r-- root/root      3971 2022-05-20 18:07 usr/share/locale/eo/LC_MESSAGES/plasmaengineexplorer.mo
-rw-r--r-- root/root       590 2022-05-20 18:07 usr/share/locale/eo/LC_MESSAGES/plasmoidviewer.mo
drwxr-xr-x root/root         0 2022-05-20 18:07 usr/share/locale/es/
drwxr-xr-x root/root         0 2022-05-20 18:07 usr/share/locale/es/LC_MESSAGES/
-rw-r--r-- root/root      2109 2022-05-20 18:07 usr/share/locale/es/LC_MESSAGES/cuttlefish.mo
-rw-r--r-- root/root       532 2022-05-20 18:07 usr/share/locale/es/LC_MESSAGES/cuttlefish_editorplugin.mo
-rw-r--r-- root/root      2727 2022-05-20 18:07 usr/share/locale/es/LC_MESSAGES/org.kde.plasma.lookandfeelexplorer.mo
-rw-r--r-- root/root      4299 2022-05-20 18:07 usr/share/locale/es/LC_MESSAGES/org.kde.plasma.themeexplorer.mo
-rw-r--r-- root/root      3799 2022-05-20 18:07 usr/share/locale/es/LC_MESSAGES/plasma_shell_org.kde.plasmoidviewershell.mo
-rw-r--r-- root/root      6041 2022-05-20 18:07 usr/share/locale/es/LC_MESSAGES/plasmaengineexplorer.mo
-rw-r--r-- root/root      2547 2022-05-20 18:07 usr/share/locale/es/LC_MESSAGES/plasmoidviewer.mo
drwxr-xr-x root/root         0 2022-05-20 18:07 usr/share/locale/et/
drwxr-xr-x root/root         0 2022-05-20 18:07 usr/share/locale/et/LC_MESSAGES/
-rw-r--r-- root/root      1558 2022-05-20 18:07 usr/share/locale/et/LC_MESSAGES/cuttlefish.mo
-rw-r--r-- root/root       506 2022-05-20 18:07 usr/share/locale/et/LC_MESSAGES/cuttlefish_editorplugin.mo
-rw-r--r-- root/root      2484 2022-05-20 18:07 usr/share/locale/et/LC_MESSAGES/org.kde.plasma.lookandfeelexplorer.mo
-rw-r--r-- root/root      3618 2022-05-20 18:07 usr/share/locale/et/LC_MESSAGES/org.kde.plasma.themeexplorer.mo
-rw-r--r-- root/root      2111 2022-05-20 18:07 usr/share/locale/et/LC_MESSAGES/plasma_shell_org.kde.plasmoidviewershell.mo
-rw-r--r-- root/root      5081 2022-05-20 18:07 usr/share/locale/et/LC_MESSAGES/plasmaengineexplorer.mo
-rw-r--r-- root/root      2280 2022-05-20 18:07 usr/share/locale/et/LC_MESSAGES/plasmoidviewer.mo
drwxr-xr-x root/root         0 2022-05-20 18:07 usr/share/locale/eu/
drwxr-xr-x root/root         0 2022-05-20 18:07 usr/share/locale/eu/LC_MESSAGES/
-rw-r--r-- root/root      1712 2022-05-20 18:07 usr/share/locale/eu/LC_MESSAGES/cuttlefish.mo
-rw-r--r-- root/root       551 2022-05-20 18:07 usr/share/locale/eu/LC_MESSAGES/cuttlefish_editorplugin.mo
-rw-r--r-- root/root      2596 2022-05-20 18:07 usr/share/locale/eu/LC_MESSAGES/org.kde.plasma.lookandfeelexplorer.mo
-rw-r--r-- root/root      4252 2022-05-20 18:07 usr/share/locale/eu/LC_MESSAGES/org.kde.plasma.themeexplorer.mo
-rw-r--r-- root/root      3672 2022-05-20 18:07 usr/share/locale/eu/LC_MESSAGES/plasma_shell_org.kde.plasmoidviewershell.mo
-rw-r--r-- root/root      5509 2022-05-20 18:07 usr/share/locale/eu/LC_MESSAGES/plasmaengineexplorer.mo
-rw-r--r-- root/root      2476 2022-05-20 18:07 usr/share/locale/eu/LC_MESSAGES/plasmoidviewer.mo
drwxr-xr-x root/root         0 2022-05-20 18:07 usr/share/locale/fa/
drwxr-xr-x root/root         0 2022-05-20 18:07 usr/share/locale/fa/LC_MESSAGES/
-rw-r--r-- root/root      1264 2022-05-20 18:07 usr/share/locale/fa/LC_MESSAGES/plasmaengineexplorer.mo
drwxr-xr-x root/root         0 2022-05-20 18:07 usr/share/locale/fi/
drwxr-xr-x root/root         0 2022-05-20 18:07 usr/share/locale/fi/LC_MESSAGES/
-rw-r--r-- root/root      1669 2022-05-20 18:07 usr/share/locale/fi/LC_MESSAGES/cuttlefish.mo
-rw-r--r-- root/root       516 2022-05-20 18:07 usr/share/locale/fi/LC_MESSAGES/cuttlefish_editorplugin.mo
-rw-r--r-- root/root      2574 2022-05-20 18:07 usr/share/locale/fi/LC_MESSAGES/org.kde.plasma.lookandfeelexplorer.mo
-rw-r--r-- root/root      4171 2022-05-20 18:07 usr/share/locale/fi/LC_MESSAGES/org.kde.plasma.themeexplorer.mo
-rw-r--r-- root/root      3606 2022-05-20 18:07 usr/share/locale/fi/LC_MESSAGES/plasma_shell_org.kde.plasmoidviewershell.mo
-rw-r--r-- root/root      5933 2022-05-20 18:07 usr/share/locale/fi/LC_MESSAGES/plasmaengineexplorer.mo
-rw-r--r-- root/root      2528 2022-05-20 18:07 usr/share/locale/fi/LC_MESSAGES/plasmoidviewer.mo
drwxr-xr-x root/root         0 2022-05-20 18:07 usr/share/locale/fr/
drwxr-xr-x root/root         0 2022-05-20 18:07 usr/share/locale/fr/LC_MESSAGES/
-rw-r--r-- root/root      2222 2022-05-20 18:07 usr/share/locale/fr/LC_MESSAGES/cuttlefish.mo
-rw-r--r-- root/root       603 2022-05-20 18:07 usr/share/locale/fr/LC_MESSAGES/cuttlefish_editorplugin.mo
-rw-r--r-- root/root      2913 2022-05-20 18:07 usr/share/locale/fr/LC_MESSAGES/org.kde.plasma.lookandfeelexplorer.mo
-rw-r--r-- root/root      4621 2022-05-20 18:07 usr/share/locale/fr/LC_MESSAGES/org.kde.plasma.themeexplorer.mo
-rw-r--r-- root/root      3971 2022-05-20 18:07 usr/share/locale/fr/LC_MESSAGES/plasma_shell_org.kde.plasmoidviewershell.mo
-rw-r--r-- root/root      6259 2022-05-20 18:07 usr/share/locale/fr/LC_MESSAGES/plasmaengineexplorer.mo
-rw-r--r-- root/root      2744 2022-05-20 18:07 usr/share/locale/fr/LC_MESSAGES/plasmoidviewer.mo
drwxr-xr-x root/root         0 2022-05-20 18:07 usr/share/locale/fy/
drwxr-xr-x root/root         0 2022-05-20 18:07 usr/share/locale/fy/LC_MESSAGES/
-rw-r--r-- root/root      3786 2022-05-20 18:07 usr/share/locale/fy/LC_MESSAGES/plasmaengineexplorer.mo
-rw-r--r-- root/root       582 2022-05-20 18:07 usr/share/locale/fy/LC_MESSAGES/plasmoidviewer.mo
drwxr-xr-x root/root         0 2022-05-20 18:07 usr/share/locale/ga/
drwxr-xr-x root/root         0 2022-05-20 18:07 usr/share/locale/ga/LC_MESSAGES/
-rw-r--r-- root/root      4732 2022-05-20 18:07 usr/share/locale/ga/LC_MESSAGES/plasmaengineexplorer.mo
-rw-r--r-- root/root       829 2022-05-20 18:07 usr/share/locale/ga/LC_MESSAGES/plasmoidviewer.mo
drwxr-xr-x root/root         0 2022-05-20 18:07 usr/share/locale/gl/
drwxr-xr-x root/root         0 2022-05-20 18:07 usr/share/locale/gl/LC_MESSAGES/
-rw-r--r-- root/root      1595 2022-05-20 18:07 usr/share/locale/gl/LC_MESSAGES/cuttlefish.mo
-rw-r--r-- root/root       521 2022-05-20 18:07 usr/share/locale/gl/LC_MESSAGES/cuttlefish_editorplugin.mo
-rw-r--r-- root/root      2530 2022-05-20 18:07 usr/share/locale/gl/LC_MESSAGES/org.kde.plasma.lookandfeelexplorer.mo
-rw-r--r-- root/root      3805 2022-05-20 18:07 usr/share/locale/gl/LC_MESSAGES/org.kde.plasma.themeexplorer.mo
-rw-r--r-- root/root      2204 2022-05-20 18:07 usr/share/locale/gl/LC_MESSAGES/plasma_shell_org.kde.plasmoidviewershell.mo
-rw-r--r-- root/root      5426 2022-05-20 18:07 usr/share/locale/gl/LC_MESSAGES/plasmaengineexplorer.mo
-rw-r--r-- root/root      2565 2022-05-20 18:07 usr/share/locale/gl/LC_MESSAGES/plasmoidviewer.mo
drwxr-xr-x root/root         0 2022-05-20 18:07 usr/share/locale/gu/
drwxr-xr-x root/root         0 2022-05-20 18:07 usr/share/locale/gu/LC_MESSAGES/
-rw-r--r-- root/root      4612 2022-05-20 18:07 usr/share/locale/gu/LC_MESSAGES/plasmaengineexplorer.mo
-rw-r--r-- root/root       853 2022-05-20 18:07 usr/share/locale/gu/LC_MESSAGES/plasmoidviewer.mo
drwxr-xr-x root/root         0 2022-05-20 18:07 usr/share/locale/he/
drwxr-xr-x root/root         0 2022-05-20 18:07 usr/share/locale/he/LC_MESSAGES/
-rw-r--r-- root/root       856 2022-05-20 18:07 usr/share/locale/he/LC_MESSAGES/cuttlefish.mo
-rw-r--r-- root/root       512 2022-05-20 18:07 usr/share/locale/he/LC_MESSAGES/cuttlefish_editorplugin.mo
-rw-r--r-- root/root      2144 2022-05-20 18:07 usr/share/locale/he/LC_MESSAGES/org.kde.plasma.lookandfeelexplorer.mo
-rw-r--r-- root/root      2192 2022-05-20 18:07 usr/share/locale/he/LC_MESSAGES/plasma_shell_org.kde.plasmoidviewershell.mo
-rw-r--r-- root/root      4770 2022-05-20 18:07 usr/share/locale/he/LC_MESSAGES/plasmaengineexplorer.mo
-rw-r--r-- root/root      1261 2022-05-20 18:07 usr/share/locale/he/LC_MESSAGES/plasmoidviewer.mo
drwxr-xr-x root/root         0 2022-05-20 18:07 usr/share/locale/hi/
drwxr-xr-x root/root         0 2022-05-20 18:07 usr/share/locale/hi/LC_MESSAGES/
-rw-r--r-- root/root      3645 2022-05-20 18:07 usr/share/locale/hi/LC_MESSAGES/plasmaengineexplorer.mo
-rw-r--r-- root/root       643 2022-05-20 18:07 usr/share/locale/hi/LC_MESSAGES/plasmoidviewer.mo
drwxr-xr-x root/root         0 2022-05-20 18:07 usr/share/locale/hne/
drwxr-xr-x root/root         0 2022-05-20 18:07 usr/share/locale/hne/LC_MESSAGES/
-rw-r--r-- root/root       840 2022-05-20 18:07 usr/share/locale/hne/LC_MESSAGES/plasmoidviewer.mo
drwxr-xr-x root/root         0 2022-05-20 18:07 usr/share/locale/hr/
drwxr-xr-x root/root         0 2022-05-20 18:07 usr/share/locale/hr/LC_MESSAGES/
-rw-r--r-- root/root      4007 2022-05-20 18:07 usr/share/locale/hr/LC_MESSAGES/plasmaengineexplorer.mo
-rw-r--r-- root/root       852 2022-05-20 18:07 usr/share/locale/hr/LC_MESSAGES/plasmoidviewer.mo
drwxr-xr-x root/root         0 2022-05-20 18:07 usr/share/locale/hsb/
drwxr-xr-x root/root         0 2022-05-20 18:07 usr/share/locale/hsb/LC_MESSAGES/
-rw-r--r-- root/root      2624 2022-05-20 18:07 usr/share/locale/hsb/LC_MESSAGES/plasmaengineexplorer.mo
-rw-r--r-- root/root       475 2022-05-20 18:07 usr/share/locale/hsb/LC_MESSAGES/plasmoidviewer.mo
drwxr-xr-x root/root         0 2022-05-20 18:07 usr/share/locale/hu/
drwxr-xr-x root/root         0 2022-05-20 18:07 usr/share/locale/hu/LC_MESSAGES/
-rw-r--r-- root/root      1687 2022-05-20 18:07 usr/share/locale/hu/LC_MESSAGES/cuttlefish.mo
-rw-r--r-- root/root       525 2022-05-20 18:07 usr/share/locale/hu/LC_MESSAGES/cuttlefish_editorplugin.mo
-rw-r--r-- root/root      2644 2022-05-20 18:07 usr/share/locale/hu/LC_MESSAGES/org.kde.plasma.lookandfeelexplorer.mo
-rw-r--r-- root/root      4192 2022-05-20 18:07 usr/share/locale/hu/LC_MESSAGES/org.kde.plasma.themeexplorer.mo
-rw-r--r-- root/root      3741 2022-05-20 18:07 usr/share/locale/hu/LC_MESSAGES/plasma_shell_org.kde.plasmoidviewershell.mo
-rw-r--r-- root/root      5964 2022-05-20 18:07 usr/share/locale/hu/LC_MESSAGES/plasmaengineexplorer.mo
-rw-r--r-- root/root      2457 2022-05-20 18:07 usr/share/locale/hu/LC_MESSAGES/plasmoidviewer.mo
drwxr-xr-x root/root         0 2022-05-20 18:07 usr/share/locale/ia/
drwxr-xr-x root/root         0 2022-05-20 18:07 usr/share/locale/ia/LC_MESSAGES/
-rw-r--r-- root/root      1754 2022-05-20 18:07 usr/share/locale/ia/LC_MESSAGES/cuttlefish.mo
-rw-r--r-- root/root       508 2022-05-20 18:07 usr/share/locale/ia/LC_MESSAGES/cuttlefish_editorplugin.mo
-rw-r--r-- root/root      2723 2022-05-20 18:07 usr/share/locale/ia/LC_MESSAGES/org.kde.plasma.lookandfeelexplorer.mo
-rw-r--r-- root/root      4163 2022-05-20 18:07 usr/share/locale/ia/LC_MESSAGES/org.kde.plasma.themeexplorer.mo
-rw-r--r-- root/root      3742 2022-05-20 18:07 usr/share/locale/ia/LC_MESSAGES/plasma_shell_org.kde.plasmoidviewershell.mo
-rw-r--r-- root/root      5900 2022-05-20 18:07 usr/share/locale/ia/LC_MESSAGES/plasmaengineexplorer.mo
-rw-r--r-- root/root      2417 2022-05-20 18:07 usr/share/locale/ia/LC_MESSAGES/plasmoidviewer.mo
drwxr-xr-x root/root         0 2022-05-20 18:07 usr/share/locale/id/
drwxr-xr-x root/root         0 2022-05-20 18:07 usr/share/locale/id/LC_MESSAGES/
-rw-r--r-- root/root      1504 2022-05-20 18:07 usr/share/locale/id/LC_MESSAGES/cuttlefish.mo
-rw-r--r-- root/root       487 2022-05-20 18:07 usr/share/locale/id/LC_MESSAGES/cuttlefish_editorplugin.mo
-rw-r--r-- root/root      2481 2022-05-20 18:07 usr/share/locale/id/LC_MESSAGES/org.kde.plasma.lookandfeelexplorer.mo
-rw-r--r-- root/root      3614 2022-05-20 18:07 usr/share/locale/id/LC_MESSAGES/org.kde.plasma.themeexplorer.mo
-rw-r--r-- root/root      2088 2022-05-20 18:07 usr/share/locale/id/LC_MESSAGES/plasma_shell_org.kde.plasmoidviewershell.mo
-rw-r--r-- root/root      5258 2022-05-20 18:07 usr/share/locale/id/LC_MESSAGES/plasmaengineexplorer.mo
-rw-r--r-- root/root      2350 2022-05-20 18:07 usr/share/locale/id/LC_MESSAGES/plasmoidviewer.mo
drwxr-xr-x root/root         0 2022-05-20 18:07 usr/share/locale/is/
drwxr-xr-x root/root         0 2022-05-20 18:07 usr/share/locale/is/LC_MESSAGES/
-rw-r--r-- root/root      3776 2022-05-20 18:07 usr/share/locale/is/LC_MESSAGES/plasmaengineexplorer.mo
-rw-r--r-- root/root       689 2022-05-20 18:07 usr/share/locale/is/LC_MESSAGES/plasmoidviewer.mo
drwxr-xr-x root/root         0 2022-05-20 18:07 usr/share/locale/it/
drwxr-xr-x root/root         0 2022-05-20 18:07 usr/share/locale/it/LC_MESSAGES/
-rw-r--r-- root/root      2081 2022-05-20 18:07 usr/share/locale/it/LC_MESSAGES/cuttlefish.mo
-rw-r--r-- root/root       520 2022-05-20 18:07 usr/share/locale/it/LC_MESSAGES/cuttlefish_editorplugin.mo
-rw-r--r-- root/root      2726 2022-05-20 18:07 usr/share/locale/it/LC_MESSAGES/org.kde.plasma.lookandfeelexplorer.mo
-rw-r--r-- root/root      4281 2022-05-20 18:07 usr/share/locale/it/LC_MESSAGES/org.kde.plasma.themeexplorer.mo
-rw-r--r-- root/root      3804 2022-05-20 18:07 usr/share/locale/it/LC_MESSAGES/plasma_shell_org.kde.plasmoidviewershell.mo
-rw-r--r-- root/root      6031 2022-05-20 18:07 usr/share/locale/it/LC_MESSAGES/plasmaengineexplorer.mo
-rw-r--r-- root/root      2448 2022-05-20 18:07 usr/share/locale/it/LC_MESSAGES/plasmoidviewer.mo
drwxr-xr-x root/root         0 2022-05-20 18:07 usr/share/locale/ja/
drwxr-xr-x root/root         0 2022-05-20 18:07 usr/share/locale/ja/LC_MESSAGES/
-rw-r--r-- root/root       465 2022-05-20 18:07 usr/share/locale/ja/LC_MESSAGES/cuttlefish.mo
-rw-r--r-- root/root       478 2022-05-20 18:07 usr/share/locale/ja/LC_MESSAGES/cuttlefish_editorplugin.mo
-rw-r--r-- root/root       489 2022-05-20 18:07 usr/share/locale/ja/LC_MESSAGES/org.kde.plasma.lookandfeelexplorer.mo
-rw-r--r-- root/root       468 2022-05-20 18:07 usr/share/locale/ja/LC_MESSAGES/org.kde.plasma.themeexplorer.mo
-rw-r--r-- root/root       495 2022-05-20 18:07 usr/share/locale/ja/LC_MESSAGES/plasma_shell_org.kde.plasmoidviewershell.mo
-rw-r--r-- root/root      3316 2022-05-20 18:07 usr/share/locale/ja/LC_MESSAGES/plasmaengineexplorer.mo
-rw-r--r-- root/root       746 2022-05-20 18:07 usr/share/locale/ja/LC_MESSAGES/plasmoidviewer.mo
drwxr-xr-x root/root         0 2022-05-20 18:07 usr/share/locale/kk/
drwxr-xr-x root/root         0 2022-05-20 18:07 usr/share/locale/kk/LC_MESSAGES/
-rw-r--r-- root/root      5126 2022-05-20 18:07 usr/share/locale/kk/LC_MESSAGES/plasmaengineexplorer.mo
-rw-r--r-- root/root       705 2022-05-20 18:07 usr/share/locale/kk/LC_MESSAGES/plasmoidviewer.mo
drwxr-xr-x root/root         0 2022-05-20 18:07 usr/share/locale/km/
drwxr-xr-x root/root         0 2022-05-20 18:07 usr/share/locale/km/LC_MESSAGES/
-rw-r--r-- root/root      7011 2022-05-20 18:07 usr/share/locale/km/LC_MESSAGES/plasmaengineexplorer.mo
-rw-r--r-- root/root       922 2022-05-20 18:07 usr/share/locale/km/LC_MESSAGES/plasmoidviewer.mo
drwxr-xr-x root/root         0 2022-05-20 18:07 usr/share/locale/kn/
drwxr-xr-x root/root         0 2022-05-20 18:07 usr/share/locale/kn/LC_MESSAGES/
-rw-r--r-- root/root      2210 2022-05-20 18:07 usr/share/locale/kn/LC_MESSAGES/plasmaengineexplorer.mo
drwxr-xr-x root/root         0 2022-05-20 18:07 usr/share/locale/ko/
drwxr-xr-x root/root         0 2022-05-20 18:07 usr/share/locale/ko/LC_MESSAGES/
-rw-r--r-- root/root      2086 2022-05-20 18:07 usr/share/locale/ko/LC_MESSAGES/cuttlefish.mo
-rw-r--r-- root/root       498 2022-05-20 18:07 usr/share/locale/ko/LC_MESSAGES/cuttlefish_editorplugin.mo
-rw-r--r-- root/root      2631 2022-05-20 18:07 usr/share/locale/ko/LC_MESSAGES/org.kde.plasma.lookandfeelexplorer.mo
-rw-r--r-- root/root      4056 2022-05-20 18:07 usr/share/locale/ko/LC_MESSAGES/org.kde.plasma.themeexplorer.mo
-rw-r--r-- root/root      3737 2022-05-20 18:07 usr/share/locale/ko/LC_MESSAGES/plasma_shell_org.kde.plasmoidviewershell.mo
-rw-r--r-- root/root      5778 2022-05-20 18:07 usr/share/locale/ko/LC_MESSAGES/plasmaengineexplorer.mo
-rw-r--r-- root/root      2334 2022-05-20 18:07 usr/share/locale/ko/LC_MESSAGES/plasmoidviewer.mo
drwxr-xr-x root/root         0 2022-05-20 18:07 usr/share/locale/ku/
drwxr-xr-x root/root         0 2022-05-20 18:07 usr/share/locale/ku/LC_MESSAGES/
-rw-r--r-- root/root      3253 2022-05-20 18:07 usr/share/locale/ku/LC_MESSAGES/plasmaengineexplorer.mo
-rw-r--r-- root/root       731 2022-05-20 18:07 usr/share/locale/ku/LC_MESSAGES/plasmoidviewer.mo
drwxr-xr-x root/root         0 2022-05-20 18:07 usr/share/locale/lt/
drwxr-xr-x root/root         0 2022-05-20 18:07 usr/share/locale/lt/LC_MESSAGES/
-rw-r--r-- root/root      1753 2022-05-20 18:07 usr/share/locale/lt/LC_MESSAGES/cuttlefish.mo
-rw-r--r-- root/root       564 2022-05-20 18:07 usr/share/locale/lt/LC_MESSAGES/cuttlefish_editorplugin.mo
-rw-r--r-- root/root      2820 2022-05-20 18:07 usr/share/locale/lt/LC_MESSAGES/org.kde.plasma.lookandfeelexplorer.mo
-rw-r--r-- root/root      4391 2022-05-20 18:07 usr/share/locale/lt/LC_MESSAGES/org.kde.plasma.themeexplorer.mo
-rw-r--r-- root/root      2309 2022-05-20 18:07 usr/share/locale/lt/LC_MESSAGES/plasma_shell_org.kde.plasmoidviewershell.mo
-rw-r--r-- root/root      5908 2022-05-20 18:07 usr/share/locale/lt/LC_MESSAGES/plasmaengineexplorer.mo
-rw-r--r-- root/root      2505 2022-05-20 18:07 usr/share/locale/lt/LC_MESSAGES/plasmoidviewer.mo
drwxr-xr-x root/root         0 2022-05-20 18:07 usr/share/locale/lv/
drwxr-xr-x root/root         0 2022-05-20 18:07 usr/share/locale/lv/LC_MESSAGES/
-rw-r--r-- root/root      3870 2022-05-20 18:07 usr/share/locale/lv/LC_MESSAGES/plasmaengineexplorer.mo
-rw-r--r-- root/root       732 2022-05-20 18:07 usr/share/locale/lv/LC_MESSAGES/plasmoidviewer.mo
drwxr-xr-x root/root         0 2022-05-20 18:07 usr/share/locale/mai/
drwxr-xr-x root/root         0 2022-05-20 18:07 usr/share/locale/mai/LC_MESSAGES/
-rw-r--r-- root/root      3934 2022-05-20 18:07 usr/share/locale/mai/LC_MESSAGES/plasmaengineexplorer.mo
-rw-r--r-- root/root       613 2022-05-20 18:07 usr/share/locale/mai/LC_MESSAGES/plasmoidviewer.mo
drwxr-xr-x root/root         0 2022-05-20 18:07 usr/share/locale/mk/
drwxr-xr-x root/root         0 2022-05-20 18:07 usr/share/locale/mk/LC_MESSAGES/
-rw-r--r-- root/root      3586 2022-05-20 18:07 usr/share/locale/mk/LC_MESSAGES/plasmaengineexplorer.mo
drwxr-xr-x root/root         0 2022-05-20 18:07 usr/share/locale/ml/
drwxr-xr-x root/root         0 2022-05-20 18:07 usr/share/locale/ml/LC_MESSAGES/
-rw-r--r-- root/root       512 2022-05-20 18:07 usr/share/locale/ml/LC_MESSAGES/cuttlefish.mo
-rw-r--r-- root/root       512 2022-05-20 18:07 usr/share/locale/ml/LC_MESSAGES/cuttlefish_editorplugin.mo
-rw-r--r-- root/root      3606 2022-05-20 18:07 usr/share/locale/ml/LC_MESSAGES/org.kde.plasma.lookandfeelexplorer.mo
-rw-r--r-- root/root       657 2022-05-20 18:07 usr/share/locale/ml/LC_MESSAGES/org.kde.plasma.themeexplorer.mo
-rw-r--r-- root/root       512 2022-05-20 18:07 usr/share/locale/ml/LC_MESSAGES/plasma_shell_org.kde.plasmoidviewershell.mo
-rw-r--r-- root/root      1810 2022-05-20 18:07 usr/share/locale/ml/LC_MESSAGES/plasmaengineexplorer.mo
-rw-r--r-- root/root       859 2022-05-20 18:07 usr/share/locale/ml/LC_MESSAGES/plasmoidviewer.mo
drwxr-xr-x root/root         0 2022-05-20 18:07 usr/share/locale/mr/
drwxr-xr-x root/root         0 2022-05-20 18:07 usr/share/locale/mr/LC_MESSAGES/
-rw-r--r-- root/root      1702 2022-05-20 18:07 usr/share/locale/mr/LC_MESSAGES/plasmaengineexplorer.mo
-rw-r--r-- root/root       661 2022-05-20 18:07 usr/share/locale/mr/LC_MESSAGES/plasmoidviewer.mo
drwxr-xr-x root/root         0 2022-05-20 18:07 usr/share/locale/ms/
drwxr-xr-x root/root         0 2022-05-20 18:07 usr/share/locale/ms/LC_MESSAGES/
-rw-r--r-- root/root      2381 2022-05-20 18:07 usr/share/locale/ms/LC_MESSAGES/plasmaengineexplorer.mo
-rw-r--r-- root/root       720 2022-05-20 18:07 usr/share/locale/ms/LC_MESSAGES/plasmoidviewer.mo
drwxr-xr-x root/root         0 2022-05-20 18:07 usr/share/locale/nb/
drwxr-xr-x root/root         0 2022-05-20 18:07 usr/share/locale/nb/LC_MESSAGES/
-rw-r--r-- root/root      4632 2022-05-20 18:07 usr/share/locale/nb/LC_MESSAGES/plasmaengineexplorer.mo
-rw-r--r-- root/root       915 2022-05-20 18:07 usr/share/locale/nb/LC_MESSAGES/plasmoidviewer.mo
drwxr-xr-x root/root         0 2022-05-20 18:07 usr/share/locale/nds/
drwxr-xr-x root/root         0 2022-05-20 18:07 usr/share/locale/nds/LC_MESSAGES/
-rw-r--r-- root/root      3748 2022-05-20 18:07 usr/share/locale/nds/LC_MESSAGES/plasmaengineexplorer.mo
-rw-r--r-- root/root       851 2022-05-20 18:07 usr/share/locale/nds/LC_MESSAGES/plasmoidviewer.mo
drwxr-xr-x root/root         0 2022-05-20 18:07 usr/share/locale/ne/
drwxr-xr-x root/root         0 2022-05-20 18:07 usr/share/locale/ne/LC_MESSAGES/
-rw-r--r-- root/root      1446 2022-05-20 18:07 usr/share/locale/ne/LC_MESSAGES/plasmaengineexplorer.mo
drwxr-xr-x root/root         0 2022-05-20 18:07 usr/share/locale/nl/
drwxr-xr-x root/root         0 2022-05-20 18:07 usr/share/locale/nl/LC_MESSAGES/
-rw-r--r-- root/root      2047 2022-05-20 18:07 usr/share/locale/nl/LC_MESSAGES/cuttlefish.mo
-rw-r--r-- root/root       517 2022-05-20 18:07 usr/share/locale/nl/LC_MESSAGES/cuttlefish_editorplugin.mo
-rw-r--r-- root/root      2648 2022-05-20 18:07 usr/share/locale/nl/LC_MESSAGES/org.kde.plasma.lookandfeelexplorer.mo
-rw-r--r-- root/root      4170 2022-05-20 18:07 usr/share/locale/nl/LC_MESSAGES/org.kde.plasma.themeexplorer.mo
-rw-r--r-- root/root      3640 2022-05-20 18:07 usr/share/locale/nl/LC_MESSAGES/plasma_shell_org.kde.plasmoidviewershell.mo
-rw-r--r-- root/root      5819 2022-05-20 18:07 usr/share/locale/nl/LC_MESSAGES/plasmaengineexplorer.mo
-rw-r--r-- root/root      2442 2022-05-20 18:07 usr/share/locale/nl/LC_MESSAGES/plasmoidviewer.mo
drwxr-xr-x root/root         0 2022-05-20 18:07 usr/share/locale/nn/
drwxr-xr-x root/root         0 2022-05-20 18:07 usr/share/locale/nn/LC_MESSAGES/
-rw-r--r-- root/root      1722 2022-05-20 18:07 usr/share/locale/nn/LC_MESSAGES/cuttlefish.mo
-rw-r--r-- root/root       591 2022-05-20 18:07 usr/share/locale/nn/LC_MESSAGES/cuttlefish_editorplugin.mo
-rw-r--r-- root/root      2722 2022-05-20 18:07 usr/share/locale/nn/LC_MESSAGES/org.kde.plasma.lookandfeelexplorer.mo
-rw-r--r-- root/root      4221 2022-05-20 18:07 usr/share/locale/nn/LC_MESSAGES/org.kde.plasma.themeexplorer.mo
-rw-r--r-- root/root      3631 2022-05-20 18:07 usr/share/locale/nn/LC_MESSAGES/plasma_shell_org.kde.plasmoidviewershell.mo
-rw-r--r-- root/root      5845 2022-05-20 18:07 usr/share/locale/nn/LC_MESSAGES/plasmaengineexplorer.mo
-rw-r--r-- root/root      2606 2022-05-20 18:07 usr/share/locale/nn/LC_MESSAGES/plasmoidviewer.mo
drwxr-xr-x root/root         0 2022-05-20 18:07 usr/share/locale/oc/
drwxr-xr-x root/root         0 2022-05-20 18:07 usr/share/locale/oc/LC_MESSAGES/
-rw-r--r-- root/root       923 2022-05-20 18:07 usr/share/locale/oc/LC_MESSAGES/plasmaengineexplorer.mo
drwxr-xr-x root/root         0 2022-05-20 18:07 usr/share/locale/pa/
drwxr-xr-x root/root         0 2022-05-20 18:07 usr/share/locale/pa/LC_MESSAGES/
-rw-r--r-- root/root      2609 2022-05-20 18:07 usr/share/locale/pa/LC_MESSAGES/plasma_shell_org.kde.plasmoidviewershell.mo
-rw-r--r-- root/root      4522 2022-05-20 18:07 usr/share/locale/pa/LC_MESSAGES/plasmaengineexplorer.mo
-rw-r--r-- root/root       811 2022-05-20 18:07 usr/share/locale/pa/LC_MESSAGES/plasmoidviewer.mo
drwxr-xr-x root/root         0 2022-05-20 18:07 usr/share/locale/pl/
drwxr-xr-x root/root         0 2022-05-20 18:07 usr/share/locale/pl/LC_MESSAGES/
-rw-r--r-- root/root      2111 2022-05-20 18:07 usr/share/locale/pl/LC_MESSAGES/cuttlefish.mo
-rw-r--r-- root/root       584 2022-05-20 18:07 usr/share/locale/pl/LC_MESSAGES/cuttlefish_editorplugin.mo
-rw-r--r-- root/root      2747 2022-05-20 18:07 usr/share/locale/pl/LC_MESSAGES/org.kde.plasma.lookandfeelexplorer.mo
-rw-r--r-- root/root      4248 2022-05-20 18:07 usr/share/locale/pl/LC_MESSAGES/org.kde.plasma.themeexplorer.mo
-rw-r--r-- root/root      3713 2022-05-20 18:07 usr/share/locale/pl/LC_MESSAGES/plasma_shell_org.kde.plasmoidviewershell.mo
-rw-r--r-- root/root      6066 2022-05-20 18:07 usr/share/locale/pl/LC_MESSAGES/plasmaengineexplorer.mo
-rw-r--r-- root/root      2523 2022-05-20 18:07 usr/share/locale/pl/LC_MESSAGES/plasmoidviewer.mo
drwxr-xr-x root/root         0 2022-05-20 18:07 usr/share/locale/pt/
drwxr-xr-x root/root         0 2022-05-20 18:07 usr/share/locale/pt/LC_MESSAGES/
-rw-r--r-- root/root      2137 2022-05-20 18:07 usr/share/locale/pt/LC_MESSAGES/cuttlefish.mo
-rw-r--r-- root/root       557 2022-05-20 18:07 usr/share/locale/pt/LC_MESSAGES/cuttlefish_editorplugin.mo
-rw-r--r-- root/root      2745 2022-05-20 18:07 usr/share/locale/pt/LC_MESSAGES/org.kde.plasma.lookandfeelexplorer.mo
-rw-r--r-- root/root      4161 2022-05-20 18:07 usr/share/locale/pt/LC_MESSAGES/org.kde.plasma.themeexplorer.mo
-rw-r--r-- root/root      3738 2022-05-20 18:07 usr/share/locale/pt/LC_MESSAGES/plasma_shell_org.kde.plasmoidviewershell.mo
-rw-r--r-- root/root      5986 2022-05-20 18:07 usr/share/locale/pt/LC_MESSAGES/plasmaengineexplorer.mo
-rw-r--r-- root/root      2466 2022-05-20 18:07 usr/share/locale/pt/LC_MESSAGES/plasmoidviewer.mo
drwxr-xr-x root/root         0 2022-05-20 18:07 usr/share/locale/pt_BR/
drwxr-xr-x root/root         0 2022-05-20 18:07 usr/share/locale/pt_BR/LC_MESSAGES/
-rw-r--r-- root/root      2130 2022-05-20 18:07 usr/share/locale/pt_BR/LC_MESSAGES/cuttlefish.mo
-rw-r--r-- root/root       569 2022-05-20 18:07 usr/share/locale/pt_BR/LC_MESSAGES/cuttlefish_editorplugin.mo
-rw-r--r-- root/root      2634 2022-05-20 18:07 usr/share/locale/pt_BR/LC_MESSAGES/org.kde.plasma.lookandfeelexplorer.mo
-rw-r--r-- root/root      4179 2022-05-20 18:07 usr/share/locale/pt_BR/LC_MESSAGES/org.kde.plasma.themeexplorer.mo
-rw-r--r-- root/root      3776 2022-05-20 18:07 usr/share/locale/pt_BR/LC_MESSAGES/plasma_shell_org.kde.plasmoidviewershell.mo
-rw-r--r-- root/root      5986 2022-05-20 18:07 usr/share/locale/pt_BR/LC_MESSAGES/plasmaengineexplorer.mo
-rw-r--r-- root/root      2454 2022-05-20 18:07 usr/share/locale/pt_BR/LC_MESSAGES/plasmoidviewer.mo
drwxr-xr-x root/root         0 2022-05-20 18:07 usr/share/locale/ro/
drwxr-xr-x root/root         0 2022-05-20 18:07 usr/share/locale/ro/LC_MESSAGES/
-rw-r--r-- root/root      4718 2022-05-20 18:07 usr/share/locale/ro/LC_MESSAGES/plasmaengineexplorer.mo
-rw-r--r-- root/root       709 2022-05-20 18:07 usr/share/locale/ro/LC_MESSAGES/plasmoidviewer.mo
drwxr-xr-x root/root         0 2022-05-20 18:07 usr/share/locale/ru/
drwxr-xr-x root/root         0 2022-05-20 18:07 usr/share/locale/ru/LC_MESSAGES/
-rw-r--r-- root/root      2135 2022-05-20 18:07 usr/share/locale/ru/LC_MESSAGES/cuttlefish.mo
-rw-r--r-- root/root       637 2022-05-20 18:07 usr/share/locale/ru/LC_MESSAGES/cuttlefish_editorplugin.mo
-rw-r--r-- root/root      3481 2022-05-20 18:07 usr/share/locale/ru/LC_MESSAGES/org.kde.plasma.lookandfeelexplorer.mo
-rw-r--r-- root/root      5306 2022-05-20 18:07 usr/share/locale/ru/LC_MESSAGES/org.kde.plasma.themeexplorer.mo
-rw-r--r-- root/root      4606 2022-05-20 18:07 usr/share/locale/ru/LC_MESSAGES/plasma_shell_org.kde.plasmoidviewershell.mo
-rw-r--r-- root/root      7566 2022-05-20 18:07 usr/share/locale/ru/LC_MESSAGES/plasmaengineexplorer.mo
-rw-r--r-- root/root      3535 2022-05-20 18:07 usr/share/locale/ru/LC_MESSAGES/plasmoidviewer.mo
drwxr-xr-x root/root         0 2022-05-20 18:07 usr/share/locale/se/
drwxr-xr-x root/root         0 2022-05-20 18:07 usr/share/locale/se/LC_MESSAGES/
-rw-r--r-- root/root       583 2022-05-20 18:07 usr/share/locale/se/LC_MESSAGES/plasmaengineexplorer.mo
drwxr-xr-x root/root         0 2022-05-20 18:07 usr/share/locale/si/
drwxr-xr-x root/root         0 2022-05-20 18:07 usr/share/locale/si/LC_MESSAGES/
-rw-r--r-- root/root       430 2022-05-20 18:07 usr/share/locale/si/LC_MESSAGES/plasmaengineexplorer.mo
-rw-r--r-- root/root       589 2022-05-20 18:07 usr/share/locale/si/LC_MESSAGES/plasmoidviewer.mo
drwxr-xr-x root/root         0 2022-05-20 18:07 usr/share/locale/sk/
drwxr-xr-x root/root         0 2022-05-20 18:07 usr/share/locale/sk/LC_MESSAGES/
-rw-r--r-- root/root      1621 2022-05-20 18:07 usr/share/locale/sk/LC_MESSAGES/cuttlefish.mo
-rw-r--r-- root/root       557 2022-05-20 18:07 usr/share/locale/sk/LC_MESSAGES/cuttlefish_editorplugin.mo
-rw-r--r-- root/root      2699 2022-05-20 18:07 usr/share/locale/sk/LC_MESSAGES/org.kde.plasma.lookandfeelexplorer.mo
-rw-r--r-- root/root      4189 2022-05-20 18:07 usr/share/locale/sk/LC_MESSAGES/org.kde.plasma.themeexplorer.mo
-rw-r--r-- root/root      2183 2022-05-20 18:07 usr/share/locale/sk/LC_MESSAGES/plasma_shell_org.kde.plasmoidviewershell.mo
-rw-r--r-- root/root      5458 2022-05-20 18:07 usr/share/locale/sk/LC_MESSAGES/plasmaengineexplorer.mo
-rw-r--r-- root/root      2384 2022-05-20 18:07 usr/share/locale/sk/LC_MESSAGES/plasmoidviewer.mo
drwxr-xr-x root/root         0 2022-05-20 18:07 usr/share/locale/sl/
drwxr-xr-x root/root         0 2022-05-20 18:07 usr/share/locale/sl/LC_MESSAGES/
-rw-r--r-- root/root      2156 2022-05-20 18:07 usr/share/locale/sl/LC_MESSAGES/cuttlefish.mo
-rw-r--r-- root/root       570 2022-05-20 18:07 usr/share/locale/sl/LC_MESSAGES/cuttlefish_editorplugin.mo
-rw-r--r-- root/root      2746 2022-05-20 18:07 usr/share/locale/sl/LC_MESSAGES/org.kde.plasma.lookandfeelexplorer.mo
-rw-r--r-- root/root      4144 2022-05-20 18:07 usr/share/locale/sl/LC_MESSAGES/org.kde.plasma.themeexplorer.mo
-rw-r--r-- root/root      3658 2022-05-20 18:07 usr/share/locale/sl/LC_MESSAGES/plasma_shell_org.kde.plasmoidviewershell.mo
-rw-r--r-- root/root      6192 2022-05-20 18:07 usr/share/locale/sl/LC_MESSAGES/plasmaengineexplorer.mo
-rw-r--r-- root/root      2567 2022-05-20 18:07 usr/share/locale/sl/LC_MESSAGES/plasmoidviewer.mo
drwxr-xr-x root/root         0 2022-05-20 18:07 usr/share/locale/sq/
drwxr-xr-x root/root         0 2022-05-20 18:07 usr/share/locale/sq/LC_MESSAGES/
-rw-r--r-- root/root      1630 2022-05-20 18:07 usr/share/locale/sq/LC_MESSAGES/plasmaengineexplorer.mo
-rw-r--r-- root/root       698 2022-05-20 18:07 usr/share/locale/sq/LC_MESSAGES/plasmoidviewer.mo
drwxr-xr-x root/root         0 2022-05-20 18:07 usr/share/locale/sr/
drwxr-xr-x root/root         0 2022-05-20 18:07 usr/share/locale/sr/LC_MESSAGES/
-rw-r--r-- root/root      1245 2022-05-20 18:07 usr/share/locale/sr/LC_MESSAGES/cuttlefish.mo
-rw-r--r-- root/root       679 2022-05-20 18:07 usr/share/locale/sr/LC_MESSAGES/cuttlefish_editorplugin.mo
-rw-r--r-- root/root      3052 2022-05-20 18:07 usr/share/locale/sr/LC_MESSAGES/org.kde.plasma.lookandfeelexplorer.mo
-rw-r--r-- root/root      4990 2022-05-20 18:07 usr/share/locale/sr/LC_MESSAGES/org.kde.plasma.themeexplorer.mo
-rw-r--r-- root/root      3204 2022-05-20 18:07 usr/share/locale/sr/LC_MESSAGES/plasma_shell_org.kde.plasmoidviewershell.mo
-rw-r--r-- root/root      7309 2022-05-20 18:07 usr/share/locale/sr/LC_MESSAGES/plasmaengineexplorer.mo
-rw-r--r-- root/root      2771 2022-05-20 18:07 usr/share/locale/sr/LC_MESSAGES/plasmoidviewer.mo
drwxr-xr-x root/root         0 2022-05-20 18:07 usr/share/locale/sr@ijekavian/
drwxr-xr-x root/root         0 2022-05-20 18:07 usr/share/locale/sr@ijekavian/LC_MESSAGES/
-rw-r--r-- root/root      1255 2022-05-20 18:07 usr/share/locale/sr@ijekavian/LC_MESSAGES/cuttlefish.mo
-rw-r--r-- root/root       689 2022-05-20 18:07 usr/share/locale/sr@ijekavian/LC_MESSAGES/cuttlefish_editorplugin.mo
-rw-r--r-- root/root      3062 2022-05-20 18:07 usr/share/locale/sr@ijekavian/LC_MESSAGES/org.kde.plasma.lookandfeelexplorer.mo
-rw-r--r-- root/root      5000 2022-05-20 18:07 usr/share/locale/sr@ijekavian/LC_MESSAGES/org.kde.plasma.themeexplorer.mo
-rw-r--r-- root/root      3218 2022-05-20 18:07 usr/share/locale/sr@ijekavian/LC_MESSAGES/plasma_shell_org.kde.plasmoidviewershell.mo
-rw-r--r-- root/root      7329 2022-05-20 18:07 usr/share/locale/sr@ijekavian/LC_MESSAGES/plasmaengineexplorer.mo
-rw-r--r-- root/root      2781 2022-05-20 18:07 usr/share/locale/sr@ijekavian/LC_MESSAGES/plasmoidviewer.mo
drwxr-xr-x root/root         0 2022-05-20 18:07 usr/share/locale/sr@ijekavianlatin/
drwxr-xr-x root/root         0 2022-05-20 18:07 usr/share/locale/sr@ijekavianlatin/LC_MESSAGES/
-rw-r--r-- root/root      1115 2022-05-20 18:07 usr/share/locale/sr@ijekavianlatin/LC_MESSAGES/cuttlefish.mo
-rw-r--r-- root/root       675 2022-05-20 18:07 usr/share/locale/sr@ijekavianlatin/LC_MESSAGES/cuttlefish_editorplugin.mo
-rw-r--r-- root/root      2596 2022-05-20 18:07 usr/share/locale/sr@ijekavianlatin/LC_MESSAGES/org.kde.plasma.lookandfeelexplorer.mo
-rw-r--r-- root/root      4186 2022-05-20 18:07 usr/share/locale/sr@ijekavianlatin/LC_MESSAGES/org.kde.plasma.themeexplorer.mo
-rw-r--r-- root/root      2749 2022-05-20 18:07 usr/share/locale/sr@ijekavianlatin/LC_MESSAGES/plasma_shell_org.kde.plasmoidviewershell.mo
-rw-r--r-- root/root      6050 2022-05-20 18:07 usr/share/locale/sr@ijekavianlatin/LC_MESSAGES/plasmaengineexplorer.mo
-rw-r--r-- root/root      2404 2022-05-20 18:07 usr/share/locale/sr@ijekavianlatin/LC_MESSAGES/plasmoidviewer.mo
drwxr-xr-x root/root         0 2022-05-20 18:07 usr/share/locale/sr@latin/
drwxr-xr-x root/root         0 2022-05-20 18:07 usr/share/locale/sr@latin/LC_MESSAGES/
-rw-r--r-- root/root      1106 2022-05-20 18:07 usr/share/locale/sr@latin/LC_MESSAGES/cuttlefish.mo
-rw-r--r-- root/root       666 2022-05-20 18:07 usr/share/locale/sr@latin/LC_MESSAGES/cuttlefish_editorplugin.mo
-rw-r--r-- root/root      2587 2022-05-20 18:07 usr/share/locale/sr@latin/LC_MESSAGES/org.kde.plasma.lookandfeelexplorer.mo
-rw-r--r-- root/root      4177 2022-05-20 18:07 usr/share/locale/sr@latin/LC_MESSAGES/org.kde.plasma.themeexplorer.mo
-rw-r--r-- root/root      2738 2022-05-20 18:07 usr/share/locale/sr@latin/LC_MESSAGES/plasma_shell_org.kde.plasmoidviewershell.mo
-rw-r--r-- root/root      6036 2022-05-20 18:07 usr/share/locale/sr@latin/LC_MESSAGES/plasmaengineexplorer.mo
-rw-r--r-- root/root      2395 2022-05-20 18:07 usr/share/locale/sr@latin/LC_MESSAGES/plasmoidviewer.mo
drwxr-xr-x root/root         0 2022-05-20 18:07 usr/share/locale/sv/
drwxr-xr-x root/root         0 2022-05-20 18:07 usr/share/locale/sv/LC_MESSAGES/
-rw-r--r-- root/root      2020 2022-05-20 18:07 usr/share/locale/sv/LC_MESSAGES/cuttlefish.mo
-rw-r--r-- root/root       524 2022-05-20 18:07 usr/share/locale/sv/LC_MESSAGES/cuttlefish_editorplugin.mo
-rw-r--r-- root/root      2641 2022-05-20 18:07 usr/share/locale/sv/LC_MESSAGES/org.kde.plasma.lookandfeelexplorer.mo
-rw-r--r-- root/root      4027 2022-05-20 18:07 usr/share/locale/sv/LC_MESSAGES/org.kde.plasma.themeexplorer.mo
-rw-r--r-- root/root      3610 2022-05-20 18:07 usr/share/locale/sv/LC_MESSAGES/plasma_shell_org.kde.plasmoidviewershell.mo
-rw-r--r-- root/root      5853 2022-05-20 18:07 usr/share/locale/sv/LC_MESSAGES/plasmaengineexplorer.mo
-rw-r--r-- root/root      2478 2022-05-20 18:07 usr/share/locale/sv/LC_MESSAGES/plasmoidviewer.mo
drwxr-xr-x root/root         0 2022-05-20 18:07 usr/share/locale/ta/
drwxr-xr-x root/root         0 2022-05-20 18:07 usr/share/locale/ta/LC_MESSAGES/
-rw-r--r-- root/root      2063 2022-05-20 18:07 usr/share/locale/ta/LC_MESSAGES/plasmaengineexplorer.mo
-rw-r--r-- root/root       609 2022-05-20 18:07 usr/share/locale/ta/LC_MESSAGES/plasmoidviewer.mo
drwxr-xr-x root/root         0 2022-05-20 18:07 usr/share/locale/te/
drwxr-xr-x root/root         0 2022-05-20 18:07 usr/share/locale/te/LC_MESSAGES/
-rw-r--r-- root/root      1151 2022-05-20 18:07 usr/share/locale/te/LC_MESSAGES/plasmaengineexplorer.mo
-rw-r--r-- root/root       664 2022-05-20 18:07 usr/share/locale/te/LC_MESSAGES/plasmoidviewer.mo
drwxr-xr-x root/root         0 2022-05-20 18:07 usr/share/locale/tg/
drwxr-xr-x root/root         0 2022-05-20 18:07 usr/share/locale/tg/LC_MESSAGES/
-rw-r--r-- root/root      1008 2022-05-20 18:07 usr/share/locale/tg/LC_MESSAGES/cuttlefish.mo
-rw-r--r-- root/root       575 2022-05-20 18:07 usr/share/locale/tg/LC_MESSAGES/cuttlefish_editorplugin.mo
-rw-r--r-- root/root      2566 2022-05-20 18:07 usr/share/locale/tg/LC_MESSAGES/plasma_shell_org.kde.plasmoidviewershell.mo
-rw-r--r-- root/root      1333 2022-05-20 18:07 usr/share/locale/tg/LC_MESSAGES/plasmaengineexplorer.mo
-rw-r--r-- root/root       697 2022-05-20 18:07 usr/share/locale/tg/LC_MESSAGES/plasmoidviewer.mo
drwxr-xr-x root/root         0 2022-05-20 18:07 usr/share/locale/th/
drwxr-xr-x root/root         0 2022-05-20 18:07 usr/share/locale/th/LC_MESSAGES/
-rw-r--r-- root/root      5480 2022-05-20 18:07 usr/share/locale/th/LC_MESSAGES/plasmaengineexplorer.mo
-rw-r--r-- root/root       823 2022-05-20 18:07 usr/share/locale/th/LC_MESSAGES/plasmoidviewer.mo
drwxr-xr-x root/root         0 2022-05-20 18:07 usr/share/locale/tr/
drwxr-xr-x root/root         0 2022-05-20 18:07 usr/share/locale/tr/LC_MESSAGES/
-rw-r--r-- root/root      2034 2022-05-20 18:07 usr/share/locale/tr/LC_MESSAGES/cuttlefish.mo
-rw-r--r-- root/root       510 2022-05-20 18:07 usr/share/locale/tr/LC_MESSAGES/cuttlefish_editorplugin.mo
-rw-r--r-- root/root      2577 2022-05-20 18:07 usr/share/locale/tr/LC_MESSAGES/org.kde.plasma.lookandfeelexplorer.mo
-rw-r--r-- root/root      4116 2022-05-20 18:07 usr/share/locale/tr/LC_MESSAGES/org.kde.plasma.themeexplorer.mo
-rw-r--r-- root/root      3687 2022-05-20 18:07 usr/share/locale/tr/LC_MESSAGES/plasma_shell_org.kde.plasmoidviewershell.mo
-rw-r--r-- root/root      5806 2022-05-20 18:07 usr/share/locale/tr/LC_MESSAGES/plasmaengineexplorer.mo
-rw-r--r-- root/root      2398 2022-05-20 18:07 usr/share/locale/tr/LC_MESSAGES/plasmoidviewer.mo
drwxr-xr-x root/root         0 2022-05-20 18:07 usr/share/locale/ug/
drwxr-xr-x root/root         0 2022-05-20 18:07 usr/share/locale/ug/LC_MESSAGES/
-rw-r--r-- root/root      4664 2022-05-20 18:07 usr/share/locale/ug/LC_MESSAGES/plasmaengineexplorer.mo
-rw-r--r-- root/root       792 2022-05-20 18:07 usr/share/locale/ug/LC_MESSAGES/plasmoidviewer.mo
drwxr-xr-x root/root         0 2022-05-20 18:07 usr/share/locale/uk/
drwxr-xr-x root/root         0 2022-05-20 18:07 usr/share/locale/uk/LC_MESSAGES/
-rw-r--r-- root/root      2619 2022-05-20 18:07 usr/share/locale/uk/LC_MESSAGES/cuttlefish.mo
-rw-r--r-- root/root       663 2022-05-20 18:07 usr/share/locale/uk/LC_MESSAGES/cuttlefish_editorplugin.mo
-rw-r--r-- root/root      3324 2022-05-20 18:07 usr/share/locale/uk/LC_MESSAGES/org.kde.plasma.lookandfeelexplorer.mo
-rw-r--r-- root/root      5299 2022-05-20 18:07 usr/share/locale/uk/LC_MESSAGES/org.kde.plasma.themeexplorer.mo
-rw-r--r-- root/root      4723 2022-05-20 18:07 usr/share/locale/uk/LC_MESSAGES/plasma_shell_org.kde.plasmoidviewershell.mo
-rw-r--r-- root/root      7421 2022-05-20 18:07 usr/share/locale/uk/LC_MESSAGES/plasmaengineexplorer.mo
-rw-r--r-- root/root      2969 2022-05-20 18:07 usr/share/locale/uk/LC_MESSAGES/plasmoidviewer.mo
drwxr-xr-x root/root         0 2022-05-20 18:07 usr/share/locale/wa/
drwxr-xr-x root/root         0 2022-05-20 18:07 usr/share/locale/wa/LC_MESSAGES/
-rw-r--r-- root/root      4641 2022-05-20 18:07 usr/share/locale/wa/LC_MESSAGES/plasmaengineexplorer.mo
-rw-r--r-- root/root       688 2022-05-20 18:07 usr/share/locale/wa/LC_MESSAGES/plasmoidviewer.mo
drwxr-xr-x root/root         0 2022-05-20 18:07 usr/share/locale/zh_CN/
drwxr-xr-x root/root         0 2022-05-20 18:07 usr/share/locale/zh_CN/LC_MESSAGES/
-rw-r--r-- root/root      2111 2022-05-20 18:07 usr/share/locale/zh_CN/LC_MESSAGES/cuttlefish.mo
-rw-r--r-- root/root       620 2022-05-20 18:07 usr/share/locale/zh_CN/LC_MESSAGES/cuttlefish_editorplugin.mo
-rw-r--r-- root/root      2651 2022-05-20 18:07 usr/share/locale/zh_CN/LC_MESSAGES/org.kde.plasma.lookandfeelexplorer.mo
-rw-r--r-- root/root      4104 2022-05-20 18:07 usr/share/locale/zh_CN/LC_MESSAGES/org.kde.plasma.themeexplorer.mo
-rw-r--r-- root/root      3563 2022-05-20 18:07 usr/share/locale/zh_CN/LC_MESSAGES/plasma_shell_org.kde.plasmoidviewershell.mo
-rw-r--r-- root/root      5547 2022-05-20 18:07 usr/share/locale/zh_CN/LC_MESSAGES/plasmaengineexplorer.mo
-rw-r--r-- root/root      2327 2022-05-20 18:07 usr/share/locale/zh_CN/LC_MESSAGES/plasmoidviewer.mo
drwxr-xr-x root/root         0 2022-05-20 18:07 usr/share/locale/zh_TW/
drwxr-xr-x root/root         0 2022-05-20 18:07 usr/share/locale/zh_TW/LC_MESSAGES/
-rw-r--r-- root/root      1530 2022-05-20 18:07 usr/share/locale/zh_TW/LC_MESSAGES/cuttlefish.mo
-rw-r--r-- root/root       545 2022-05-20 18:07 usr/share/locale/zh_TW/LC_MESSAGES/cuttlefish_editorplugin.mo
-rw-r--r-- root/root      2555 2022-05-20 18:07 usr/share/locale/zh_TW/LC_MESSAGES/org.kde.plasma.lookandfeelexplorer.mo
-rw-r--r-- root/root      3758 2022-05-20 18:07 usr/share/locale/zh_TW/LC_MESSAGES/org.kde.plasma.themeexplorer.mo
-rw-r--r-- root/root      2095 2022-05-20 18:07 usr/share/locale/zh_TW/LC_MESSAGES/plasma_shell_org.kde.plasmoidviewershell.mo
-rw-r--r-- root/root      5075 2022-05-20 18:07 usr/share/locale/zh_TW/LC_MESSAGES/plasmaengineexplorer.mo
-rw-r--r-- root/root      2360 2022-05-20 18:07 usr/share/locale/zh_TW/LC_MESSAGES/plasmoidviewer.mo
drwxr-xr-x root/root         0 2022-05-20 18:07 usr/share/metainfo/
-rw-r--r-- root/root     26956 2022-05-19 12:35 usr/share/metainfo/org.kde.cuttlefish.appdata.xml
-rw-r--r-- root/root      5562 2022-05-20 18:06 usr/share/metainfo/org.kde.plasma.cuttlefish.appdata.xml
-rw-r--r-- root/root      6032 2022-05-20 18:06 usr/share/metainfo/org.kde.plasma.lookandfeelexplorer.appdata.xml
-rw-r--r-- root/root      5338 2022-05-20 18:06 usr/share/metainfo/org.kde.plasma.plasmoidviewershell.appdata.xml
-rw-r--r-- root/root      6004 2022-05-20 18:06 usr/share/metainfo/org.kde.plasma.themeexplorer.appdata.xml
-rw-r--r-- root/root     13707 2022-05-19 12:35 usr/share/metainfo/org.kde.plasmaengineexplorer.appdata.xml
-rw-r--r-- root/root     11092 2022-05-19 12:35 usr/share/metainfo/org.kde.plasmoidviewer.appdata.xml
drwxr-xr-x root/root         0 2022-05-20 18:07 usr/share/plasma/
drwxr-xr-x root/root         0 2022-05-20 18:07 usr/share/plasma/packages/
drwxr-xr-x root/root         0 2022-05-20 18:07 usr/share/plasma/packages/org.kde.plasma.cuttlefish/
drwxr-xr-x root/root         0 2022-05-20 18:07 usr/share/plasma/packages/org.kde.plasma.cuttlefish/contents/
drwxr-xr-x root/root         0 2022-05-20 18:07 usr/share/plasma/packages/org.kde.plasma.cuttlefish/contents/ui/
-rw-r--r-- root/root      2747 2022-05-19 12:35 usr/share/plasma/packages/org.kde.plasma.cuttlefish/contents/ui/Actions.qml
-rw-r--r-- root/root      2958 2022-05-19 12:35 usr/share/plasma/packages/org.kde.plasma.cuttlefish/contents/ui/Comparison.qml
-rw-r--r-- root/root      1644 2022-05-19 12:35 usr/share/plasma/packages/org.kde.plasma.cuttlefish/contents/ui/GlobalMenuBar.qml
-rw-r--r-- root/root       909 2022-05-19 12:35 usr/share/plasma/packages/org.kde.plasma.cuttlefish/contents/ui/IconGrid.qml
-rw-r--r-- root/root      2321 2022-05-19 12:35 usr/share/plasma/packages/org.kde.plasma.cuttlefish/contents/ui/IconGridDelegate.qml
-rw-r--r-- root/root      2300 2022-05-19 12:35 usr/share/plasma/packages/org.kde.plasma.cuttlefish/contents/ui/IconMontage.qml
-rw-r--r-- root/root      2625 2022-05-19 12:35 usr/share/plasma/packages/org.kde.plasma.cuttlefish/contents/ui/Menu.qml
-rw-r--r-- root/root      2345 2022-05-19 12:35 usr/share/plasma/packages/org.kde.plasma.cuttlefish/contents/ui/Preview.qml
-rw-r--r-- root/root      1493 2022-05-19 12:35 usr/share/plasma/packages/org.kde.plasma.cuttlefish/contents/ui/ResponsivePreview.qml
-rw-r--r-- root/root      2880 2022-05-19 12:35 usr/share/plasma/packages/org.kde.plasma.cuttlefish/contents/ui/Screenshot.qml
-rw-r--r-- root/root      4034 2022-05-19 12:35 usr/share/plasma/packages/org.kde.plasma.cuttlefish/contents/ui/Tools.qml
-rw-r--r-- root/root      2760 2022-05-19 12:35 usr/share/plasma/packages/org.kde.plasma.cuttlefish/contents/ui/ToolsResponsive.qml
-rw-r--r-- root/root      4656 2022-05-19 12:35 usr/share/plasma/packages/org.kde.plasma.cuttlefish/contents/ui/cuttlefish.qml
-rw-r--r-- root/root      5153 2022-05-19 12:35 usr/share/plasma/packages/org.kde.plasma.cuttlefish/metadata.desktop
-rw-r--r-- root/root      6880 2022-05-20 18:06 usr/share/plasma/packages/org.kde.plasma.cuttlefish/metadata.json
drwxr-xr-x root/root         0 2022-05-20 18:07 usr/share/plasma/shells/
drwxr-xr-x root/root         0 2022-05-20 18:07 usr/share/plasma/shells/org.kde.plasma.plasmoidviewershell/
drwxr-xr-x root/root         0 2022-05-20 18:07 usr/share/plasma/shells/org.kde.plasma.plasmoidviewershell/contents/
drwxr-xr-x root/root         0 2022-05-20 18:07 usr/share/plasma/shells/org.kde.plasma.plasmoidviewershell/contents/applet/
-rw-r--r-- root/root      2039 2022-05-19 12:35 usr/share/plasma/shells/org.kde.plasma.plasmoidviewershell/contents/applet/AppletError.qml
-rw-r--r-- root/root      7232 2022-05-19 12:35 usr/share/plasma/shells/org.kde.plasma.plasmoidviewershell/contents/applet/CompactApplet.qml
-rw-r--r-- root/root      1606 2022-05-19 12:35 usr/share/plasma/shells/org.kde.plasma.plasmoidviewershell/contents/applet/DefaultCompactRepresentation.qml
drwxr-xr-x root/root         0 2022-05-20 18:07 usr/share/plasma/shells/org.kde.plasma.plasmoidviewershell/contents/configuration/
-rw-r--r-- root/root      6372 2022-05-19 12:35 usr/share/plasma/shells/org.kde.plasma.plasmoidviewershell/contents/configuration/AboutPlugin.qml
-rw-r--r-- root/root     11449 2022-05-19 12:35 usr/share/plasma/shells/org.kde.plasma.plasmoidviewershell/contents/configuration/AppletConfiguration.qml
-rw-r--r-- root/root      2051 2022-05-19 12:35 usr/share/plasma/shells/org.kde.plasma.plasmoidviewershell/contents/configuration/ConfigCategoryDelegate.qml
-rw-r--r-- root/root      2198 2022-05-19 12:35 usr/share/plasma/shells/org.kde.plasma.plasmoidviewershell/contents/configuration/ConfigurationAppletPage.qml
-rw-r--r-- root/root      6125 2022-05-19 12:35 usr/share/plasma/shells/org.kde.plasma.plasmoidviewershell/contents/configuration/ConfigurationContainmentActions.qml
-rw-r--r-- root/root      7498 2022-05-19 12:35 usr/share/plasma/shells/org.kde.plasma.plasmoidviewershell/contents/configuration/ConfigurationContainmentAppearance.qml
-rw-r--r-- root/root      1873 2022-05-19 12:35 usr/share/plasma/shells/org.kde.plasma.plasmoidviewershell/contents/configuration/ConfigurationKcmPage.qml
-rw-r--r-- root/root      1066 2022-05-19 12:35 usr/share/plasma/shells/org.kde.plasma.plasmoidviewershell/contents/configuration/ConfigurationShortcuts.qml
-rw-r--r-- root/root      1393 2022-05-19 12:35 usr/share/plasma/shells/org.kde.plasma.plasmoidviewershell/contents/configuration/ContainmentConfiguration.qml
-rw-r--r-- root/root      1776 2022-05-19 12:35 usr/share/plasma/shells/org.kde.plasma.plasmoidviewershell/contents/configuration/MouseEventInputButton.qml
-rw-r--r-- root/root      5453 2022-05-19 12:35 usr/share/plasma/shells/org.kde.plasma.plasmoidviewershell/contents/configuration/PanelConfiguration.qml
-rw-r--r-- root/root       314 2022-05-19 12:35 usr/share/plasma/shells/org.kde.plasma.plasmoidviewershell/contents/defaults
drwxr-xr-x root/root         0 2022-05-20 18:07 usr/share/plasma/shells/org.kde.plasma.plasmoidviewershell/contents/views/
-rw-r--r-- root/root       290 2022-05-19 12:35 usr/share/plasma/shells/org.kde.plasma.plasmoidviewershell/contents/views/Background.qml
-rw-r--r-- root/root      2295 2022-05-19 12:35 usr/share/plasma/shells/org.kde.plasma.plasmoidviewershell/contents/views/Desktop.qml
-rw-r--r-- root/root       920 2022-05-19 12:35 usr/share/plasma/shells/org.kde.plasma.plasmoidviewershell/contents/views/Konsole.qml
-rw-r--r-- root/root      4896 2022-05-19 12:35 usr/share/plasma/shells/org.kde.plasma.plasmoidviewershell/contents/views/SdkButtons.qml
-rw-r--r-- root/root      3458 2022-05-19 12:35 usr/share/plasma/shells/org.kde.plasma.plasmoidviewershell/metadata.desktop
-rw-r--r-- root/root      4814 2022-05-20 18:06 usr/share/plasma/shells/org.kde.plasma.plasmoidviewershell/metadata.json


