++========================================
||
||   Package:  ./plasma/plasma-integration-5.24.90-x86_64-2.txz
||
++========================================
drwxr-xr-x root/root         0 2022-05-28 01:35 ./
drwxr-xr-x root/root         0 2022-05-28 01:35 install/
-rw-r--r-- root/root       873 2022-05-28 01:35 install/slack-desc
drwxr-xr-x root/root         0 2022-05-28 01:35 usr/
drwxr-xr-x root/root         0 2022-05-28 01:35 usr/doc/
drwxr-xr-x root/root         0 2022-05-28 01:35 usr/doc/plasma-integration-5.24.90/
drwxr-xr-x root/root         0 2022-05-19 12:33 usr/doc/plasma-integration-5.24.90/LICENSES/
-rw-r--r-- root/root      1480 2022-05-19 12:33 usr/doc/plasma-integration-5.24.90/LICENSES/BSD-3-Clause.txt
-rw-r--r-- root/root     17277 2022-05-19 12:33 usr/doc/plasma-integration-5.24.90/LICENSES/GPL-2.0-only.txt
-rw-r--r-- root/root     34575 2022-05-19 12:33 usr/doc/plasma-integration-5.24.90/LICENSES/GPL-3.0-only.txt
-rw-r--r-- root/root     24782 2022-05-19 12:33 usr/doc/plasma-integration-5.24.90/LICENSES/LGPL-2.0-only.txt
-rw-r--r-- root/root     24782 2022-05-19 12:33 usr/doc/plasma-integration-5.24.90/LICENSES/LGPL-2.0-or-later.txt
-rw-r--r-- root/root     25902 2022-05-19 12:33 usr/doc/plasma-integration-5.24.90/LICENSES/LGPL-2.1-or-later.txt
-rw-r--r-- root/root      7356 2022-05-19 12:33 usr/doc/plasma-integration-5.24.90/LICENSES/LGPL-3.0-only.txt
-rw-r--r-- root/root       665 2022-05-19 12:33 usr/doc/plasma-integration-5.24.90/LICENSES/LicenseRef-KDE-Accepted-LGPL.txt
-rw-r--r-- root/root       575 2022-05-19 12:33 usr/doc/plasma-integration-5.24.90/LICENSES/LicenseRef-KFQF-Accepted-GPL.txt
-rw-r--r-- root/root       435 2022-05-19 12:33 usr/doc/plasma-integration-5.24.90/LICENSES/LicenseRef-Qt-Commercial.txt
-rw-r--r-- root/root       399 2022-05-19 12:33 usr/doc/plasma-integration-5.24.90/README.md
drwxr-xr-x root/root         0 2022-05-28 01:35 usr/include/
drwxr-xr-x root/root         0 2022-05-28 01:35 usr/include/PlasmaKeyData/
-rw-r--r-- root/root      5609 2022-05-19 12:33 usr/include/PlasmaKeyData/plasmakeydata.h
drwxr-xr-x root/root         0 2022-05-28 01:35 usr/lib64/
drwxr-xr-x root/root         0 2022-05-28 01:35 usr/lib64/pkgconfig/
-rw-r--r-- root/root       181 2022-05-28 01:34 usr/lib64/pkgconfig/plasma-key-data.pc
drwxr-xr-x root/root         0 2022-05-28 01:35 usr/lib64/qt5/
drwxr-xr-x root/root         0 2022-05-28 01:35 usr/lib64/qt5/plugins/
drwxr-xr-x root/root         0 2022-05-28 01:35 usr/lib64/qt5/plugins/platforminputcontexts/
-rwxr-xr-x root/root     56008 2022-05-28 01:35 usr/lib64/qt5/plugins/platforminputcontexts/plasmaimplatforminputcontextplugin.so
drwxr-xr-x root/root         0 2022-05-28 01:35 usr/lib64/qt5/plugins/platformthemes/
-rwxr-xr-x root/root    429424 2022-05-28 01:35 usr/lib64/qt5/plugins/platformthemes/KDEPlasmaPlatformTheme.so
drwxr-xr-x root/root         0 2022-05-28 01:35 usr/share/
drwxr-xr-x root/root         0 2022-05-28 01:35 usr/share/kconf_update/
-rwxr-xr-x root/root       414 2022-05-19 12:33 usr/share/kconf_update/fonts_akregator.pl
-rw-r--r-- root/root       102 2022-05-19 12:33 usr/share/kconf_update/fonts_akregator.upd
-rwxr-xr-x root/root       331 2022-05-19 12:33 usr/share/kconf_update/fonts_global.pl
-rw-r--r-- root/root        88 2022-05-19 12:33 usr/share/kconf_update/fonts_global.upd
-rw-r--r-- root/root       239 2022-05-19 12:33 usr/share/kconf_update/fonts_global_toolbar.upd
-rwxr-xr-x root/root       111 2022-05-19 12:33 usr/share/kconf_update/fonts_kate.pl
-rw-r--r-- root/root       106 2022-05-19 12:33 usr/share/kconf_update/fonts_kate.upd
drwxr-xr-x root/root         0 2022-05-28 01:35 usr/share/locale/
drwxr-xr-x root/root         0 2022-05-28 01:35 usr/share/locale/ar/
drwxr-xr-x root/root         0 2022-05-28 01:35 usr/share/locale/ar/LC_MESSAGES/
-rw-r--r-- root/root      2083 2022-05-28 01:35 usr/share/locale/ar/LC_MESSAGES/plasmaintegration5.mo
drwxr-xr-x root/root         0 2022-05-28 01:35 usr/share/locale/ast/
drwxr-xr-x root/root         0 2022-05-28 01:35 usr/share/locale/ast/LC_MESSAGES/
-rw-r--r-- root/root      1437 2022-05-28 01:35 usr/share/locale/ast/LC_MESSAGES/plasmaintegration5.mo
drwxr-xr-x root/root         0 2022-05-28 01:35 usr/share/locale/az/
drwxr-xr-x root/root         0 2022-05-28 01:35 usr/share/locale/az/LC_MESSAGES/
-rw-r--r-- root/root      1903 2022-05-28 01:35 usr/share/locale/az/LC_MESSAGES/plasmaintegration5.mo
drwxr-xr-x root/root         0 2022-05-28 01:35 usr/share/locale/ca/
drwxr-xr-x root/root         0 2022-05-28 01:35 usr/share/locale/ca/LC_MESSAGES/
-rw-r--r-- root/root      1898 2022-05-28 01:35 usr/share/locale/ca/LC_MESSAGES/plasmaintegration5.mo
drwxr-xr-x root/root         0 2022-05-28 01:35 usr/share/locale/ca@valencia/
drwxr-xr-x root/root         0 2022-05-28 01:35 usr/share/locale/ca@valencia/LC_MESSAGES/
-rw-r--r-- root/root      1915 2022-05-28 01:35 usr/share/locale/ca@valencia/LC_MESSAGES/plasmaintegration5.mo
drwxr-xr-x root/root         0 2022-05-28 01:35 usr/share/locale/cs/
drwxr-xr-x root/root         0 2022-05-28 01:35 usr/share/locale/cs/LC_MESSAGES/
-rw-r--r-- root/root      1869 2022-05-28 01:35 usr/share/locale/cs/LC_MESSAGES/plasmaintegration5.mo
drwxr-xr-x root/root         0 2022-05-28 01:35 usr/share/locale/da/
drwxr-xr-x root/root         0 2022-05-28 01:35 usr/share/locale/da/LC_MESSAGES/
-rw-r--r-- root/root      1788 2022-05-28 01:35 usr/share/locale/da/LC_MESSAGES/plasmaintegration5.mo
drwxr-xr-x root/root         0 2022-05-28 01:35 usr/share/locale/de/
drwxr-xr-x root/root         0 2022-05-28 01:35 usr/share/locale/de/LC_MESSAGES/
-rw-r--r-- root/root      1872 2022-05-28 01:35 usr/share/locale/de/LC_MESSAGES/plasmaintegration5.mo
drwxr-xr-x root/root         0 2022-05-28 01:35 usr/share/locale/el/
drwxr-xr-x root/root         0 2022-05-28 01:35 usr/share/locale/el/LC_MESSAGES/
-rw-r--r-- root/root      2183 2022-05-28 01:35 usr/share/locale/el/LC_MESSAGES/plasmaintegration5.mo
drwxr-xr-x root/root         0 2022-05-28 01:35 usr/share/locale/en_GB/
drwxr-xr-x root/root         0 2022-05-28 01:35 usr/share/locale/en_GB/LC_MESSAGES/
-rw-r--r-- root/root      1799 2022-05-28 01:35 usr/share/locale/en_GB/LC_MESSAGES/plasmaintegration5.mo
drwxr-xr-x root/root         0 2022-05-28 01:35 usr/share/locale/es/
drwxr-xr-x root/root         0 2022-05-28 01:35 usr/share/locale/es/LC_MESSAGES/
-rw-r--r-- root/root      1860 2022-05-28 01:35 usr/share/locale/es/LC_MESSAGES/plasmaintegration5.mo
drwxr-xr-x root/root         0 2022-05-28 01:35 usr/share/locale/et/
drwxr-xr-x root/root         0 2022-05-28 01:35 usr/share/locale/et/LC_MESSAGES/
-rw-r--r-- root/root      1847 2022-05-28 01:35 usr/share/locale/et/LC_MESSAGES/plasmaintegration5.mo
drwxr-xr-x root/root         0 2022-05-28 01:35 usr/share/locale/eu/
drwxr-xr-x root/root         0 2022-05-28 01:35 usr/share/locale/eu/LC_MESSAGES/
-rw-r--r-- root/root      1897 2022-05-28 01:35 usr/share/locale/eu/LC_MESSAGES/plasmaintegration5.mo
drwxr-xr-x root/root         0 2022-05-28 01:35 usr/share/locale/fi/
drwxr-xr-x root/root         0 2022-05-28 01:35 usr/share/locale/fi/LC_MESSAGES/
-rw-r--r-- root/root      1823 2022-05-28 01:35 usr/share/locale/fi/LC_MESSAGES/plasmaintegration5.mo
drwxr-xr-x root/root         0 2022-05-28 01:35 usr/share/locale/fr/
drwxr-xr-x root/root         0 2022-05-28 01:35 usr/share/locale/fr/LC_MESSAGES/
-rw-r--r-- root/root      1986 2022-05-28 01:35 usr/share/locale/fr/LC_MESSAGES/plasmaintegration5.mo
drwxr-xr-x root/root         0 2022-05-28 01:35 usr/share/locale/gl/
drwxr-xr-x root/root         0 2022-05-28 01:35 usr/share/locale/gl/LC_MESSAGES/
-rw-r--r-- root/root      1874 2022-05-28 01:35 usr/share/locale/gl/LC_MESSAGES/plasmaintegration5.mo
drwxr-xr-x root/root         0 2022-05-28 01:35 usr/share/locale/he/
drwxr-xr-x root/root         0 2022-05-28 01:35 usr/share/locale/he/LC_MESSAGES/
-rw-r--r-- root/root      1942 2022-05-28 01:35 usr/share/locale/he/LC_MESSAGES/plasmaintegration5.mo
drwxr-xr-x root/root         0 2022-05-28 01:35 usr/share/locale/hi/
drwxr-xr-x root/root         0 2022-05-28 01:35 usr/share/locale/hi/LC_MESSAGES/
-rw-r--r-- root/root      2420 2022-05-28 01:35 usr/share/locale/hi/LC_MESSAGES/plasmaintegration5.mo
drwxr-xr-x root/root         0 2022-05-28 01:35 usr/share/locale/hu/
drwxr-xr-x root/root         0 2022-05-28 01:35 usr/share/locale/hu/LC_MESSAGES/
-rw-r--r-- root/root      1872 2022-05-28 01:35 usr/share/locale/hu/LC_MESSAGES/plasmaintegration5.mo
drwxr-xr-x root/root         0 2022-05-28 01:35 usr/share/locale/ia/
drwxr-xr-x root/root         0 2022-05-28 01:35 usr/share/locale/ia/LC_MESSAGES/
-rw-r--r-- root/root      1812 2022-05-28 01:35 usr/share/locale/ia/LC_MESSAGES/plasmaintegration5.mo
drwxr-xr-x root/root         0 2022-05-28 01:35 usr/share/locale/id/
drwxr-xr-x root/root         0 2022-05-28 01:35 usr/share/locale/id/LC_MESSAGES/
-rw-r--r-- root/root      1867 2022-05-28 01:35 usr/share/locale/id/LC_MESSAGES/plasmaintegration5.mo
drwxr-xr-x root/root         0 2022-05-28 01:35 usr/share/locale/it/
drwxr-xr-x root/root         0 2022-05-28 01:35 usr/share/locale/it/LC_MESSAGES/
-rw-r--r-- root/root      1850 2022-05-28 01:35 usr/share/locale/it/LC_MESSAGES/plasmaintegration5.mo
drwxr-xr-x root/root         0 2022-05-28 01:35 usr/share/locale/ja/
drwxr-xr-x root/root         0 2022-05-28 01:35 usr/share/locale/ja/LC_MESSAGES/
-rw-r--r-- root/root      2073 2022-05-28 01:35 usr/share/locale/ja/LC_MESSAGES/plasmaintegration5.mo
drwxr-xr-x root/root         0 2022-05-28 01:35 usr/share/locale/ka/
drwxr-xr-x root/root         0 2022-05-28 01:35 usr/share/locale/ka/LC_MESSAGES/
-rw-r--r-- root/root      2559 2022-05-28 01:35 usr/share/locale/ka/LC_MESSAGES/plasmaintegration5.mo
drwxr-xr-x root/root         0 2022-05-28 01:35 usr/share/locale/ko/
drwxr-xr-x root/root         0 2022-05-28 01:35 usr/share/locale/ko/LC_MESSAGES/
-rw-r--r-- root/root      1816 2022-05-28 01:35 usr/share/locale/ko/LC_MESSAGES/plasmaintegration5.mo
drwxr-xr-x root/root         0 2022-05-28 01:35 usr/share/locale/lt/
drwxr-xr-x root/root         0 2022-05-28 01:35 usr/share/locale/lt/LC_MESSAGES/
-rw-r--r-- root/root      1922 2022-05-28 01:35 usr/share/locale/lt/LC_MESSAGES/plasmaintegration5.mo
drwxr-xr-x root/root         0 2022-05-28 01:35 usr/share/locale/nb/
drwxr-xr-x root/root         0 2022-05-28 01:35 usr/share/locale/nb/LC_MESSAGES/
-rw-r--r-- root/root      1876 2022-05-28 01:35 usr/share/locale/nb/LC_MESSAGES/plasmaintegration5.mo
drwxr-xr-x root/root         0 2022-05-28 01:35 usr/share/locale/nl/
drwxr-xr-x root/root         0 2022-05-28 01:35 usr/share/locale/nl/LC_MESSAGES/
-rw-r--r-- root/root      1859 2022-05-28 01:35 usr/share/locale/nl/LC_MESSAGES/plasmaintegration5.mo
drwxr-xr-x root/root         0 2022-05-28 01:35 usr/share/locale/nn/
drwxr-xr-x root/root         0 2022-05-28 01:35 usr/share/locale/nn/LC_MESSAGES/
-rw-r--r-- root/root      1862 2022-05-28 01:35 usr/share/locale/nn/LC_MESSAGES/plasmaintegration5.mo
drwxr-xr-x root/root         0 2022-05-28 01:35 usr/share/locale/pa/
drwxr-xr-x root/root         0 2022-05-28 01:35 usr/share/locale/pa/LC_MESSAGES/
-rw-r--r-- root/root      2393 2022-05-28 01:35 usr/share/locale/pa/LC_MESSAGES/plasmaintegration5.mo
drwxr-xr-x root/root         0 2022-05-28 01:35 usr/share/locale/pl/
drwxr-xr-x root/root         0 2022-05-28 01:35 usr/share/locale/pl/LC_MESSAGES/
-rw-r--r-- root/root      1909 2022-05-28 01:35 usr/share/locale/pl/LC_MESSAGES/plasmaintegration5.mo
drwxr-xr-x root/root         0 2022-05-28 01:35 usr/share/locale/pt/
drwxr-xr-x root/root         0 2022-05-28 01:35 usr/share/locale/pt/LC_MESSAGES/
-rw-r--r-- root/root      1839 2022-05-28 01:35 usr/share/locale/pt/LC_MESSAGES/plasmaintegration5.mo
drwxr-xr-x root/root         0 2022-05-28 01:35 usr/share/locale/pt_BR/
drwxr-xr-x root/root         0 2022-05-28 01:35 usr/share/locale/pt_BR/LC_MESSAGES/
-rw-r--r-- root/root      1867 2022-05-28 01:35 usr/share/locale/pt_BR/LC_MESSAGES/plasmaintegration5.mo
drwxr-xr-x root/root         0 2022-05-28 01:35 usr/share/locale/ro/
drwxr-xr-x root/root         0 2022-05-28 01:35 usr/share/locale/ro/LC_MESSAGES/
-rw-r--r-- root/root      1885 2022-05-28 01:35 usr/share/locale/ro/LC_MESSAGES/plasmaintegration5.mo
drwxr-xr-x root/root         0 2022-05-28 01:35 usr/share/locale/ru/
drwxr-xr-x root/root         0 2022-05-28 01:35 usr/share/locale/ru/LC_MESSAGES/
-rw-r--r-- root/root      2216 2022-05-28 01:35 usr/share/locale/ru/LC_MESSAGES/plasmaintegration5.mo
drwxr-xr-x root/root         0 2022-05-28 01:35 usr/share/locale/sk/
drwxr-xr-x root/root         0 2022-05-28 01:35 usr/share/locale/sk/LC_MESSAGES/
-rw-r--r-- root/root      1937 2022-05-28 01:35 usr/share/locale/sk/LC_MESSAGES/plasmaintegration5.mo
drwxr-xr-x root/root         0 2022-05-28 01:35 usr/share/locale/sl/
drwxr-xr-x root/root         0 2022-05-28 01:35 usr/share/locale/sl/LC_MESSAGES/
-rw-r--r-- root/root      1835 2022-05-28 01:35 usr/share/locale/sl/LC_MESSAGES/plasmaintegration5.mo
drwxr-xr-x root/root         0 2022-05-28 01:35 usr/share/locale/sr/
drwxr-xr-x root/root         0 2022-05-28 01:35 usr/share/locale/sr/LC_MESSAGES/
-rw-r--r-- root/root      2250 2022-05-28 01:35 usr/share/locale/sr/LC_MESSAGES/plasmaintegration5.mo
drwxr-xr-x root/root         0 2022-05-28 01:35 usr/share/locale/sr@ijekavian/
drwxr-xr-x root/root         0 2022-05-28 01:35 usr/share/locale/sr@ijekavian/LC_MESSAGES/
-rw-r--r-- root/root      2262 2022-05-28 01:35 usr/share/locale/sr@ijekavian/LC_MESSAGES/plasmaintegration5.mo
drwxr-xr-x root/root         0 2022-05-28 01:35 usr/share/locale/sr@ijekavianlatin/
drwxr-xr-x root/root         0 2022-05-28 01:35 usr/share/locale/sr@ijekavianlatin/LC_MESSAGES/
-rw-r--r-- root/root      1987 2022-05-28 01:35 usr/share/locale/sr@ijekavianlatin/LC_MESSAGES/plasmaintegration5.mo
drwxr-xr-x root/root         0 2022-05-28 01:35 usr/share/locale/sr@latin/
drwxr-xr-x root/root         0 2022-05-28 01:35 usr/share/locale/sr@latin/LC_MESSAGES/
-rw-r--r-- root/root      1977 2022-05-28 01:35 usr/share/locale/sr@latin/LC_MESSAGES/plasmaintegration5.mo
drwxr-xr-x root/root         0 2022-05-28 01:35 usr/share/locale/sv/
drwxr-xr-x root/root         0 2022-05-28 01:35 usr/share/locale/sv/LC_MESSAGES/
-rw-r--r-- root/root      1832 2022-05-28 01:35 usr/share/locale/sv/LC_MESSAGES/plasmaintegration5.mo
drwxr-xr-x root/root         0 2022-05-28 01:35 usr/share/locale/ta/
drwxr-xr-x root/root         0 2022-05-28 01:35 usr/share/locale/ta/LC_MESSAGES/
-rw-r--r-- root/root      2663 2022-05-28 01:35 usr/share/locale/ta/LC_MESSAGES/plasmaintegration5.mo
drwxr-xr-x root/root         0 2022-05-28 01:35 usr/share/locale/tr/
drwxr-xr-x root/root         0 2022-05-28 01:35 usr/share/locale/tr/LC_MESSAGES/
-rw-r--r-- root/root      1855 2022-05-28 01:35 usr/share/locale/tr/LC_MESSAGES/plasmaintegration5.mo
drwxr-xr-x root/root         0 2022-05-28 01:35 usr/share/locale/uk/
drwxr-xr-x root/root         0 2022-05-28 01:35 usr/share/locale/uk/LC_MESSAGES/
-rw-r--r-- root/root      2218 2022-05-28 01:35 usr/share/locale/uk/LC_MESSAGES/plasmaintegration5.mo
drwxr-xr-x root/root         0 2022-05-28 01:35 usr/share/locale/vi/
drwxr-xr-x root/root         0 2022-05-28 01:35 usr/share/locale/vi/LC_MESSAGES/
-rw-r--r-- root/root      1928 2022-05-28 01:35 usr/share/locale/vi/LC_MESSAGES/plasmaintegration5.mo
drwxr-xr-x root/root         0 2022-05-28 01:35 usr/share/locale/zh_CN/
drwxr-xr-x root/root         0 2022-05-28 01:35 usr/share/locale/zh_CN/LC_MESSAGES/
-rw-r--r-- root/root      1930 2022-05-28 01:35 usr/share/locale/zh_CN/LC_MESSAGES/plasmaintegration5.mo
drwxr-xr-x root/root         0 2022-05-28 01:35 usr/share/locale/zh_TW/
drwxr-xr-x root/root         0 2022-05-28 01:35 usr/share/locale/zh_TW/LC_MESSAGES/
-rw-r--r-- root/root      1839 2022-05-28 01:35 usr/share/locale/zh_TW/LC_MESSAGES/plasmaintegration5.mo


