++========================================
||
||   Package:  ./plasma/plasma-firewall-5.24.90-x86_64-2.txz
||
++========================================
drwxr-xr-x root/root         0 2022-05-28 02:05 ./
drwxr-xr-x root/root         0 2022-05-28 02:05 install/
-rw-r--r-- root/root       739 2022-05-28 02:05 install/slack-desc
drwxr-xr-x root/root         0 2022-05-28 02:05 usr/
drwxr-xr-x root/root         0 2022-05-28 02:05 usr/doc/
drwxr-xr-x root/root         0 2022-05-28 02:05 usr/doc/plasma-firewall-5.24.90/
-rw-r--r-- root/root       404 2022-05-19 12:32 usr/doc/plasma-firewall-5.24.90/INSTALL
drwxr-xr-x root/root         0 2022-05-19 12:32 usr/doc/plasma-firewall-5.24.90/LICENSES/
-rw-r--r-- root/root      1480 2022-05-19 12:32 usr/doc/plasma-firewall-5.24.90/LICENSES/BSD-3-Clause.txt
-rw-r--r-- root/root      6916 2022-05-19 12:32 usr/doc/plasma-firewall-5.24.90/LICENSES/CC0-1.0.txt
-rw-r--r-- root/root       224 2022-05-19 12:32 usr/doc/plasma-firewall-5.24.90/LICENSES/FSFAP.txt
-rw-r--r-- root/root     17623 2022-05-19 12:32 usr/doc/plasma-firewall-5.24.90/LICENSES/GPL-2.0-only.txt
-rw-r--r-- root/root     17623 2022-05-19 12:32 usr/doc/plasma-firewall-5.24.90/LICENSES/GPL-2.0-or-later.txt
-rw-r--r-- root/root     34470 2022-05-19 12:32 usr/doc/plasma-firewall-5.24.90/LICENSES/GPL-3.0-only.txt
-rw-r--r-- root/root     34470 2022-05-19 12:32 usr/doc/plasma-firewall-5.24.90/LICENSES/GPL-3.0-or-later.txt
-rw-r--r-- root/root      7431 2022-05-19 12:32 usr/doc/plasma-firewall-5.24.90/LICENSES/LGPL-3.0-only.txt
-rw-r--r-- root/root       662 2022-05-19 12:32 usr/doc/plasma-firewall-5.24.90/LICENSES/LicenseRef-KDE-Accepted-GPL.txt
-rw-r--r-- root/root       665 2022-05-19 12:32 usr/doc/plasma-firewall-5.24.90/LICENSES/LicenseRef-KDE-Accepted-LGPL.txt
-rw-r--r-- root/root      1918 2022-05-19 12:32 usr/doc/plasma-firewall-5.24.90/README.md
drwxr-xr-x root/root         0 2022-05-28 02:05 usr/lib64/
drwxr-xr-x root/root         0 2022-05-28 02:05 usr/lib64/libexec/
drwxr-xr-x root/root         0 2022-05-28 02:05 usr/lib64/libexec/kauth/
-rwxr-xr-x root/root     56280 2022-05-28 02:05 usr/lib64/libexec/kauth/kde_ufw_plugin_helper
-rwxr-xr-x root/root     18576 2022-05-28 02:05 usr/lib64/libexec/kde_ufw_plugin_helper.py
-rwxr-xr-x root/root    147312 2022-05-28 02:05 usr/lib64/libkcm_firewall_core.so
drwxr-xr-x root/root         0 2022-05-28 02:05 usr/lib64/qt5/
drwxr-xr-x root/root         0 2022-05-28 02:05 usr/lib64/qt5/plugins/
drwxr-xr-x root/root         0 2022-05-28 02:05 usr/lib64/qt5/plugins/kf5/
drwxr-xr-x root/root         0 2022-05-28 02:05 usr/lib64/qt5/plugins/kf5/plasma_firewall/
-rwxr-xr-x root/root    143184 2022-05-28 02:05 usr/lib64/qt5/plugins/kf5/plasma_firewall/firewalldbackend.so
-rwxr-xr-x root/root    114216 2022-05-28 02:05 usr/lib64/qt5/plugins/kf5/plasma_firewall/ufwbackend.so
drwxr-xr-x root/root         0 2022-05-28 02:05 usr/lib64/qt5/plugins/plasma/
drwxr-xr-x root/root         0 2022-05-28 02:05 usr/lib64/qt5/plugins/plasma/kcms/
drwxr-xr-x root/root         0 2022-05-28 02:05 usr/lib64/qt5/plugins/plasma/kcms/systemsettings/
-rwxr-xr-x root/root    105512 2022-05-28 02:05 usr/lib64/qt5/plugins/plasma/kcms/systemsettings/kcm_firewall.so
drwxr-xr-x root/root         0 2022-05-28 02:05 usr/share/
drwxr-xr-x root/root         0 2022-05-28 02:05 usr/share/applications/
-rw-r--r-- root/root      2584 2022-05-19 12:32 usr/share/applications/kcm_firewall.desktop
drwxr-xr-x root/root         0 2022-05-28 02:05 usr/share/dbus-1/
drwxr-xr-x root/root         0 2022-05-28 02:05 usr/share/dbus-1/system-services/
-rw-r--r-- root/root        95 2022-05-28 02:05 usr/share/dbus-1/system-services/org.kde.ufw.service
drwxr-xr-x root/root         0 2022-05-28 02:05 usr/share/dbus-1/system.d/
-rw-r--r-- root/root       290 2022-05-28 02:05 usr/share/dbus-1/system.d/org.kde.ufw.conf
drwxr-xr-x root/root         0 2022-05-28 02:05 usr/share/kcm_ufw/
-rw-r--r-- root/root       116 2022-05-19 12:32 usr/share/kcm_ufw/defaults
drwxr-xr-x root/root         0 2022-05-28 02:05 usr/share/kpackage/
drwxr-xr-x root/root         0 2022-05-28 02:05 usr/share/kpackage/kcms/
drwxr-xr-x root/root         0 2022-05-28 02:05 usr/share/kpackage/kcms/kcm_firewall/
drwxr-xr-x root/root         0 2022-05-28 02:05 usr/share/kpackage/kcms/kcm_firewall/contents/
drwxr-xr-x root/root         0 2022-05-28 02:05 usr/share/kpackage/kcms/kcm_firewall/contents/ui/
-rw-r--r-- root/root       800 2022-05-19 12:32 usr/share/kpackage/kcms/kcm_firewall/contents/ui/About.qml
-rw-r--r-- root/root      3630 2022-05-19 12:32 usr/share/kpackage/kcms/kcm_firewall/contents/ui/AdvancedRuleEdit.qml
-rw-r--r-- root/root      1370 2022-05-19 12:32 usr/share/kpackage/kcms/kcm_firewall/contents/ui/ConnectionItemDelegate.qml
-rw-r--r-- root/root      2548 2022-05-19 12:32 usr/share/kpackage/kcms/kcm_firewall/contents/ui/ConnectionsView.qml
-rw-r--r-- root/root      1068 2022-05-19 12:32 usr/share/kpackage/kcms/kcm_firewall/contents/ui/InlineBusyIndicator.qml
-rw-r--r-- root/root      1861 2022-05-19 12:32 usr/share/kpackage/kcms/kcm_firewall/contents/ui/IpTextField.qml
-rw-r--r-- root/root      1519 2022-05-19 12:32 usr/share/kpackage/kcms/kcm_firewall/contents/ui/LogsView.qml
-rw-r--r-- root/root       500 2022-05-19 12:32 usr/share/kpackage/kcms/kcm_firewall/contents/ui/PortTextField.qml
-rw-r--r-- root/root      3329 2022-05-19 12:32 usr/share/kpackage/kcms/kcm_firewall/contents/ui/RuleEdit.qml
-rw-r--r-- root/root      1298 2022-05-19 12:32 usr/share/kpackage/kcms/kcm_firewall/contents/ui/RuleListItem.qml
-rw-r--r-- root/root      1936 2022-05-19 12:32 usr/share/kpackage/kcms/kcm_firewall/contents/ui/SimpleRuleEdit.qml
-rw-r--r-- root/root      7714 2022-05-19 12:32 usr/share/kpackage/kcms/kcm_firewall/contents/ui/ViewBase.qml
-rw-r--r-- root/root     18760 2022-05-19 12:32 usr/share/kpackage/kcms/kcm_firewall/contents/ui/main.qml
-rw-r--r-- root/root    229414 2022-05-19 12:32 usr/share/kpackage/kcms/kcm_firewall/contents/ui/plasma_firewall.png
drwxr-xr-x root/root         0 2022-05-28 02:05 usr/share/locale/
drwxr-xr-x root/root         0 2022-05-28 02:05 usr/share/locale/ar/
drwxr-xr-x root/root         0 2022-05-28 02:05 usr/share/locale/ar/LC_MESSAGES/
-rw-r--r-- root/root     11098 2022-05-28 02:05 usr/share/locale/ar/LC_MESSAGES/kcm_firewall.mo
drwxr-xr-x root/root         0 2022-05-28 02:05 usr/share/locale/ast/
drwxr-xr-x root/root         0 2022-05-28 02:05 usr/share/locale/ast/LC_MESSAGES/
-rw-r--r-- root/root      3157 2022-05-28 02:05 usr/share/locale/ast/LC_MESSAGES/kcm_firewall.mo
drwxr-xr-x root/root         0 2022-05-28 02:05 usr/share/locale/az/
drwxr-xr-x root/root         0 2022-05-28 02:05 usr/share/locale/az/LC_MESSAGES/
-rw-r--r-- root/root     10626 2022-05-28 02:05 usr/share/locale/az/LC_MESSAGES/kcm_firewall.mo
drwxr-xr-x root/root         0 2022-05-28 02:05 usr/share/locale/ca/
drwxr-xr-x root/root         0 2022-05-28 02:05 usr/share/locale/ca/LC_MESSAGES/
-rw-r--r-- root/root     10123 2022-05-28 02:05 usr/share/locale/ca/LC_MESSAGES/kcm_firewall.mo
drwxr-xr-x root/root         0 2022-05-28 02:05 usr/share/locale/ca@valencia/
drwxr-xr-x root/root         0 2022-05-28 02:05 usr/share/locale/ca@valencia/LC_MESSAGES/
-rw-r--r-- root/root     10252 2022-05-28 02:05 usr/share/locale/ca@valencia/LC_MESSAGES/kcm_firewall.mo
drwxr-xr-x root/root         0 2022-05-28 02:05 usr/share/locale/cs/
drwxr-xr-x root/root         0 2022-05-28 02:05 usr/share/locale/cs/LC_MESSAGES/
-rw-r--r-- root/root      6390 2022-05-28 02:05 usr/share/locale/cs/LC_MESSAGES/kcm_firewall.mo
drwxr-xr-x root/root         0 2022-05-28 02:05 usr/share/locale/da/
drwxr-xr-x root/root         0 2022-05-28 02:05 usr/share/locale/da/LC_MESSAGES/
-rw-r--r-- root/root      7404 2022-05-28 02:05 usr/share/locale/da/LC_MESSAGES/kcm_firewall.mo
drwxr-xr-x root/root         0 2022-05-28 02:05 usr/share/locale/de/
drwxr-xr-x root/root         0 2022-05-28 02:05 usr/share/locale/de/LC_MESSAGES/
-rw-r--r-- root/root      6747 2022-05-28 02:05 usr/share/locale/de/LC_MESSAGES/kcm_firewall.mo
drwxr-xr-x root/root         0 2022-05-28 02:05 usr/share/locale/en_GB/
drwxr-xr-x root/root         0 2022-05-28 02:05 usr/share/locale/en_GB/LC_MESSAGES/
-rw-r--r-- root/root      9584 2022-05-28 02:05 usr/share/locale/en_GB/LC_MESSAGES/kcm_firewall.mo
drwxr-xr-x root/root         0 2022-05-28 02:05 usr/share/locale/es/
drwxr-xr-x root/root         0 2022-05-28 02:05 usr/share/locale/es/LC_MESSAGES/
-rw-r--r-- root/root     10303 2022-05-28 02:05 usr/share/locale/es/LC_MESSAGES/kcm_firewall.mo
drwxr-xr-x root/root         0 2022-05-28 02:05 usr/share/locale/et/
drwxr-xr-x root/root         0 2022-05-28 02:05 usr/share/locale/et/LC_MESSAGES/
-rw-r--r-- root/root      6392 2022-05-28 02:05 usr/share/locale/et/LC_MESSAGES/kcm_firewall.mo
drwxr-xr-x root/root         0 2022-05-28 02:05 usr/share/locale/eu/
drwxr-xr-x root/root         0 2022-05-28 02:05 usr/share/locale/eu/LC_MESSAGES/
-rw-r--r-- root/root      9941 2022-05-28 02:05 usr/share/locale/eu/LC_MESSAGES/kcm_firewall.mo
drwxr-xr-x root/root         0 2022-05-28 02:05 usr/share/locale/fi/
drwxr-xr-x root/root         0 2022-05-28 02:05 usr/share/locale/fi/LC_MESSAGES/
-rw-r--r-- root/root      9975 2022-05-28 02:05 usr/share/locale/fi/LC_MESSAGES/kcm_firewall.mo
drwxr-xr-x root/root         0 2022-05-28 02:05 usr/share/locale/fr/
drwxr-xr-x root/root         0 2022-05-28 02:05 usr/share/locale/fr/LC_MESSAGES/
-rw-r--r-- root/root     10649 2022-05-28 02:05 usr/share/locale/fr/LC_MESSAGES/kcm_firewall.mo
drwxr-xr-x root/root         0 2022-05-28 02:05 usr/share/locale/hu/
drwxr-xr-x root/root         0 2022-05-28 02:05 usr/share/locale/hu/LC_MESSAGES/
-rw-r--r-- root/root     10202 2022-05-28 02:05 usr/share/locale/hu/LC_MESSAGES/kcm_firewall.mo
drwxr-xr-x root/root         0 2022-05-28 02:05 usr/share/locale/ia/
drwxr-xr-x root/root         0 2022-05-28 02:05 usr/share/locale/ia/LC_MESSAGES/
-rw-r--r-- root/root     10179 2022-05-28 02:05 usr/share/locale/ia/LC_MESSAGES/kcm_firewall.mo
drwxr-xr-x root/root         0 2022-05-28 02:05 usr/share/locale/id/
drwxr-xr-x root/root         0 2022-05-28 02:05 usr/share/locale/id/LC_MESSAGES/
-rw-r--r-- root/root      9708 2022-05-28 02:05 usr/share/locale/id/LC_MESSAGES/kcm_firewall.mo
drwxr-xr-x root/root         0 2022-05-28 02:05 usr/share/locale/it/
drwxr-xr-x root/root         0 2022-05-28 02:05 usr/share/locale/it/LC_MESSAGES/
-rw-r--r-- root/root     10139 2022-05-28 02:05 usr/share/locale/it/LC_MESSAGES/kcm_firewall.mo
drwxr-xr-x root/root         0 2022-05-28 02:05 usr/share/locale/ka/
drwxr-xr-x root/root         0 2022-05-28 02:05 usr/share/locale/ka/LC_MESSAGES/
-rw-r--r-- root/root     12391 2022-05-28 02:05 usr/share/locale/ka/LC_MESSAGES/kcm_firewall.mo
drwxr-xr-x root/root         0 2022-05-28 02:05 usr/share/locale/ko/
drwxr-xr-x root/root         0 2022-05-28 02:05 usr/share/locale/ko/LC_MESSAGES/
-rw-r--r-- root/root     10006 2022-05-28 02:05 usr/share/locale/ko/LC_MESSAGES/kcm_firewall.mo
drwxr-xr-x root/root         0 2022-05-28 02:05 usr/share/locale/lt/
drwxr-xr-x root/root         0 2022-05-28 02:05 usr/share/locale/lt/LC_MESSAGES/
-rw-r--r-- root/root      9726 2022-05-28 02:05 usr/share/locale/lt/LC_MESSAGES/kcm_firewall.mo
drwxr-xr-x root/root         0 2022-05-28 02:05 usr/share/locale/nl/
drwxr-xr-x root/root         0 2022-05-28 02:05 usr/share/locale/nl/LC_MESSAGES/
-rw-r--r-- root/root      9970 2022-05-28 02:05 usr/share/locale/nl/LC_MESSAGES/kcm_firewall.mo
drwxr-xr-x root/root         0 2022-05-28 02:05 usr/share/locale/nn/
drwxr-xr-x root/root         0 2022-05-28 02:05 usr/share/locale/nn/LC_MESSAGES/
-rw-r--r-- root/root      9856 2022-05-28 02:05 usr/share/locale/nn/LC_MESSAGES/kcm_firewall.mo
drwxr-xr-x root/root         0 2022-05-28 02:05 usr/share/locale/pl/
drwxr-xr-x root/root         0 2022-05-28 02:05 usr/share/locale/pl/LC_MESSAGES/
-rw-r--r-- root/root     10159 2022-05-28 02:05 usr/share/locale/pl/LC_MESSAGES/kcm_firewall.mo
drwxr-xr-x root/root         0 2022-05-28 02:05 usr/share/locale/pt/
drwxr-xr-x root/root         0 2022-05-28 02:05 usr/share/locale/pt/LC_MESSAGES/
-rw-r--r-- root/root     10422 2022-05-28 02:05 usr/share/locale/pt/LC_MESSAGES/kcm_firewall.mo
drwxr-xr-x root/root         0 2022-05-28 02:05 usr/share/locale/pt_BR/
drwxr-xr-x root/root         0 2022-05-28 02:05 usr/share/locale/pt_BR/LC_MESSAGES/
-rw-r--r-- root/root      9970 2022-05-28 02:05 usr/share/locale/pt_BR/LC_MESSAGES/kcm_firewall.mo
drwxr-xr-x root/root         0 2022-05-28 02:05 usr/share/locale/ro/
drwxr-xr-x root/root         0 2022-05-28 02:05 usr/share/locale/ro/LC_MESSAGES/
-rw-r--r-- root/root      8389 2022-05-28 02:05 usr/share/locale/ro/LC_MESSAGES/kcm_firewall.mo
drwxr-xr-x root/root         0 2022-05-28 02:05 usr/share/locale/ru/
drwxr-xr-x root/root         0 2022-05-28 02:05 usr/share/locale/ru/LC_MESSAGES/
-rw-r--r-- root/root     12256 2022-05-28 02:05 usr/share/locale/ru/LC_MESSAGES/kcm_firewall.mo
drwxr-xr-x root/root         0 2022-05-28 02:05 usr/share/locale/sk/
drwxr-xr-x root/root         0 2022-05-28 02:05 usr/share/locale/sk/LC_MESSAGES/
-rw-r--r-- root/root     10209 2022-05-28 02:05 usr/share/locale/sk/LC_MESSAGES/kcm_firewall.mo
drwxr-xr-x root/root         0 2022-05-28 02:05 usr/share/locale/sl/
drwxr-xr-x root/root         0 2022-05-28 02:05 usr/share/locale/sl/LC_MESSAGES/
-rw-r--r-- root/root      9914 2022-05-28 02:05 usr/share/locale/sl/LC_MESSAGES/kcm_firewall.mo
drwxr-xr-x root/root         0 2022-05-28 02:05 usr/share/locale/sv/
drwxr-xr-x root/root         0 2022-05-28 02:05 usr/share/locale/sv/LC_MESSAGES/
-rw-r--r-- root/root      9972 2022-05-28 02:05 usr/share/locale/sv/LC_MESSAGES/kcm_firewall.mo
drwxr-xr-x root/root         0 2022-05-28 02:05 usr/share/locale/tr/
drwxr-xr-x root/root         0 2022-05-28 02:05 usr/share/locale/tr/LC_MESSAGES/
-rw-r--r-- root/root     10164 2022-05-28 02:05 usr/share/locale/tr/LC_MESSAGES/kcm_firewall.mo
drwxr-xr-x root/root         0 2022-05-28 02:05 usr/share/locale/uk/
drwxr-xr-x root/root         0 2022-05-28 02:05 usr/share/locale/uk/LC_MESSAGES/
-rw-r--r-- root/root     12662 2022-05-28 02:05 usr/share/locale/uk/LC_MESSAGES/kcm_firewall.mo
drwxr-xr-x root/root         0 2022-05-28 02:05 usr/share/locale/zh_CN/
drwxr-xr-x root/root         0 2022-05-28 02:05 usr/share/locale/zh_CN/LC_MESSAGES/
-rw-r--r-- root/root      9607 2022-05-28 02:05 usr/share/locale/zh_CN/LC_MESSAGES/kcm_firewall.mo
drwxr-xr-x root/root         0 2022-05-28 02:05 usr/share/metainfo/
-rw-r--r-- root/root     16490 2022-05-19 12:32 usr/share/metainfo/org.kde.plasma.firewall.metainfo.xml
drwxr-xr-x root/root         0 2022-05-28 02:05 usr/share/polkit-1/
drwxr-xr-x root/root         0 2022-05-28 02:05 usr/share/polkit-1/actions/
-rw-r--r-- root/root     20179 2022-05-28 02:05 usr/share/polkit-1/actions/org.kde.ufw.policy


