++========================================
||
||   Package:  ./plasma/plasma-browser-integration-5.24.90-x86_64-2.txz
||
++========================================
drwxr-xr-x root/root         0 2022-05-28 02:05 ./
drwxr-xr-x root/root         0 2022-05-28 02:05 etc/
drwxr-xr-x root/root         0 2022-05-28 02:05 etc/chromium/
drwxr-xr-x root/root         0 2022-05-28 02:05 etc/chromium/native-messaging-hosts/
-rw-r--r-- root/root       323 2022-05-28 02:05 etc/chromium/native-messaging-hosts/org.kde.plasma.browser_integration.json
drwxr-xr-x root/root         0 2022-05-28 02:05 etc/opt/
drwxr-xr-x root/root         0 2022-05-28 02:05 etc/opt/chrome/
drwxr-xr-x root/root         0 2022-05-28 02:05 etc/opt/chrome/native-messaging-hosts/
-rw-r--r-- root/root       323 2022-05-28 02:05 etc/opt/chrome/native-messaging-hosts/org.kde.plasma.browser_integration.json
drwxr-xr-x root/root         0 2022-05-28 02:05 etc/opt/edge/
drwxr-xr-x root/root         0 2022-05-28 02:05 etc/opt/edge/native-messaging-hosts/
-rw-r--r-- root/root       323 2022-05-28 02:05 etc/opt/edge/native-messaging-hosts/org.kde.plasma.browser_integration.json
drwxr-xr-x root/root         0 2022-05-28 02:05 install/
-rw-r--r-- root/root       957 2022-05-28 02:05 install/slack-desc
drwxr-xr-x root/root         0 2022-05-28 02:05 usr/
drwxr-xr-x root/root         0 2022-05-28 02:05 usr/bin/
-rwxr-xr-x root/root    279680 2022-05-28 02:05 usr/bin/plasma-browser-integration-host
drwxr-xr-x root/root         0 2022-05-28 02:05 usr/doc/
drwxr-xr-x root/root         0 2022-05-28 02:05 usr/doc/plasma-browser-integration-5.24.90/
-rw-r--r-- root/root     35147 2022-05-19 12:30 usr/doc/plasma-browser-integration-5.24.90/COPYING-GPL3
drwxr-xr-x root/root         0 2022-05-19 12:30 usr/doc/plasma-browser-integration-5.24.90/LICENSES/
-rw-r--r-- root/root     17277 2022-05-19 12:30 usr/doc/plasma-browser-integration-5.24.90/LICENSES/GPL-2.0-or-later.txt
-rw-r--r-- root/root     34575 2022-05-19 12:30 usr/doc/plasma-browser-integration-5.24.90/LICENSES/GPL-3.0-or-later.txt
-rw-r--r-- root/root      1078 2022-05-19 12:30 usr/doc/plasma-browser-integration-5.24.90/LICENSES/MIT.txt
-rw-r--r-- root/root       206 2022-05-19 12:30 usr/doc/plasma-browser-integration-5.24.90/README.md
drwxr-xr-x root/root         0 2022-05-28 02:05 usr/lib64/
drwxr-xr-x root/root         0 2022-05-28 02:05 usr/lib64/mozilla/
drwxr-xr-x root/root         0 2022-05-28 02:05 usr/lib64/mozilla/native-messaging-hosts/
-rw-r--r-- root/root       240 2022-05-28 02:05 usr/lib64/mozilla/native-messaging-hosts/org.kde.plasma.browser_integration.json
drwxr-xr-x root/root         0 2022-05-28 02:05 usr/lib64/qt5/
drwxr-xr-x root/root         0 2022-05-28 02:05 usr/lib64/qt5/plugins/
drwxr-xr-x root/root         0 2022-05-28 02:05 usr/lib64/qt5/plugins/kf5/
drwxr-xr-x root/root         0 2022-05-28 02:05 usr/lib64/qt5/plugins/kf5/kded/
-rwxr-xr-x root/root     56128 2022-05-28 02:05 usr/lib64/qt5/plugins/kf5/kded/browserintegrationreminder.so
drwxr-xr-x root/root         0 2022-05-28 02:05 usr/share/
drwxr-xr-x root/root         0 2022-05-28 02:05 usr/share/applications/
-rw-r--r-- root/root      1920 2022-05-28 02:05 usr/share/applications/org.kde.plasma.browser_integration.host.desktop
drwxr-xr-x root/root         0 2022-05-28 02:05 usr/share/chromium/
drwxr-xr-x root/root         0 2022-05-28 02:05 usr/share/chromium/extensions/
-rw-r--r-- root/root        81 2022-05-19 12:30 usr/share/chromium/extensions/cimiefiiaegbelhefglklhhakcgmhkai.json
drwxr-xr-x root/root         0 2022-05-28 02:05 usr/share/google-chrome/
drwxr-xr-x root/root         0 2022-05-28 02:05 usr/share/google-chrome/extensions/
-rw-r--r-- root/root        81 2022-05-19 12:30 usr/share/google-chrome/extensions/cimiefiiaegbelhefglklhhakcgmhkai.json
drwxr-xr-x root/root         0 2022-05-28 02:05 usr/share/krunner/
drwxr-xr-x root/root         0 2022-05-28 02:05 usr/share/krunner/dbusplugins/
-rw-r--r-- root/root      4021 2022-05-19 12:30 usr/share/krunner/dbusplugins/plasma-runner-browserhistory.desktop
-rw-r--r-- root/root      4351 2022-05-19 12:30 usr/share/krunner/dbusplugins/plasma-runner-browsertabs.desktop
drwxr-xr-x root/root         0 2022-05-28 02:05 usr/share/locale/
drwxr-xr-x root/root         0 2022-05-28 02:05 usr/share/locale/ar/
drwxr-xr-x root/root         0 2022-05-28 02:05 usr/share/locale/ar/LC_MESSAGES/
-rw-r--r-- root/root     13833 2022-05-28 02:05 usr/share/locale/ar/LC_MESSAGES/plasma-browser-extension.mo
-rw-r--r-- root/root      2856 2022-05-28 02:05 usr/share/locale/ar/LC_MESSAGES/plasma-browser-integration-host.mo
-rw-r--r-- root/root       723 2022-05-28 02:05 usr/share/locale/ar/LC_MESSAGES/plasma-browser-integration-reminder.mo
drwxr-xr-x root/root         0 2022-05-28 02:05 usr/share/locale/ast/
drwxr-xr-x root/root         0 2022-05-28 02:05 usr/share/locale/ast/LC_MESSAGES/
-rw-r--r-- root/root     10213 2022-05-28 02:05 usr/share/locale/ast/LC_MESSAGES/plasma-browser-extension.mo
-rw-r--r-- root/root      2120 2022-05-28 02:05 usr/share/locale/ast/LC_MESSAGES/plasma-browser-integration-host.mo
-rw-r--r-- root/root       627 2022-05-28 02:05 usr/share/locale/ast/LC_MESSAGES/plasma-browser-integration-reminder.mo
drwxr-xr-x root/root         0 2022-05-28 02:05 usr/share/locale/az/
drwxr-xr-x root/root         0 2022-05-28 02:05 usr/share/locale/az/LC_MESSAGES/
-rw-r--r-- root/root     12720 2022-05-28 02:05 usr/share/locale/az/LC_MESSAGES/plasma-browser-extension.mo
-rw-r--r-- root/root      2549 2022-05-28 02:05 usr/share/locale/az/LC_MESSAGES/plasma-browser-integration-host.mo
-rw-r--r-- root/root       632 2022-05-28 02:05 usr/share/locale/az/LC_MESSAGES/plasma-browser-integration-reminder.mo
drwxr-xr-x root/root         0 2022-05-28 02:05 usr/share/locale/ca/
drwxr-xr-x root/root         0 2022-05-28 02:05 usr/share/locale/ca/LC_MESSAGES/
-rw-r--r-- root/root     12527 2022-05-28 02:05 usr/share/locale/ca/LC_MESSAGES/plasma-browser-extension.mo
-rw-r--r-- root/root      2552 2022-05-28 02:05 usr/share/locale/ca/LC_MESSAGES/plasma-browser-integration-host.mo
-rw-r--r-- root/root       631 2022-05-28 02:05 usr/share/locale/ca/LC_MESSAGES/plasma-browser-integration-reminder.mo
drwxr-xr-x root/root         0 2022-05-28 02:05 usr/share/locale/ca@valencia/
drwxr-xr-x root/root         0 2022-05-28 02:05 usr/share/locale/ca@valencia/LC_MESSAGES/
-rw-r--r-- root/root      7262 2022-05-28 02:05 usr/share/locale/ca@valencia/LC_MESSAGES/plasma-browser-extension.mo
-rw-r--r-- root/root      2109 2022-05-28 02:05 usr/share/locale/ca@valencia/LC_MESSAGES/plasma-browser-integration-host.mo
-rw-r--r-- root/root       634 2022-05-28 02:05 usr/share/locale/ca@valencia/LC_MESSAGES/plasma-browser-integration-reminder.mo
drwxr-xr-x root/root         0 2022-05-28 02:05 usr/share/locale/cs/
drwxr-xr-x root/root         0 2022-05-28 02:05 usr/share/locale/cs/LC_MESSAGES/
-rw-r--r-- root/root      7729 2022-05-28 02:05 usr/share/locale/cs/LC_MESSAGES/plasma-browser-extension.mo
-rw-r--r-- root/root      2207 2022-05-28 02:05 usr/share/locale/cs/LC_MESSAGES/plasma-browser-integration-host.mo
-rw-r--r-- root/root       638 2022-05-28 02:05 usr/share/locale/cs/LC_MESSAGES/plasma-browser-integration-reminder.mo
drwxr-xr-x root/root         0 2022-05-28 02:05 usr/share/locale/da/
drwxr-xr-x root/root         0 2022-05-28 02:05 usr/share/locale/da/LC_MESSAGES/
-rw-r--r-- root/root     10539 2022-05-28 02:05 usr/share/locale/da/LC_MESSAGES/plasma-browser-extension.mo
-rw-r--r-- root/root      1989 2022-05-28 02:05 usr/share/locale/da/LC_MESSAGES/plasma-browser-integration-host.mo
-rw-r--r-- root/root       598 2022-05-28 02:05 usr/share/locale/da/LC_MESSAGES/plasma-browser-integration-reminder.mo
drwxr-xr-x root/root         0 2022-05-28 02:05 usr/share/locale/de/
drwxr-xr-x root/root         0 2022-05-28 02:05 usr/share/locale/de/LC_MESSAGES/
-rw-r--r-- root/root     12527 2022-05-28 02:05 usr/share/locale/de/LC_MESSAGES/plasma-browser-extension.mo
-rw-r--r-- root/root      2635 2022-05-28 02:05 usr/share/locale/de/LC_MESSAGES/plasma-browser-integration-host.mo
-rw-r--r-- root/root       579 2022-05-28 02:05 usr/share/locale/de/LC_MESSAGES/plasma-browser-integration-reminder.mo
drwxr-xr-x root/root         0 2022-05-28 02:05 usr/share/locale/el/
drwxr-xr-x root/root         0 2022-05-28 02:05 usr/share/locale/el/LC_MESSAGES/
-rw-r--r-- root/root     14275 2022-05-28 02:05 usr/share/locale/el/LC_MESSAGES/plasma-browser-extension.mo
-rw-r--r-- root/root      2577 2022-05-28 02:05 usr/share/locale/el/LC_MESSAGES/plasma-browser-integration-host.mo
-rw-r--r-- root/root       661 2022-05-28 02:05 usr/share/locale/el/LC_MESSAGES/plasma-browser-integration-reminder.mo
drwxr-xr-x root/root         0 2022-05-28 02:05 usr/share/locale/en_GB/
drwxr-xr-x root/root         0 2022-05-28 02:05 usr/share/locale/en_GB/LC_MESSAGES/
-rw-r--r-- root/root     11758 2022-05-28 02:05 usr/share/locale/en_GB/LC_MESSAGES/plasma-browser-extension.mo
-rw-r--r-- root/root      2476 2022-05-28 02:05 usr/share/locale/en_GB/LC_MESSAGES/plasma-browser-integration-host.mo
-rw-r--r-- root/root       614 2022-05-28 02:05 usr/share/locale/en_GB/LC_MESSAGES/plasma-browser-integration-reminder.mo
drwxr-xr-x root/root         0 2022-05-28 02:05 usr/share/locale/es/
drwxr-xr-x root/root         0 2022-05-28 02:05 usr/share/locale/es/LC_MESSAGES/
-rw-r--r-- root/root     12585 2022-05-28 02:05 usr/share/locale/es/LC_MESSAGES/plasma-browser-extension.mo
-rw-r--r-- root/root      2585 2022-05-28 02:05 usr/share/locale/es/LC_MESSAGES/plasma-browser-integration-host.mo
-rw-r--r-- root/root       616 2022-05-28 02:05 usr/share/locale/es/LC_MESSAGES/plasma-browser-integration-reminder.mo
drwxr-xr-x root/root         0 2022-05-28 02:05 usr/share/locale/et/
drwxr-xr-x root/root         0 2022-05-28 02:05 usr/share/locale/et/LC_MESSAGES/
-rw-r--r-- root/root     10593 2022-05-28 02:05 usr/share/locale/et/LC_MESSAGES/plasma-browser-extension.mo
-rw-r--r-- root/root      1947 2022-05-28 02:05 usr/share/locale/et/LC_MESSAGES/plasma-browser-integration-host.mo
-rw-r--r-- root/root       607 2022-05-28 02:05 usr/share/locale/et/LC_MESSAGES/plasma-browser-integration-reminder.mo
drwxr-xr-x root/root         0 2022-05-28 02:05 usr/share/locale/eu/
drwxr-xr-x root/root         0 2022-05-28 02:05 usr/share/locale/eu/LC_MESSAGES/
-rw-r--r-- root/root     12259 2022-05-28 02:05 usr/share/locale/eu/LC_MESSAGES/plasma-browser-extension.mo
-rw-r--r-- root/root      2482 2022-05-28 02:05 usr/share/locale/eu/LC_MESSAGES/plasma-browser-integration-host.mo
-rw-r--r-- root/root       615 2022-05-28 02:05 usr/share/locale/eu/LC_MESSAGES/plasma-browser-integration-reminder.mo
drwxr-xr-x root/root         0 2022-05-28 02:05 usr/share/locale/fi/
drwxr-xr-x root/root         0 2022-05-28 02:05 usr/share/locale/fi/LC_MESSAGES/
-rw-r--r-- root/root     12249 2022-05-28 02:05 usr/share/locale/fi/LC_MESSAGES/plasma-browser-extension.mo
-rw-r--r-- root/root      2453 2022-05-28 02:05 usr/share/locale/fi/LC_MESSAGES/plasma-browser-integration-host.mo
-rw-r--r-- root/root       608 2022-05-28 02:05 usr/share/locale/fi/LC_MESSAGES/plasma-browser-integration-reminder.mo
drwxr-xr-x root/root         0 2022-05-28 02:05 usr/share/locale/fr/
drwxr-xr-x root/root         0 2022-05-28 02:05 usr/share/locale/fr/LC_MESSAGES/
-rw-r--r-- root/root     13010 2022-05-28 02:05 usr/share/locale/fr/LC_MESSAGES/plasma-browser-extension.mo
-rw-r--r-- root/root      2727 2022-05-28 02:05 usr/share/locale/fr/LC_MESSAGES/plasma-browser-integration-host.mo
-rw-r--r-- root/root       672 2022-05-28 02:05 usr/share/locale/fr/LC_MESSAGES/plasma-browser-integration-reminder.mo
drwxr-xr-x root/root         0 2022-05-28 02:05 usr/share/locale/gl/
drwxr-xr-x root/root         0 2022-05-28 02:05 usr/share/locale/gl/LC_MESSAGES/
-rw-r--r-- root/root     10616 2022-05-28 02:05 usr/share/locale/gl/LC_MESSAGES/plasma-browser-extension.mo
-rw-r--r-- root/root      2059 2022-05-28 02:05 usr/share/locale/gl/LC_MESSAGES/plasma-browser-integration-host.mo
-rw-r--r-- root/root       595 2022-05-28 02:05 usr/share/locale/gl/LC_MESSAGES/plasma-browser-integration-reminder.mo
drwxr-xr-x root/root         0 2022-05-28 02:05 usr/share/locale/hu/
drwxr-xr-x root/root         0 2022-05-28 02:05 usr/share/locale/hu/LC_MESSAGES/
-rw-r--r-- root/root     12514 2022-05-28 02:05 usr/share/locale/hu/LC_MESSAGES/plasma-browser-extension.mo
-rw-r--r-- root/root      2506 2022-05-28 02:05 usr/share/locale/hu/LC_MESSAGES/plasma-browser-integration-host.mo
-rw-r--r-- root/root       623 2022-05-28 02:05 usr/share/locale/hu/LC_MESSAGES/plasma-browser-integration-reminder.mo
drwxr-xr-x root/root         0 2022-05-28 02:05 usr/share/locale/ia/
drwxr-xr-x root/root         0 2022-05-28 02:05 usr/share/locale/ia/LC_MESSAGES/
-rw-r--r-- root/root     12424 2022-05-28 02:05 usr/share/locale/ia/LC_MESSAGES/plasma-browser-extension.mo
-rw-r--r-- root/root      2561 2022-05-28 02:05 usr/share/locale/ia/LC_MESSAGES/plasma-browser-integration-host.mo
-rw-r--r-- root/root       639 2022-05-28 02:05 usr/share/locale/ia/LC_MESSAGES/plasma-browser-integration-reminder.mo
drwxr-xr-x root/root         0 2022-05-28 02:05 usr/share/locale/id/
drwxr-xr-x root/root         0 2022-05-28 02:05 usr/share/locale/id/LC_MESSAGES/
-rw-r--r-- root/root     10561 2022-05-28 02:05 usr/share/locale/id/LC_MESSAGES/plasma-browser-extension.mo
-rw-r--r-- root/root      2007 2022-05-28 02:05 usr/share/locale/id/LC_MESSAGES/plasma-browser-integration-host.mo
-rw-r--r-- root/root       576 2022-05-28 02:05 usr/share/locale/id/LC_MESSAGES/plasma-browser-integration-reminder.mo
drwxr-xr-x root/root         0 2022-05-28 02:05 usr/share/locale/it/
drwxr-xr-x root/root         0 2022-05-28 02:05 usr/share/locale/it/LC_MESSAGES/
-rw-r--r-- root/root     12449 2022-05-28 02:05 usr/share/locale/it/LC_MESSAGES/plasma-browser-extension.mo
-rw-r--r-- root/root      2571 2022-05-28 02:05 usr/share/locale/it/LC_MESSAGES/plasma-browser-integration-host.mo
-rw-r--r-- root/root       620 2022-05-28 02:05 usr/share/locale/it/LC_MESSAGES/plasma-browser-integration-reminder.mo
drwxr-xr-x root/root         0 2022-05-28 02:05 usr/share/locale/ja/
drwxr-xr-x root/root         0 2022-05-28 02:05 usr/share/locale/ja/LC_MESSAGES/
-rw-r--r-- root/root       467 2022-05-28 02:05 usr/share/locale/ja/LC_MESSAGES/plasma-browser-extension.mo
-rw-r--r-- root/root      2419 2022-05-28 02:05 usr/share/locale/ja/LC_MESSAGES/plasma-browser-integration-host.mo
-rw-r--r-- root/root       481 2022-05-28 02:05 usr/share/locale/ja/LC_MESSAGES/plasma-browser-integration-reminder.mo
drwxr-xr-x root/root         0 2022-05-28 02:05 usr/share/locale/ko/
drwxr-xr-x root/root         0 2022-05-28 02:05 usr/share/locale/ko/LC_MESSAGES/
-rw-r--r-- root/root     12490 2022-05-28 02:05 usr/share/locale/ko/LC_MESSAGES/plasma-browser-extension.mo
-rw-r--r-- root/root      2626 2022-05-28 02:05 usr/share/locale/ko/LC_MESSAGES/plasma-browser-integration-host.mo
-rw-r--r-- root/root       590 2022-05-28 02:05 usr/share/locale/ko/LC_MESSAGES/plasma-browser-integration-reminder.mo
drwxr-xr-x root/root         0 2022-05-28 02:05 usr/share/locale/lt/
drwxr-xr-x root/root         0 2022-05-28 02:05 usr/share/locale/lt/LC_MESSAGES/
-rw-r--r-- root/root     12395 2022-05-28 02:05 usr/share/locale/lt/LC_MESSAGES/plasma-browser-extension.mo
-rw-r--r-- root/root      2520 2022-05-28 02:05 usr/share/locale/lt/LC_MESSAGES/plasma-browser-integration-host.mo
-rw-r--r-- root/root       634 2022-05-28 02:05 usr/share/locale/lt/LC_MESSAGES/plasma-browser-integration-reminder.mo
drwxr-xr-x root/root         0 2022-05-28 02:05 usr/share/locale/nl/
drwxr-xr-x root/root         0 2022-05-28 02:05 usr/share/locale/nl/LC_MESSAGES/
-rw-r--r-- root/root     12143 2022-05-28 02:05 usr/share/locale/nl/LC_MESSAGES/plasma-browser-extension.mo
-rw-r--r-- root/root      2552 2022-05-28 02:05 usr/share/locale/nl/LC_MESSAGES/plasma-browser-integration-host.mo
-rw-r--r-- root/root       595 2022-05-28 02:05 usr/share/locale/nl/LC_MESSAGES/plasma-browser-integration-reminder.mo
drwxr-xr-x root/root         0 2022-05-28 02:05 usr/share/locale/nn/
drwxr-xr-x root/root         0 2022-05-28 02:05 usr/share/locale/nn/LC_MESSAGES/
-rw-r--r-- root/root     11877 2022-05-28 02:05 usr/share/locale/nn/LC_MESSAGES/plasma-browser-extension.mo
-rw-r--r-- root/root      2483 2022-05-28 02:05 usr/share/locale/nn/LC_MESSAGES/plasma-browser-integration-host.mo
-rw-r--r-- root/root       679 2022-05-28 02:05 usr/share/locale/nn/LC_MESSAGES/plasma-browser-integration-reminder.mo
drwxr-xr-x root/root         0 2022-05-28 02:05 usr/share/locale/pl/
drwxr-xr-x root/root         0 2022-05-28 02:05 usr/share/locale/pl/LC_MESSAGES/
-rw-r--r-- root/root     12294 2022-05-28 02:05 usr/share/locale/pl/LC_MESSAGES/plasma-browser-extension.mo
-rw-r--r-- root/root      2583 2022-05-28 02:05 usr/share/locale/pl/LC_MESSAGES/plasma-browser-integration-host.mo
-rw-r--r-- root/root       688 2022-05-28 02:05 usr/share/locale/pl/LC_MESSAGES/plasma-browser-integration-reminder.mo
drwxr-xr-x root/root         0 2022-05-28 02:05 usr/share/locale/pt/
drwxr-xr-x root/root         0 2022-05-28 02:05 usr/share/locale/pt/LC_MESSAGES/
-rw-r--r-- root/root     12581 2022-05-28 02:05 usr/share/locale/pt/LC_MESSAGES/plasma-browser-extension.mo
-rw-r--r-- root/root      2544 2022-05-28 02:05 usr/share/locale/pt/LC_MESSAGES/plasma-browser-integration-host.mo
-rw-r--r-- root/root       598 2022-05-28 02:05 usr/share/locale/pt/LC_MESSAGES/plasma-browser-integration-reminder.mo
drwxr-xr-x root/root         0 2022-05-28 02:05 usr/share/locale/pt_BR/
drwxr-xr-x root/root         0 2022-05-28 02:05 usr/share/locale/pt_BR/LC_MESSAGES/
-rw-r--r-- root/root     12543 2022-05-28 02:05 usr/share/locale/pt_BR/LC_MESSAGES/plasma-browser-extension.mo
-rw-r--r-- root/root      2518 2022-05-28 02:05 usr/share/locale/pt_BR/LC_MESSAGES/plasma-browser-integration-host.mo
-rw-r--r-- root/root       636 2022-05-28 02:05 usr/share/locale/pt_BR/LC_MESSAGES/plasma-browser-integration-reminder.mo
drwxr-xr-x root/root         0 2022-05-28 02:05 usr/share/locale/ro/
drwxr-xr-x root/root         0 2022-05-28 02:05 usr/share/locale/ro/LC_MESSAGES/
-rw-r--r-- root/root     12436 2022-05-28 02:05 usr/share/locale/ro/LC_MESSAGES/plasma-browser-extension.mo
-rw-r--r-- root/root      2544 2022-05-28 02:05 usr/share/locale/ro/LC_MESSAGES/plasma-browser-integration-host.mo
-rw-r--r-- root/root       624 2022-05-28 02:05 usr/share/locale/ro/LC_MESSAGES/plasma-browser-integration-reminder.mo
drwxr-xr-x root/root         0 2022-05-28 02:05 usr/share/locale/ru/
drwxr-xr-x root/root         0 2022-05-28 02:05 usr/share/locale/ru/LC_MESSAGES/
-rw-r--r-- root/root     15870 2022-05-28 02:05 usr/share/locale/ru/LC_MESSAGES/plasma-browser-extension.mo
-rw-r--r-- root/root      3161 2022-05-28 02:05 usr/share/locale/ru/LC_MESSAGES/plasma-browser-integration-host.mo
-rw-r--r-- root/root       777 2022-05-28 02:05 usr/share/locale/ru/LC_MESSAGES/plasma-browser-integration-reminder.mo
drwxr-xr-x root/root         0 2022-05-28 02:05 usr/share/locale/sk/
drwxr-xr-x root/root         0 2022-05-28 02:05 usr/share/locale/sk/LC_MESSAGES/
-rw-r--r-- root/root     12275 2022-05-28 02:05 usr/share/locale/sk/LC_MESSAGES/plasma-browser-extension.mo
-rw-r--r-- root/root      2500 2022-05-28 02:05 usr/share/locale/sk/LC_MESSAGES/plasma-browser-integration-host.mo
-rw-r--r-- root/root       640 2022-05-28 02:05 usr/share/locale/sk/LC_MESSAGES/plasma-browser-integration-reminder.mo
drwxr-xr-x root/root         0 2022-05-28 02:05 usr/share/locale/sl/
drwxr-xr-x root/root         0 2022-05-28 02:05 usr/share/locale/sl/LC_MESSAGES/
-rw-r--r-- root/root     12113 2022-05-28 02:05 usr/share/locale/sl/LC_MESSAGES/plasma-browser-extension.mo
-rw-r--r-- root/root      2522 2022-05-28 02:05 usr/share/locale/sl/LC_MESSAGES/plasma-browser-integration-host.mo
-rw-r--r-- root/root       671 2022-05-28 02:05 usr/share/locale/sl/LC_MESSAGES/plasma-browser-integration-reminder.mo
drwxr-xr-x root/root         0 2022-05-28 02:05 usr/share/locale/sv/
drwxr-xr-x root/root         0 2022-05-28 02:05 usr/share/locale/sv/LC_MESSAGES/
-rw-r--r-- root/root     12198 2022-05-28 02:05 usr/share/locale/sv/LC_MESSAGES/plasma-browser-extension.mo
-rw-r--r-- root/root      2470 2022-05-28 02:05 usr/share/locale/sv/LC_MESSAGES/plasma-browser-integration-host.mo
-rw-r--r-- root/root       611 2022-05-28 02:05 usr/share/locale/sv/LC_MESSAGES/plasma-browser-integration-reminder.mo
drwxr-xr-x root/root         0 2022-05-28 02:05 usr/share/locale/ta/
drwxr-xr-x root/root         0 2022-05-28 02:05 usr/share/locale/ta/LC_MESSAGES/
-rw-r--r-- root/root      1725 2022-05-28 02:05 usr/share/locale/ta/LC_MESSAGES/plasma-browser-extension.mo
-rw-r--r-- root/root      3785 2022-05-28 02:05 usr/share/locale/ta/LC_MESSAGES/plasma-browser-integration-host.mo
-rw-r--r-- root/root       700 2022-05-28 02:05 usr/share/locale/ta/LC_MESSAGES/plasma-browser-integration-reminder.mo
drwxr-xr-x root/root         0 2022-05-28 02:05 usr/share/locale/tg/
drwxr-xr-x root/root         0 2022-05-28 02:05 usr/share/locale/tg/LC_MESSAGES/
-rw-r--r-- root/root       678 2022-05-28 02:05 usr/share/locale/tg/LC_MESSAGES/plasma-browser-integration-reminder.mo
drwxr-xr-x root/root         0 2022-05-28 02:05 usr/share/locale/tr/
drwxr-xr-x root/root         0 2022-05-28 02:05 usr/share/locale/tr/LC_MESSAGES/
-rw-r--r-- root/root     12481 2022-05-28 02:05 usr/share/locale/tr/LC_MESSAGES/plasma-browser-extension.mo
-rw-r--r-- root/root      2467 2022-05-28 02:05 usr/share/locale/tr/LC_MESSAGES/plasma-browser-integration-host.mo
-rw-r--r-- root/root       609 2022-05-28 02:05 usr/share/locale/tr/LC_MESSAGES/plasma-browser-integration-reminder.mo
drwxr-xr-x root/root         0 2022-05-28 02:05 usr/share/locale/uk/
drwxr-xr-x root/root         0 2022-05-28 02:05 usr/share/locale/uk/LC_MESSAGES/
-rw-r--r-- root/root     16376 2022-05-28 02:05 usr/share/locale/uk/LC_MESSAGES/plasma-browser-extension.mo
-rw-r--r-- root/root      3244 2022-05-28 02:05 usr/share/locale/uk/LC_MESSAGES/plasma-browser-integration-host.mo
-rw-r--r-- root/root       753 2022-05-28 02:05 usr/share/locale/uk/LC_MESSAGES/plasma-browser-integration-reminder.mo
drwxr-xr-x root/root         0 2022-05-28 02:05 usr/share/locale/zh_CN/
drwxr-xr-x root/root         0 2022-05-28 02:05 usr/share/locale/zh_CN/LC_MESSAGES/
-rw-r--r-- root/root     11715 2022-05-28 02:05 usr/share/locale/zh_CN/LC_MESSAGES/plasma-browser-extension.mo
-rw-r--r-- root/root      2427 2022-05-28 02:05 usr/share/locale/zh_CN/LC_MESSAGES/plasma-browser-integration-host.mo
-rw-r--r-- root/root       703 2022-05-28 02:05 usr/share/locale/zh_CN/LC_MESSAGES/plasma-browser-integration-reminder.mo
drwxr-xr-x root/root         0 2022-05-28 02:05 usr/share/locale/zh_TW/
drwxr-xr-x root/root         0 2022-05-28 02:05 usr/share/locale/zh_TW/LC_MESSAGES/
-rw-r--r-- root/root      9018 2022-05-28 02:05 usr/share/locale/zh_TW/LC_MESSAGES/plasma-browser-extension.mo
-rw-r--r-- root/root      1904 2022-05-28 02:05 usr/share/locale/zh_TW/LC_MESSAGES/plasma-browser-integration-host.mo
-rw-r--r-- root/root       597 2022-05-28 02:05 usr/share/locale/zh_TW/LC_MESSAGES/plasma-browser-integration-reminder.mo


