++========================================
||
||   Package:  ./plasma/powerdevil-5.24.90-x86_64-1.txz
||
++========================================
drwxr-xr-x root/root         0 2022-05-20 18:04 ./
drwxr-xr-x root/root         0 2022-05-20 18:04 etc/
drwxr-xr-x root/root         0 2022-05-20 18:04 etc/kde/
drwxr-xr-x root/root         0 2022-05-20 18:04 etc/kde/xdg/
drwxr-xr-x root/root         0 2022-05-20 18:04 etc/kde/xdg/autostart/
-rw-r--r-- root/root      5736 2022-05-20 18:04 etc/kde/xdg/autostart/powerdevil.desktop
drwxr-xr-x root/root         0 2022-05-20 18:04 install/
-rw-r--r-- root/root       810 2022-05-20 18:04 install/doinst.sh
-rw-r--r-- root/root       862 2022-05-20 18:04 install/slack-desc
drwxr-xr-x root/root         0 2022-05-20 18:04 usr/
drwxr-xr-x root/root         0 2022-05-20 18:04 usr/doc/
drwxr-xr-x root/root         0 2022-05-20 18:04 usr/doc/HTML/
drwxr-xr-x root/root         0 2022-05-20 18:04 usr/doc/HTML/ca/
drwxr-xr-x root/root         0 2022-05-20 18:04 usr/doc/HTML/ca/kcontrol/
drwxr-xr-x root/root         0 2022-05-20 18:04 usr/doc/HTML/ca/kcontrol/powerdevil/
-rw-r--r-- root/root      3993 2022-05-20 18:04 usr/doc/HTML/ca/kcontrol/powerdevil/index.cache.bz2
-rw-r--r-- root/root     11111 2022-05-19 12:43 usr/doc/HTML/ca/kcontrol/powerdevil/index.docbook
drwxr-xr-x root/root         0 2022-05-20 18:04 usr/doc/HTML/de/
drwxr-xr-x root/root         0 2022-05-20 18:04 usr/doc/HTML/de/kcontrol/
drwxr-xr-x root/root         0 2022-05-20 18:04 usr/doc/HTML/de/kcontrol/powerdevil/
-rw-r--r-- root/root      3871 2022-05-20 18:04 usr/doc/HTML/de/kcontrol/powerdevil/index.cache.bz2
-rw-r--r-- root/root     11054 2022-05-19 12:43 usr/doc/HTML/de/kcontrol/powerdevil/index.docbook
drwxr-xr-x root/root         0 2022-05-20 18:04 usr/doc/HTML/en/
drwxr-xr-x root/root         0 2022-05-20 18:04 usr/doc/HTML/en/kcontrol/
drwxr-xr-x root/root         0 2022-05-20 18:04 usr/doc/HTML/en/kcontrol/powerdevil/
-rw-r--r-- root/root     39164 2022-05-19 12:43 usr/doc/HTML/en/kcontrol/powerdevil/activity.png
-rw-r--r-- root/root     28989 2022-05-19 12:43 usr/doc/HTML/en/kcontrol/powerdevil/advanced.png
-rw-r--r-- root/root     56786 2022-05-19 12:43 usr/doc/HTML/en/kcontrol/powerdevil/energy.png
-rw-r--r-- root/root      3593 2022-05-20 18:04 usr/doc/HTML/en/kcontrol/powerdevil/index.cache.bz2
-rw-r--r-- root/root      9906 2022-05-19 12:43 usr/doc/HTML/en/kcontrol/powerdevil/index.docbook
drwxr-xr-x root/root         0 2022-05-20 18:04 usr/doc/HTML/es/
drwxr-xr-x root/root         0 2022-05-20 18:04 usr/doc/HTML/es/kcontrol/
drwxr-xr-x root/root         0 2022-05-20 18:04 usr/doc/HTML/es/kcontrol/powerdevil/
-rw-r--r-- root/root      3933 2022-05-20 18:04 usr/doc/HTML/es/kcontrol/powerdevil/index.cache.bz2
-rw-r--r-- root/root     11289 2022-05-19 12:43 usr/doc/HTML/es/kcontrol/powerdevil/index.docbook
drwxr-xr-x root/root         0 2022-05-20 18:04 usr/doc/HTML/et/
drwxr-xr-x root/root         0 2022-05-20 18:04 usr/doc/HTML/et/kcontrol/
drwxr-xr-x root/root         0 2022-05-20 18:04 usr/doc/HTML/et/kcontrol/powerdevil/
-rw-r--r-- root/root      3948 2022-05-20 18:04 usr/doc/HTML/et/kcontrol/powerdevil/index.cache.bz2
-rw-r--r-- root/root     10939 2022-05-19 12:43 usr/doc/HTML/et/kcontrol/powerdevil/index.docbook
drwxr-xr-x root/root         0 2022-05-20 18:04 usr/doc/HTML/fr/
drwxr-xr-x root/root         0 2022-05-20 18:04 usr/doc/HTML/fr/kcontrol/
drwxr-xr-x root/root         0 2022-05-20 18:04 usr/doc/HTML/fr/kcontrol/powerdevil/
-rw-r--r-- root/root      4024 2022-05-20 18:04 usr/doc/HTML/fr/kcontrol/powerdevil/index.cache.bz2
-rw-r--r-- root/root     11329 2022-05-19 12:43 usr/doc/HTML/fr/kcontrol/powerdevil/index.docbook
drwxr-xr-x root/root         0 2022-05-20 18:04 usr/doc/HTML/id/
drwxr-xr-x root/root         0 2022-05-20 18:04 usr/doc/HTML/id/kcontrol/
drwxr-xr-x root/root         0 2022-05-20 18:04 usr/doc/HTML/id/kcontrol/powerdevil/
-rw-r--r-- root/root      3766 2022-05-20 18:04 usr/doc/HTML/id/kcontrol/powerdevil/index.cache.bz2
-rw-r--r-- root/root     10781 2022-05-19 12:43 usr/doc/HTML/id/kcontrol/powerdevil/index.docbook
drwxr-xr-x root/root         0 2022-05-20 18:04 usr/doc/HTML/it/
drwxr-xr-x root/root         0 2022-05-20 18:04 usr/doc/HTML/it/kcontrol/
drwxr-xr-x root/root         0 2022-05-20 18:04 usr/doc/HTML/it/kcontrol/powerdevil/
-rw-r--r-- root/root      3850 2022-05-20 18:04 usr/doc/HTML/it/kcontrol/powerdevil/index.cache.bz2
-rw-r--r-- root/root     11021 2022-05-19 12:43 usr/doc/HTML/it/kcontrol/powerdevil/index.docbook
drwxr-xr-x root/root         0 2022-05-20 18:04 usr/doc/HTML/nl/
drwxr-xr-x root/root         0 2022-05-20 18:04 usr/doc/HTML/nl/kcontrol/
drwxr-xr-x root/root         0 2022-05-20 18:04 usr/doc/HTML/nl/kcontrol/powerdevil/
-rw-r--r-- root/root      3956 2022-05-20 18:04 usr/doc/HTML/nl/kcontrol/powerdevil/index.cache.bz2
-rw-r--r-- root/root     10803 2022-05-19 12:43 usr/doc/HTML/nl/kcontrol/powerdevil/index.docbook
drwxr-xr-x root/root         0 2022-05-20 18:04 usr/doc/HTML/pt/
drwxr-xr-x root/root         0 2022-05-20 18:04 usr/doc/HTML/pt/kcontrol/
drwxr-xr-x root/root         0 2022-05-20 18:04 usr/doc/HTML/pt/kcontrol/powerdevil/
-rw-r--r-- root/root      3916 2022-05-20 18:04 usr/doc/HTML/pt/kcontrol/powerdevil/index.cache.bz2
-rw-r--r-- root/root     11161 2022-05-19 12:43 usr/doc/HTML/pt/kcontrol/powerdevil/index.docbook
drwxr-xr-x root/root         0 2022-05-20 18:04 usr/doc/HTML/pt_BR/
drwxr-xr-x root/root         0 2022-05-20 18:04 usr/doc/HTML/pt_BR/kcontrol/
drwxr-xr-x root/root         0 2022-05-20 18:04 usr/doc/HTML/pt_BR/kcontrol/powerdevil/
-rw-r--r-- root/root      3966 2022-05-20 18:04 usr/doc/HTML/pt_BR/kcontrol/powerdevil/index.cache.bz2
-rw-r--r-- root/root     11632 2022-05-19 12:43 usr/doc/HTML/pt_BR/kcontrol/powerdevil/index.docbook
drwxr-xr-x root/root         0 2022-05-20 18:04 usr/doc/HTML/ru/
drwxr-xr-x root/root         0 2022-05-20 18:04 usr/doc/HTML/ru/kcontrol/
drwxr-xr-x root/root         0 2022-05-20 18:04 usr/doc/HTML/ru/kcontrol/powerdevil/
-rw-r--r-- root/root     43710 2022-05-19 12:43 usr/doc/HTML/ru/kcontrol/powerdevil/activity.png
-rw-r--r-- root/root     40274 2022-05-19 12:43 usr/doc/HTML/ru/kcontrol/powerdevil/advanced.png
-rw-r--r-- root/root     76715 2022-05-19 12:43 usr/doc/HTML/ru/kcontrol/powerdevil/energy.png
-rw-r--r-- root/root      4007 2022-05-20 18:04 usr/doc/HTML/ru/kcontrol/powerdevil/index.cache.bz2
-rw-r--r-- root/root     15759 2022-05-19 12:43 usr/doc/HTML/ru/kcontrol/powerdevil/index.docbook
drwxr-xr-x root/root         0 2022-05-20 18:04 usr/doc/HTML/sv/
drwxr-xr-x root/root         0 2022-05-20 18:04 usr/doc/HTML/sv/kcontrol/
drwxr-xr-x root/root         0 2022-05-20 18:04 usr/doc/HTML/sv/kcontrol/powerdevil/
-rw-r--r-- root/root      3727 2022-05-20 18:04 usr/doc/HTML/sv/kcontrol/powerdevil/index.cache.bz2
-rw-r--r-- root/root     10766 2022-05-19 12:43 usr/doc/HTML/sv/kcontrol/powerdevil/index.docbook
drwxr-xr-x root/root         0 2022-05-20 18:04 usr/doc/HTML/uk/
drwxr-xr-x root/root         0 2022-05-20 18:04 usr/doc/HTML/uk/kcontrol/
drwxr-xr-x root/root         0 2022-05-20 18:04 usr/doc/HTML/uk/kcontrol/powerdevil/
-rw-r--r-- root/root     23587 2022-05-19 12:43 usr/doc/HTML/uk/kcontrol/powerdevil/activity.png
-rw-r--r-- root/root     17457 2022-05-19 12:43 usr/doc/HTML/uk/kcontrol/powerdevil/advanced.png
-rw-r--r-- root/root     22272 2022-05-19 12:43 usr/doc/HTML/uk/kcontrol/powerdevil/energy.png
-rw-r--r-- root/root      4153 2022-05-20 18:04 usr/doc/HTML/uk/kcontrol/powerdevil/index.cache.bz2
-rw-r--r-- root/root     15721 2022-05-19 12:43 usr/doc/HTML/uk/kcontrol/powerdevil/index.docbook
drwxr-xr-x root/root         0 2022-05-20 18:04 usr/doc/powerdevil-5.24.90/
-rw-r--r-- root/root     18273 2022-05-19 12:43 usr/doc/powerdevil-5.24.90/COPYING
drwxr-xr-x root/root         0 2022-05-20 18:04 usr/lib/
drwxr-xr-x root/root         0 2022-05-20 18:04 usr/lib/systemd/
drwxr-xr-x root/root         0 2022-05-20 18:04 usr/lib/systemd/user/
-rw-r--r-- root/root       252 2022-05-20 18:04 usr/lib/systemd/user/plasma-powerdevil.service
drwxr-xr-x root/root         0 2022-05-20 18:04 usr/lib64/
drwxr-xr-x root/root         0 2022-05-20 18:04 usr/lib64/libexec/
drwxr-xr-x root/root         0 2022-05-20 18:04 usr/lib64/libexec/kauth/
-rwxr-xr-x root/root     39792 2022-05-20 18:04 usr/lib64/libexec/kauth/backlighthelper
-rwxr-xr-x root/root     31408 2022-05-20 18:04 usr/lib64/libexec/kauth/chargethresholdhelper
-rwxr-xr-x root/root     18824 2022-05-20 18:04 usr/lib64/libexec/kauth/discretegpuhelper
-rwxr-xr-x root/root     81432 2022-05-20 18:04 usr/lib64/libexec/org_kde_powerdevil
-rwxr-xr-x root/root     77120 2022-05-20 18:04 usr/lib64/libpowerdevilconfigcommonprivate.so.5.24.90
-rwxr-xr-x root/root    473448 2022-05-20 18:04 usr/lib64/libpowerdevilcore.so.5.24.90
-rwxr-xr-x root/root     18608 2022-05-20 18:04 usr/lib64/libpowerdevilui.so.5.24.90
drwxr-xr-x root/root         0 2022-05-20 18:04 usr/lib64/qt5/
drwxr-xr-x root/root         0 2022-05-20 18:04 usr/lib64/qt5/plugins/
-rwxr-xr-x root/root     81544 2022-05-20 18:04 usr/lib64/qt5/plugins/kcm_powerdevilactivitiesconfig.so
-rwxr-xr-x root/root     72952 2022-05-20 18:04 usr/lib64/qt5/plugins/kcm_powerdevilglobalconfig.so
-rwxr-xr-x root/root     72936 2022-05-20 18:04 usr/lib64/qt5/plugins/kcm_powerdevilprofilesconfig.so
drwxr-xr-x root/root         0 2022-05-20 18:04 usr/lib64/qt5/plugins/kf5/
drwxr-xr-x root/root         0 2022-05-20 18:04 usr/lib64/qt5/plugins/kf5/powerdevil/
-rwxr-xr-x root/root    147560 2022-05-20 18:04 usr/lib64/qt5/plugins/kf5/powerdevil/powerdevilupowerbackend.so
-rwxr-xr-x root/root     27200 2022-05-20 18:04 usr/lib64/qt5/plugins/powerdevilbrightnesscontrolaction_config.so
-rwxr-xr-x root/root     23064 2022-05-20 18:04 usr/lib64/qt5/plugins/powerdevildimdisplayaction_config.so
-rwxr-xr-x root/root     23032 2022-05-20 18:04 usr/lib64/qt5/plugins/powerdevildpmsaction_config.so
-rwxr-xr-x root/root     47984 2022-05-20 18:04 usr/lib64/qt5/plugins/powerdevilhandlebuttoneventsaction_config.so
-rwxr-xr-x root/root     31296 2022-05-20 18:04 usr/lib64/qt5/plugins/powerdevilkeyboardbrightnesscontrolaction_config.so
-rwxr-xr-x root/root     39768 2022-05-20 18:04 usr/lib64/qt5/plugins/powerdevilpowerprofileaction_config.so
-rwxr-xr-x root/root     31400 2022-05-20 18:04 usr/lib64/qt5/plugins/powerdevilrunscriptaction_config.so
-rwxr-xr-x root/root     31464 2022-05-20 18:04 usr/lib64/qt5/plugins/powerdevilsuspendsessionaction_config.so
-rwxr-xr-x root/root     31320 2022-05-20 18:04 usr/lib64/qt5/plugins/powerdevilwirelesspowersavingaction_config.so
drwxr-xr-x root/root         0 2022-05-20 18:04 usr/share/
drwxr-xr-x root/root         0 2022-05-20 18:04 usr/share/dbus-1/
drwxr-xr-x root/root         0 2022-05-20 18:04 usr/share/dbus-1/system-services/
-rw-r--r-- root/root       112 2022-05-20 18:04 usr/share/dbus-1/system-services/org.kde.powerdevil.backlighthelper.service
-rw-r--r-- root/root       124 2022-05-20 18:04 usr/share/dbus-1/system-services/org.kde.powerdevil.chargethresholdhelper.service
-rw-r--r-- root/root       116 2022-05-20 18:04 usr/share/dbus-1/system-services/org.kde.powerdevil.discretegpuhelper.service
drwxr-xr-x root/root         0 2022-05-20 18:04 usr/share/dbus-1/system.d/
-rw-r--r-- root/root       313 2022-05-20 18:04 usr/share/dbus-1/system.d/org.kde.powerdevil.backlighthelper.conf
-rw-r--r-- root/root       319 2022-05-20 18:04 usr/share/dbus-1/system.d/org.kde.powerdevil.chargethresholdhelper.conf
-rw-r--r-- root/root       315 2022-05-20 18:04 usr/share/dbus-1/system.d/org.kde.powerdevil.discretegpuhelper.conf
drwxr-xr-x root/root         0 2022-05-20 18:04 usr/share/knotifications5/
-rw-r--r-- root/root     50808 2022-05-19 12:43 usr/share/knotifications5/powerdevil.notifyrc
drwxr-xr-x root/root         0 2022-05-20 18:04 usr/share/kservices5/
-rw-r--r-- root/root     20910 2022-05-19 12:43 usr/share/kservices5/powerdevilactivitiesconfig.desktop
-rw-r--r-- root/root      4665 2022-05-19 12:43 usr/share/kservices5/powerdevilbrightnesscontrolaction.desktop
-rw-r--r-- root/root      5226 2022-05-19 12:43 usr/share/kservices5/powerdevildimdisplayaction.desktop
-rw-r--r-- root/root      4827 2022-05-19 12:43 usr/share/kservices5/powerdevildpmsaction.desktop
-rw-r--r-- root/root     17918 2022-05-19 12:43 usr/share/kservices5/powerdevilglobalconfig.desktop
-rw-r--r-- root/root      6189 2022-05-19 12:43 usr/share/kservices5/powerdevilhandlebuttoneventsaction.desktop
-rw-r--r-- root/root      6150 2022-05-19 12:43 usr/share/kservices5/powerdevilkeyboardbrightnesscontrolaction.desktop
-rw-r--r-- root/root      3847 2022-05-19 12:43 usr/share/kservices5/powerdevilpowerprofileaction.desktop
-rw-r--r-- root/root     16871 2022-05-19 12:43 usr/share/kservices5/powerdevilprofilesconfig.desktop
-rw-r--r-- root/root      4329 2022-05-19 12:43 usr/share/kservices5/powerdevilrunscriptaction.desktop
-rw-r--r-- root/root      4151 2022-05-19 12:43 usr/share/kservices5/powerdevilsuspendsessionaction.desktop
-rw-r--r-- root/root      4482 2022-05-19 12:43 usr/share/kservices5/powerdevilwirelesspowersavingaction.desktop
drwxr-xr-x root/root         0 2022-05-20 18:04 usr/share/kservicetypes5/
-rw-r--r-- root/root      3250 2022-05-19 12:43 usr/share/kservicetypes5/powerdevilaction.desktop
drwxr-xr-x root/root         0 2022-05-20 18:04 usr/share/locale/
drwxr-xr-x root/root         0 2022-05-20 18:04 usr/share/locale/ar/
drwxr-xr-x root/root         0 2022-05-20 18:04 usr/share/locale/ar/LC_MESSAGES/
-rw-r--r-- root/root       695 2022-05-20 18:04 usr/share/locale/ar/LC_MESSAGES/libpowerdevilcommonconfig.mo
-rw-r--r-- root/root      8635 2022-05-20 18:04 usr/share/locale/ar/LC_MESSAGES/powerdevil.mo
-rw-r--r-- root/root      2716 2022-05-20 18:04 usr/share/locale/ar/LC_MESSAGES/powerdevilactivitiesconfig.mo
-rw-r--r-- root/root      3585 2022-05-20 18:04 usr/share/locale/ar/LC_MESSAGES/powerdevilglobalconfig.mo
-rw-r--r-- root/root      1542 2022-05-20 18:04 usr/share/locale/ar/LC_MESSAGES/powerdevilprofilesconfig.mo
drwxr-xr-x root/root         0 2022-05-20 18:04 usr/share/locale/as/
drwxr-xr-x root/root         0 2022-05-20 18:04 usr/share/locale/as/LC_MESSAGES/
-rw-r--r-- root/root       690 2022-05-20 18:04 usr/share/locale/as/LC_MESSAGES/powerdevil.mo
drwxr-xr-x root/root         0 2022-05-20 18:04 usr/share/locale/ast/
drwxr-xr-x root/root         0 2022-05-20 18:04 usr/share/locale/ast/LC_MESSAGES/
-rw-r--r-- root/root       610 2022-05-20 18:04 usr/share/locale/ast/LC_MESSAGES/libpowerdevilcommonconfig.mo
-rw-r--r-- root/root      4373 2022-05-20 18:04 usr/share/locale/ast/LC_MESSAGES/powerdevil.mo
-rw-r--r-- root/root      2013 2022-05-20 18:04 usr/share/locale/ast/LC_MESSAGES/powerdevilactivitiesconfig.mo
-rw-r--r-- root/root      1252 2022-05-20 18:04 usr/share/locale/ast/LC_MESSAGES/powerdevilprofilesconfig.mo
drwxr-xr-x root/root         0 2022-05-20 18:04 usr/share/locale/az/
drwxr-xr-x root/root         0 2022-05-20 18:04 usr/share/locale/az/LC_MESSAGES/
-rw-r--r-- root/root       601 2022-05-20 18:04 usr/share/locale/az/LC_MESSAGES/libpowerdevilcommonconfig.mo
-rw-r--r-- root/root      8162 2022-05-20 18:04 usr/share/locale/az/LC_MESSAGES/powerdevil.mo
-rw-r--r-- root/root      2461 2022-05-20 18:04 usr/share/locale/az/LC_MESSAGES/powerdevilactivitiesconfig.mo
-rw-r--r-- root/root      3171 2022-05-20 18:04 usr/share/locale/az/LC_MESSAGES/powerdevilglobalconfig.mo
-rw-r--r-- root/root      1421 2022-05-20 18:04 usr/share/locale/az/LC_MESSAGES/powerdevilprofilesconfig.mo
drwxr-xr-x root/root         0 2022-05-20 18:04 usr/share/locale/be@latin/
drwxr-xr-x root/root         0 2022-05-20 18:04 usr/share/locale/be@latin/LC_MESSAGES/
-rw-r--r-- root/root       758 2022-05-20 18:04 usr/share/locale/be@latin/LC_MESSAGES/powerdevil.mo
drwxr-xr-x root/root         0 2022-05-20 18:04 usr/share/locale/bg/
drwxr-xr-x root/root         0 2022-05-20 18:04 usr/share/locale/bg/LC_MESSAGES/
-rw-r--r-- root/root      3645 2022-05-20 18:04 usr/share/locale/bg/LC_MESSAGES/powerdevil.mo
-rw-r--r-- root/root      2480 2022-05-20 18:04 usr/share/locale/bg/LC_MESSAGES/powerdevilactivitiesconfig.mo
-rw-r--r-- root/root      1416 2022-05-20 18:04 usr/share/locale/bg/LC_MESSAGES/powerdevilglobalconfig.mo
-rw-r--r-- root/root      1678 2022-05-20 18:04 usr/share/locale/bg/LC_MESSAGES/powerdevilprofilesconfig.mo
drwxr-xr-x root/root         0 2022-05-20 18:04 usr/share/locale/bn/
drwxr-xr-x root/root         0 2022-05-20 18:04 usr/share/locale/bn/LC_MESSAGES/
-rw-r--r-- root/root       689 2022-05-20 18:04 usr/share/locale/bn/LC_MESSAGES/powerdevil.mo
drwxr-xr-x root/root         0 2022-05-20 18:04 usr/share/locale/bn_IN/
drwxr-xr-x root/root         0 2022-05-20 18:04 usr/share/locale/bn_IN/LC_MESSAGES/
-rw-r--r-- root/root       702 2022-05-20 18:04 usr/share/locale/bn_IN/LC_MESSAGES/powerdevil.mo
drwxr-xr-x root/root         0 2022-05-20 18:04 usr/share/locale/bs/
drwxr-xr-x root/root         0 2022-05-20 18:04 usr/share/locale/bs/LC_MESSAGES/
-rw-r--r-- root/root       724 2022-05-20 18:04 usr/share/locale/bs/LC_MESSAGES/libpowerdevilcommonconfig.mo
-rw-r--r-- root/root      2981 2022-05-20 18:04 usr/share/locale/bs/LC_MESSAGES/powerdevil.mo
-rw-r--r-- root/root      1972 2022-05-20 18:04 usr/share/locale/bs/LC_MESSAGES/powerdevilactivitiesconfig.mo
-rw-r--r-- root/root      1211 2022-05-20 18:04 usr/share/locale/bs/LC_MESSAGES/powerdevilglobalconfig.mo
-rw-r--r-- root/root      1352 2022-05-20 18:04 usr/share/locale/bs/LC_MESSAGES/powerdevilprofilesconfig.mo
drwxr-xr-x root/root         0 2022-05-20 18:04 usr/share/locale/ca/
drwxr-xr-x root/root         0 2022-05-20 18:04 usr/share/locale/ca/LC_MESSAGES/
-rw-r--r-- root/root       628 2022-05-20 18:04 usr/share/locale/ca/LC_MESSAGES/libpowerdevilcommonconfig.mo
-rw-r--r-- root/root      7894 2022-05-20 18:04 usr/share/locale/ca/LC_MESSAGES/powerdevil.mo
-rw-r--r-- root/root      2522 2022-05-20 18:04 usr/share/locale/ca/LC_MESSAGES/powerdevilactivitiesconfig.mo
-rw-r--r-- root/root      3070 2022-05-20 18:04 usr/share/locale/ca/LC_MESSAGES/powerdevilglobalconfig.mo
-rw-r--r-- root/root      1441 2022-05-20 18:04 usr/share/locale/ca/LC_MESSAGES/powerdevilprofilesconfig.mo
drwxr-xr-x root/root         0 2022-05-20 18:04 usr/share/locale/ca@valencia/
drwxr-xr-x root/root         0 2022-05-20 18:04 usr/share/locale/ca@valencia/LC_MESSAGES/
-rw-r--r-- root/root       637 2022-05-20 18:04 usr/share/locale/ca@valencia/LC_MESSAGES/libpowerdevilcommonconfig.mo
-rw-r--r-- root/root      6928 2022-05-20 18:04 usr/share/locale/ca@valencia/LC_MESSAGES/powerdevil.mo
-rw-r--r-- root/root      2399 2022-05-20 18:04 usr/share/locale/ca@valencia/LC_MESSAGES/powerdevilactivitiesconfig.mo
-rw-r--r-- root/root      1779 2022-05-20 18:04 usr/share/locale/ca@valencia/LC_MESSAGES/powerdevilglobalconfig.mo
-rw-r--r-- root/root      1306 2022-05-20 18:04 usr/share/locale/ca@valencia/LC_MESSAGES/powerdevilprofilesconfig.mo
drwxr-xr-x root/root         0 2022-05-20 18:04 usr/share/locale/cs/
drwxr-xr-x root/root         0 2022-05-20 18:04 usr/share/locale/cs/LC_MESSAGES/
-rw-r--r-- root/root       595 2022-05-20 18:04 usr/share/locale/cs/LC_MESSAGES/libpowerdevilcommonconfig.mo
-rw-r--r-- root/root      7173 2022-05-20 18:04 usr/share/locale/cs/LC_MESSAGES/powerdevil.mo
-rw-r--r-- root/root      2358 2022-05-20 18:04 usr/share/locale/cs/LC_MESSAGES/powerdevilactivitiesconfig.mo
-rw-r--r-- root/root      2246 2022-05-20 18:04 usr/share/locale/cs/LC_MESSAGES/powerdevilglobalconfig.mo
-rw-r--r-- root/root      1399 2022-05-20 18:04 usr/share/locale/cs/LC_MESSAGES/powerdevilprofilesconfig.mo
drwxr-xr-x root/root         0 2022-05-20 18:04 usr/share/locale/da/
drwxr-xr-x root/root         0 2022-05-20 18:04 usr/share/locale/da/LC_MESSAGES/
-rw-r--r-- root/root       588 2022-05-20 18:04 usr/share/locale/da/LC_MESSAGES/libpowerdevilcommonconfig.mo
-rw-r--r-- root/root      7643 2022-05-20 18:04 usr/share/locale/da/LC_MESSAGES/powerdevil.mo
-rw-r--r-- root/root      2358 2022-05-20 18:04 usr/share/locale/da/LC_MESSAGES/powerdevilactivitiesconfig.mo
-rw-r--r-- root/root      2979 2022-05-20 18:04 usr/share/locale/da/LC_MESSAGES/powerdevilglobalconfig.mo
-rw-r--r-- root/root      1360 2022-05-20 18:04 usr/share/locale/da/LC_MESSAGES/powerdevilprofilesconfig.mo
drwxr-xr-x root/root         0 2022-05-20 18:04 usr/share/locale/de/
drwxr-xr-x root/root         0 2022-05-20 18:04 usr/share/locale/de/LC_MESSAGES/
-rw-r--r-- root/root       564 2022-05-20 18:04 usr/share/locale/de/LC_MESSAGES/libpowerdevilcommonconfig.mo
-rw-r--r-- root/root      8317 2022-05-20 18:04 usr/share/locale/de/LC_MESSAGES/powerdevil.mo
-rw-r--r-- root/root      2473 2022-05-20 18:04 usr/share/locale/de/LC_MESSAGES/powerdevilactivitiesconfig.mo
-rw-r--r-- root/root      3084 2022-05-20 18:04 usr/share/locale/de/LC_MESSAGES/powerdevilglobalconfig.mo
-rw-r--r-- root/root      1453 2022-05-20 18:04 usr/share/locale/de/LC_MESSAGES/powerdevilprofilesconfig.mo
drwxr-xr-x root/root         0 2022-05-20 18:04 usr/share/locale/el/
drwxr-xr-x root/root         0 2022-05-20 18:04 usr/share/locale/el/LC_MESSAGES/
-rw-r--r-- root/root       633 2022-05-20 18:04 usr/share/locale/el/LC_MESSAGES/libpowerdevilcommonconfig.mo
-rw-r--r-- root/root     10261 2022-05-20 18:04 usr/share/locale/el/LC_MESSAGES/powerdevil.mo
-rw-r--r-- root/root      3207 2022-05-20 18:04 usr/share/locale/el/LC_MESSAGES/powerdevilactivitiesconfig.mo
-rw-r--r-- root/root      3806 2022-05-20 18:04 usr/share/locale/el/LC_MESSAGES/powerdevilglobalconfig.mo
-rw-r--r-- root/root      1739 2022-05-20 18:04 usr/share/locale/el/LC_MESSAGES/powerdevilprofilesconfig.mo
drwxr-xr-x root/root         0 2022-05-20 18:04 usr/share/locale/en_GB/
drwxr-xr-x root/root         0 2022-05-20 18:04 usr/share/locale/en_GB/LC_MESSAGES/
-rw-r--r-- root/root       572 2022-05-20 18:04 usr/share/locale/en_GB/LC_MESSAGES/libpowerdevilcommonconfig.mo
-rw-r--r-- root/root      7546 2022-05-20 18:04 usr/share/locale/en_GB/LC_MESSAGES/powerdevil.mo
-rw-r--r-- root/root      2337 2022-05-20 18:04 usr/share/locale/en_GB/LC_MESSAGES/powerdevilactivitiesconfig.mo
-rw-r--r-- root/root      2971 2022-05-20 18:04 usr/share/locale/en_GB/LC_MESSAGES/powerdevilglobalconfig.mo
-rw-r--r-- root/root      1404 2022-05-20 18:04 usr/share/locale/en_GB/LC_MESSAGES/powerdevilprofilesconfig.mo
drwxr-xr-x root/root         0 2022-05-20 18:04 usr/share/locale/eo/
drwxr-xr-x root/root         0 2022-05-20 18:04 usr/share/locale/eo/LC_MESSAGES/
-rw-r--r-- root/root       828 2022-05-20 18:04 usr/share/locale/eo/LC_MESSAGES/powerdevil.mo
drwxr-xr-x root/root         0 2022-05-20 18:04 usr/share/locale/es/
drwxr-xr-x root/root         0 2022-05-20 18:04 usr/share/locale/es/LC_MESSAGES/
-rw-r--r-- root/root       617 2022-05-20 18:04 usr/share/locale/es/LC_MESSAGES/libpowerdevilcommonconfig.mo
-rw-r--r-- root/root      7917 2022-05-20 18:04 usr/share/locale/es/LC_MESSAGES/powerdevil.mo
-rw-r--r-- root/root      2494 2022-05-20 18:04 usr/share/locale/es/LC_MESSAGES/powerdevilactivitiesconfig.mo
-rw-r--r-- root/root      3072 2022-05-20 18:04 usr/share/locale/es/LC_MESSAGES/powerdevilglobalconfig.mo
-rw-r--r-- root/root      1430 2022-05-20 18:04 usr/share/locale/es/LC_MESSAGES/powerdevilprofilesconfig.mo
drwxr-xr-x root/root         0 2022-05-20 18:04 usr/share/locale/et/
drwxr-xr-x root/root         0 2022-05-20 18:04 usr/share/locale/et/LC_MESSAGES/
-rw-r--r-- root/root       566 2022-05-20 18:04 usr/share/locale/et/LC_MESSAGES/libpowerdevilcommonconfig.mo
-rw-r--r-- root/root      7506 2022-05-20 18:04 usr/share/locale/et/LC_MESSAGES/powerdevil.mo
-rw-r--r-- root/root      2276 2022-05-20 18:04 usr/share/locale/et/LC_MESSAGES/powerdevilactivitiesconfig.mo
-rw-r--r-- root/root      2857 2022-05-20 18:04 usr/share/locale/et/LC_MESSAGES/powerdevilglobalconfig.mo
-rw-r--r-- root/root      1281 2022-05-20 18:04 usr/share/locale/et/LC_MESSAGES/powerdevilprofilesconfig.mo
drwxr-xr-x root/root         0 2022-05-20 18:04 usr/share/locale/eu/
drwxr-xr-x root/root         0 2022-05-20 18:04 usr/share/locale/eu/LC_MESSAGES/
-rw-r--r-- root/root       620 2022-05-20 18:04 usr/share/locale/eu/LC_MESSAGES/libpowerdevilcommonconfig.mo
-rw-r--r-- root/root      7841 2022-05-20 18:04 usr/share/locale/eu/LC_MESSAGES/powerdevil.mo
-rw-r--r-- root/root      2508 2022-05-20 18:04 usr/share/locale/eu/LC_MESSAGES/powerdevilactivitiesconfig.mo
-rw-r--r-- root/root      2989 2022-05-20 18:04 usr/share/locale/eu/LC_MESSAGES/powerdevilglobalconfig.mo
-rw-r--r-- root/root      1424 2022-05-20 18:04 usr/share/locale/eu/LC_MESSAGES/powerdevilprofilesconfig.mo
drwxr-xr-x root/root         0 2022-05-20 18:04 usr/share/locale/fi/
drwxr-xr-x root/root         0 2022-05-20 18:04 usr/share/locale/fi/LC_MESSAGES/
-rw-r--r-- root/root       581 2022-05-20 18:04 usr/share/locale/fi/LC_MESSAGES/libpowerdevilcommonconfig.mo
-rw-r--r-- root/root      7919 2022-05-20 18:04 usr/share/locale/fi/LC_MESSAGES/powerdevil.mo
-rw-r--r-- root/root      2481 2022-05-20 18:04 usr/share/locale/fi/LC_MESSAGES/powerdevilactivitiesconfig.mo
-rw-r--r-- root/root      3099 2022-05-20 18:04 usr/share/locale/fi/LC_MESSAGES/powerdevilglobalconfig.mo
-rw-r--r-- root/root      1496 2022-05-20 18:04 usr/share/locale/fi/LC_MESSAGES/powerdevilprofilesconfig.mo
drwxr-xr-x root/root         0 2022-05-20 18:04 usr/share/locale/fr/
drwxr-xr-x root/root         0 2022-05-20 18:04 usr/share/locale/fr/LC_MESSAGES/
-rw-r--r-- root/root       665 2022-05-20 18:04 usr/share/locale/fr/LC_MESSAGES/libpowerdevilcommonconfig.mo
-rw-r--r-- root/root      8207 2022-05-20 18:04 usr/share/locale/fr/LC_MESSAGES/powerdevil.mo
-rw-r--r-- root/root      2637 2022-05-20 18:04 usr/share/locale/fr/LC_MESSAGES/powerdevilactivitiesconfig.mo
-rw-r--r-- root/root      3314 2022-05-20 18:04 usr/share/locale/fr/LC_MESSAGES/powerdevilglobalconfig.mo
-rw-r--r-- root/root      1549 2022-05-20 18:04 usr/share/locale/fr/LC_MESSAGES/powerdevilprofilesconfig.mo
drwxr-xr-x root/root         0 2022-05-20 18:04 usr/share/locale/fy/
drwxr-xr-x root/root         0 2022-05-20 18:04 usr/share/locale/fy/LC_MESSAGES/
-rw-r--r-- root/root       604 2022-05-20 18:04 usr/share/locale/fy/LC_MESSAGES/powerdevil.mo
drwxr-xr-x root/root         0 2022-05-20 18:04 usr/share/locale/ga/
drwxr-xr-x root/root         0 2022-05-20 18:04 usr/share/locale/ga/LC_MESSAGES/
-rw-r--r-- root/root      1833 2022-05-20 18:04 usr/share/locale/ga/LC_MESSAGES/powerdevil.mo
-rw-r--r-- root/root       785 2022-05-20 18:04 usr/share/locale/ga/LC_MESSAGES/powerdevilactivitiesconfig.mo
-rw-r--r-- root/root      1176 2022-05-20 18:04 usr/share/locale/ga/LC_MESSAGES/powerdevilglobalconfig.mo
-rw-r--r-- root/root       620 2022-05-20 18:04 usr/share/locale/ga/LC_MESSAGES/powerdevilprofilesconfig.mo
drwxr-xr-x root/root         0 2022-05-20 18:04 usr/share/locale/gl/
drwxr-xr-x root/root         0 2022-05-20 18:04 usr/share/locale/gl/LC_MESSAGES/
-rw-r--r-- root/root       571 2022-05-20 18:04 usr/share/locale/gl/LC_MESSAGES/libpowerdevilcommonconfig.mo
-rw-r--r-- root/root      6887 2022-05-20 18:04 usr/share/locale/gl/LC_MESSAGES/powerdevil.mo
-rw-r--r-- root/root      2285 2022-05-20 18:04 usr/share/locale/gl/LC_MESSAGES/powerdevilactivitiesconfig.mo
-rw-r--r-- root/root      1676 2022-05-20 18:04 usr/share/locale/gl/LC_MESSAGES/powerdevilglobalconfig.mo
-rw-r--r-- root/root      1284 2022-05-20 18:04 usr/share/locale/gl/LC_MESSAGES/powerdevilprofilesconfig.mo
drwxr-xr-x root/root         0 2022-05-20 18:04 usr/share/locale/gu/
drwxr-xr-x root/root         0 2022-05-20 18:04 usr/share/locale/gu/LC_MESSAGES/
-rw-r--r-- root/root      1979 2022-05-20 18:04 usr/share/locale/gu/LC_MESSAGES/powerdevil.mo
-rw-r--r-- root/root       886 2022-05-20 18:04 usr/share/locale/gu/LC_MESSAGES/powerdevilglobalconfig.mo
-rw-r--r-- root/root       789 2022-05-20 18:04 usr/share/locale/gu/LC_MESSAGES/powerdevilprofilesconfig.mo
drwxr-xr-x root/root         0 2022-05-20 18:04 usr/share/locale/he/
drwxr-xr-x root/root         0 2022-05-20 18:04 usr/share/locale/he/LC_MESSAGES/
-rw-r--r-- root/root       631 2022-05-20 18:04 usr/share/locale/he/LC_MESSAGES/libpowerdevilcommonconfig.mo
-rw-r--r-- root/root      4219 2022-05-20 18:04 usr/share/locale/he/LC_MESSAGES/powerdevil.mo
-rw-r--r-- root/root      1290 2022-05-20 18:04 usr/share/locale/he/LC_MESSAGES/powerdevilactivitiesconfig.mo
-rw-r--r-- root/root      1797 2022-05-20 18:04 usr/share/locale/he/LC_MESSAGES/powerdevilglobalconfig.mo
-rw-r--r-- root/root       892 2022-05-20 18:04 usr/share/locale/he/LC_MESSAGES/powerdevilprofilesconfig.mo
drwxr-xr-x root/root         0 2022-05-20 18:04 usr/share/locale/hi/
drwxr-xr-x root/root         0 2022-05-20 18:04 usr/share/locale/hi/LC_MESSAGES/
-rw-r--r-- root/root       795 2022-05-20 18:04 usr/share/locale/hi/LC_MESSAGES/powerdevil.mo
drwxr-xr-x root/root         0 2022-05-20 18:04 usr/share/locale/hr/
drwxr-xr-x root/root         0 2022-05-20 18:04 usr/share/locale/hr/LC_MESSAGES/
-rw-r--r-- root/root      1862 2022-05-20 18:04 usr/share/locale/hr/LC_MESSAGES/powerdevil.mo
-rw-r--r-- root/root      1324 2022-05-20 18:04 usr/share/locale/hr/LC_MESSAGES/powerdevilglobalconfig.mo
-rw-r--r-- root/root       884 2022-05-20 18:04 usr/share/locale/hr/LC_MESSAGES/powerdevilprofilesconfig.mo
drwxr-xr-x root/root         0 2022-05-20 18:04 usr/share/locale/hsb/
drwxr-xr-x root/root         0 2022-05-20 18:04 usr/share/locale/hsb/LC_MESSAGES/
-rw-r--r-- root/root      7016 2022-05-20 18:04 usr/share/locale/hsb/LC_MESSAGES/powerdevil.mo
drwxr-xr-x root/root         0 2022-05-20 18:04 usr/share/locale/hu/
drwxr-xr-x root/root         0 2022-05-20 18:04 usr/share/locale/hu/LC_MESSAGES/
-rw-r--r-- root/root       588 2022-05-20 18:04 usr/share/locale/hu/LC_MESSAGES/libpowerdevilcommonconfig.mo
-rw-r--r-- root/root      8126 2022-05-20 18:04 usr/share/locale/hu/LC_MESSAGES/powerdevil.mo
-rw-r--r-- root/root      2530 2022-05-20 18:04 usr/share/locale/hu/LC_MESSAGES/powerdevilactivitiesconfig.mo
-rw-r--r-- root/root      3108 2022-05-20 18:04 usr/share/locale/hu/LC_MESSAGES/powerdevilglobalconfig.mo
-rw-r--r-- root/root      1399 2022-05-20 18:04 usr/share/locale/hu/LC_MESSAGES/powerdevilprofilesconfig.mo
drwxr-xr-x root/root         0 2022-05-20 18:04 usr/share/locale/ia/
drwxr-xr-x root/root         0 2022-05-20 18:04 usr/share/locale/ia/LC_MESSAGES/
-rw-r--r-- root/root       597 2022-05-20 18:04 usr/share/locale/ia/LC_MESSAGES/libpowerdevilcommonconfig.mo
-rw-r--r-- root/root      7968 2022-05-20 18:04 usr/share/locale/ia/LC_MESSAGES/powerdevil.mo
-rw-r--r-- root/root      2430 2022-05-20 18:04 usr/share/locale/ia/LC_MESSAGES/powerdevilactivitiesconfig.mo
-rw-r--r-- root/root      3029 2022-05-20 18:04 usr/share/locale/ia/LC_MESSAGES/powerdevilglobalconfig.mo
-rw-r--r-- root/root      1385 2022-05-20 18:04 usr/share/locale/ia/LC_MESSAGES/powerdevilprofilesconfig.mo
drwxr-xr-x root/root         0 2022-05-20 18:04 usr/share/locale/id/
drwxr-xr-x root/root         0 2022-05-20 18:04 usr/share/locale/id/LC_MESSAGES/
-rw-r--r-- root/root       567 2022-05-20 18:04 usr/share/locale/id/LC_MESSAGES/libpowerdevilcommonconfig.mo
-rw-r--r-- root/root      7564 2022-05-20 18:04 usr/share/locale/id/LC_MESSAGES/powerdevil.mo
-rw-r--r-- root/root      2381 2022-05-20 18:04 usr/share/locale/id/LC_MESSAGES/powerdevilactivitiesconfig.mo
-rw-r--r-- root/root      2995 2022-05-20 18:04 usr/share/locale/id/LC_MESSAGES/powerdevilglobalconfig.mo
-rw-r--r-- root/root      1351 2022-05-20 18:04 usr/share/locale/id/LC_MESSAGES/powerdevilprofilesconfig.mo
drwxr-xr-x root/root         0 2022-05-20 18:04 usr/share/locale/it/
drwxr-xr-x root/root         0 2022-05-20 18:04 usr/share/locale/it/LC_MESSAGES/
-rw-r--r-- root/root       608 2022-05-20 18:04 usr/share/locale/it/LC_MESSAGES/libpowerdevilcommonconfig.mo
-rw-r--r-- root/root      7927 2022-05-20 18:04 usr/share/locale/it/LC_MESSAGES/powerdevil.mo
-rw-r--r-- root/root      2447 2022-05-20 18:04 usr/share/locale/it/LC_MESSAGES/powerdevilactivitiesconfig.mo
-rw-r--r-- root/root      3126 2022-05-20 18:04 usr/share/locale/it/LC_MESSAGES/powerdevilglobalconfig.mo
-rw-r--r-- root/root      1428 2022-05-20 18:04 usr/share/locale/it/LC_MESSAGES/powerdevilprofilesconfig.mo
drwxr-xr-x root/root         0 2022-05-20 18:04 usr/share/locale/ja/
drwxr-xr-x root/root         0 2022-05-20 18:04 usr/share/locale/ja/LC_MESSAGES/
-rw-r--r-- root/root       480 2022-05-20 18:04 usr/share/locale/ja/LC_MESSAGES/libpowerdevilcommonconfig.mo
-rw-r--r-- root/root      6459 2022-05-20 18:04 usr/share/locale/ja/LC_MESSAGES/powerdevil.mo
-rw-r--r-- root/root      1971 2022-05-20 18:04 usr/share/locale/ja/LC_MESSAGES/powerdevilactivitiesconfig.mo
-rw-r--r-- root/root      1897 2022-05-20 18:04 usr/share/locale/ja/LC_MESSAGES/powerdevilglobalconfig.mo
-rw-r--r-- root/root      1363 2022-05-20 18:04 usr/share/locale/ja/LC_MESSAGES/powerdevilprofilesconfig.mo
drwxr-xr-x root/root         0 2022-05-20 18:04 usr/share/locale/kk/
drwxr-xr-x root/root         0 2022-05-20 18:04 usr/share/locale/kk/LC_MESSAGES/
-rw-r--r-- root/root       609 2022-05-20 18:04 usr/share/locale/kk/LC_MESSAGES/libpowerdevilcommonconfig.mo
-rw-r--r-- root/root      3488 2022-05-20 18:04 usr/share/locale/kk/LC_MESSAGES/powerdevil.mo
-rw-r--r-- root/root      2228 2022-05-20 18:04 usr/share/locale/kk/LC_MESSAGES/powerdevilactivitiesconfig.mo
-rw-r--r-- root/root      1257 2022-05-20 18:04 usr/share/locale/kk/LC_MESSAGES/powerdevilglobalconfig.mo
-rw-r--r-- root/root      1444 2022-05-20 18:04 usr/share/locale/kk/LC_MESSAGES/powerdevilprofilesconfig.mo
drwxr-xr-x root/root         0 2022-05-20 18:04 usr/share/locale/km/
drwxr-xr-x root/root         0 2022-05-20 18:04 usr/share/locale/km/LC_MESSAGES/
-rw-r--r-- root/root      2622 2022-05-20 18:04 usr/share/locale/km/LC_MESSAGES/powerdevil.mo
-rw-r--r-- root/root      3083 2022-05-20 18:04 usr/share/locale/km/LC_MESSAGES/powerdevilactivitiesconfig.mo
-rw-r--r-- root/root      1657 2022-05-20 18:04 usr/share/locale/km/LC_MESSAGES/powerdevilglobalconfig.mo
-rw-r--r-- root/root      1941 2022-05-20 18:04 usr/share/locale/km/LC_MESSAGES/powerdevilprofilesconfig.mo
drwxr-xr-x root/root         0 2022-05-20 18:04 usr/share/locale/ko/
drwxr-xr-x root/root         0 2022-05-20 18:04 usr/share/locale/ko/LC_MESSAGES/
-rw-r--r-- root/root       530 2022-05-20 18:04 usr/share/locale/ko/LC_MESSAGES/libpowerdevilcommonconfig.mo
-rw-r--r-- root/root      8011 2022-05-20 18:04 usr/share/locale/ko/LC_MESSAGES/powerdevil.mo
-rw-r--r-- root/root      2361 2022-05-20 18:04 usr/share/locale/ko/LC_MESSAGES/powerdevilactivitiesconfig.mo
-rw-r--r-- root/root      3092 2022-05-20 18:04 usr/share/locale/ko/LC_MESSAGES/powerdevilglobalconfig.mo
-rw-r--r-- root/root      1394 2022-05-20 18:04 usr/share/locale/ko/LC_MESSAGES/powerdevilprofilesconfig.mo
drwxr-xr-x root/root         0 2022-05-20 18:04 usr/share/locale/ku/
drwxr-xr-x root/root         0 2022-05-20 18:04 usr/share/locale/ku/LC_MESSAGES/
-rw-r--r-- root/root       659 2022-05-20 18:04 usr/share/locale/ku/LC_MESSAGES/powerdevil.mo
drwxr-xr-x root/root         0 2022-05-20 18:04 usr/share/locale/lt/
drwxr-xr-x root/root         0 2022-05-20 18:04 usr/share/locale/lt/LC_MESSAGES/
-rw-r--r-- root/root       644 2022-05-20 18:04 usr/share/locale/lt/LC_MESSAGES/libpowerdevilcommonconfig.mo
-rw-r--r-- root/root      8180 2022-05-20 18:04 usr/share/locale/lt/LC_MESSAGES/powerdevil.mo
-rw-r--r-- root/root      2502 2022-05-20 18:04 usr/share/locale/lt/LC_MESSAGES/powerdevilactivitiesconfig.mo
-rw-r--r-- root/root      3245 2022-05-20 18:04 usr/share/locale/lt/LC_MESSAGES/powerdevilglobalconfig.mo
-rw-r--r-- root/root      1472 2022-05-20 18:04 usr/share/locale/lt/LC_MESSAGES/powerdevilprofilesconfig.mo
drwxr-xr-x root/root         0 2022-05-20 18:04 usr/share/locale/lv/
drwxr-xr-x root/root         0 2022-05-20 18:04 usr/share/locale/lv/LC_MESSAGES/
-rw-r--r-- root/root      1741 2022-05-20 18:04 usr/share/locale/lv/LC_MESSAGES/powerdevil.mo
-rw-r--r-- root/root      1245 2022-05-20 18:04 usr/share/locale/lv/LC_MESSAGES/powerdevilglobalconfig.mo
-rw-r--r-- root/root       682 2022-05-20 18:04 usr/share/locale/lv/LC_MESSAGES/powerdevilprofilesconfig.mo
drwxr-xr-x root/root         0 2022-05-20 18:04 usr/share/locale/mai/
drwxr-xr-x root/root         0 2022-05-20 18:04 usr/share/locale/mai/LC_MESSAGES/
-rw-r--r-- root/root       668 2022-05-20 18:04 usr/share/locale/mai/LC_MESSAGES/powerdevil.mo
drwxr-xr-x root/root         0 2022-05-20 18:04 usr/share/locale/ml/
drwxr-xr-x root/root         0 2022-05-20 18:04 usr/share/locale/ml/LC_MESSAGES/
-rw-r--r-- root/root       512 2022-05-20 18:04 usr/share/locale/ml/LC_MESSAGES/libpowerdevilcommonconfig.mo
-rw-r--r-- root/root      1075 2022-05-20 18:04 usr/share/locale/ml/LC_MESSAGES/powerdevil.mo
-rw-r--r-- root/root       657 2022-05-20 18:04 usr/share/locale/ml/LC_MESSAGES/powerdevilactivitiesconfig.mo
-rw-r--r-- root/root       657 2022-05-20 18:04 usr/share/locale/ml/LC_MESSAGES/powerdevilglobalconfig.mo
-rw-r--r-- root/root       657 2022-05-20 18:04 usr/share/locale/ml/LC_MESSAGES/powerdevilprofilesconfig.mo
drwxr-xr-x root/root         0 2022-05-20 18:04 usr/share/locale/mr/
drwxr-xr-x root/root         0 2022-05-20 18:04 usr/share/locale/mr/LC_MESSAGES/
-rw-r--r-- root/root      3857 2022-05-20 18:04 usr/share/locale/mr/LC_MESSAGES/powerdevil.mo
-rw-r--r-- root/root      1624 2022-05-20 18:04 usr/share/locale/mr/LC_MESSAGES/powerdevilactivitiesconfig.mo
-rw-r--r-- root/root      1621 2022-05-20 18:04 usr/share/locale/mr/LC_MESSAGES/powerdevilglobalconfig.mo
-rw-r--r-- root/root       934 2022-05-20 18:04 usr/share/locale/mr/LC_MESSAGES/powerdevilprofilesconfig.mo
drwxr-xr-x root/root         0 2022-05-20 18:04 usr/share/locale/ms/
drwxr-xr-x root/root         0 2022-05-20 18:04 usr/share/locale/ms/LC_MESSAGES/
-rw-r--r-- root/root       689 2022-05-20 18:04 usr/share/locale/ms/LC_MESSAGES/powerdevil.mo
-rw-r--r-- root/root       743 2022-05-20 18:04 usr/share/locale/ms/LC_MESSAGES/powerdevilglobalconfig.mo
-rw-r--r-- root/root       619 2022-05-20 18:04 usr/share/locale/ms/LC_MESSAGES/powerdevilprofilesconfig.mo
drwxr-xr-x root/root         0 2022-05-20 18:04 usr/share/locale/nb/
drwxr-xr-x root/root         0 2022-05-20 18:04 usr/share/locale/nb/LC_MESSAGES/
-rw-r--r-- root/root       669 2022-05-20 18:04 usr/share/locale/nb/LC_MESSAGES/libpowerdevilcommonconfig.mo
-rw-r--r-- root/root      4216 2022-05-20 18:04 usr/share/locale/nb/LC_MESSAGES/powerdevil.mo
-rw-r--r-- root/root      1969 2022-05-20 18:04 usr/share/locale/nb/LC_MESSAGES/powerdevilactivitiesconfig.mo
-rw-r--r-- root/root      1964 2022-05-20 18:04 usr/share/locale/nb/LC_MESSAGES/powerdevilglobalconfig.mo
-rw-r--r-- root/root      1487 2022-05-20 18:04 usr/share/locale/nb/LC_MESSAGES/powerdevilprofilesconfig.mo
drwxr-xr-x root/root         0 2022-05-20 18:04 usr/share/locale/nds/
drwxr-xr-x root/root         0 2022-05-20 18:04 usr/share/locale/nds/LC_MESSAGES/
-rw-r--r-- root/root       570 2022-05-20 18:04 usr/share/locale/nds/LC_MESSAGES/libpowerdevilcommonconfig.mo
-rw-r--r-- root/root      2753 2022-05-20 18:04 usr/share/locale/nds/LC_MESSAGES/powerdevil.mo
-rw-r--r-- root/root      1852 2022-05-20 18:04 usr/share/locale/nds/LC_MESSAGES/powerdevilactivitiesconfig.mo
-rw-r--r-- root/root      1217 2022-05-20 18:04 usr/share/locale/nds/LC_MESSAGES/powerdevilglobalconfig.mo
-rw-r--r-- root/root      1251 2022-05-20 18:04 usr/share/locale/nds/LC_MESSAGES/powerdevilprofilesconfig.mo
drwxr-xr-x root/root         0 2022-05-20 18:04 usr/share/locale/nl/
drwxr-xr-x root/root         0 2022-05-20 18:04 usr/share/locale/nl/LC_MESSAGES/
-rw-r--r-- root/root       592 2022-05-20 18:04 usr/share/locale/nl/LC_MESSAGES/libpowerdevilcommonconfig.mo
-rw-r--r-- root/root      8004 2022-05-20 18:04 usr/share/locale/nl/LC_MESSAGES/powerdevil.mo
-rw-r--r-- root/root      2375 2022-05-20 18:04 usr/share/locale/nl/LC_MESSAGES/powerdevilactivitiesconfig.mo
-rw-r--r-- root/root      2997 2022-05-20 18:04 usr/share/locale/nl/LC_MESSAGES/powerdevilglobalconfig.mo
-rw-r--r-- root/root      1364 2022-05-20 18:04 usr/share/locale/nl/LC_MESSAGES/powerdevilprofilesconfig.mo
drwxr-xr-x root/root         0 2022-05-20 18:04 usr/share/locale/nn/
drwxr-xr-x root/root         0 2022-05-20 18:04 usr/share/locale/nn/LC_MESSAGES/
-rw-r--r-- root/root       654 2022-05-20 18:04 usr/share/locale/nn/LC_MESSAGES/libpowerdevilcommonconfig.mo
-rw-r--r-- root/root      7940 2022-05-20 18:04 usr/share/locale/nn/LC_MESSAGES/powerdevil.mo
-rw-r--r-- root/root      2408 2022-05-20 18:04 usr/share/locale/nn/LC_MESSAGES/powerdevilactivitiesconfig.mo
-rw-r--r-- root/root      3176 2022-05-20 18:04 usr/share/locale/nn/LC_MESSAGES/powerdevilglobalconfig.mo
-rw-r--r-- root/root      1473 2022-05-20 18:04 usr/share/locale/nn/LC_MESSAGES/powerdevilprofilesconfig.mo
drwxr-xr-x root/root         0 2022-05-20 18:04 usr/share/locale/pa/
drwxr-xr-x root/root         0 2022-05-20 18:04 usr/share/locale/pa/LC_MESSAGES/
-rw-r--r-- root/root       655 2022-05-20 18:04 usr/share/locale/pa/LC_MESSAGES/libpowerdevilcommonconfig.mo
-rw-r--r-- root/root     10362 2022-05-20 18:04 usr/share/locale/pa/LC_MESSAGES/powerdevil.mo
-rw-r--r-- root/root      3117 2022-05-20 18:04 usr/share/locale/pa/LC_MESSAGES/powerdevilactivitiesconfig.mo
-rw-r--r-- root/root      4116 2022-05-20 18:04 usr/share/locale/pa/LC_MESSAGES/powerdevilglobalconfig.mo
-rw-r--r-- root/root      1726 2022-05-20 18:04 usr/share/locale/pa/LC_MESSAGES/powerdevilprofilesconfig.mo
drwxr-xr-x root/root         0 2022-05-20 18:04 usr/share/locale/pl/
drwxr-xr-x root/root         0 2022-05-20 18:04 usr/share/locale/pl/LC_MESSAGES/
-rw-r--r-- root/root       656 2022-05-20 18:04 usr/share/locale/pl/LC_MESSAGES/libpowerdevilcommonconfig.mo
-rw-r--r-- root/root      7903 2022-05-20 18:04 usr/share/locale/pl/LC_MESSAGES/powerdevil.mo
-rw-r--r-- root/root      2536 2022-05-20 18:04 usr/share/locale/pl/LC_MESSAGES/powerdevilactivitiesconfig.mo
-rw-r--r-- root/root      3165 2022-05-20 18:04 usr/share/locale/pl/LC_MESSAGES/powerdevilglobalconfig.mo
-rw-r--r-- root/root      1479 2022-05-20 18:04 usr/share/locale/pl/LC_MESSAGES/powerdevilprofilesconfig.mo
drwxr-xr-x root/root         0 2022-05-20 18:04 usr/share/locale/pt/
drwxr-xr-x root/root         0 2022-05-20 18:04 usr/share/locale/pt/LC_MESSAGES/
-rw-r--r-- root/root       608 2022-05-20 18:04 usr/share/locale/pt/LC_MESSAGES/libpowerdevilcommonconfig.mo
-rw-r--r-- root/root      8299 2022-05-20 18:04 usr/share/locale/pt/LC_MESSAGES/powerdevil.mo
-rw-r--r-- root/root      2476 2022-05-20 18:04 usr/share/locale/pt/LC_MESSAGES/powerdevilactivitiesconfig.mo
-rw-r--r-- root/root      3072 2022-05-20 18:04 usr/share/locale/pt/LC_MESSAGES/powerdevilglobalconfig.mo
-rw-r--r-- root/root      1428 2022-05-20 18:04 usr/share/locale/pt/LC_MESSAGES/powerdevilprofilesconfig.mo
drwxr-xr-x root/root         0 2022-05-20 18:04 usr/share/locale/pt_BR/
drwxr-xr-x root/root         0 2022-05-20 18:04 usr/share/locale/pt_BR/LC_MESSAGES/
-rw-r--r-- root/root       658 2022-05-20 18:04 usr/share/locale/pt_BR/LC_MESSAGES/libpowerdevilcommonconfig.mo
-rw-r--r-- root/root      7975 2022-05-20 18:04 usr/share/locale/pt_BR/LC_MESSAGES/powerdevil.mo
-rw-r--r-- root/root      2524 2022-05-20 18:04 usr/share/locale/pt_BR/LC_MESSAGES/powerdevilactivitiesconfig.mo
-rw-r--r-- root/root      3096 2022-05-20 18:04 usr/share/locale/pt_BR/LC_MESSAGES/powerdevilglobalconfig.mo
-rw-r--r-- root/root      1468 2022-05-20 18:04 usr/share/locale/pt_BR/LC_MESSAGES/powerdevilprofilesconfig.mo
drwxr-xr-x root/root         0 2022-05-20 18:04 usr/share/locale/ro/
drwxr-xr-x root/root         0 2022-05-20 18:04 usr/share/locale/ro/LC_MESSAGES/
-rw-r--r-- root/root       601 2022-05-20 18:04 usr/share/locale/ro/LC_MESSAGES/libpowerdevilcommonconfig.mo
-rw-r--r-- root/root      7957 2022-05-20 18:04 usr/share/locale/ro/LC_MESSAGES/powerdevil.mo
-rw-r--r-- root/root      2465 2022-05-20 18:04 usr/share/locale/ro/LC_MESSAGES/powerdevilactivitiesconfig.mo
-rw-r--r-- root/root      3146 2022-05-20 18:04 usr/share/locale/ro/LC_MESSAGES/powerdevilglobalconfig.mo
-rw-r--r-- root/root      1439 2022-05-20 18:04 usr/share/locale/ro/LC_MESSAGES/powerdevilprofilesconfig.mo
drwxr-xr-x root/root         0 2022-05-20 18:04 usr/share/locale/ru/
drwxr-xr-x root/root         0 2022-05-20 18:04 usr/share/locale/ru/LC_MESSAGES/
-rw-r--r-- root/root       722 2022-05-20 18:04 usr/share/locale/ru/LC_MESSAGES/libpowerdevilcommonconfig.mo
-rw-r--r-- root/root     10594 2022-05-20 18:04 usr/share/locale/ru/LC_MESSAGES/powerdevil.mo
-rw-r--r-- root/root      3118 2022-05-20 18:04 usr/share/locale/ru/LC_MESSAGES/powerdevilactivitiesconfig.mo
-rw-r--r-- root/root      3987 2022-05-20 18:04 usr/share/locale/ru/LC_MESSAGES/powerdevilglobalconfig.mo
-rw-r--r-- root/root      1771 2022-05-20 18:04 usr/share/locale/ru/LC_MESSAGES/powerdevilprofilesconfig.mo
drwxr-xr-x root/root         0 2022-05-20 18:04 usr/share/locale/si/
drwxr-xr-x root/root         0 2022-05-20 18:04 usr/share/locale/si/LC_MESSAGES/
-rw-r--r-- root/root       917 2022-05-20 18:04 usr/share/locale/si/LC_MESSAGES/powerdevil.mo
drwxr-xr-x root/root         0 2022-05-20 18:04 usr/share/locale/sk/
drwxr-xr-x root/root         0 2022-05-20 18:04 usr/share/locale/sk/LC_MESSAGES/
-rw-r--r-- root/root       636 2022-05-20 18:04 usr/share/locale/sk/LC_MESSAGES/libpowerdevilcommonconfig.mo
-rw-r--r-- root/root      7910 2022-05-20 18:04 usr/share/locale/sk/LC_MESSAGES/powerdevil.mo
-rw-r--r-- root/root      2400 2022-05-20 18:04 usr/share/locale/sk/LC_MESSAGES/powerdevilactivitiesconfig.mo
-rw-r--r-- root/root      3085 2022-05-20 18:04 usr/share/locale/sk/LC_MESSAGES/powerdevilglobalconfig.mo
-rw-r--r-- root/root      1463 2022-05-20 18:04 usr/share/locale/sk/LC_MESSAGES/powerdevilprofilesconfig.mo
drwxr-xr-x root/root         0 2022-05-20 18:04 usr/share/locale/sl/
drwxr-xr-x root/root         0 2022-05-20 18:04 usr/share/locale/sl/LC_MESSAGES/
-rw-r--r-- root/root       647 2022-05-20 18:04 usr/share/locale/sl/LC_MESSAGES/libpowerdevilcommonconfig.mo
-rw-r--r-- root/root      8231 2022-05-20 18:04 usr/share/locale/sl/LC_MESSAGES/powerdevil.mo
-rw-r--r-- root/root      2514 2022-05-20 18:04 usr/share/locale/sl/LC_MESSAGES/powerdevilactivitiesconfig.mo
-rw-r--r-- root/root      3198 2022-05-20 18:04 usr/share/locale/sl/LC_MESSAGES/powerdevilglobalconfig.mo
-rw-r--r-- root/root      1542 2022-05-20 18:04 usr/share/locale/sl/LC_MESSAGES/powerdevilprofilesconfig.mo
drwxr-xr-x root/root         0 2022-05-20 18:04 usr/share/locale/sq/
drwxr-xr-x root/root         0 2022-05-20 18:04 usr/share/locale/sq/LC_MESSAGES/
-rw-r--r-- root/root       775 2022-05-20 18:04 usr/share/locale/sq/LC_MESSAGES/powerdevil.mo
drwxr-xr-x root/root         0 2022-05-20 18:04 usr/share/locale/sr/
drwxr-xr-x root/root         0 2022-05-20 18:04 usr/share/locale/sr/LC_MESSAGES/
-rw-r--r-- root/root       771 2022-05-20 18:04 usr/share/locale/sr/LC_MESSAGES/libpowerdevilcommonconfig.mo
-rw-r--r-- root/root      4795 2022-05-20 18:04 usr/share/locale/sr/LC_MESSAGES/powerdevil.mo
-rw-r--r-- root/root      2805 2022-05-20 18:04 usr/share/locale/sr/LC_MESSAGES/powerdevilactivitiesconfig.mo
-rw-r--r-- root/root      2595 2022-05-20 18:04 usr/share/locale/sr/LC_MESSAGES/powerdevilglobalconfig.mo
-rw-r--r-- root/root      2061 2022-05-20 18:04 usr/share/locale/sr/LC_MESSAGES/powerdevilprofilesconfig.mo
drwxr-xr-x root/root         0 2022-05-20 18:04 usr/share/locale/sr@ijekavian/
drwxr-xr-x root/root         0 2022-05-20 18:04 usr/share/locale/sr@ijekavian/LC_MESSAGES/
-rw-r--r-- root/root       781 2022-05-20 18:04 usr/share/locale/sr@ijekavian/LC_MESSAGES/libpowerdevilcommonconfig.mo
-rw-r--r-- root/root      4821 2022-05-20 18:04 usr/share/locale/sr@ijekavian/LC_MESSAGES/powerdevil.mo
-rw-r--r-- root/root      2815 2022-05-20 18:04 usr/share/locale/sr@ijekavian/LC_MESSAGES/powerdevilactivitiesconfig.mo
-rw-r--r-- root/root      2607 2022-05-20 18:04 usr/share/locale/sr@ijekavian/LC_MESSAGES/powerdevilglobalconfig.mo
-rw-r--r-- root/root      2079 2022-05-20 18:04 usr/share/locale/sr@ijekavian/LC_MESSAGES/powerdevilprofilesconfig.mo
drwxr-xr-x root/root         0 2022-05-20 18:04 usr/share/locale/sr@ijekavianlatin/
drwxr-xr-x root/root         0 2022-05-20 18:04 usr/share/locale/sr@ijekavianlatin/LC_MESSAGES/
-rw-r--r-- root/root       745 2022-05-20 18:04 usr/share/locale/sr@ijekavianlatin/LC_MESSAGES/libpowerdevilcommonconfig.mo
-rw-r--r-- root/root      4107 2022-05-20 18:04 usr/share/locale/sr@ijekavianlatin/LC_MESSAGES/powerdevil.mo
-rw-r--r-- root/root      2367 2022-05-20 18:04 usr/share/locale/sr@ijekavianlatin/LC_MESSAGES/powerdevilactivitiesconfig.mo
-rw-r--r-- root/root      2223 2022-05-20 18:04 usr/share/locale/sr@ijekavianlatin/LC_MESSAGES/powerdevilglobalconfig.mo
-rw-r--r-- root/root      1752 2022-05-20 18:04 usr/share/locale/sr@ijekavianlatin/LC_MESSAGES/powerdevilprofilesconfig.mo
drwxr-xr-x root/root         0 2022-05-20 18:04 usr/share/locale/sr@latin/
drwxr-xr-x root/root         0 2022-05-20 18:04 usr/share/locale/sr@latin/LC_MESSAGES/
-rw-r--r-- root/root       736 2022-05-20 18:04 usr/share/locale/sr@latin/LC_MESSAGES/libpowerdevilcommonconfig.mo
-rw-r--r-- root/root      4090 2022-05-20 18:04 usr/share/locale/sr@latin/LC_MESSAGES/powerdevil.mo
-rw-r--r-- root/root      2358 2022-05-20 18:04 usr/share/locale/sr@latin/LC_MESSAGES/powerdevilactivitiesconfig.mo
-rw-r--r-- root/root      2213 2022-05-20 18:04 usr/share/locale/sr@latin/LC_MESSAGES/powerdevilglobalconfig.mo
-rw-r--r-- root/root      1739 2022-05-20 18:04 usr/share/locale/sr@latin/LC_MESSAGES/powerdevilprofilesconfig.mo
drwxr-xr-x root/root         0 2022-05-20 18:04 usr/share/locale/sv/
drwxr-xr-x root/root         0 2022-05-20 18:04 usr/share/locale/sv/LC_MESSAGES/
-rw-r--r-- root/root       595 2022-05-20 18:04 usr/share/locale/sv/LC_MESSAGES/libpowerdevilcommonconfig.mo
-rw-r--r-- root/root      7708 2022-05-20 18:04 usr/share/locale/sv/LC_MESSAGES/powerdevil.mo
-rw-r--r-- root/root      2402 2022-05-20 18:04 usr/share/locale/sv/LC_MESSAGES/powerdevilactivitiesconfig.mo
-rw-r--r-- root/root      2995 2022-05-20 18:04 usr/share/locale/sv/LC_MESSAGES/powerdevilglobalconfig.mo
-rw-r--r-- root/root      1419 2022-05-20 18:04 usr/share/locale/sv/LC_MESSAGES/powerdevilprofilesconfig.mo
drwxr-xr-x root/root         0 2022-05-20 18:04 usr/share/locale/ta/
drwxr-xr-x root/root         0 2022-05-20 18:04 usr/share/locale/ta/LC_MESSAGES/
-rw-r--r-- root/root       660 2022-05-20 18:04 usr/share/locale/ta/LC_MESSAGES/libpowerdevilcommonconfig.mo
-rw-r--r-- root/root     10175 2022-05-20 18:04 usr/share/locale/ta/LC_MESSAGES/powerdevil.mo
-rw-r--r-- root/root      3586 2022-05-20 18:04 usr/share/locale/ta/LC_MESSAGES/powerdevilactivitiesconfig.mo
-rw-r--r-- root/root      4650 2022-05-20 18:04 usr/share/locale/ta/LC_MESSAGES/powerdevilglobalconfig.mo
-rw-r--r-- root/root      1980 2022-05-20 18:04 usr/share/locale/ta/LC_MESSAGES/powerdevilprofilesconfig.mo
drwxr-xr-x root/root         0 2022-05-20 18:04 usr/share/locale/te/
drwxr-xr-x root/root         0 2022-05-20 18:04 usr/share/locale/te/LC_MESSAGES/
-rw-r--r-- root/root       660 2022-05-20 18:04 usr/share/locale/te/LC_MESSAGES/powerdevil.mo
drwxr-xr-x root/root         0 2022-05-20 18:04 usr/share/locale/tg/
drwxr-xr-x root/root         0 2022-05-20 18:04 usr/share/locale/tg/LC_MESSAGES/
-rw-r--r-- root/root       634 2022-05-20 18:04 usr/share/locale/tg/LC_MESSAGES/libpowerdevilcommonconfig.mo
-rw-r--r-- root/root      1966 2022-05-20 18:04 usr/share/locale/tg/LC_MESSAGES/powerdevil.mo
-rw-r--r-- root/root       890 2022-05-20 18:04 usr/share/locale/tg/LC_MESSAGES/powerdevilactivitiesconfig.mo
-rw-r--r-- root/root       666 2022-05-20 18:04 usr/share/locale/tg/LC_MESSAGES/powerdevilglobalconfig.mo
-rw-r--r-- root/root       707 2022-05-20 18:04 usr/share/locale/tg/LC_MESSAGES/powerdevilprofilesconfig.mo
drwxr-xr-x root/root         0 2022-05-20 18:04 usr/share/locale/th/
drwxr-xr-x root/root         0 2022-05-20 18:04 usr/share/locale/th/LC_MESSAGES/
-rw-r--r-- root/root      2186 2022-05-20 18:04 usr/share/locale/th/LC_MESSAGES/powerdevil.mo
-rw-r--r-- root/root      1718 2022-05-20 18:04 usr/share/locale/th/LC_MESSAGES/powerdevilglobalconfig.mo
-rw-r--r-- root/root       750 2022-05-20 18:04 usr/share/locale/th/LC_MESSAGES/powerdevilprofilesconfig.mo
drwxr-xr-x root/root         0 2022-05-20 18:04 usr/share/locale/tr/
drwxr-xr-x root/root         0 2022-05-20 18:04 usr/share/locale/tr/LC_MESSAGES/
-rw-r--r-- root/root       569 2022-05-20 18:04 usr/share/locale/tr/LC_MESSAGES/libpowerdevilcommonconfig.mo
-rw-r--r-- root/root      7615 2022-05-20 18:04 usr/share/locale/tr/LC_MESSAGES/powerdevil.mo
-rw-r--r-- root/root      2407 2022-05-20 18:04 usr/share/locale/tr/LC_MESSAGES/powerdevilactivitiesconfig.mo
-rw-r--r-- root/root      3071 2022-05-20 18:04 usr/share/locale/tr/LC_MESSAGES/powerdevilglobalconfig.mo
-rw-r--r-- root/root      1388 2022-05-20 18:04 usr/share/locale/tr/LC_MESSAGES/powerdevilprofilesconfig.mo
drwxr-xr-x root/root         0 2022-05-20 18:04 usr/share/locale/ug/
drwxr-xr-x root/root         0 2022-05-20 18:04 usr/share/locale/ug/LC_MESSAGES/
-rw-r--r-- root/root       422 2022-05-20 18:04 usr/share/locale/ug/LC_MESSAGES/libpowerdevilcommonconfig.mo
-rw-r--r-- root/root      2354 2022-05-20 18:04 usr/share/locale/ug/LC_MESSAGES/powerdevil.mo
-rw-r--r-- root/root       818 2022-05-20 18:04 usr/share/locale/ug/LC_MESSAGES/powerdevilactivitiesconfig.mo
-rw-r--r-- root/root      1328 2022-05-20 18:04 usr/share/locale/ug/LC_MESSAGES/powerdevilglobalconfig.mo
-rw-r--r-- root/root       896 2022-05-20 18:04 usr/share/locale/ug/LC_MESSAGES/powerdevilprofilesconfig.mo
drwxr-xr-x root/root         0 2022-05-20 18:04 usr/share/locale/uk/
drwxr-xr-x root/root         0 2022-05-20 18:04 usr/share/locale/uk/LC_MESSAGES/
-rw-r--r-- root/root       753 2022-05-20 18:04 usr/share/locale/uk/LC_MESSAGES/libpowerdevilcommonconfig.mo
-rw-r--r-- root/root     10691 2022-05-20 18:04 usr/share/locale/uk/LC_MESSAGES/powerdevil.mo
-rw-r--r-- root/root      3112 2022-05-20 18:04 usr/share/locale/uk/LC_MESSAGES/powerdevilactivitiesconfig.mo
-rw-r--r-- root/root      4014 2022-05-20 18:04 usr/share/locale/uk/LC_MESSAGES/powerdevilglobalconfig.mo
-rw-r--r-- root/root      1749 2022-05-20 18:04 usr/share/locale/uk/LC_MESSAGES/powerdevilprofilesconfig.mo
drwxr-xr-x root/root         0 2022-05-20 18:04 usr/share/locale/wa/
drwxr-xr-x root/root         0 2022-05-20 18:04 usr/share/locale/wa/LC_MESSAGES/
-rw-r--r-- root/root      1642 2022-05-20 18:04 usr/share/locale/wa/LC_MESSAGES/powerdevil.mo
-rw-r--r-- root/root      1133 2022-05-20 18:04 usr/share/locale/wa/LC_MESSAGES/powerdevilglobalconfig.mo
-rw-r--r-- root/root       637 2022-05-20 18:04 usr/share/locale/wa/LC_MESSAGES/powerdevilprofilesconfig.mo
drwxr-xr-x root/root         0 2022-05-20 18:04 usr/share/locale/zh_CN/
drwxr-xr-x root/root         0 2022-05-20 18:04 usr/share/locale/zh_CN/LC_MESSAGES/
-rw-r--r-- root/root       668 2022-05-20 18:04 usr/share/locale/zh_CN/LC_MESSAGES/libpowerdevilcommonconfig.mo
-rw-r--r-- root/root      7349 2022-05-20 18:04 usr/share/locale/zh_CN/LC_MESSAGES/powerdevil.mo
-rw-r--r-- root/root      2363 2022-05-20 18:04 usr/share/locale/zh_CN/LC_MESSAGES/powerdevilactivitiesconfig.mo
-rw-r--r-- root/root      2938 2022-05-20 18:04 usr/share/locale/zh_CN/LC_MESSAGES/powerdevilglobalconfig.mo
-rw-r--r-- root/root      1431 2022-05-20 18:04 usr/share/locale/zh_CN/LC_MESSAGES/powerdevilprofilesconfig.mo
drwxr-xr-x root/root         0 2022-05-20 18:04 usr/share/locale/zh_TW/
drwxr-xr-x root/root         0 2022-05-20 18:04 usr/share/locale/zh_TW/LC_MESSAGES/
-rw-r--r-- root/root       590 2022-05-20 18:04 usr/share/locale/zh_TW/LC_MESSAGES/libpowerdevilcommonconfig.mo
-rw-r--r-- root/root      7138 2022-05-20 18:04 usr/share/locale/zh_TW/LC_MESSAGES/powerdevil.mo
-rw-r--r-- root/root      2161 2022-05-20 18:04 usr/share/locale/zh_TW/LC_MESSAGES/powerdevilactivitiesconfig.mo
-rw-r--r-- root/root      1777 2022-05-20 18:04 usr/share/locale/zh_TW/LC_MESSAGES/powerdevilglobalconfig.mo
-rw-r--r-- root/root      1192 2022-05-20 18:04 usr/share/locale/zh_TW/LC_MESSAGES/powerdevilprofilesconfig.mo
drwxr-xr-x root/root         0 2022-05-20 18:04 usr/share/polkit-1/
drwxr-xr-x root/root         0 2022-05-20 18:04 usr/share/polkit-1/actions/
-rw-r--r-- root/root     32015 2022-05-20 18:04 usr/share/polkit-1/actions/org.kde.powerdevil.backlighthelper.policy
-rw-r--r-- root/root     15267 2022-05-20 18:04 usr/share/polkit-1/actions/org.kde.powerdevil.chargethresholdhelper.policy
-rw-r--r-- root/root      8660 2022-05-20 18:04 usr/share/polkit-1/actions/org.kde.powerdevil.discretegpuhelper.policy
drwxr-xr-x root/root         0 2022-05-20 18:04 usr/share/polkit-1/rules.d/
-rw-r--r-- root/root       206 2022-05-20 18:04 usr/share/polkit-1/rules.d/10-enable-powerdevil-discrete-gpu.rules
drwxr-xr-x root/root         0 2022-05-20 18:04 usr/share/qlogging-categories5/
-rw-r--r-- root/root       188 2022-05-20 18:04 usr/share/qlogging-categories5/powerdevil.categories


