++========================================
||
||   Package:  ./plasma/systemsettings-5.24.90-x86_64-2.txz
||
++========================================
drwxr-xr-x root/root         0 2022-05-28 01:55 ./
drwxr-xr-x root/root         0 2022-05-28 01:55 install/
-rw-r--r-- root/root       266 2022-05-28 01:55 install/doinst.sh
-rw-r--r-- root/root       759 2022-05-28 01:55 install/slack-desc
drwxr-xr-x root/root         0 2022-05-28 01:55 usr/
drwxr-xr-x root/root         0 2022-05-28 01:55 usr/bin/
-rwxr-xr-x root/root    143912 2022-05-28 01:55 usr/bin/systemsettings
drwxr-xr-x root/root         0 2022-05-28 01:55 usr/doc/
drwxr-xr-x root/root         0 2022-05-28 01:55 usr/doc/HTML/
drwxr-xr-x root/root         0 2022-05-28 01:55 usr/doc/HTML/ca/
drwxr-xr-x root/root         0 2022-05-28 01:55 usr/doc/HTML/ca/systemsettings/
-rw-r--r-- root/root      6363 2022-05-28 01:54 usr/doc/HTML/ca/systemsettings/index.cache.bz2
-rw-r--r-- root/root     14330 2022-05-19 12:45 usr/doc/HTML/ca/systemsettings/index.docbook
drwxr-xr-x root/root         0 2022-05-28 01:55 usr/doc/HTML/de/
drwxr-xr-x root/root         0 2022-05-28 01:55 usr/doc/HTML/de/systemsettings/
-rw-r--r-- root/root      6365 2022-05-28 01:54 usr/doc/HTML/de/systemsettings/index.cache.bz2
-rw-r--r-- root/root     14578 2022-05-19 12:45 usr/doc/HTML/de/systemsettings/index.docbook
drwxr-xr-x root/root         0 2022-05-28 01:55 usr/doc/HTML/en/
drwxr-xr-x root/root         0 2022-05-28 01:55 usr/doc/HTML/en/systemsettings/
-rw-r--r-- root/root      5890 2022-05-28 01:54 usr/doc/HTML/en/systemsettings/index.cache.bz2
-rw-r--r-- root/root     13002 2022-05-19 12:44 usr/doc/HTML/en/systemsettings/index.docbook
drwxr-xr-x root/root         0 2022-05-28 01:55 usr/doc/HTML/es/
drwxr-xr-x root/root         0 2022-05-28 01:55 usr/doc/HTML/es/systemsettings/
-rw-r--r-- root/root      6323 2022-05-28 01:54 usr/doc/HTML/es/systemsettings/index.cache.bz2
-rw-r--r-- root/root     14796 2022-05-19 12:45 usr/doc/HTML/es/systemsettings/index.docbook
drwxr-xr-x root/root         0 2022-05-28 01:55 usr/doc/HTML/id/
drwxr-xr-x root/root         0 2022-05-28 01:55 usr/doc/HTML/id/systemsettings/
-rw-r--r-- root/root      6107 2022-05-28 01:54 usr/doc/HTML/id/systemsettings/index.cache.bz2
-rw-r--r-- root/root     13657 2022-05-19 12:45 usr/doc/HTML/id/systemsettings/index.docbook
drwxr-xr-x root/root         0 2022-05-28 01:55 usr/doc/HTML/it/
drwxr-xr-x root/root         0 2022-05-28 01:55 usr/doc/HTML/it/systemsettings/
-rw-r--r-- root/root      6301 2022-05-28 01:54 usr/doc/HTML/it/systemsettings/index.cache.bz2
-rw-r--r-- root/root     14332 2022-05-19 12:45 usr/doc/HTML/it/systemsettings/index.docbook
drwxr-xr-x root/root         0 2022-05-28 01:55 usr/doc/HTML/nl/
drwxr-xr-x root/root         0 2022-05-28 01:55 usr/doc/HTML/nl/systemsettings/
-rw-r--r-- root/root      6390 2022-05-28 01:54 usr/doc/HTML/nl/systemsettings/index.cache.bz2
-rw-r--r-- root/root     13873 2022-05-19 12:45 usr/doc/HTML/nl/systemsettings/index.docbook
drwxr-xr-x root/root         0 2022-05-28 01:55 usr/doc/HTML/pt/
drwxr-xr-x root/root         0 2022-05-28 01:55 usr/doc/HTML/pt/systemsettings/
-rw-r--r-- root/root      6284 2022-05-28 01:54 usr/doc/HTML/pt/systemsettings/index.cache.bz2
-rw-r--r-- root/root     14185 2022-05-19 12:45 usr/doc/HTML/pt/systemsettings/index.docbook
drwxr-xr-x root/root         0 2022-05-28 01:55 usr/doc/HTML/pt_BR/
drwxr-xr-x root/root         0 2022-05-28 01:55 usr/doc/HTML/pt_BR/systemsettings/
-rw-r--r-- root/root      6132 2022-05-28 01:54 usr/doc/HTML/pt_BR/systemsettings/index.cache.bz2
-rw-r--r-- root/root     14510 2022-05-19 12:45 usr/doc/HTML/pt_BR/systemsettings/index.docbook
drwxr-xr-x root/root         0 2022-05-28 01:55 usr/doc/HTML/ru/
drwxr-xr-x root/root         0 2022-05-28 01:55 usr/doc/HTML/ru/systemsettings/
-rw-r--r-- root/root      6578 2022-05-28 01:54 usr/doc/HTML/ru/systemsettings/index.cache.bz2
-rw-r--r-- root/root     20801 2022-05-19 12:45 usr/doc/HTML/ru/systemsettings/index.docbook
drwxr-xr-x root/root         0 2022-05-28 01:55 usr/doc/HTML/sv/
drwxr-xr-x root/root         0 2022-05-28 01:55 usr/doc/HTML/sv/systemsettings/
-rw-r--r-- root/root      6092 2022-05-28 01:54 usr/doc/HTML/sv/systemsettings/index.cache.bz2
-rw-r--r-- root/root     13916 2022-05-19 12:45 usr/doc/HTML/sv/systemsettings/index.docbook
drwxr-xr-x root/root         0 2022-05-28 01:55 usr/doc/HTML/uk/
drwxr-xr-x root/root         0 2022-05-28 01:55 usr/doc/HTML/uk/systemsettings/
-rw-r--r-- root/root      6586 2022-05-28 01:54 usr/doc/HTML/uk/systemsettings/index.cache.bz2
-rw-r--r-- root/root     21337 2022-05-19 12:45 usr/doc/HTML/uk/systemsettings/index.docbook
drwxr-xr-x root/root         0 2022-05-28 01:55 usr/doc/systemsettings-5.24.90/
drwxr-xr-x root/root         0 2022-05-19 12:44 usr/doc/systemsettings-5.24.90/LICENSES/
-rw-r--r-- root/root      1287 2022-05-19 12:44 usr/doc/systemsettings-5.24.90/LICENSES/BSD-2-Clause.txt
-rw-r--r-- root/root      7048 2022-05-19 12:44 usr/doc/systemsettings-5.24.90/LICENSES/CC0-1.0.txt
-rw-r--r-- root/root     17277 2022-05-19 12:44 usr/doc/systemsettings-5.24.90/LICENSES/GPL-2.0-only.txt
-rw-r--r-- root/root     17277 2022-05-19 12:44 usr/doc/systemsettings-5.24.90/LICENSES/GPL-2.0-or-later.txt
-rw-r--r-- root/root     34575 2022-05-19 12:44 usr/doc/systemsettings-5.24.90/LICENSES/GPL-3.0-only.txt
-rw-r--r-- root/root     24782 2022-05-19 12:44 usr/doc/systemsettings-5.24.90/LICENSES/LGPL-2.0-only.txt
-rw-r--r-- root/root     25967 2022-05-19 12:44 usr/doc/systemsettings-5.24.90/LICENSES/LGPL-2.1-or-later.txt
-rw-r--r-- root/root       662 2022-05-19 12:44 usr/doc/systemsettings-5.24.90/LICENSES/LicenseRef-KDE-Accepted-GPL.txt
drwxr-xr-x root/root         0 2022-05-28 01:55 usr/lib64/
-rwxr-xr-x root/root    148024 2022-05-28 01:55 usr/lib64/libsystemsettingsview.so.3
drwxr-xr-x root/root         0 2022-05-28 01:55 usr/lib64/qt5/
drwxr-xr-x root/root         0 2022-05-28 01:55 usr/lib64/qt5/plugins/
drwxr-xr-x root/root         0 2022-05-28 01:55 usr/lib64/qt5/plugins/kf5/
drwxr-xr-x root/root         0 2022-05-28 01:55 usr/lib64/qt5/plugins/kf5/krunner/
-rwxr-xr-x root/root     72784 2022-05-28 01:55 usr/lib64/qt5/plugins/kf5/krunner/krunner_systemsettings.so
drwxr-xr-x root/root         0 2022-05-28 01:55 usr/lib64/qt5/plugins/systemsettingsview/
-rwxr-xr-x root/root     68600 2022-05-28 01:55 usr/lib64/qt5/plugins/systemsettingsview/icon_mode.so
-rwxr-xr-x root/root    131408 2022-05-28 01:55 usr/lib64/qt5/plugins/systemsettingsview/systemsettings_sidebar_mode.so
drwxr-xr-x root/root         0 2022-05-28 01:55 usr/share/
drwxr-xr-x root/root         0 2022-05-28 01:55 usr/share/applications/
-rwxr-xr-x root/root      9321 2022-05-19 12:44 usr/share/applications/kdesystemsettings.desktop
-rwxr-xr-x root/root     17761 2022-05-19 12:44 usr/share/applications/systemsettings.desktop
drwxr-xr-x root/root         0 2022-05-28 01:55 usr/share/kglobalaccel/
drwxr-xr-x root/root         0 2022-05-28 01:55 usr/share/kpackage/
drwxr-xr-x root/root         0 2022-05-28 01:55 usr/share/kpackage/genericqml/
drwxr-xr-x root/root         0 2022-05-28 01:55 usr/share/kpackage/genericqml/org.kde.systemsettings.sidebar/
drwxr-xr-x root/root         0 2022-05-28 01:55 usr/share/kpackage/genericqml/org.kde.systemsettings.sidebar/contents/
drwxr-xr-x root/root         0 2022-05-28 01:55 usr/share/kpackage/genericqml/org.kde.systemsettings.sidebar/contents/images/
-rw-r--r-- root/root       521 2022-05-19 12:44 usr/share/kpackage/genericqml/org.kde.systemsettings.sidebar/contents/images/plasma-logo.svg
drwxr-xr-x root/root         0 2022-05-28 01:55 usr/share/kpackage/genericqml/org.kde.systemsettings.sidebar/contents/ui/
-rw-r--r-- root/root      6648 2022-05-19 12:44 usr/share/kpackage/genericqml/org.kde.systemsettings.sidebar/contents/ui/CategoriesPage.qml
-rw-r--r-- root/root      1752 2022-05-19 12:44 usr/share/kpackage/genericqml/org.kde.systemsettings.sidebar/contents/ui/CategoryItem.qml
-rw-r--r-- root/root      1455 2022-05-19 12:44 usr/share/kpackage/genericqml/org.kde.systemsettings.sidebar/contents/ui/FooterToolbar.qml
-rw-r--r-- root/root       609 2022-05-19 12:44 usr/share/kpackage/genericqml/org.kde.systemsettings.sidebar/contents/ui/HamburgerMenuButton.qml
-rw-r--r-- root/root      2315 2022-05-19 12:44 usr/share/kpackage/genericqml/org.kde.systemsettings.sidebar/contents/ui/IntroIcon.qml
-rw-r--r-- root/root      7645 2022-05-19 12:44 usr/share/kpackage/genericqml/org.kde.systemsettings.sidebar/contents/ui/SubCategoryPage.qml
-rw-r--r-- root/root      2780 2022-05-19 12:44 usr/share/kpackage/genericqml/org.kde.systemsettings.sidebar/contents/ui/introPage.qml
-rw-r--r-- root/root      1267 2022-05-19 12:44 usr/share/kpackage/genericqml/org.kde.systemsettings.sidebar/contents/ui/main.qml
-rw-r--r-- root/root      5333 2022-05-19 12:44 usr/share/kpackage/genericqml/org.kde.systemsettings.sidebar/metadata.desktop
drwxr-xr-x root/root         0 2022-05-28 01:55 usr/share/kservicetypes5/
-rw-r--r-- root/root      2264 2022-05-19 12:44 usr/share/kservicetypes5/infocenterexternalapp.desktop
-rw-r--r-- root/root      4730 2022-05-19 12:44 usr/share/kservicetypes5/systemsettingscategory.desktop
-rw-r--r-- root/root      4733 2022-05-19 12:44 usr/share/kservicetypes5/systemsettingsexternalapp.desktop
-rw-r--r-- root/root      3746 2022-05-19 12:44 usr/share/kservicetypes5/systemsettingsview.desktop
drwxr-xr-x root/root         0 2022-05-28 01:55 usr/share/kxmlgui5/
drwxr-xr-x root/root         0 2022-05-28 01:55 usr/share/kxmlgui5/systemsettings/
-rw-r--r-- root/root       735 2022-05-19 12:44 usr/share/kxmlgui5/systemsettings/systemsettingsui.rc
drwxr-xr-x root/root         0 2022-05-28 01:55 usr/share/locale/
drwxr-xr-x root/root         0 2022-05-28 01:55 usr/share/locale/ar/
drwxr-xr-x root/root         0 2022-05-28 01:55 usr/share/locale/ar/LC_MESSAGES/
-rw-r--r-- root/root      5869 2022-05-28 01:55 usr/share/locale/ar/LC_MESSAGES/systemsettings.mo
drwxr-xr-x root/root         0 2022-05-28 01:55 usr/share/locale/ast/
drwxr-xr-x root/root         0 2022-05-28 01:55 usr/share/locale/ast/LC_MESSAGES/
-rw-r--r-- root/root      2433 2022-05-28 01:55 usr/share/locale/ast/LC_MESSAGES/systemsettings.mo
drwxr-xr-x root/root         0 2022-05-28 01:55 usr/share/locale/az/
drwxr-xr-x root/root         0 2022-05-28 01:55 usr/share/locale/az/LC_MESSAGES/
-rw-r--r-- root/root      5177 2022-05-28 01:55 usr/share/locale/az/LC_MESSAGES/systemsettings.mo
drwxr-xr-x root/root         0 2022-05-28 01:55 usr/share/locale/be/
drwxr-xr-x root/root         0 2022-05-28 01:55 usr/share/locale/be/LC_MESSAGES/
-rw-r--r-- root/root       802 2022-05-28 01:55 usr/share/locale/be/LC_MESSAGES/systemsettings.mo
drwxr-xr-x root/root         0 2022-05-28 01:55 usr/share/locale/be@latin/
drwxr-xr-x root/root         0 2022-05-28 01:55 usr/share/locale/be@latin/LC_MESSAGES/
-rw-r--r-- root/root       773 2022-05-28 01:55 usr/share/locale/be@latin/LC_MESSAGES/systemsettings.mo
drwxr-xr-x root/root         0 2022-05-28 01:55 usr/share/locale/bg/
drwxr-xr-x root/root         0 2022-05-28 01:55 usr/share/locale/bg/LC_MESSAGES/
-rw-r--r-- root/root      4611 2022-05-28 01:55 usr/share/locale/bg/LC_MESSAGES/systemsettings.mo
drwxr-xr-x root/root         0 2022-05-28 01:55 usr/share/locale/bn_IN/
drwxr-xr-x root/root         0 2022-05-28 01:55 usr/share/locale/bn_IN/LC_MESSAGES/
-rw-r--r-- root/root       725 2022-05-28 01:55 usr/share/locale/bn_IN/LC_MESSAGES/systemsettings.mo
drwxr-xr-x root/root         0 2022-05-28 01:55 usr/share/locale/bs/
drwxr-xr-x root/root         0 2022-05-28 01:55 usr/share/locale/bs/LC_MESSAGES/
-rw-r--r-- root/root      2925 2022-05-28 01:55 usr/share/locale/bs/LC_MESSAGES/systemsettings.mo
drwxr-xr-x root/root         0 2022-05-28 01:55 usr/share/locale/ca/
drwxr-xr-x root/root         0 2022-05-28 01:55 usr/share/locale/ca/LC_MESSAGES/
-rw-r--r-- root/root      5140 2022-05-28 01:55 usr/share/locale/ca/LC_MESSAGES/systemsettings.mo
drwxr-xr-x root/root         0 2022-05-28 01:55 usr/share/locale/ca@valencia/
drwxr-xr-x root/root         0 2022-05-28 01:55 usr/share/locale/ca@valencia/LC_MESSAGES/
-rw-r--r-- root/root      3734 2022-05-28 01:55 usr/share/locale/ca@valencia/LC_MESSAGES/systemsettings.mo
drwxr-xr-x root/root         0 2022-05-28 01:55 usr/share/locale/cs/
drwxr-xr-x root/root         0 2022-05-28 01:55 usr/share/locale/cs/LC_MESSAGES/
-rw-r--r-- root/root      5093 2022-05-28 01:55 usr/share/locale/cs/LC_MESSAGES/systemsettings.mo
drwxr-xr-x root/root         0 2022-05-28 01:55 usr/share/locale/csb/
drwxr-xr-x root/root         0 2022-05-28 01:55 usr/share/locale/csb/LC_MESSAGES/
-rw-r--r-- root/root      2957 2022-05-28 01:55 usr/share/locale/csb/LC_MESSAGES/systemsettings.mo
drwxr-xr-x root/root         0 2022-05-28 01:55 usr/share/locale/da/
drwxr-xr-x root/root         0 2022-05-28 01:55 usr/share/locale/da/LC_MESSAGES/
-rw-r--r-- root/root      4325 2022-05-28 01:55 usr/share/locale/da/LC_MESSAGES/systemsettings.mo
drwxr-xr-x root/root         0 2022-05-28 01:55 usr/share/locale/de/
drwxr-xr-x root/root         0 2022-05-28 01:55 usr/share/locale/de/LC_MESSAGES/
-rw-r--r-- root/root      5037 2022-05-28 01:55 usr/share/locale/de/LC_MESSAGES/systemsettings.mo
drwxr-xr-x root/root         0 2022-05-28 01:55 usr/share/locale/el/
drwxr-xr-x root/root         0 2022-05-28 01:55 usr/share/locale/el/LC_MESSAGES/
-rw-r--r-- root/root      6785 2022-05-28 01:55 usr/share/locale/el/LC_MESSAGES/systemsettings.mo
drwxr-xr-x root/root         0 2022-05-28 01:55 usr/share/locale/en_GB/
drwxr-xr-x root/root         0 2022-05-28 01:55 usr/share/locale/en_GB/LC_MESSAGES/
-rw-r--r-- root/root      4795 2022-05-28 01:55 usr/share/locale/en_GB/LC_MESSAGES/systemsettings.mo
drwxr-xr-x root/root         0 2022-05-28 01:55 usr/share/locale/eo/
drwxr-xr-x root/root         0 2022-05-28 01:55 usr/share/locale/eo/LC_MESSAGES/
-rw-r--r-- root/root      1965 2022-05-28 01:55 usr/share/locale/eo/LC_MESSAGES/systemsettings.mo
drwxr-xr-x root/root         0 2022-05-28 01:55 usr/share/locale/es/
drwxr-xr-x root/root         0 2022-05-28 01:55 usr/share/locale/es/LC_MESSAGES/
-rw-r--r-- root/root      5225 2022-05-28 01:55 usr/share/locale/es/LC_MESSAGES/systemsettings.mo
drwxr-xr-x root/root         0 2022-05-28 01:55 usr/share/locale/et/
drwxr-xr-x root/root         0 2022-05-28 01:55 usr/share/locale/et/LC_MESSAGES/
-rw-r--r-- root/root      4473 2022-05-28 01:55 usr/share/locale/et/LC_MESSAGES/systemsettings.mo
drwxr-xr-x root/root         0 2022-05-28 01:55 usr/share/locale/eu/
drwxr-xr-x root/root         0 2022-05-28 01:55 usr/share/locale/eu/LC_MESSAGES/
-rw-r--r-- root/root      5051 2022-05-28 01:55 usr/share/locale/eu/LC_MESSAGES/systemsettings.mo
drwxr-xr-x root/root         0 2022-05-28 01:55 usr/share/locale/fa/
drwxr-xr-x root/root         0 2022-05-28 01:55 usr/share/locale/fa/LC_MESSAGES/
-rw-r--r-- root/root      2175 2022-05-28 01:55 usr/share/locale/fa/LC_MESSAGES/systemsettings.mo
drwxr-xr-x root/root         0 2022-05-28 01:55 usr/share/locale/fi/
drwxr-xr-x root/root         0 2022-05-28 01:55 usr/share/locale/fi/LC_MESSAGES/
-rw-r--r-- root/root      5154 2022-05-28 01:55 usr/share/locale/fi/LC_MESSAGES/systemsettings.mo
drwxr-xr-x root/root         0 2022-05-28 01:55 usr/share/locale/fr/
drwxr-xr-x root/root         0 2022-05-28 01:55 usr/share/locale/fr/LC_MESSAGES/
-rw-r--r-- root/root      5416 2022-05-28 01:55 usr/share/locale/fr/LC_MESSAGES/systemsettings.mo
drwxr-xr-x root/root         0 2022-05-28 01:55 usr/share/locale/fy/
drwxr-xr-x root/root         0 2022-05-28 01:55 usr/share/locale/fy/LC_MESSAGES/
-rw-r--r-- root/root      2689 2022-05-28 01:55 usr/share/locale/fy/LC_MESSAGES/systemsettings.mo
drwxr-xr-x root/root         0 2022-05-28 01:55 usr/share/locale/ga/
drwxr-xr-x root/root         0 2022-05-28 01:55 usr/share/locale/ga/LC_MESSAGES/
-rw-r--r-- root/root      2874 2022-05-28 01:55 usr/share/locale/ga/LC_MESSAGES/systemsettings.mo
drwxr-xr-x root/root         0 2022-05-28 01:55 usr/share/locale/gl/
drwxr-xr-x root/root         0 2022-05-28 01:55 usr/share/locale/gl/LC_MESSAGES/
-rw-r--r-- root/root      3842 2022-05-28 01:55 usr/share/locale/gl/LC_MESSAGES/systemsettings.mo
drwxr-xr-x root/root         0 2022-05-28 01:55 usr/share/locale/gu/
drwxr-xr-x root/root         0 2022-05-28 01:55 usr/share/locale/gu/LC_MESSAGES/
-rw-r--r-- root/root      3806 2022-05-28 01:55 usr/share/locale/gu/LC_MESSAGES/systemsettings.mo
drwxr-xr-x root/root         0 2022-05-28 01:55 usr/share/locale/he/
drwxr-xr-x root/root         0 2022-05-28 01:55 usr/share/locale/he/LC_MESSAGES/
-rw-r--r-- root/root      3473 2022-05-28 01:55 usr/share/locale/he/LC_MESSAGES/systemsettings.mo
drwxr-xr-x root/root         0 2022-05-28 01:55 usr/share/locale/hi/
drwxr-xr-x root/root         0 2022-05-28 01:55 usr/share/locale/hi/LC_MESSAGES/
-rw-r--r-- root/root      7449 2022-05-28 01:55 usr/share/locale/hi/LC_MESSAGES/systemsettings.mo
drwxr-xr-x root/root         0 2022-05-28 01:55 usr/share/locale/hne/
drwxr-xr-x root/root         0 2022-05-28 01:55 usr/share/locale/hne/LC_MESSAGES/
-rw-r--r-- root/root       778 2022-05-28 01:55 usr/share/locale/hne/LC_MESSAGES/systemsettings.mo
drwxr-xr-x root/root         0 2022-05-28 01:55 usr/share/locale/hr/
drwxr-xr-x root/root         0 2022-05-28 01:55 usr/share/locale/hr/LC_MESSAGES/
-rw-r--r-- root/root      2978 2022-05-28 01:55 usr/share/locale/hr/LC_MESSAGES/systemsettings.mo
drwxr-xr-x root/root         0 2022-05-28 01:55 usr/share/locale/hsb/
drwxr-xr-x root/root         0 2022-05-28 01:55 usr/share/locale/hsb/LC_MESSAGES/
-rw-r--r-- root/root       704 2022-05-28 01:55 usr/share/locale/hsb/LC_MESSAGES/systemsettings.mo
drwxr-xr-x root/root         0 2022-05-28 01:55 usr/share/locale/hu/
drwxr-xr-x root/root         0 2022-05-28 01:55 usr/share/locale/hu/LC_MESSAGES/
-rw-r--r-- root/root      5116 2022-05-28 01:55 usr/share/locale/hu/LC_MESSAGES/systemsettings.mo
drwxr-xr-x root/root         0 2022-05-28 01:55 usr/share/locale/ia/
drwxr-xr-x root/root         0 2022-05-28 01:55 usr/share/locale/ia/LC_MESSAGES/
-rw-r--r-- root/root      5051 2022-05-28 01:55 usr/share/locale/ia/LC_MESSAGES/systemsettings.mo
drwxr-xr-x root/root         0 2022-05-28 01:55 usr/share/locale/id/
drwxr-xr-x root/root         0 2022-05-28 01:55 usr/share/locale/id/LC_MESSAGES/
-rw-r--r-- root/root      4952 2022-05-28 01:55 usr/share/locale/id/LC_MESSAGES/systemsettings.mo
drwxr-xr-x root/root         0 2022-05-28 01:55 usr/share/locale/is/
drwxr-xr-x root/root         0 2022-05-28 01:55 usr/share/locale/is/LC_MESSAGES/
-rw-r--r-- root/root      2761 2022-05-28 01:55 usr/share/locale/is/LC_MESSAGES/systemsettings.mo
drwxr-xr-x root/root         0 2022-05-28 01:55 usr/share/locale/it/
drwxr-xr-x root/root         0 2022-05-28 01:55 usr/share/locale/it/LC_MESSAGES/
-rw-r--r-- root/root      5165 2022-05-28 01:55 usr/share/locale/it/LC_MESSAGES/systemsettings.mo
drwxr-xr-x root/root         0 2022-05-28 01:55 usr/share/locale/ja/
drwxr-xr-x root/root         0 2022-05-28 01:55 usr/share/locale/ja/LC_MESSAGES/
-rw-r--r-- root/root      4568 2022-05-28 01:55 usr/share/locale/ja/LC_MESSAGES/systemsettings.mo
drwxr-xr-x root/root         0 2022-05-28 01:55 usr/share/locale/ka/
drwxr-xr-x root/root         0 2022-05-28 01:55 usr/share/locale/ka/LC_MESSAGES/
-rw-r--r-- root/root      7300 2022-05-28 01:55 usr/share/locale/ka/LC_MESSAGES/systemsettings.mo
drwxr-xr-x root/root         0 2022-05-28 01:55 usr/share/locale/kk/
drwxr-xr-x root/root         0 2022-05-28 01:55 usr/share/locale/kk/LC_MESSAGES/
-rw-r--r-- root/root      3297 2022-05-28 01:55 usr/share/locale/kk/LC_MESSAGES/systemsettings.mo
drwxr-xr-x root/root         0 2022-05-28 01:55 usr/share/locale/km/
drwxr-xr-x root/root         0 2022-05-28 01:55 usr/share/locale/km/LC_MESSAGES/
-rw-r--r-- root/root      4337 2022-05-28 01:55 usr/share/locale/km/LC_MESSAGES/systemsettings.mo
drwxr-xr-x root/root         0 2022-05-28 01:55 usr/share/locale/ko/
drwxr-xr-x root/root         0 2022-05-28 01:55 usr/share/locale/ko/LC_MESSAGES/
-rw-r--r-- root/root      4847 2022-05-28 01:55 usr/share/locale/ko/LC_MESSAGES/systemsettings.mo
drwxr-xr-x root/root         0 2022-05-28 01:55 usr/share/locale/ku/
drwxr-xr-x root/root         0 2022-05-28 01:55 usr/share/locale/ku/LC_MESSAGES/
-rw-r--r-- root/root       738 2022-05-28 01:55 usr/share/locale/ku/LC_MESSAGES/systemsettings.mo
drwxr-xr-x root/root         0 2022-05-28 01:55 usr/share/locale/lt/
drwxr-xr-x root/root         0 2022-05-28 01:55 usr/share/locale/lt/LC_MESSAGES/
-rw-r--r-- root/root      5143 2022-05-28 01:55 usr/share/locale/lt/LC_MESSAGES/systemsettings.mo
drwxr-xr-x root/root         0 2022-05-28 01:55 usr/share/locale/lv/
drwxr-xr-x root/root         0 2022-05-28 01:55 usr/share/locale/lv/LC_MESSAGES/
-rw-r--r-- root/root      2853 2022-05-28 01:55 usr/share/locale/lv/LC_MESSAGES/systemsettings.mo
drwxr-xr-x root/root         0 2022-05-28 01:55 usr/share/locale/mai/
drwxr-xr-x root/root         0 2022-05-28 01:55 usr/share/locale/mai/LC_MESSAGES/
-rw-r--r-- root/root      1251 2022-05-28 01:55 usr/share/locale/mai/LC_MESSAGES/systemsettings.mo
drwxr-xr-x root/root         0 2022-05-28 01:55 usr/share/locale/mk/
drwxr-xr-x root/root         0 2022-05-28 01:55 usr/share/locale/mk/LC_MESSAGES/
-rw-r--r-- root/root      2299 2022-05-28 01:55 usr/share/locale/mk/LC_MESSAGES/systemsettings.mo
drwxr-xr-x root/root         0 2022-05-28 01:55 usr/share/locale/ml/
drwxr-xr-x root/root         0 2022-05-28 01:55 usr/share/locale/ml/LC_MESSAGES/
-rw-r--r-- root/root      8155 2022-05-28 01:55 usr/share/locale/ml/LC_MESSAGES/systemsettings.mo
drwxr-xr-x root/root         0 2022-05-28 01:55 usr/share/locale/mr/
drwxr-xr-x root/root         0 2022-05-28 01:55 usr/share/locale/mr/LC_MESSAGES/
-rw-r--r-- root/root      4000 2022-05-28 01:55 usr/share/locale/mr/LC_MESSAGES/systemsettings.mo
drwxr-xr-x root/root         0 2022-05-28 01:55 usr/share/locale/ms/
drwxr-xr-x root/root         0 2022-05-28 01:55 usr/share/locale/ms/LC_MESSAGES/
-rw-r--r-- root/root      1358 2022-05-28 01:55 usr/share/locale/ms/LC_MESSAGES/systemsettings.mo
drwxr-xr-x root/root         0 2022-05-28 01:55 usr/share/locale/my/
drwxr-xr-x root/root         0 2022-05-28 01:55 usr/share/locale/my/LC_MESSAGES/
-rw-r--r-- root/root      7894 2022-05-28 01:55 usr/share/locale/my/LC_MESSAGES/systemsettings.mo
drwxr-xr-x root/root         0 2022-05-28 01:55 usr/share/locale/nb/
drwxr-xr-x root/root         0 2022-05-28 01:55 usr/share/locale/nb/LC_MESSAGES/
-rw-r--r-- root/root      2831 2022-05-28 01:55 usr/share/locale/nb/LC_MESSAGES/systemsettings.mo
drwxr-xr-x root/root         0 2022-05-28 01:55 usr/share/locale/nds/
drwxr-xr-x root/root         0 2022-05-28 01:55 usr/share/locale/nds/LC_MESSAGES/
-rw-r--r-- root/root      2731 2022-05-28 01:55 usr/share/locale/nds/LC_MESSAGES/systemsettings.mo
drwxr-xr-x root/root         0 2022-05-28 01:55 usr/share/locale/ne/
drwxr-xr-x root/root         0 2022-05-28 01:55 usr/share/locale/ne/LC_MESSAGES/
-rw-r--r-- root/root       698 2022-05-28 01:55 usr/share/locale/ne/LC_MESSAGES/systemsettings.mo
drwxr-xr-x root/root         0 2022-05-28 01:55 usr/share/locale/nl/
drwxr-xr-x root/root         0 2022-05-28 01:55 usr/share/locale/nl/LC_MESSAGES/
-rw-r--r-- root/root      4977 2022-05-28 01:55 usr/share/locale/nl/LC_MESSAGES/systemsettings.mo
drwxr-xr-x root/root         0 2022-05-28 01:55 usr/share/locale/nn/
drwxr-xr-x root/root         0 2022-05-28 01:55 usr/share/locale/nn/LC_MESSAGES/
-rw-r--r-- root/root      4856 2022-05-28 01:55 usr/share/locale/nn/LC_MESSAGES/systemsettings.mo
drwxr-xr-x root/root         0 2022-05-28 01:55 usr/share/locale/oc/
drwxr-xr-x root/root         0 2022-05-28 01:55 usr/share/locale/oc/LC_MESSAGES/
-rw-r--r-- root/root       650 2022-05-28 01:55 usr/share/locale/oc/LC_MESSAGES/systemsettings.mo
drwxr-xr-x root/root         0 2022-05-28 01:55 usr/share/locale/pa/
drwxr-xr-x root/root         0 2022-05-28 01:55 usr/share/locale/pa/LC_MESSAGES/
-rw-r--r-- root/root      6491 2022-05-28 01:55 usr/share/locale/pa/LC_MESSAGES/systemsettings.mo
drwxr-xr-x root/root         0 2022-05-28 01:55 usr/share/locale/pl/
drwxr-xr-x root/root         0 2022-05-28 01:55 usr/share/locale/pl/LC_MESSAGES/
-rw-r--r-- root/root      5067 2022-05-28 01:55 usr/share/locale/pl/LC_MESSAGES/systemsettings.mo
drwxr-xr-x root/root         0 2022-05-28 01:55 usr/share/locale/pt/
drwxr-xr-x root/root         0 2022-05-28 01:55 usr/share/locale/pt/LC_MESSAGES/
-rw-r--r-- root/root      5310 2022-05-28 01:55 usr/share/locale/pt/LC_MESSAGES/systemsettings.mo
drwxr-xr-x root/root         0 2022-05-28 01:55 usr/share/locale/pt_BR/
drwxr-xr-x root/root         0 2022-05-28 01:55 usr/share/locale/pt_BR/LC_MESSAGES/
-rw-r--r-- root/root      5258 2022-05-28 01:55 usr/share/locale/pt_BR/LC_MESSAGES/systemsettings.mo
drwxr-xr-x root/root         0 2022-05-28 01:55 usr/share/locale/ro/
drwxr-xr-x root/root         0 2022-05-28 01:55 usr/share/locale/ro/LC_MESSAGES/
-rw-r--r-- root/root      5223 2022-05-28 01:55 usr/share/locale/ro/LC_MESSAGES/systemsettings.mo
drwxr-xr-x root/root         0 2022-05-28 01:55 usr/share/locale/ru/
drwxr-xr-x root/root         0 2022-05-28 01:55 usr/share/locale/ru/LC_MESSAGES/
-rw-r--r-- root/root      6430 2022-05-28 01:55 usr/share/locale/ru/LC_MESSAGES/systemsettings.mo
drwxr-xr-x root/root         0 2022-05-28 01:55 usr/share/locale/se/
drwxr-xr-x root/root         0 2022-05-28 01:55 usr/share/locale/se/LC_MESSAGES/
-rw-r--r-- root/root       745 2022-05-28 01:55 usr/share/locale/se/LC_MESSAGES/systemsettings.mo
drwxr-xr-x root/root         0 2022-05-28 01:55 usr/share/locale/si/
drwxr-xr-x root/root         0 2022-05-28 01:55 usr/share/locale/si/LC_MESSAGES/
-rw-r--r-- root/root       735 2022-05-28 01:55 usr/share/locale/si/LC_MESSAGES/systemsettings.mo
drwxr-xr-x root/root         0 2022-05-28 01:55 usr/share/locale/sk/
drwxr-xr-x root/root         0 2022-05-28 01:55 usr/share/locale/sk/LC_MESSAGES/
-rw-r--r-- root/root      5124 2022-05-28 01:55 usr/share/locale/sk/LC_MESSAGES/systemsettings.mo
drwxr-xr-x root/root         0 2022-05-28 01:55 usr/share/locale/sl/
drwxr-xr-x root/root         0 2022-05-28 01:55 usr/share/locale/sl/LC_MESSAGES/
-rw-r--r-- root/root      5213 2022-05-28 01:55 usr/share/locale/sl/LC_MESSAGES/systemsettings.mo
drwxr-xr-x root/root         0 2022-05-28 01:55 usr/share/locale/sq/
drwxr-xr-x root/root         0 2022-05-28 01:55 usr/share/locale/sq/LC_MESSAGES/
-rw-r--r-- root/root       790 2022-05-28 01:55 usr/share/locale/sq/LC_MESSAGES/systemsettings.mo
drwxr-xr-x root/root         0 2022-05-28 01:55 usr/share/locale/sr/
drwxr-xr-x root/root         0 2022-05-28 01:55 usr/share/locale/sr/LC_MESSAGES/
-rw-r--r-- root/root      5366 2022-05-28 01:55 usr/share/locale/sr/LC_MESSAGES/systemsettings.mo
drwxr-xr-x root/root         0 2022-05-28 01:55 usr/share/locale/sr@ijekavian/
drwxr-xr-x root/root         0 2022-05-28 01:55 usr/share/locale/sr@ijekavian/LC_MESSAGES/
-rw-r--r-- root/root      5396 2022-05-28 01:55 usr/share/locale/sr@ijekavian/LC_MESSAGES/systemsettings.mo
drwxr-xr-x root/root         0 2022-05-28 01:55 usr/share/locale/sr@ijekavianlatin/
drwxr-xr-x root/root         0 2022-05-28 01:55 usr/share/locale/sr@ijekavianlatin/LC_MESSAGES/
-rw-r--r-- root/root      4375 2022-05-28 01:55 usr/share/locale/sr@ijekavianlatin/LC_MESSAGES/systemsettings.mo
drwxr-xr-x root/root         0 2022-05-28 01:55 usr/share/locale/sr@latin/
drwxr-xr-x root/root         0 2022-05-28 01:55 usr/share/locale/sr@latin/LC_MESSAGES/
-rw-r--r-- root/root      4356 2022-05-28 01:55 usr/share/locale/sr@latin/LC_MESSAGES/systemsettings.mo
drwxr-xr-x root/root         0 2022-05-28 01:55 usr/share/locale/sv/
drwxr-xr-x root/root         0 2022-05-28 01:55 usr/share/locale/sv/LC_MESSAGES/
-rw-r--r-- root/root      4919 2022-05-28 01:55 usr/share/locale/sv/LC_MESSAGES/systemsettings.mo
drwxr-xr-x root/root         0 2022-05-28 01:55 usr/share/locale/ta/
drwxr-xr-x root/root         0 2022-05-28 01:55 usr/share/locale/ta/LC_MESSAGES/
-rw-r--r-- root/root      7848 2022-05-28 01:55 usr/share/locale/ta/LC_MESSAGES/systemsettings.mo
drwxr-xr-x root/root         0 2022-05-28 01:55 usr/share/locale/te/
drwxr-xr-x root/root         0 2022-05-28 01:55 usr/share/locale/te/LC_MESSAGES/
-rw-r--r-- root/root       796 2022-05-28 01:55 usr/share/locale/te/LC_MESSAGES/systemsettings.mo
drwxr-xr-x root/root         0 2022-05-28 01:55 usr/share/locale/tg/
drwxr-xr-x root/root         0 2022-05-28 01:55 usr/share/locale/tg/LC_MESSAGES/
-rw-r--r-- root/root      5373 2022-05-28 01:55 usr/share/locale/tg/LC_MESSAGES/systemsettings.mo
drwxr-xr-x root/root         0 2022-05-28 01:55 usr/share/locale/th/
drwxr-xr-x root/root         0 2022-05-28 01:55 usr/share/locale/th/LC_MESSAGES/
-rw-r--r-- root/root      3973 2022-05-28 01:55 usr/share/locale/th/LC_MESSAGES/systemsettings.mo
drwxr-xr-x root/root         0 2022-05-28 01:55 usr/share/locale/tr/
drwxr-xr-x root/root         0 2022-05-28 01:55 usr/share/locale/tr/LC_MESSAGES/
-rw-r--r-- root/root      5059 2022-05-28 01:55 usr/share/locale/tr/LC_MESSAGES/systemsettings.mo
drwxr-xr-x root/root         0 2022-05-28 01:55 usr/share/locale/ug/
drwxr-xr-x root/root         0 2022-05-28 01:55 usr/share/locale/ug/LC_MESSAGES/
-rw-r--r-- root/root      3306 2022-05-28 01:55 usr/share/locale/ug/LC_MESSAGES/systemsettings.mo
drwxr-xr-x root/root         0 2022-05-28 01:55 usr/share/locale/uk/
drwxr-xr-x root/root         0 2022-05-28 01:55 usr/share/locale/uk/LC_MESSAGES/
-rw-r--r-- root/root      6457 2022-05-28 01:55 usr/share/locale/uk/LC_MESSAGES/systemsettings.mo
drwxr-xr-x root/root         0 2022-05-28 01:55 usr/share/locale/vi/
drwxr-xr-x root/root         0 2022-05-28 01:55 usr/share/locale/vi/LC_MESSAGES/
-rw-r--r-- root/root      5280 2022-05-28 01:55 usr/share/locale/vi/LC_MESSAGES/systemsettings.mo
drwxr-xr-x root/root         0 2022-05-28 01:55 usr/share/locale/wa/
drwxr-xr-x root/root         0 2022-05-28 01:55 usr/share/locale/wa/LC_MESSAGES/
-rw-r--r-- root/root      2869 2022-05-28 01:55 usr/share/locale/wa/LC_MESSAGES/systemsettings.mo
drwxr-xr-x root/root         0 2022-05-28 01:55 usr/share/locale/zh_CN/
drwxr-xr-x root/root         0 2022-05-28 01:55 usr/share/locale/zh_CN/LC_MESSAGES/
-rw-r--r-- root/root      4712 2022-05-28 01:55 usr/share/locale/zh_CN/LC_MESSAGES/systemsettings.mo
drwxr-xr-x root/root         0 2022-05-28 01:55 usr/share/locale/zh_TW/
drwxr-xr-x root/root         0 2022-05-28 01:55 usr/share/locale/zh_TW/LC_MESSAGES/
-rw-r--r-- root/root      4537 2022-05-28 01:55 usr/share/locale/zh_TW/LC_MESSAGES/systemsettings.mo
drwxr-xr-x root/root         0 2022-05-28 01:55 usr/share/metainfo/
-rw-r--r-- root/root     15365 2022-05-19 12:44 usr/share/metainfo/org.kde.systemsettings.metainfo.xml
drwxr-xr-x root/root         0 2022-05-28 01:55 usr/share/qlogging-categories5/
-rw-r--r-- root/root       185 2022-05-28 01:54 usr/share/qlogging-categories5/systemsettings.categories
drwxr-xr-x root/root         0 2022-05-28 01:55 usr/share/systemsettings/
drwxr-xr-x root/root         0 2022-05-28 01:55 usr/share/systemsettings/categories/
-rw-r--r-- root/root      1210 2022-05-19 12:44 usr/share/systemsettings/categories/settings-appearance-color.desktop
-rw-r--r-- root/root      1425 2022-05-19 12:44 usr/share/systemsettings/categories/settings-appearance-font.desktop
-rw-r--r-- root/root      1410 2022-05-19 12:44 usr/share/systemsettings/categories/settings-appearance-icons.desktop
-rw-r--r-- root/root      1463 2022-05-19 12:44 usr/share/systemsettings/categories/settings-appearance.desktop
-rw-r--r-- root/root      6581 2022-05-19 12:44 usr/share/systemsettings/categories/settings-hardware-display.desktop
-rw-r--r-- root/root      2538 2022-05-19 12:44 usr/share/systemsettings/categories/settings-hardware-input.desktop
-rw-r--r-- root/root      2873 2022-05-19 12:44 usr/share/systemsettings/categories/settings-hardware-multimedia.desktop
-rw-r--r-- root/root      1818 2022-05-19 12:44 usr/share/systemsettings/categories/settings-hardware-peripherals.desktop
-rw-r--r-- root/root      3168 2022-05-19 12:44 usr/share/systemsettings/categories/settings-hardware-powermanagement.desktop
-rw-r--r-- root/root      2383 2022-05-19 12:44 usr/share/systemsettings/categories/settings-hardware-removable-storage.desktop
-rw-r--r-- root/root      2417 2022-05-19 12:44 usr/share/systemsettings/categories/settings-hardware.desktop
-rw-r--r-- root/root      2155 2022-05-19 12:44 usr/share/systemsettings/categories/settings-network-bluetooth.desktop
-rw-r--r-- root/root      1590 2022-05-19 12:44 usr/share/systemsettings/categories/settings-network-connectivity.desktop
-rw-r--r-- root/root      1608 2022-05-19 12:44 usr/share/systemsettings/categories/settings-network-networksettings.desktop
-rw-r--r-- root/root      1327 2022-05-19 12:44 usr/share/systemsettings/categories/settings-network.desktop
-rw-r--r-- root/root      3101 2022-05-19 12:44 usr/share/systemsettings/categories/settings-personalization-accessibility.desktop
-rw-r--r-- root/root      2650 2022-05-19 12:44 usr/share/systemsettings/categories/settings-personalization-accountdetails.desktop
-rw-r--r-- root/root      1589 2022-05-19 12:44 usr/share/systemsettings/categories/settings-personalization-applications.desktop
-rw-r--r-- root/root      1682 2022-05-19 12:44 usr/share/systemsettings/categories/settings-personalization-notification.desktop
-rw-r--r-- root/root      2246 2022-05-19 12:44 usr/share/systemsettings/categories/settings-personalization-regionalsettings.desktop
-rw-r--r-- root/root      1863 2022-05-19 12:44 usr/share/systemsettings/categories/settings-personalization.desktop
-rw-r--r-- root/root       900 2022-05-19 12:44 usr/share/systemsettings/categories/settings-root-category.desktop
-rw-r--r-- root/root      3331 2022-05-19 12:44 usr/share/systemsettings/categories/settings-system-administration.desktop
-rw-r--r-- root/root      3186 2022-05-19 12:44 usr/share/systemsettings/categories/settings-workspace-desktopbehavior.desktop
-rw-r--r-- root/root      1286 2022-05-19 12:44 usr/share/systemsettings/categories/settings-workspace-search.desktop
-rw-r--r-- root/root      2951 2022-05-19 12:44 usr/share/systemsettings/categories/settings-workspace-session.desktop
-rw-r--r-- root/root      1627 2022-05-19 12:44 usr/share/systemsettings/categories/settings-workspace-shortcuts.desktop
-rw-r--r-- root/root      2097 2022-05-19 12:44 usr/share/systemsettings/categories/settings-workspace-windowmanagement.desktop
-rw-r--r-- root/root      1767 2022-05-19 12:44 usr/share/systemsettings/categories/settings-workspace.desktop
-rw-r--r-- root/root       533 2022-05-19 12:44 usr/share/systemsettings/systemsettings.kcfg


