++========================================
||
||   Package:  ./plasma/xdg-desktop-portal-kde-5.24.90-x86_64-2.txz
||
++========================================
drwxr-xr-x root/root         0 2022-05-28 02:04 ./
drwxr-xr-x root/root         0 2022-05-28 02:04 install/
-rw-r--r-- root/root       859 2022-05-28 02:04 install/slack-desc
drwxr-xr-x root/root         0 2022-05-28 02:04 usr/
drwxr-xr-x root/root         0 2022-05-28 02:04 usr/doc/
drwxr-xr-x root/root         0 2022-05-28 02:04 usr/doc/xdg-desktop-portal-kde-5.24.90/
drwxr-xr-x root/root         0 2022-05-19 12:45 usr/doc/xdg-desktop-portal-kde-5.24.90/LICENSES/
-rw-r--r-- root/root     17277 2022-05-19 12:45 usr/doc/xdg-desktop-portal-kde-5.24.90/LICENSES/GPL-2.0-or-later.txt
-rw-r--r-- root/root     24782 2022-05-19 12:45 usr/doc/xdg-desktop-portal-kde-5.24.90/LICENSES/LGPL-2.0-or-later.txt
-rw-r--r-- root/root     25902 2022-05-19 12:45 usr/doc/xdg-desktop-portal-kde-5.24.90/LICENSES/LGPL-2.1-only.txt
-rw-r--r-- root/root      7356 2022-05-19 12:45 usr/doc/xdg-desktop-portal-kde-5.24.90/LICENSES/LGPL-3.0-only.txt
-rw-r--r-- root/root       665 2022-05-19 12:45 usr/doc/xdg-desktop-portal-kde-5.24.90/LICENSES/LicenseRef-KDE-Accepted-LGPL.txt
-rw-r--r-- root/root       453 2022-05-19 12:45 usr/doc/xdg-desktop-portal-kde-5.24.90/README.md
-rw-r--r-- root/root      1160 2022-05-19 12:45 usr/doc/xdg-desktop-portal-kde-5.24.90/TODO
drwxr-xr-x root/root         0 2022-05-28 02:04 usr/lib/
drwxr-xr-x root/root         0 2022-05-28 02:04 usr/lib/systemd/
drwxr-xr-x root/root         0 2022-05-28 02:04 usr/lib/systemd/user/
-rw-r--r-- root/root       292 2022-05-28 02:03 usr/lib/systemd/user/plasma-xdg-desktop-portal-kde.service
drwxr-xr-x root/root         0 2022-05-28 02:04 usr/lib64/
drwxr-xr-x root/root         0 2022-05-28 02:04 usr/lib64/libexec/
-rwxr-xr-x root/root    745584 2022-05-28 02:04 usr/lib64/libexec/xdg-desktop-portal-kde
drwxr-xr-x root/root         0 2022-05-28 02:04 usr/share/
drwxr-xr-x root/root         0 2022-05-28 02:04 usr/share/applications/
-rw-r--r-- root/root       874 2022-05-28 02:03 usr/share/applications/org.freedesktop.impl.portal.desktop.kde.desktop
drwxr-xr-x root/root         0 2022-05-28 02:04 usr/share/dbus-1/
drwxr-xr-x root/root         0 2022-05-28 02:04 usr/share/dbus-1/services/
-rw-r--r-- root/root       161 2022-05-28 02:03 usr/share/dbus-1/services/org.freedesktop.impl.portal.desktop.kde.service
drwxr-xr-x root/root         0 2022-05-28 02:04 usr/share/knotifications5/
-rw-r--r-- root/root      9251 2022-05-19 12:45 usr/share/knotifications5/xdg-desktop-portal-kde.notifyrc
drwxr-xr-x root/root         0 2022-05-28 02:04 usr/share/locale/
drwxr-xr-x root/root         0 2022-05-28 02:04 usr/share/locale/ar/
drwxr-xr-x root/root         0 2022-05-28 02:04 usr/share/locale/ar/LC_MESSAGES/
-rw-r--r-- root/root      5586 2022-05-28 02:04 usr/share/locale/ar/LC_MESSAGES/xdg-desktop-portal-kde.mo
drwxr-xr-x root/root         0 2022-05-28 02:04 usr/share/locale/az/
drwxr-xr-x root/root         0 2022-05-28 02:04 usr/share/locale/az/LC_MESSAGES/
-rw-r--r-- root/root      5328 2022-05-28 02:04 usr/share/locale/az/LC_MESSAGES/xdg-desktop-portal-kde.mo
drwxr-xr-x root/root         0 2022-05-28 02:04 usr/share/locale/ca/
drwxr-xr-x root/root         0 2022-05-28 02:04 usr/share/locale/ca/LC_MESSAGES/
-rw-r--r-- root/root      5365 2022-05-28 02:04 usr/share/locale/ca/LC_MESSAGES/xdg-desktop-portal-kde.mo
drwxr-xr-x root/root         0 2022-05-28 02:04 usr/share/locale/ca@valencia/
drwxr-xr-x root/root         0 2022-05-28 02:04 usr/share/locale/ca@valencia/LC_MESSAGES/
-rw-r--r-- root/root      1352 2022-05-28 02:04 usr/share/locale/ca@valencia/LC_MESSAGES/xdg-desktop-portal-kde.mo
drwxr-xr-x root/root         0 2022-05-28 02:04 usr/share/locale/cs/
drwxr-xr-x root/root         0 2022-05-28 02:04 usr/share/locale/cs/LC_MESSAGES/
-rw-r--r-- root/root      2661 2022-05-28 02:04 usr/share/locale/cs/LC_MESSAGES/xdg-desktop-portal-kde.mo
drwxr-xr-x root/root         0 2022-05-28 02:04 usr/share/locale/da/
drwxr-xr-x root/root         0 2022-05-28 02:04 usr/share/locale/da/LC_MESSAGES/
-rw-r--r-- root/root      2297 2022-05-28 02:04 usr/share/locale/da/LC_MESSAGES/xdg-desktop-portal-kde.mo
drwxr-xr-x root/root         0 2022-05-28 02:04 usr/share/locale/de/
drwxr-xr-x root/root         0 2022-05-28 02:04 usr/share/locale/de/LC_MESSAGES/
-rw-r--r-- root/root      4943 2022-05-28 02:04 usr/share/locale/de/LC_MESSAGES/xdg-desktop-portal-kde.mo
drwxr-xr-x root/root         0 2022-05-28 02:04 usr/share/locale/el/
drwxr-xr-x root/root         0 2022-05-28 02:04 usr/share/locale/el/LC_MESSAGES/
-rw-r--r-- root/root      3365 2022-05-28 02:04 usr/share/locale/el/LC_MESSAGES/xdg-desktop-portal-kde.mo
drwxr-xr-x root/root         0 2022-05-28 02:04 usr/share/locale/en_GB/
drwxr-xr-x root/root         0 2022-05-28 02:04 usr/share/locale/en_GB/LC_MESSAGES/
-rw-r--r-- root/root      4748 2022-05-28 02:04 usr/share/locale/en_GB/LC_MESSAGES/xdg-desktop-portal-kde.mo
drwxr-xr-x root/root         0 2022-05-28 02:04 usr/share/locale/es/
drwxr-xr-x root/root         0 2022-05-28 02:04 usr/share/locale/es/LC_MESSAGES/
-rw-r--r-- root/root      5425 2022-05-28 02:04 usr/share/locale/es/LC_MESSAGES/xdg-desktop-portal-kde.mo
drwxr-xr-x root/root         0 2022-05-28 02:04 usr/share/locale/et/
drwxr-xr-x root/root         0 2022-05-28 02:04 usr/share/locale/et/LC_MESSAGES/
-rw-r--r-- root/root      2220 2022-05-28 02:04 usr/share/locale/et/LC_MESSAGES/xdg-desktop-portal-kde.mo
drwxr-xr-x root/root         0 2022-05-28 02:04 usr/share/locale/eu/
drwxr-xr-x root/root         0 2022-05-28 02:04 usr/share/locale/eu/LC_MESSAGES/
-rw-r--r-- root/root      2928 2022-05-28 02:04 usr/share/locale/eu/LC_MESSAGES/xdg-desktop-portal-kde.mo
drwxr-xr-x root/root         0 2022-05-28 02:04 usr/share/locale/fi/
drwxr-xr-x root/root         0 2022-05-28 02:04 usr/share/locale/fi/LC_MESSAGES/
-rw-r--r-- root/root      4678 2022-05-28 02:04 usr/share/locale/fi/LC_MESSAGES/xdg-desktop-portal-kde.mo
drwxr-xr-x root/root         0 2022-05-28 02:04 usr/share/locale/fr/
drwxr-xr-x root/root         0 2022-05-28 02:04 usr/share/locale/fr/LC_MESSAGES/
-rw-r--r-- root/root      5684 2022-05-28 02:04 usr/share/locale/fr/LC_MESSAGES/xdg-desktop-portal-kde.mo
drwxr-xr-x root/root         0 2022-05-28 02:04 usr/share/locale/gl/
drwxr-xr-x root/root         0 2022-05-28 02:04 usr/share/locale/gl/LC_MESSAGES/
-rw-r--r-- root/root      1293 2022-05-28 02:04 usr/share/locale/gl/LC_MESSAGES/xdg-desktop-portal-kde.mo
drwxr-xr-x root/root         0 2022-05-28 02:04 usr/share/locale/he/
drwxr-xr-x root/root         0 2022-05-28 02:04 usr/share/locale/he/LC_MESSAGES/
-rw-r--r-- root/root       508 2022-05-28 02:04 usr/share/locale/he/LC_MESSAGES/xdg-desktop-portal-kde.mo
drwxr-xr-x root/root         0 2022-05-28 02:04 usr/share/locale/hu/
drwxr-xr-x root/root         0 2022-05-28 02:04 usr/share/locale/hu/LC_MESSAGES/
-rw-r--r-- root/root      4756 2022-05-28 02:04 usr/share/locale/hu/LC_MESSAGES/xdg-desktop-portal-kde.mo
drwxr-xr-x root/root         0 2022-05-28 02:04 usr/share/locale/ia/
drwxr-xr-x root/root         0 2022-05-28 02:04 usr/share/locale/ia/LC_MESSAGES/
-rw-r--r-- root/root      4721 2022-05-28 02:04 usr/share/locale/ia/LC_MESSAGES/xdg-desktop-portal-kde.mo
drwxr-xr-x root/root         0 2022-05-28 02:04 usr/share/locale/id/
drwxr-xr-x root/root         0 2022-05-28 02:04 usr/share/locale/id/LC_MESSAGES/
-rw-r--r-- root/root      1253 2022-05-28 02:04 usr/share/locale/id/LC_MESSAGES/xdg-desktop-portal-kde.mo
drwxr-xr-x root/root         0 2022-05-28 02:04 usr/share/locale/it/
drwxr-xr-x root/root         0 2022-05-28 02:04 usr/share/locale/it/LC_MESSAGES/
-rw-r--r-- root/root      5310 2022-05-28 02:04 usr/share/locale/it/LC_MESSAGES/xdg-desktop-portal-kde.mo
drwxr-xr-x root/root         0 2022-05-28 02:04 usr/share/locale/ka/
drwxr-xr-x root/root         0 2022-05-28 02:04 usr/share/locale/ka/LC_MESSAGES/
-rw-r--r-- root/root      8204 2022-05-28 02:04 usr/share/locale/ka/LC_MESSAGES/xdg-desktop-portal-kde.mo
drwxr-xr-x root/root         0 2022-05-28 02:04 usr/share/locale/ko/
drwxr-xr-x root/root         0 2022-05-28 02:04 usr/share/locale/ko/LC_MESSAGES/
-rw-r--r-- root/root      5251 2022-05-28 02:04 usr/share/locale/ko/LC_MESSAGES/xdg-desktop-portal-kde.mo
drwxr-xr-x root/root         0 2022-05-28 02:04 usr/share/locale/lt/
drwxr-xr-x root/root         0 2022-05-28 02:04 usr/share/locale/lt/LC_MESSAGES/
-rw-r--r-- root/root      2976 2022-05-28 02:04 usr/share/locale/lt/LC_MESSAGES/xdg-desktop-portal-kde.mo
drwxr-xr-x root/root         0 2022-05-28 02:04 usr/share/locale/nl/
drwxr-xr-x root/root         0 2022-05-28 02:04 usr/share/locale/nl/LC_MESSAGES/
-rw-r--r-- root/root      5068 2022-05-28 02:04 usr/share/locale/nl/LC_MESSAGES/xdg-desktop-portal-kde.mo
drwxr-xr-x root/root         0 2022-05-28 02:04 usr/share/locale/nn/
drwxr-xr-x root/root         0 2022-05-28 02:04 usr/share/locale/nn/LC_MESSAGES/
-rw-r--r-- root/root      4614 2022-05-28 02:04 usr/share/locale/nn/LC_MESSAGES/xdg-desktop-portal-kde.mo
drwxr-xr-x root/root         0 2022-05-28 02:04 usr/share/locale/pa/
drwxr-xr-x root/root         0 2022-05-28 02:04 usr/share/locale/pa/LC_MESSAGES/
-rw-r--r-- root/root      2405 2022-05-28 02:04 usr/share/locale/pa/LC_MESSAGES/xdg-desktop-portal-kde.mo
drwxr-xr-x root/root         0 2022-05-28 02:04 usr/share/locale/pl/
drwxr-xr-x root/root         0 2022-05-28 02:04 usr/share/locale/pl/LC_MESSAGES/
-rw-r--r-- root/root      5112 2022-05-28 02:04 usr/share/locale/pl/LC_MESSAGES/xdg-desktop-portal-kde.mo
drwxr-xr-x root/root         0 2022-05-28 02:04 usr/share/locale/pt/
drwxr-xr-x root/root         0 2022-05-28 02:04 usr/share/locale/pt/LC_MESSAGES/
-rw-r--r-- root/root      5316 2022-05-28 02:04 usr/share/locale/pt/LC_MESSAGES/xdg-desktop-portal-kde.mo
drwxr-xr-x root/root         0 2022-05-28 02:04 usr/share/locale/pt_BR/
drwxr-xr-x root/root         0 2022-05-28 02:04 usr/share/locale/pt_BR/LC_MESSAGES/
-rw-r--r-- root/root      5190 2022-05-28 02:04 usr/share/locale/pt_BR/LC_MESSAGES/xdg-desktop-portal-kde.mo
drwxr-xr-x root/root         0 2022-05-28 02:04 usr/share/locale/ro/
drwxr-xr-x root/root         0 2022-05-28 02:04 usr/share/locale/ro/LC_MESSAGES/
-rw-r--r-- root/root      5295 2022-05-28 02:04 usr/share/locale/ro/LC_MESSAGES/xdg-desktop-portal-kde.mo
drwxr-xr-x root/root         0 2022-05-28 02:04 usr/share/locale/ru/
drwxr-xr-x root/root         0 2022-05-28 02:04 usr/share/locale/ru/LC_MESSAGES/
-rw-r--r-- root/root      6327 2022-05-28 02:04 usr/share/locale/ru/LC_MESSAGES/xdg-desktop-portal-kde.mo
drwxr-xr-x root/root         0 2022-05-28 02:04 usr/share/locale/sk/
drwxr-xr-x root/root         0 2022-05-28 02:04 usr/share/locale/sk/LC_MESSAGES/
-rw-r--r-- root/root      3090 2022-05-28 02:04 usr/share/locale/sk/LC_MESSAGES/xdg-desktop-portal-kde.mo
drwxr-xr-x root/root         0 2022-05-28 02:04 usr/share/locale/sl/
drwxr-xr-x root/root         0 2022-05-28 02:04 usr/share/locale/sl/LC_MESSAGES/
-rw-r--r-- root/root      5311 2022-05-28 02:04 usr/share/locale/sl/LC_MESSAGES/xdg-desktop-portal-kde.mo
drwxr-xr-x root/root         0 2022-05-28 02:04 usr/share/locale/sr/
drwxr-xr-x root/root         0 2022-05-28 02:04 usr/share/locale/sr/LC_MESSAGES/
-rw-r--r-- root/root       865 2022-05-28 02:04 usr/share/locale/sr/LC_MESSAGES/xdg-desktop-portal-kde.mo
drwxr-xr-x root/root         0 2022-05-28 02:04 usr/share/locale/sr@ijekavian/
drwxr-xr-x root/root         0 2022-05-28 02:04 usr/share/locale/sr@ijekavian/LC_MESSAGES/
-rw-r--r-- root/root       875 2022-05-28 02:04 usr/share/locale/sr@ijekavian/LC_MESSAGES/xdg-desktop-portal-kde.mo
drwxr-xr-x root/root         0 2022-05-28 02:04 usr/share/locale/sr@ijekavianlatin/
drwxr-xr-x root/root         0 2022-05-28 02:04 usr/share/locale/sr@ijekavianlatin/LC_MESSAGES/
-rw-r--r-- root/root       822 2022-05-28 02:04 usr/share/locale/sr@ijekavianlatin/LC_MESSAGES/xdg-desktop-portal-kde.mo
drwxr-xr-x root/root         0 2022-05-28 02:04 usr/share/locale/sr@latin/
drwxr-xr-x root/root         0 2022-05-28 02:04 usr/share/locale/sr@latin/LC_MESSAGES/
-rw-r--r-- root/root       813 2022-05-28 02:04 usr/share/locale/sr@latin/LC_MESSAGES/xdg-desktop-portal-kde.mo
drwxr-xr-x root/root         0 2022-05-28 02:04 usr/share/locale/sv/
drwxr-xr-x root/root         0 2022-05-28 02:04 usr/share/locale/sv/LC_MESSAGES/
-rw-r--r-- root/root      5076 2022-05-28 02:04 usr/share/locale/sv/LC_MESSAGES/xdg-desktop-portal-kde.mo
drwxr-xr-x root/root         0 2022-05-28 02:04 usr/share/locale/ta/
drwxr-xr-x root/root         0 2022-05-28 02:04 usr/share/locale/ta/LC_MESSAGES/
-rw-r--r-- root/root      8223 2022-05-28 02:04 usr/share/locale/ta/LC_MESSAGES/xdg-desktop-portal-kde.mo
drwxr-xr-x root/root         0 2022-05-28 02:04 usr/share/locale/tr/
drwxr-xr-x root/root         0 2022-05-28 02:04 usr/share/locale/tr/LC_MESSAGES/
-rw-r--r-- root/root      5243 2022-05-28 02:04 usr/share/locale/tr/LC_MESSAGES/xdg-desktop-portal-kde.mo
drwxr-xr-x root/root         0 2022-05-28 02:04 usr/share/locale/uk/
drwxr-xr-x root/root         0 2022-05-28 02:04 usr/share/locale/uk/LC_MESSAGES/
-rw-r--r-- root/root      6780 2022-05-28 02:04 usr/share/locale/uk/LC_MESSAGES/xdg-desktop-portal-kde.mo
drwxr-xr-x root/root         0 2022-05-28 02:04 usr/share/locale/zh_CN/
drwxr-xr-x root/root         0 2022-05-28 02:04 usr/share/locale/zh_CN/LC_MESSAGES/
-rw-r--r-- root/root      5141 2022-05-28 02:04 usr/share/locale/zh_CN/LC_MESSAGES/xdg-desktop-portal-kde.mo
drwxr-xr-x root/root         0 2022-05-28 02:04 usr/share/locale/zh_TW/
drwxr-xr-x root/root         0 2022-05-28 02:04 usr/share/locale/zh_TW/LC_MESSAGES/
-rw-r--r-- root/root      2056 2022-05-28 02:04 usr/share/locale/zh_TW/LC_MESSAGES/xdg-desktop-portal-kde.mo
drwxr-xr-x root/root         0 2022-05-28 02:04 usr/share/xdg-desktop-portal/
drwxr-xr-x root/root         0 2022-05-28 02:04 usr/share/xdg-desktop-portal/portals/
-rw-r--r-- root/root       614 2022-05-19 12:45 usr/share/xdg-desktop-portal/portals/kde.portal


